<?xml version="1.0" encoding="UTF-8"?>
<coverage generated="1728220134273" clover="3.2.0">
  <project timestamp="1728220134273" name="All files">
    <metrics statements="2771" coveredstatements="2475" conditionals="657" coveredconditionals="447" methods="850" coveredmethods="765" elements="4278" coveredelements="3687" complexity="0" loc="2771" ncloc="2771" packages="14" files="44" classes="44"/>
    <package name="src">
      <metrics statements="32" coveredstatements="32" conditionals="2" coveredconditionals="2" methods="1" coveredmethods="1"/>
      <file name="constants.ts" path="/home/runner/work/json-type/json-type/src/constants.ts">
        <metrics statements="25" coveredstatements="25" conditionals="2" coveredconditionals="2" methods="1" coveredmethods="1"/>
        <line num="2" count="25" type="cond" truecount="2" falsecount="0"/>
        <line num="3" count="25" type="stmt"/>
        <line num="4" count="25" type="stmt"/>
        <line num="5" count="25" type="stmt"/>
        <line num="6" count="25" type="stmt"/>
        <line num="7" count="25" type="stmt"/>
        <line num="8" count="25" type="stmt"/>
        <line num="9" count="25" type="stmt"/>
        <line num="10" count="25" type="stmt"/>
        <line num="11" count="25" type="stmt"/>
        <line num="12" count="25" type="stmt"/>
        <line num="13" count="25" type="stmt"/>
        <line num="14" count="25" type="stmt"/>
        <line num="15" count="25" type="stmt"/>
        <line num="16" count="25" type="stmt"/>
        <line num="17" count="25" type="stmt"/>
        <line num="18" count="25" type="stmt"/>
        <line num="19" count="25" type="stmt"/>
        <line num="20" count="25" type="stmt"/>
        <line num="21" count="25" type="stmt"/>
        <line num="22" count="25" type="stmt"/>
        <line num="23" count="25" type="stmt"/>
        <line num="24" count="25" type="stmt"/>
        <line num="25" count="25" type="stmt"/>
        <line num="29" count="25" type="stmt"/>
      </file>
      <file name="util.ts" path="/home/runner/work/json-type/json-type/src/util.ts">
        <metrics statements="7" coveredstatements="7" conditionals="0" coveredconditionals="0" methods="0" coveredmethods="0"/>
        <line num="3" count="25" type="stmt"/>
        <line num="4" count="25" type="stmt"/>
        <line num="5" count="25" type="stmt"/>
        <line num="7" count="25" type="stmt"/>
        <line num="8" count="25" type="stmt"/>
        <line num="9" count="25" type="stmt"/>
        <line num="11" count="25" type="stmt"/>
      </file>
    </package>
    <package name="src.codegen">
      <metrics statements="2" coveredstatements="2" conditionals="0" coveredconditionals="0" methods="1" coveredmethods="1"/>
      <file name="WriteBlobStep.ts" path="/home/runner/work/json-type/json-type/src/codegen/WriteBlobStep.ts">
        <metrics statements="2" coveredstatements="2" conditionals="0" coveredconditionals="0" methods="1" coveredmethods="1"/>
        <line num="1" count="25" type="stmt"/>
        <line num="2" count="498" type="stmt"/>
      </file>
    </package>
    <package name="src.codegen.binary">
      <metrics statements="67" coveredstatements="67" conditionals="26" coveredconditionals="23" methods="8" coveredmethods="8"/>
      <file name="BinaryEncoderCodegenContext.ts" path="/home/runner/work/json-type/json-type/src/codegen/binary/BinaryEncoderCodegenContext.ts">
        <metrics statements="61" coveredstatements="61" conditionals="26" coveredconditionals="23" methods="8" coveredmethods="8"/>
        <line num="1" count="25" type="stmt"/>
        <line num="2" count="25" type="stmt"/>
        <line num="3" count="25" type="stmt"/>
        <line num="4" count="25" type="stmt"/>
        <line num="26" count="25" type="stmt"/>
        <line num="29" count="117" type="stmt"/>
        <line num="30" count="117" type="stmt"/>
        <line num="42" count="117" type="stmt"/>
        <line num="43" count="117" type="stmt"/>
        <line num="44" count="1945" type="stmt"/>
        <line num="45" count="1945" type="cond" truecount="2" falsecount="0"/>
        <line num="46" count="498" type="cond" truecount="1" falsecount="0"/>
        <line num="47" count="498" type="stmt"/>
        <line num="48" count="498" type="cond" truecount="2" falsecount="0"/>
        <line num="49" count="374" type="stmt"/>
        <line num="52" count="117" type="stmt"/>
        <line num="53" count="117" type="stmt"/>
        <line num="54" count="1821" type="cond" truecount="2" falsecount="0"/>
        <line num="55" count="1447" type="stmt"/>
        <line num="56" count="374" type="cond" truecount="1" falsecount="0"/>
        <line num="57" count="374" type="stmt"/>
        <line num="60" count="117" type="stmt"/>
        <line num="63" count="117" type="stmt"/>
        <line num="67" count="58" type="stmt"/>
        <line num="68" count="464" type="stmt"/>
        <line num="69" count="58" type="stmt"/>
        <line num="70" count="58" type="stmt"/>
        <line num="71" count="58" type="stmt"/>
        <line num="75" count="374" type="stmt"/>
        <line num="76" count="374" type="stmt"/>
        <line num="77" count="374" type="stmt"/>
        <line num="78" count="374" type="cond" truecount="2" falsecount="0"/>
        <line num="79" count="153" type="stmt"/>
        <line num="81" count="221" type="stmt"/>
        <line num="82" count="221" type="stmt"/>
        <line num="83" count="221" type="stmt"/>
        <line num="84" count="221" type="stmt"/>
        <line num="85" count="406" type="stmt"/>
        <line num="86" count="406" type="cond" truecount="2" falsecount="0"/>
        <line num="87" count="58" type="stmt"/>
        <line num="88" count="58" type="cond" truecount="1" falsecount="1"/>
        <line num="89" count="58" type="stmt"/>
        <line num="90" count="348" type="cond" truecount="2" falsecount="0"/>
        <line num="91" count="135" type="stmt"/>
        <line num="92" count="135" type="cond" truecount="2" falsecount="0"/>
        <line num="93" count="135" type="stmt"/>
        <line num="94" count="213" type="cond" truecount="2" falsecount="0"/>
        <line num="95" count="99" type="stmt"/>
        <line num="96" count="99" type="cond" truecount="2" falsecount="0"/>
        <line num="97" count="99" type="stmt"/>
        <line num="99" count="114" type="cond" truecount="1" falsecount="1"/>
        <line num="100" count="114" type="stmt"/>
        <line num="104" count="374" type="stmt"/>
        <line num="105" count="374" type="stmt"/>
        <line num="109" count="638" type="stmt"/>
        <line num="113" count="452" type="stmt"/>
        <line num="114" count="452" type="stmt"/>
        <line num="115" count="452" type="stmt"/>
        <line num="116" count="452" type="stmt"/>
        <line num="120" count="498" type="stmt"/>
        <line num="124" count="117" type="stmt"/>
      </file>
      <file name="CborEncoderCodegenContext.ts" path="/home/runner/work/json-type/json-type/src/codegen/binary/CborEncoderCodegenContext.ts">
        <metrics statements="2" coveredstatements="2" conditionals="0" coveredconditionals="0" methods="0" coveredmethods="0"/>
        <line num="2" count="25" type="stmt"/>
        <line num="5" count="25" type="stmt"/>
      </file>
      <file name="JsonEncoderCodegenContext.ts" path="/home/runner/work/json-type/json-type/src/codegen/binary/JsonEncoderCodegenContext.ts">
        <metrics statements="2" coveredstatements="2" conditionals="0" coveredconditionals="0" methods="0" coveredmethods="0"/>
        <line num="2" count="25" type="stmt"/>
        <line num="5" count="25" type="stmt"/>
      </file>
      <file name="MessagePackEncoderCodegenContext.ts" path="/home/runner/work/json-type/json-type/src/codegen/binary/MessagePackEncoderCodegenContext.ts">
        <metrics statements="2" coveredstatements="2" conditionals="0" coveredconditionals="0" methods="0" coveredmethods="0"/>
        <line num="2" count="25" type="stmt"/>
        <line num="5" count="25" type="stmt"/>
      </file>
    </package>
    <package name="src.codegen.binary.__tests__">
      <metrics statements="290" coveredstatements="290" conditionals="0" coveredconditionals="0" methods="52" coveredmethods="52"/>
      <file name="testBinaryCodegen.ts" path="/home/runner/work/json-type/json-type/src/codegen/binary/__tests__/testBinaryCodegen.ts">
        <metrics statements="290" coveredstatements="290" conditionals="0" coveredconditionals="0" methods="52" coveredmethods="52"/>
        <line num="1" count="3" type="stmt"/>
        <line num="4" count="3" type="stmt"/>
        <line num="5" count="3" type="stmt"/>
        <line num="6" count="3" type="stmt"/>
        <line num="7" count="3" type="stmt"/>
        <line num="8" count="3" type="stmt"/>
        <line num="9" count="3" type="stmt"/>
        <line num="10" count="3" type="stmt"/>
        <line num="11" count="3" type="stmt"/>
        <line num="14" count="3" type="stmt"/>
        <line num="15" count="3" type="stmt"/>
        <line num="16" count="3" type="stmt"/>
        <line num="17" count="3" type="stmt"/>
        <line num="18" count="3" type="stmt"/>
        <line num="19" count="3" type="stmt"/>
        <line num="23" count="3" type="stmt"/>
        <line num="24" count="3" type="stmt"/>
        <line num="25" count="3" type="stmt"/>
        <line num="26" count="3" type="stmt"/>
        <line num="27" count="3" type="stmt"/>
        <line num="28" count="3" type="stmt"/>
        <line num="29" count="3" type="stmt"/>
        <line num="32" count="3" type="stmt"/>
        <line num="33" count="3" type="stmt"/>
        <line num="34" count="3" type="stmt"/>
        <line num="35" count="3" type="stmt"/>
        <line num="36" count="3" type="stmt"/>
        <line num="40" count="3" type="stmt"/>
        <line num="41" count="3" type="stmt"/>
        <line num="42" count="3" type="stmt"/>
        <line num="43" count="3" type="stmt"/>
        <line num="44" count="3" type="stmt"/>
        <line num="45" count="3" type="stmt"/>
        <line num="46" count="3" type="stmt"/>
        <line num="47" count="3" type="stmt"/>
        <line num="51" count="3" type="stmt"/>
        <line num="52" count="3" type="stmt"/>
        <line num="53" count="3" type="stmt"/>
        <line num="54" count="3" type="stmt"/>
        <line num="55" count="3" type="stmt"/>
        <line num="56" count="3" type="stmt"/>
        <line num="57" count="3" type="stmt"/>
        <line num="58" count="3" type="stmt"/>
        <line num="59" count="3" type="stmt"/>
        <line num="60" count="3" type="stmt"/>
        <line num="63" count="3" type="stmt"/>
        <line num="64" count="3" type="stmt"/>
        <line num="65" count="3" type="stmt"/>
        <line num="66" count="3" type="stmt"/>
        <line num="67" count="3" type="stmt"/>
        <line num="68" count="3" type="stmt"/>
        <line num="69" count="3" type="stmt"/>
        <line num="70" count="3" type="stmt"/>
        <line num="73" count="3" type="stmt"/>
        <line num="74" count="3" type="stmt"/>
        <line num="75" count="3" type="stmt"/>
        <line num="76" count="3" type="stmt"/>
        <line num="77" count="3" type="stmt"/>
        <line num="78" count="3" type="stmt"/>
        <line num="79" count="3" type="stmt"/>
        <line num="82" count="3" type="stmt"/>
        <line num="83" count="3" type="stmt"/>
        <line num="84" count="3" type="stmt"/>
        <line num="85" count="3" type="stmt"/>
        <line num="86" count="3" type="stmt"/>
        <line num="87" count="3" type="stmt"/>
        <line num="88" count="3" type="stmt"/>
        <line num="89" count="3" type="stmt"/>
        <line num="93" count="3" type="stmt"/>
        <line num="94" count="3" type="stmt"/>
        <line num="95" count="3" type="stmt"/>
        <line num="96" count="3" type="stmt"/>
        <line num="97" count="3" type="stmt"/>
        <line num="98" count="3" type="stmt"/>
        <line num="99" count="3" type="stmt"/>
        <line num="100" count="3" type="stmt"/>
        <line num="101" count="3" type="stmt"/>
        <line num="102" count="3" type="stmt"/>
        <line num="103" count="3" type="stmt"/>
        <line num="104" count="3" type="stmt"/>
        <line num="105" count="3" type="stmt"/>
        <line num="107" count="3" type="stmt"/>
        <line num="110" count="3" type="stmt"/>
        <line num="111" count="3" type="stmt"/>
        <line num="112" count="3" type="stmt"/>
        <line num="113" count="3" type="stmt"/>
        <line num="114" count="3" type="stmt"/>
        <line num="115" count="3" type="stmt"/>
        <line num="116" count="3" type="stmt"/>
        <line num="117" count="3" type="stmt"/>
        <line num="118" count="3" type="stmt"/>
        <line num="119" count="3" type="stmt"/>
        <line num="120" count="3" type="stmt"/>
        <line num="121" count="3" type="stmt"/>
        <line num="123" count="3" type="stmt"/>
        <line num="127" count="3" type="stmt"/>
        <line num="128" count="3" type="stmt"/>
        <line num="129" count="3" type="stmt"/>
        <line num="130" count="3" type="stmt"/>
        <line num="131" count="3" type="stmt"/>
        <line num="132" count="3" type="stmt"/>
        <line num="133" count="3" type="stmt"/>
        <line num="134" count="3" type="stmt"/>
        <line num="138" count="3" type="stmt"/>
        <line num="139" count="3" type="stmt"/>
        <line num="140" count="3" type="stmt"/>
        <line num="141" count="3" type="stmt"/>
        <line num="142" count="3" type="stmt"/>
        <line num="143" count="3" type="stmt"/>
        <line num="144" count="3" type="stmt"/>
        <line num="145" count="3" type="stmt"/>
        <line num="148" count="3" type="stmt"/>
        <line num="149" count="3" type="stmt"/>
        <line num="150" count="3" type="stmt"/>
        <line num="151" count="3" type="stmt"/>
        <line num="156" count="3" type="stmt"/>
        <line num="159" count="3" type="stmt"/>
        <line num="160" count="3" type="stmt"/>
        <line num="161" count="3" type="stmt"/>
        <line num="162" count="3" type="stmt"/>
        <line num="163" count="3" type="stmt"/>
        <line num="167" count="3" type="stmt"/>
        <line num="168" count="3" type="stmt"/>
        <line num="169" count="3" type="stmt"/>
        <line num="170" count="3" type="stmt"/>
        <line num="171" count="3" type="stmt"/>
        <line num="172" count="3" type="stmt"/>
        <line num="173" count="3" type="stmt"/>
        <line num="176" count="3" type="stmt"/>
        <line num="177" count="3" type="stmt"/>
        <line num="178" count="3" type="stmt"/>
        <line num="179" count="3" type="stmt"/>
        <line num="180" count="3" type="stmt"/>
        <line num="181" count="3" type="stmt"/>
        <line num="184" count="3" type="stmt"/>
        <line num="185" count="3" type="stmt"/>
        <line num="186" count="3" type="stmt"/>
        <line num="187" count="3" type="stmt"/>
        <line num="188" count="3" type="stmt"/>
        <line num="189" count="3" type="stmt"/>
        <line num="193" count="3" type="stmt"/>
        <line num="194" count="3" type="stmt"/>
        <line num="195" count="3" type="stmt"/>
        <line num="196" count="3" type="stmt"/>
        <line num="197" count="3" type="stmt"/>
        <line num="198" count="3" type="stmt"/>
        <line num="199" count="3" type="stmt"/>
        <line num="202" count="3" type="stmt"/>
        <line num="203" count="3" type="stmt"/>
        <line num="204" count="3" type="stmt"/>
        <line num="205" count="3" type="stmt"/>
        <line num="206" count="3" type="stmt"/>
        <line num="207" count="3" type="stmt"/>
        <line num="208" count="3" type="stmt"/>
        <line num="209" count="3" type="stmt"/>
        <line num="212" count="3" type="stmt"/>
        <line num="213" count="3" type="stmt"/>
        <line num="214" count="3" type="stmt"/>
        <line num="215" count="3" type="stmt"/>
        <line num="216" count="3" type="stmt"/>
        <line num="221" count="3" type="stmt"/>
        <line num="224" count="3" type="stmt"/>
        <line num="225" count="3" type="stmt"/>
        <line num="226" count="3" type="stmt"/>
        <line num="227" count="3" type="stmt"/>
        <line num="228" count="3" type="stmt"/>
        <line num="232" count="3" type="stmt"/>
        <line num="235" count="3" type="stmt"/>
        <line num="236" count="3" type="stmt"/>
        <line num="237" count="3" type="stmt"/>
        <line num="238" count="3" type="stmt"/>
        <line num="244" count="3" type="stmt"/>
        <line num="250" count="3" type="stmt"/>
        <line num="253" count="3" type="stmt"/>
        <line num="254" count="3" type="stmt"/>
        <line num="255" count="3" type="stmt"/>
        <line num="256" count="3" type="stmt"/>
        <line num="259" count="3" type="stmt"/>
        <line num="266" count="3" type="stmt"/>
        <line num="269" count="3" type="stmt"/>
        <line num="270" count="3" type="stmt"/>
        <line num="271" count="3" type="stmt"/>
        <line num="272" count="3" type="stmt"/>
        <line num="283" count="3" type="stmt"/>
        <line num="300" count="3" type="stmt"/>
        <line num="317" count="3" type="stmt"/>
        <line num="318" count="3" type="stmt"/>
        <line num="319" count="3" type="stmt"/>
        <line num="320" count="3" type="stmt"/>
        <line num="323" count="3" type="stmt"/>
        <line num="330" count="3" type="stmt"/>
        <line num="331" count="3" type="stmt"/>
        <line num="335" count="3" type="stmt"/>
        <line num="336" count="3" type="stmt"/>
        <line num="339" count="3" type="stmt"/>
        <line num="340" count="3" type="stmt"/>
        <line num="341" count="3" type="stmt"/>
        <line num="344" count="3" type="stmt"/>
        <line num="345" count="3" type="stmt"/>
        <line num="346" count="3" type="stmt"/>
        <line num="347" count="3" type="stmt"/>
        <line num="350" count="3" type="stmt"/>
        <line num="355" count="3" type="stmt"/>
        <line num="356" count="3" type="stmt"/>
        <line num="360" count="3" type="stmt"/>
        <line num="363" count="3" type="stmt"/>
        <line num="366" count="3" type="stmt"/>
        <line num="367" count="3" type="stmt"/>
        <line num="368" count="3" type="stmt"/>
        <line num="372" count="3" type="stmt"/>
        <line num="373" count="3" type="stmt"/>
        <line num="374" count="3" type="stmt"/>
        <line num="375" count="3" type="stmt"/>
        <line num="376" count="3" type="stmt"/>
        <line num="377" count="3" type="stmt"/>
        <line num="378" count="3" type="stmt"/>
        <line num="381" count="3" type="stmt"/>
        <line num="382" count="3" type="stmt"/>
        <line num="383" count="3" type="stmt"/>
        <line num="384" count="3" type="stmt"/>
        <line num="385" count="3" type="stmt"/>
        <line num="386" count="3" type="stmt"/>
        <line num="389" count="3" type="stmt"/>
        <line num="390" count="3" type="stmt"/>
        <line num="391" count="3" type="stmt"/>
        <line num="392" count="3" type="stmt"/>
        <line num="393" count="3" type="stmt"/>
        <line num="394" count="3" type="stmt"/>
        <line num="397" count="3" type="stmt"/>
        <line num="398" count="3" type="stmt"/>
        <line num="399" count="3" type="stmt"/>
        <line num="400" count="3" type="stmt"/>
        <line num="401" count="3" type="stmt"/>
        <line num="402" count="3" type="stmt"/>
        <line num="406" count="3" type="stmt"/>
        <line num="407" count="3" type="stmt"/>
        <line num="408" count="3" type="stmt"/>
        <line num="409" count="3" type="stmt"/>
        <line num="410" count="3" type="stmt"/>
        <line num="411" count="3" type="stmt"/>
        <line num="412" count="3" type="stmt"/>
        <line num="416" count="3" type="stmt"/>
        <line num="417" count="3" type="stmt"/>
        <line num="418" count="3" type="stmt"/>
        <line num="419" count="3" type="stmt"/>
        <line num="420" count="3" type="stmt"/>
        <line num="423" count="3" type="stmt"/>
        <line num="424" count="3" type="stmt"/>
        <line num="428" count="3" type="stmt"/>
        <line num="429" count="3" type="stmt"/>
        <line num="430" count="3" type="stmt"/>
        <line num="431" count="3" type="stmt"/>
        <line num="432" count="3" type="stmt"/>
        <line num="462" count="3" type="stmt"/>
        <line num="483" count="3" type="stmt"/>
        <line num="485" count="3" type="stmt"/>
        <line num="488" count="3" type="stmt"/>
        <line num="489" count="3" type="stmt"/>
        <line num="490" count="3" type="stmt"/>
        <line num="491" count="3" type="stmt"/>
        <line num="499" count="3" type="stmt"/>
        <line num="510" count="3" type="stmt"/>
        <line num="511" count="3" type="stmt"/>
        <line num="514" count="3" type="stmt"/>
        <line num="515" count="3" type="stmt"/>
        <line num="516" count="3" type="stmt"/>
        <line num="517" count="3" type="stmt"/>
        <line num="518" count="3" type="stmt"/>
        <line num="523" count="3" type="stmt"/>
        <line num="524" count="3" type="stmt"/>
        <line num="527" count="3" type="stmt"/>
        <line num="528" count="3" type="stmt"/>
        <line num="529" count="3" type="stmt"/>
        <line num="530" count="3" type="stmt"/>
        <line num="531" count="3" type="stmt"/>
        <line num="537" count="3" type="stmt"/>
        <line num="541" count="3" type="stmt"/>
        <line num="546" count="3" type="stmt"/>
        <line num="547" count="3" type="stmt"/>
        <line num="548" count="3" type="stmt"/>
        <line num="549" count="3" type="stmt"/>
        <line num="550" count="3" type="stmt"/>
        <line num="551" count="3" type="stmt"/>
        <line num="554" count="3" type="stmt"/>
        <line num="555" count="3" type="stmt"/>
        <line num="556" count="3" type="stmt"/>
        <line num="557" count="3" type="stmt"/>
        <line num="573" count="3" type="stmt"/>
        <line num="585" count="3" type="stmt"/>
        <line num="586" count="3" type="stmt"/>
      </file>
    </package>
    <package name="src.codegen.capacity">
      <metrics statements="17" coveredstatements="17" conditionals="5" coveredconditionals="4" methods="5" coveredmethods="5"/>
      <file name="CapacityEstimatorCodegenContext.ts" path="/home/runner/work/json-type/json-type/src/codegen/capacity/CapacityEstimatorCodegenContext.ts">
        <metrics statements="17" coveredstatements="17" conditionals="5" coveredconditionals="4" methods="5" coveredmethods="5"/>
        <line num="1" count="25" type="stmt"/>
        <line num="2" count="25" type="stmt"/>
        <line num="3" count="25" type="stmt"/>
        <line num="10" count="504" type="stmt"/>
        <line num="24" count="25" type="stmt"/>
        <line num="27" count="213" type="stmt"/>
        <line num="28" count="213" type="stmt"/>
        <line num="37" count="213" type="stmt"/>
        <line num="38" count="213" type="stmt"/>
        <line num="39" count="1511" type="stmt"/>
        <line num="40" count="1511" type="cond" truecount="2" falsecount="0"/>
        <line num="41" count="504" type="cond" truecount="1" falsecount="0"/>
        <line num="42" count="504" type="stmt"/>
        <line num="45" count="213" type="stmt"/>
        <line num="48" count="213" type="stmt"/>
        <line num="52" count="504" type="stmt"/>
        <line num="56" count="213" type="stmt"/>
      </file>
    </package>
    <package name="src.codegen.json">
      <metrics statements="31" coveredstatements="31" conditionals="11" coveredconditionals="9" methods="7" coveredmethods="7"/>
      <file name="JsonTextEncoderCodegenContext.ts" path="/home/runner/work/json-type/json-type/src/codegen/json/JsonTextEncoderCodegenContext.ts">
        <metrics statements="31" coveredstatements="31" conditionals="11" coveredconditionals="9" methods="7" coveredmethods="7"/>
        <line num="1" count="25" type="stmt"/>
        <line num="2" count="25" type="stmt"/>
        <line num="3" count="25" type="stmt"/>
        <line num="11" count="175" type="stmt"/>
        <line num="26" count="25" type="stmt"/>
        <line num="29" count="43" type="stmt"/>
        <line num="30" count="43" type="stmt"/>
        <line num="35" count="43" type="stmt"/>
        <line num="36" count="43" type="stmt"/>
        <line num="37" count="472" type="stmt"/>
        <line num="38" count="472" type="cond" truecount="2" falsecount="0"/>
        <line num="39" count="175" type="cond" truecount="1" falsecount="0"/>
        <line num="40" count="175" type="stmt"/>
        <line num="41" count="175" type="cond" truecount="2" falsecount="0"/>
        <line num="42" count="102" type="stmt"/>
        <line num="45" count="43" type="stmt"/>
        <line num="46" count="43" type="stmt"/>
        <line num="47" count="399" type="cond" truecount="2" falsecount="0"/>
        <line num="48" count="297" type="stmt"/>
        <line num="49" count="102" type="cond" truecount="1" falsecount="0"/>
        <line num="50" count="102" type="stmt"/>
        <line num="51" count="102" type="stmt"/>
        <line num="54" count="43" type="stmt"/>
        <line num="57" count="43" type="stmt"/>
        <line num="58" count="43" type="stmt"/>
        <line num="62" count="261" type="stmt"/>
        <line num="66" count="175" type="stmt"/>
        <line num="69" count="43" type="stmt"/>
        <line num="71" count="2" type="cond" truecount="0" falsecount="1"/>
        <line num="72" count="2" type="stmt"/>
        <line num="76" count="43" type="stmt"/>
      </file>
    </package>
    <package name="src.codegen.validator">
      <metrics statements="57" coveredstatements="57" conditionals="29" coveredconditionals="27" methods="7" coveredmethods="7"/>
      <file name="ValidatorCodegenContext.ts" path="/home/runner/work/json-type/json-type/src/codegen/validator/ValidatorCodegenContext.ts">
        <metrics statements="53" coveredstatements="53" conditionals="21" coveredconditionals="19" methods="6" coveredmethods="6"/>
        <line num="1" count="25" type="stmt"/>
        <line num="2" count="25" type="stmt"/>
        <line num="51" count="25" type="stmt"/>
        <line num="56" count="902" type="stmt"/>
        <line num="62" count="902" type="cond" truecount="4" falsecount="0"/>
        <line num="63" count="902" type="stmt"/>
        <line num="69" count="2596" type="stmt"/>
        <line num="78" count="1837" type="cond" truecount="3" falsecount="0"/>
        <line num="80" count="408" type="stmt"/>
        <line num="82" count="698" type="stmt"/>
        <line num="83" count="698" type="stmt"/>
        <line num="84" count="153" type="cond" truecount="2" falsecount="0"/>
        <line num="85" count="50" type="stmt"/>
        <line num="87" count="103" type="stmt"/>
        <line num="90" count="698" type="stmt"/>
        <line num="95" count="731" type="stmt"/>
        <line num="102" count="731" type="stmt"/>
        <line num="103" count="731" type="stmt"/>
        <line num="104" count="315" type="cond" truecount="1" falsecount="0"/>
        <line num="105" count="315" type="cond" truecount="2" falsecount="0"/>
        <line num="106" count="136" type="stmt"/>
        <line num="108" count="179" type="stmt"/>
        <line num="110" count="315" type="stmt"/>
        <line num="112" count="731" type="stmt"/>
        <line num="113" count="731" type="cond" truecount="1" falsecount="0"/>
        <line num="114" count="1" type="stmt"/>
        <line num="116" count="731" type="cond" truecount="1" falsecount="0"/>
        <line num="117" count="11" type="stmt"/>
        <line num="119" count="731" type="cond" truecount="1" falsecount="0"/>
        <line num="120" count="10" type="stmt"/>
        <line num="122" count="731" type="stmt"/>
        <line num="128" count="1273" type="stmt"/>
        <line num="129" count="1273" type="stmt"/>
        <line num="130" count="30" type="stmt"/>
        <line num="131" count="30" type="stmt"/>
        <line num="132" count="29" type="stmt"/>
        <line num="133" count="29" type="stmt"/>
        <line num="134" count="29" type="stmt"/>
        <line num="135" count="29" type="stmt"/>
        <line num="136" count="29" type="stmt"/>
        <line num="137" count="29" type="stmt"/>
        <line num="147" count="902" type="stmt"/>
        <line num="150" count="30" type="stmt"/>
        <line num="151" count="30" type="cond" truecount="1" falsecount="0"/>
        <line num="152" count="28" type="stmt"/>
        <line num="153" count="28" type="cond" truecount="0" falsecount="1"/>
        <line num="154" count="28" type="stmt"/>
        <line num="155" count="28" type="stmt"/>
        <line num="156" count="27" type="cond" truecount="0" falsecount="1"/>
        <line num="157" count="27" type="stmt"/>
        <line num="158" count="27" type="stmt"/>
        <line num="159" count="27" type="stmt"/>
        <line num="163" count="901" type="stmt"/>
      </file>
      <file name="util.ts" path="/home/runner/work/json-type/json-type/src/codegen/validator/util.ts">
        <metrics statements="4" coveredstatements="4" conditionals="8" coveredconditionals="8" methods="1" coveredmethods="1"/>
        <line num="1" count="25" type="stmt"/>
        <line num="2" count="203" type="cond" truecount="8" falsecount="0"/>
        <line num="10" count="157" type="stmt"/>
        <line num="12" count="46" type="stmt"/>
      </file>
    </package>
    <package name="src.schema">
      <metrics statements="74" coveredstatements="69" conditionals="59" coveredconditionals="48" methods="36" coveredmethods="34"/>
      <file name="SchemaBuilder.ts" path="/home/runner/work/json-type/json-type/src/schema/SchemaBuilder.ts">
        <metrics statements="40" coveredstatements="39" conditionals="27" coveredconditionals="23" methods="31" coveredmethods="30"/>
        <line num="24" count="29" type="stmt"/>
        <line num="26" count="44" type="stmt"/>
        <line num="30" count="37" type="stmt"/>
        <line num="34" count="10" type="stmt"/>
        <line num="38" count="1" type="stmt"/>
        <line num="42" count="5" type="stmt"/>
        <line num="46" count="1" type="stmt"/>
        <line num="50" count="201" type="stmt"/>
        <line num="54" count="2" type="stmt"/>
        <line num="58" count="4" type="stmt"/>
        <line num="62" count="792" type="stmt"/>
        <line num="66" count="1" type="stmt"/>
        <line num="70" count="1" type="stmt"/>
        <line num="76" count="65" type="cond" truecount="2" falsecount="1"/>
        <line num="77" count="64" type="cond" truecount="2" falsecount="0"/>
        <line num="81" count="411" type="stmt"/>
        <line num="87" count="435" type="cond" truecount="3" falsecount="0"/>
        <line num="88" count="429" type="cond" truecount="2" falsecount="0"/>
        <line num="92" count="29" type="stmt"/>
        <line num="110" count="104" type="cond" truecount="0" falsecount="3"/>
        <line num="111" count="104" type="stmt"/>
        <line num="130" count="138" type="stmt"/>
        <line num="134" count="33" type="stmt"/>
        <line num="138" count="0" type="stmt"/>
        <line num="154" count="459" type="stmt"/>
        <line num="155" count="459" type="cond" truecount="1" falsecount="0"/>
        <line num="161" count="235" type="stmt"/>
        <line num="162" count="224" type="cond" truecount="3" falsecount="0"/>
        <line num="163" count="9" type="stmt"/>
        <line num="164" count="215" type="stmt"/>
        <line num="173" count="11" type="stmt"/>
        <line num="187" count="3" type="stmt"/>
        <line num="202" count="518" type="stmt"/>
        <line num="216" count="144" type="stmt"/>
        <line num="226" count="50" type="stmt"/>
        <line num="230" count="913" type="stmt"/>
        <line num="237" count="40" type="stmt"/>
        <line num="244" count="39" type="stmt"/>
        <line num="252" count="9" type="stmt"/>
        <line num="260" count="7" type="stmt"/>
      </file>
      <file name="index.ts" path="/home/runner/work/json-type/json-type/src/schema/index.ts">
        <metrics statements="4" coveredstatements="4" conditionals="0" coveredconditionals="0" methods="0" coveredmethods="0"/>
        <line num="1" count="29" type="stmt"/>
        <line num="3" count="29" type="stmt"/>
        <line num="4" count="29" type="stmt"/>
        <line num="9" count="29" type="stmt"/>
      </file>
      <file name="validate.ts" path="/home/runner/work/json-type/json-type/src/schema/validate.ts">
        <metrics statements="30" coveredstatements="26" conditionals="32" coveredconditionals="25" methods="5" coveredmethods="4"/>
        <line num="4" count="25" type="stmt"/>
        <line num="5" count="44" type="cond" truecount="3" falsecount="0"/>
        <line num="6" count="42" type="cond" truecount="3" falsecount="0"/>
        <line num="7" count="40" type="cond" truecount="3" falsecount="0"/>
        <line num="10" count="25" type="stmt"/>
        <line num="11" count="0" type="stmt"/>
        <line num="14" count="25" type="stmt"/>
        <line num="15" count="44" type="stmt"/>
        <line num="16" count="38" type="stmt"/>
        <line num="17" count="38" type="cond" truecount="1" falsecount="2"/>
        <line num="18" count="38" type="cond" truecount="0" falsecount="1"/>
        <line num="19" count="38" type="stmt"/>
        <line num="20" count="38" type="cond" truecount="0" falsecount="1"/>
        <line num="21" count="0" type="cond" truecount="0" falsecount="1"/>
        <line num="22" count="0" type="stmt"/>
        <line num="26" count="25" type="stmt"/>
        <line num="27" count="29" type="cond" truecount="1" falsecount="0"/>
        <line num="28" count="1" type="cond" truecount="1" falsecount="1"/>
        <line num="29" count="0" type="cond" truecount="0" falsecount="1"/>
        <line num="30" count="1" type="cond" truecount="1" falsecount="0"/>
        <line num="34" count="25" type="stmt"/>
        <line num="35" count="18" type="cond" truecount="1" falsecount="0"/>
        <line num="36" count="4" type="cond" truecount="1" falsecount="0"/>
        <line num="37" count="3" type="cond" truecount="1" falsecount="0"/>
        <line num="38" count="2" type="cond" truecount="1" falsecount="0"/>
        <line num="40" count="15" type="cond" truecount="1" falsecount="0"/>
        <line num="41" count="4" type="cond" truecount="1" falsecount="0"/>
        <line num="42" count="3" type="cond" truecount="1" falsecount="0"/>
        <line num="43" count="2" type="cond" truecount="1" falsecount="0"/>
        <line num="45" count="12" type="cond" truecount="4" falsecount="0"/>
      </file>
    </package>
    <package name="src.system">
      <metrics statements="107" coveredstatements="90" conditionals="17" coveredconditionals="9" methods="38" coveredmethods="30"/>
      <file name="TypeAlias.ts" path="/home/runner/work/json-type/json-type/src/system/TypeAlias.ts">
        <metrics statements="27" coveredstatements="25" conditionals="3" coveredconditionals="2" methods="8" coveredmethods="6"/>
        <line num="1" count="18" type="stmt"/>
        <line num="2" count="18" type="stmt"/>
        <line num="3" count="18" type="stmt"/>
        <line num="5" count="18" type="stmt"/>
        <line num="11" count="18" type="stmt"/>
        <line num="13" count="40" type="stmt"/>
        <line num="14" count="40" type="stmt"/>
        <line num="15" count="40" type="stmt"/>
        <line num="19" count="0" type="stmt"/>
        <line num="23" count="0" type="stmt"/>
        <line num="27" count="6" type="stmt"/>
        <line num="31" count="5" type="stmt"/>
        <line num="32" count="5" type="cond" truecount="2" falsecount="0"/>
        <line num="33" count="4" type="stmt"/>
        <line num="34" count="4" type="stmt"/>
        <line num="39" count="4" type="stmt"/>
        <line num="41" count="1" type="stmt"/>
        <line num="48" count="1" type="stmt"/>
        <line num="53" count="4" type="stmt"/>
        <line num="57" count="1" type="stmt"/>
        <line num="62" count="1" type="stmt"/>
        <line num="63" count="1" type="stmt"/>
        <line num="64" count="1" type="stmt"/>
        <line num="66" count="1" type="stmt"/>
        <line num="67" count="2" type="stmt"/>
        <line num="68" count="2" type="stmt"/>
        <line num="70" count="1" type="stmt"/>
      </file>
      <file name="TypeExportContext.ts" path="/home/runner/work/json-type/json-type/src/system/TypeExportContext.ts">
        <metrics statements="6" coveredstatements="6" conditionals="2" coveredconditionals="2" methods="4" coveredmethods="4"/>
        <line num="1" count="18" type="stmt"/>
        <line num="2" count="1" type="stmt"/>
        <line num="5" count="2" type="cond" truecount="1" falsecount="0"/>
        <line num="9" count="8" type="cond" truecount="1" falsecount="0"/>
        <line num="10" count="1" type="stmt"/>
        <line num="14" count="3" type="stmt"/>
      </file>
      <file name="TypeRouter.ts" path="/home/runner/work/json-type/json-type/src/system/TypeRouter.ts">
        <metrics statements="28" coveredstatements="21" conditionals="3" coveredconditionals="0" methods="9" coveredmethods="6"/>
        <line num="2" count="1" type="stmt"/>
        <line num="3" count="1" type="stmt"/>
        <line num="12" count="1" type="stmt"/>
        <line num="13" count="1" type="stmt"/>
        <line num="16" count="0" type="stmt"/>
        <line num="17" count="0" type="stmt"/>
        <line num="21" count="0" type="cond" truecount="0" falsecount="2"/>
        <line num="29" count="6" type="stmt"/>
        <line num="30" count="6" type="stmt"/>
        <line num="31" count="6" type="stmt"/>
        <line num="36" count="2" type="stmt"/>
        <line num="46" count="2" type="stmt"/>
        <line num="47" count="2" type="stmt"/>
        <line num="54" count="0" type="stmt"/>
        <line num="55" count="0" type="stmt"/>
        <line num="62" count="0" type="stmt"/>
        <line num="63" count="0" type="stmt"/>
        <line num="67" count="2" type="stmt"/>
        <line num="71" count="2" type="stmt"/>
        <line num="72" count="4" type="stmt"/>
        <line num="73" count="4" type="stmt"/>
        <line num="78" count="4" type="cond" truecount="0" falsecount="1"/>
        <line num="79" count="4" type="stmt"/>
        <line num="81" count="2" type="stmt"/>
        <line num="85" count="2" type="stmt"/>
        <line num="98" count="2" type="stmt"/>
        <line num="99" count="2" type="stmt"/>
        <line num="103" count="2" type="stmt"/>
      </file>
      <file name="TypeSystem.ts" path="/home/runner/work/json-type/json-type/src/system/TypeSystem.ts">
        <metrics statements="43" coveredstatements="35" conditionals="9" coveredconditionals="5" methods="17" coveredmethods="14"/>
        <line num="1" count="18" type="stmt"/>
        <line num="2" count="18" type="stmt"/>
        <line num="3" count="18" type="stmt"/>
        <line num="4" count="18" type="stmt"/>
        <line num="9" count="18" type="stmt"/>
        <line num="10" count="439" type="stmt"/>
        <line num="12" count="439" type="stmt"/>
        <line num="18" count="439" type="stmt"/>
        <line num="19" count="40" type="stmt"/>
        <line num="20" count="40" type="cond" truecount="0" falsecount="1"/>
        <line num="21" count="40" type="stmt"/>
        <line num="22" count="40" type="stmt"/>
        <line num="23" count="40" type="stmt"/>
        <line num="26" count="439" type="stmt"/>
        <line num="27" count="31" type="stmt"/>
        <line num="28" count="31" type="cond" truecount="0" falsecount="1"/>
        <line num="29" count="31" type="stmt"/>
        <line num="32" count="439" type="stmt"/>
        <line num="34" count="439" type="stmt"/>
        <line num="35" count="31" type="stmt"/>
        <line num="36" count="31" type="cond" truecount="2" falsecount="0"/>
        <line num="39" count="439" type="stmt"/>
        <line num="41" count="439" type="stmt"/>
        <line num="42" count="26" type="cond" truecount="0" falsecount="1"/>
        <line num="43" count="0" type="stmt"/>
        <line num="44" count="26" type="stmt"/>
        <line num="47" count="439" type="stmt"/>
        <line num="48" count="28" type="stmt"/>
        <line num="49" count="28" type="cond" truecount="1" falsecount="0"/>
        <line num="50" count="27" type="stmt"/>
        <line num="54" count="0" type="stmt"/>
        <line num="55" count="0" type="stmt"/>
        <line num="56" count="0" type="stmt"/>
        <line num="58" count="0" type="stmt"/>
        <line num="69" count="0" type="stmt"/>
        <line num="70" count="0" type="stmt"/>
        <line num="71" count="0" type="stmt"/>
        <line num="75" count="1" type="stmt"/>
        <line num="76" count="1" type="stmt"/>
        <line num="80" count="1" type="stmt"/>
        <line num="83" count="6" type="stmt"/>
        <line num="87" count="1" type="stmt"/>
        <line num="90" count="1" type="stmt"/>
      </file>
      <file name="index.ts" path="/home/runner/work/json-type/json-type/src/system/index.ts">
        <metrics statements="3" coveredstatements="3" conditionals="0" coveredconditionals="0" methods="0" coveredmethods="0"/>
        <line num="1" count="13" type="stmt"/>
        <line num="2" count="13" type="stmt"/>
        <line num="3" count="13" type="stmt"/>
      </file>
    </package>
    <package name="src.type">
      <metrics statements="191" coveredstatements="183" conditionals="60" coveredconditionals="50" methods="62" coveredmethods="60"/>
      <file name="TypeBuilder.ts" path="/home/runner/work/json-type/json-type/src/type/TypeBuilder.ts">
        <metrics statements="101" coveredstatements="96" conditionals="32" coveredconditionals="27" methods="38" coveredmethods="37"/>
        <line num="1" count="25" type="stmt"/>
        <line num="2" count="25" type="stmt"/>
        <line num="8" count="25" type="stmt"/>
        <line num="10" count="25" type="stmt"/>
        <line num="11" count="449" type="stmt"/>
        <line num="14" count="89" type="stmt"/>
        <line num="18" count="8" type="stmt"/>
        <line num="22" count="14" type="stmt"/>
        <line num="26" count="40" type="stmt"/>
        <line num="30" count="112" type="stmt"/>
        <line num="34" count="250" type="stmt"/>
        <line num="38" count="18" type="stmt"/>
        <line num="42" count="27" type="stmt"/>
        <line num="46" count="10" type="stmt"/>
        <line num="50" count="14" type="stmt"/>
        <line num="54" count="1" type="stmt"/>
        <line num="58" count="1" type="stmt"/>
        <line num="62" count="119" type="stmt"/>
        <line num="63" count="119" type="stmt"/>
        <line num="64" count="119" type="stmt"/>
        <line num="77" count="110" type="stmt"/>
        <line num="78" count="110" type="stmt"/>
        <line num="79" count="110" type="stmt"/>
        <line num="83" count="50" type="stmt"/>
        <line num="84" count="50" type="stmt"/>
        <line num="85" count="50" type="stmt"/>
        <line num="89" count="359" type="stmt"/>
        <line num="90" count="359" type="stmt"/>
        <line num="91" count="359" type="stmt"/>
        <line num="95" count="367" type="stmt"/>
        <line num="96" count="367" type="stmt"/>
        <line num="97" count="367" type="stmt"/>
        <line num="101" count="23" type="stmt"/>
        <line num="102" count="23" type="stmt"/>
        <line num="103" count="23" type="stmt"/>
        <line num="107" count="89" type="stmt"/>
        <line num="108" count="89" type="stmt"/>
        <line num="109" count="89" type="stmt"/>
        <line num="113" count="32" type="stmt"/>
        <line num="114" count="32" type="stmt"/>
        <line num="115" count="32" type="stmt"/>
        <line num="119" count="191" type="stmt"/>
        <line num="120" count="191" type="stmt"/>
        <line num="121" count="191" type="stmt"/>
        <line num="125" count="334" type="stmt"/>
        <line num="126" count="334" type="stmt"/>
        <line num="127" count="334" type="stmt"/>
        <line num="131" count="132" type="stmt"/>
        <line num="132" count="132" type="stmt"/>
        <line num="133" count="132" type="stmt"/>
        <line num="137" count="39" type="stmt"/>
        <line num="138" count="39" type="stmt"/>
        <line num="139" count="39" type="stmt"/>
        <line num="143" count="30" type="stmt"/>
        <line num="144" count="30" type="stmt"/>
        <line num="145" count="30" type="stmt"/>
        <line num="149" count="38" type="stmt"/>
        <line num="150" count="38" type="stmt"/>
        <line num="151" count="38" type="stmt"/>
        <line num="156" count="6" type="stmt"/>
        <line num="157" count="6" type="stmt"/>
        <line num="158" count="6" type="stmt"/>
        <line num="162" count="5" type="stmt"/>
        <line num="163" count="5" type="stmt"/>
        <line num="164" count="5" type="stmt"/>
        <line num="168" count="438" type="cond" truecount="11" falsecount="3"/>
        <line num="170" count="30" type="stmt"/>
        <line num="172" count="10" type="stmt"/>
        <line num="174" count="187" type="stmt"/>
        <line num="176" count="83" type="stmt"/>
        <line num="178" count="3" type="stmt"/>
        <line num="180" count="22" type="stmt"/>
        <line num="182" count="0" type="stmt"/>
        <line num="184" count="47" type="stmt"/>
        <line num="186" count="87" type="cond" truecount="2" falsecount="0"/>
        <line num="193" count="5" type="stmt"/>
        <line num="195" count="34" type="stmt"/>
        <line num="197" count="35" type="stmt"/>
        <line num="199" count="2" type="stmt"/>
        <line num="201" count="0" type="stmt"/>
        <line num="205" count="0" type="stmt"/>
        <line num="209" count="0" type="stmt"/>
        <line num="213" count="18" type="cond" truecount="5" falsecount="1"/>
        <line num="215" count="1" type="stmt"/>
        <line num="217" count="1" type="stmt"/>
        <line num="219" count="3" type="stmt"/>
        <line num="221" count="3" type="stmt"/>
        <line num="223" count="10" type="cond" truecount="1" falsecount="0"/>
        <line num="224" count="8" type="cond" truecount="1" falsecount="0"/>
        <line num="225" count="5" type="cond" truecount="1" falsecount="0"/>
        <line num="226" count="3" type="stmt"/>
        <line num="227" count="14" type="cond" truecount="2" falsecount="0"/>
        <line num="229" count="4" type="cond" truecount="0" falsecount="1"/>
        <line num="230" count="4" type="cond" truecount="1" falsecount="0"/>
        <line num="231" count="1" type="stmt"/>
        <line num="233" count="10" type="stmt"/>
        <line num="236" count="7" type="stmt"/>
        <line num="237" count="3" type="cond" truecount="2" falsecount="0"/>
        <line num="239" count="5" type="stmt"/>
        <line num="241" count="11" type="stmt"/>
        <line num="243" count="0" type="stmt"/>
      </file>
      <file name="classes.ts" path="/home/runner/work/json-type/json-type/src/type/classes.ts">
        <metrics statements="31" coveredstatements="31" conditionals="0" coveredconditionals="0" methods="17" coveredmethods="16"/>
        <line num="1" count="25" type="stmt"/>
        <line num="2" count="25" type="stmt"/>
        <line num="3" count="25" type="stmt"/>
        <line num="4" count="25" type="stmt"/>
        <line num="5" count="25" type="stmt"/>
        <line num="6" count="25" type="stmt"/>
        <line num="7" count="25" type="stmt"/>
        <line num="8" count="25" type="stmt"/>
        <line num="9" count="25" type="stmt"/>
        <line num="10" count="25" type="stmt"/>
        <line num="11" count="25" type="stmt"/>
        <line num="12" count="25" type="stmt"/>
        <line num="13" count="25" type="stmt"/>
        <line num="14" count="25" type="stmt"/>
        <line num="17" count="25" type="stmt"/>
        <line num="18" count="144" type="stmt"/>
        <line num="19" count="305" type="stmt"/>
        <line num="20" count="107" type="stmt"/>
        <line num="21" count="417" type="stmt"/>
        <line num="22" count="416" type="stmt"/>
        <line num="23" count="48" type="stmt"/>
        <line num="24" count="114" type="stmt"/>
        <line num="25" count="109" type="stmt"/>
        <line num="26" count="360" type="stmt"/>
        <line num="27" count="157" type="stmt"/>
        <line num="28" count="268" type="stmt"/>
        <line num="29" count="64" type="stmt"/>
        <line num="30" count="94" type="stmt"/>
        <line num="31" count="55" type="stmt"/>
        <line num="32" count="31" type="stmt"/>
        <line num="33" count="30" type="stmt"/>
      </file>
      <file name="discriminator.ts" path="/home/runner/work/json-type/json-type/src/type/discriminator.ts">
        <metrics statements="55" coveredstatements="52" conditionals="28" coveredconditionals="23" methods="7" coveredmethods="7"/>
        <line num="2" count="25" type="stmt"/>
        <line num="5" count="25" type="stmt"/>
        <line num="7" count="72" type="cond" truecount="2" falsecount="0"/>
        <line num="8" count="52" type="cond" truecount="2" falsecount="0"/>
        <line num="9" count="6" type="stmt"/>
        <line num="10" count="6" type="stmt"/>
        <line num="11" count="10" type="stmt"/>
        <line num="12" count="10" type="stmt"/>
        <line num="13" count="10" type="cond" truecount="1" falsecount="0"/>
        <line num="15" count="46" type="cond" truecount="1" falsecount="0"/>
        <line num="16" count="15" type="stmt"/>
        <line num="17" count="15" type="stmt"/>
        <line num="18" count="7" type="stmt"/>
        <line num="19" count="7" type="stmt"/>
        <line num="20" count="7" type="cond" truecount="1" falsecount="0"/>
        <line num="23" count="39" type="stmt"/>
        <line num="27" count="55" type="stmt"/>
        <line num="28" count="55" type="cond" truecount="2" falsecount="0"/>
        <line num="32" count="30" type="stmt"/>
        <line num="33" count="30" type="stmt"/>
        <line num="34" count="30" type="stmt"/>
        <line num="35" count="30" type="stmt"/>
        <line num="36" count="43" type="stmt"/>
        <line num="37" count="43" type="stmt"/>
        <line num="38" count="43" type="stmt"/>
        <line num="39" count="43" type="cond" truecount="0" falsecount="1"/>
        <line num="40" count="43" type="stmt"/>
        <line num="41" count="43" type="stmt"/>
        <line num="43" count="30" type="stmt"/>
        <line num="44" count="30" type="stmt"/>
        <line num="45" count="43" type="stmt"/>
        <line num="46" count="43" type="stmt"/>
        <line num="48" count="30" type="stmt"/>
        <line num="52" count="68" type="stmt"/>
        <line num="53" count="68" type="stmt"/>
        <line num="57" count="43" type="cond" truecount="1" falsecount="0"/>
        <line num="58" count="32" type="cond" truecount="0" falsecount="1"/>
        <line num="59" count="32" type="cond" truecount="1" falsecount="0"/>
        <line num="60" count="23" type="cond" truecount="1" falsecount="0"/>
        <line num="61" count="7" type="cond" truecount="2" falsecount="0"/>
        <line num="63" count="6" type="stmt"/>
        <line num="65" count="1" type="stmt"/>
        <line num="67" count="0" type="stmt"/>
        <line num="71" count="62" type="stmt"/>
        <line num="72" count="62" type="cond" truecount="7" falsecount="3"/>
        <line num="77" count="46" type="stmt"/>
        <line num="80" count="14" type="stmt"/>
        <line num="83" count="2" type="stmt"/>
        <line num="86" count="0" type="stmt"/>
        <line num="88" count="0" type="stmt"/>
        <line num="92" count="55" type="stmt"/>
        <line num="93" count="55" type="stmt"/>
        <line num="94" count="55" type="stmt"/>
        <line num="95" count="55" type="cond" truecount="2" falsecount="0"/>
        <line num="96" count="55" type="stmt"/>
      </file>
      <file name="index.ts" path="/home/runner/work/json-type/json-type/src/type/index.ts">
        <metrics statements="4" coveredstatements="4" conditionals="0" coveredconditionals="0" methods="0" coveredmethods="0"/>
        <line num="1" count="10" type="stmt"/>
        <line num="2" count="10" type="stmt"/>
        <line num="4" count="10" type="stmt"/>
        <line num="6" count="10" type="stmt"/>
      </file>
    </package>
    <package name="src.type.__tests__">
      <metrics statements="379" coveredstatements="379" conditionals="8" coveredconditionals="8" methods="217" coveredmethods="217"/>
      <file name="fixtures.ts" path="/home/runner/work/json-type/json-type/src/type/__tests__/fixtures.ts">
        <metrics statements="3" coveredstatements="3" conditionals="0" coveredconditionals="0" methods="0" coveredmethods="0"/>
        <line num="2" count="2" type="stmt"/>
        <line num="4" count="2" type="stmt"/>
        <line num="25" count="2" type="stmt"/>
      </file>
      <file name="validateTestSuite.ts" path="/home/runner/work/json-type/json-type/src/type/__tests__/validateTestSuite.ts">
        <metrics statements="376" coveredstatements="376" conditionals="8" coveredconditionals="8" methods="217" coveredmethods="217"/>
        <line num="1" count="1" type="stmt"/>
        <line num="2" count="1" type="stmt"/>
        <line num="4" count="1" type="stmt"/>
        <line num="5" count="2" type="stmt"/>
        <line num="6" count="2" type="stmt"/>
        <line num="9" count="4" type="cond" truecount="1" falsecount="0"/>
        <line num="13" count="2" type="stmt"/>
        <line num="14" count="2" type="stmt"/>
        <line num="15" count="2" type="stmt"/>
        <line num="16" count="2" type="stmt"/>
        <line num="17" count="2" type="stmt"/>
        <line num="18" count="2" type="stmt"/>
        <line num="19" count="2" type="stmt"/>
        <line num="20" count="2" type="stmt"/>
        <line num="24" count="2" type="stmt"/>
        <line num="25" count="2" type="stmt"/>
        <line num="26" count="2" type="stmt"/>
        <line num="27" count="2" type="stmt"/>
        <line num="28" count="2" type="stmt"/>
        <line num="29" count="2" type="stmt"/>
        <line num="30" count="2" type="stmt"/>
        <line num="31" count="2" type="stmt"/>
        <line num="32" count="2" type="stmt"/>
        <line num="33" count="2" type="stmt"/>
        <line num="34" count="2" type="stmt"/>
        <line num="35" count="2" type="stmt"/>
        <line num="36" count="2" type="stmt"/>
        <line num="37" count="2" type="stmt"/>
        <line num="38" count="2" type="stmt"/>
        <line num="39" count="2" type="stmt"/>
        <line num="42" count="2" type="stmt"/>
        <line num="43" count="2" type="stmt"/>
        <line num="44" count="2" type="stmt"/>
        <line num="45" count="2" type="stmt"/>
        <line num="46" count="2" type="stmt"/>
        <line num="47" count="2" type="stmt"/>
        <line num="48" count="2" type="stmt"/>
        <line num="52" count="2" type="stmt"/>
        <line num="53" count="2" type="stmt"/>
        <line num="54" count="2" type="stmt"/>
        <line num="55" count="2" type="stmt"/>
        <line num="56" count="2" type="stmt"/>
        <line num="57" count="2" type="stmt"/>
        <line num="58" count="2" type="stmt"/>
        <line num="62" count="2" type="stmt"/>
        <line num="63" count="2" type="stmt"/>
        <line num="64" count="2" type="stmt"/>
        <line num="65" count="2" type="stmt"/>
        <line num="66" count="2" type="stmt"/>
        <line num="67" count="2" type="stmt"/>
        <line num="68" count="2" type="stmt"/>
        <line num="72" count="2" type="stmt"/>
        <line num="73" count="2" type="stmt"/>
        <line num="74" count="2" type="stmt"/>
        <line num="75" count="2" type="stmt"/>
        <line num="76" count="2" type="stmt"/>
        <line num="77" count="2" type="stmt"/>
        <line num="78" count="2" type="stmt"/>
        <line num="79" count="2" type="stmt"/>
        <line num="83" count="2" type="stmt"/>
        <line num="84" count="2" type="stmt"/>
        <line num="85" count="2" type="stmt"/>
        <line num="86" count="2" type="stmt"/>
        <line num="87" count="2" type="stmt"/>
        <line num="88" count="2" type="stmt"/>
        <line num="89" count="2" type="stmt"/>
        <line num="90" count="2" type="stmt"/>
        <line num="91" count="2" type="stmt"/>
        <line num="92" count="2" type="stmt"/>
        <line num="95" count="2" type="stmt"/>
        <line num="96" count="2" type="stmt"/>
        <line num="97" count="2" type="stmt"/>
        <line num="98" count="2" type="stmt"/>
        <line num="99" count="2" type="stmt"/>
        <line num="100" count="2" type="stmt"/>
        <line num="101" count="2" type="stmt"/>
        <line num="102" count="2" type="stmt"/>
        <line num="105" count="2" type="stmt"/>
        <line num="106" count="2" type="stmt"/>
        <line num="107" count="2" type="stmt"/>
        <line num="108" count="2" type="stmt"/>
        <line num="112" count="2" type="stmt"/>
        <line num="113" count="2" type="stmt"/>
        <line num="114" count="2" type="stmt"/>
        <line num="115" count="2" type="stmt"/>
        <line num="116" count="2" type="stmt"/>
        <line num="117" count="2" type="stmt"/>
        <line num="118" count="2" type="stmt"/>
        <line num="121" count="2" type="stmt"/>
        <line num="122" count="2" type="stmt"/>
        <line num="123" count="2" type="stmt"/>
        <line num="124" count="2" type="stmt"/>
        <line num="127" count="2" type="stmt"/>
        <line num="128" count="2" type="stmt"/>
        <line num="129" count="2" type="stmt"/>
        <line num="133" count="2" type="stmt"/>
        <line num="134" count="2" type="stmt"/>
        <line num="135" count="2" type="stmt"/>
        <line num="136" count="2" type="stmt"/>
        <line num="137" count="2" type="stmt"/>
        <line num="141" count="2" type="stmt"/>
        <line num="142" count="2" type="stmt"/>
        <line num="143" count="2" type="stmt"/>
        <line num="144" count="2" type="stmt"/>
        <line num="145" count="2" type="stmt"/>
        <line num="146" count="2" type="stmt"/>
        <line num="147" count="2" type="stmt"/>
        <line num="148" count="2" type="stmt"/>
        <line num="151" count="2" type="stmt"/>
        <line num="152" count="2" type="stmt"/>
        <line num="153" count="2" type="stmt"/>
        <line num="154" count="2" type="stmt"/>
        <line num="158" count="2" type="stmt"/>
        <line num="159" count="2" type="stmt"/>
        <line num="160" count="2" type="stmt"/>
        <line num="161" count="2" type="stmt"/>
        <line num="162" count="2" type="stmt"/>
        <line num="163" count="2" type="stmt"/>
        <line num="164" count="2" type="stmt"/>
        <line num="165" count="2" type="stmt"/>
        <line num="168" count="2" type="stmt"/>
        <line num="169" count="2" type="stmt"/>
        <line num="170" count="2" type="stmt"/>
        <line num="171" count="2" type="stmt"/>
        <line num="175" count="2" type="stmt"/>
        <line num="176" count="2" type="stmt"/>
        <line num="177" count="2" type="stmt"/>
        <line num="178" count="2" type="stmt"/>
        <line num="179" count="2" type="stmt"/>
        <line num="180" count="2" type="stmt"/>
        <line num="181" count="2" type="stmt"/>
        <line num="182" count="2" type="stmt"/>
        <line num="185" count="2" type="stmt"/>
        <line num="186" count="2" type="stmt"/>
        <line num="187" count="2" type="stmt"/>
        <line num="188" count="2" type="stmt"/>
        <line num="192" count="2" type="stmt"/>
        <line num="193" count="2" type="stmt"/>
        <line num="194" count="2" type="stmt"/>
        <line num="195" count="2" type="stmt"/>
        <line num="196" count="2" type="stmt"/>
        <line num="197" count="2" type="stmt"/>
        <line num="200" count="2" type="stmt"/>
        <line num="201" count="2" type="stmt"/>
        <line num="202" count="2" type="stmt"/>
        <line num="206" count="2" type="stmt"/>
        <line num="207" count="2" type="stmt"/>
        <line num="208" count="2" type="stmt"/>
        <line num="209" count="2" type="stmt"/>
        <line num="210" count="2" type="stmt"/>
        <line num="211" count="2" type="stmt"/>
        <line num="212" count="2" type="stmt"/>
        <line num="213" count="2" type="stmt"/>
        <line num="216" count="2" type="stmt"/>
        <line num="217" count="2" type="stmt"/>
        <line num="218" count="2" type="stmt"/>
        <line num="222" count="2" type="stmt"/>
        <line num="223" count="2" type="stmt"/>
        <line num="224" count="2" type="stmt"/>
        <line num="225" count="2" type="stmt"/>
        <line num="226" count="2" type="stmt"/>
        <line num="227" count="2" type="stmt"/>
        <line num="228" count="2" type="stmt"/>
        <line num="229" count="2" type="stmt"/>
        <line num="232" count="2" type="stmt"/>
        <line num="233" count="2" type="stmt"/>
        <line num="234" count="2" type="stmt"/>
        <line num="238" count="2" type="stmt"/>
        <line num="239" count="2" type="stmt"/>
        <line num="240" count="2" type="stmt"/>
        <line num="241" count="2" type="stmt"/>
        <line num="242" count="2" type="stmt"/>
        <line num="243" count="2" type="stmt"/>
        <line num="244" count="2" type="stmt"/>
        <line num="245" count="2" type="stmt"/>
        <line num="248" count="2" type="stmt"/>
        <line num="249" count="2" type="stmt"/>
        <line num="250" count="2" type="stmt"/>
        <line num="254" count="2" type="stmt"/>
        <line num="255" count="2" type="stmt"/>
        <line num="256" count="2" type="stmt"/>
        <line num="257" count="2" type="stmt"/>
        <line num="258" count="2" type="stmt"/>
        <line num="259" count="2" type="stmt"/>
        <line num="260" count="2" type="stmt"/>
        <line num="263" count="2" type="stmt"/>
        <line num="264" count="2" type="stmt"/>
        <line num="265" count="2" type="stmt"/>
        <line num="269" count="2" type="stmt"/>
        <line num="270" count="2" type="stmt"/>
        <line num="271" count="2" type="stmt"/>
        <line num="272" count="2" type="stmt"/>
        <line num="273" count="2" type="stmt"/>
        <line num="274" count="2" type="stmt"/>
        <line num="278" count="2" type="stmt"/>
        <line num="279" count="2" type="stmt"/>
        <line num="280" count="2" type="stmt"/>
        <line num="281" count="2" type="stmt"/>
        <line num="282" count="2" type="stmt"/>
        <line num="283" count="2" type="stmt"/>
        <line num="288" count="2" type="stmt"/>
        <line num="289" count="2" type="stmt"/>
        <line num="290" count="2" type="stmt"/>
        <line num="291" count="2" type="stmt"/>
        <line num="292" count="2" type="stmt"/>
        <line num="295" count="2" type="stmt"/>
        <line num="296" count="2" type="stmt"/>
        <line num="297" count="2" type="stmt"/>
        <line num="298" count="2" type="stmt"/>
        <line num="301" count="2" type="stmt"/>
        <line num="302" count="2" type="stmt"/>
        <line num="303" count="2" type="stmt"/>
        <line num="304" count="2" type="stmt"/>
        <line num="307" count="2" type="stmt"/>
        <line num="308" count="2" type="stmt"/>
        <line num="309" count="2" type="stmt"/>
        <line num="310" count="2" type="stmt"/>
        <line num="313" count="2" type="stmt"/>
        <line num="314" count="2" type="stmt"/>
        <line num="315" count="2" type="stmt"/>
        <line num="316" count="2" type="stmt"/>
        <line num="317" count="2" type="stmt"/>
        <line num="322" count="2" type="stmt"/>
        <line num="323" count="2" type="stmt"/>
        <line num="324" count="2" type="stmt"/>
        <line num="325" count="2" type="stmt"/>
        <line num="326" count="2" type="stmt"/>
        <line num="329" count="2" type="stmt"/>
        <line num="330" count="2" type="stmt"/>
        <line num="331" count="2" type="stmt"/>
        <line num="332" count="2" type="stmt"/>
        <line num="333" count="2" type="stmt"/>
        <line num="334" count="2" type="stmt"/>
        <line num="337" count="2" type="stmt"/>
        <line num="338" count="2" type="stmt"/>
        <line num="339" count="2" type="stmt"/>
        <line num="340" count="2" type="stmt"/>
        <line num="344" count="2" type="stmt"/>
        <line num="345" count="2" type="stmt"/>
        <line num="346" count="2" type="stmt"/>
        <line num="347" count="2" type="stmt"/>
        <line num="348" count="2" type="stmt"/>
        <line num="353" count="2" type="stmt"/>
        <line num="354" count="2" type="stmt"/>
        <line num="355" count="2" type="stmt"/>
        <line num="356" count="2" type="stmt"/>
        <line num="357" count="2" type="stmt"/>
        <line num="360" count="2" type="stmt"/>
        <line num="361" count="2" type="stmt"/>
        <line num="362" count="2" type="stmt"/>
        <line num="366" count="2" type="stmt"/>
        <line num="367" count="2" type="stmt"/>
        <line num="368" count="2" type="stmt"/>
        <line num="369" count="2" type="stmt"/>
        <line num="372" count="2" type="stmt"/>
        <line num="373" count="2" type="stmt"/>
        <line num="374" count="2" type="stmt"/>
        <line num="375" count="2" type="stmt"/>
        <line num="376" count="2" type="stmt"/>
        <line num="377" count="2" type="stmt"/>
        <line num="380" count="2" type="stmt"/>
        <line num="381" count="2" type="stmt"/>
        <line num="382" count="2" type="stmt"/>
        <line num="383" count="2" type="stmt"/>
        <line num="384" count="2" type="stmt"/>
        <line num="385" count="2" type="stmt"/>
        <line num="388" count="2" type="stmt"/>
        <line num="389" count="2" type="stmt"/>
        <line num="390" count="2" type="stmt"/>
        <line num="391" count="2" type="stmt"/>
        <line num="396" count="2" type="stmt"/>
        <line num="397" count="2" type="stmt"/>
        <line num="398" count="2" type="stmt"/>
        <line num="399" count="2" type="stmt"/>
        <line num="400" count="2" type="stmt"/>
        <line num="401" count="2" type="stmt"/>
        <line num="405" count="2" type="stmt"/>
        <line num="406" count="2" type="stmt"/>
        <line num="407" count="2" type="stmt"/>
        <line num="408" count="2" type="stmt"/>
        <line num="409" count="2" type="stmt"/>
        <line num="412" count="2" type="stmt"/>
        <line num="413" count="2" type="stmt"/>
        <line num="414" count="2" type="stmt"/>
        <line num="415" count="2" type="stmt"/>
        <line num="416" count="2" type="stmt"/>
        <line num="420" count="2" type="stmt"/>
        <line num="421" count="2" type="stmt"/>
        <line num="422" count="2" type="stmt"/>
        <line num="423" count="2" type="stmt"/>
        <line num="426" count="2" type="stmt"/>
        <line num="427" count="2" type="stmt"/>
        <line num="428" count="2" type="stmt"/>
        <line num="431" count="2" type="stmt"/>
        <line num="432" count="2" type="stmt"/>
        <line num="433" count="2" type="stmt"/>
        <line num="440" count="2" type="stmt"/>
        <line num="441" count="2" type="stmt"/>
        <line num="442" count="2" type="stmt"/>
        <line num="443" count="2" type="stmt"/>
        <line num="444" count="2" type="stmt"/>
        <line num="445" count="2" type="stmt"/>
        <line num="446" count="2" type="stmt"/>
        <line num="447" count="2" type="stmt"/>
        <line num="451" count="2" type="stmt"/>
        <line num="452" count="2" type="stmt"/>
        <line num="453" count="2" type="stmt"/>
        <line num="454" count="2" type="stmt"/>
        <line num="455" count="2" type="stmt"/>
        <line num="456" count="2" type="stmt"/>
        <line num="457" count="2" type="stmt"/>
        <line num="458" count="2" type="stmt"/>
        <line num="462" count="2" type="stmt"/>
        <line num="463" count="2" type="stmt"/>
        <line num="464" count="2" type="stmt"/>
        <line num="472" count="2" type="stmt"/>
        <line num="473" count="2" type="stmt"/>
        <line num="474" count="2" type="stmt"/>
        <line num="478" count="2" type="stmt"/>
        <line num="479" count="2" type="stmt"/>
        <line num="480" count="2" type="stmt"/>
        <line num="481" count="2" type="stmt"/>
        <line num="483" count="4" type="stmt"/>
        <line num="485" count="2" type="stmt"/>
        <line num="488" count="2" type="cond" truecount="1" falsecount="0"/>
        <line num="491" count="2" type="stmt"/>
        <line num="494" count="4" type="cond" truecount="1" falsecount="0"/>
        <line num="497" count="2" type="stmt"/>
        <line num="500" count="4" type="cond" truecount="1" falsecount="0"/>
        <line num="503" count="2" type="stmt"/>
        <line num="506" count="4" type="cond" truecount="1" falsecount="0"/>
        <line num="509" count="2" type="stmt"/>
        <line num="512" count="4" type="cond" truecount="1" falsecount="0"/>
        <line num="515" count="2" type="stmt"/>
        <line num="519" count="2" type="stmt"/>
        <line num="522" count="4" type="cond" truecount="1" falsecount="0"/>
        <line num="525" count="2" type="stmt"/>
        <line num="528" count="4" type="cond" truecount="1" falsecount="0"/>
        <line num="532" count="2" type="stmt"/>
        <line num="533" count="2" type="stmt"/>
        <line num="534" count="2" type="stmt"/>
        <line num="535" count="2" type="stmt"/>
        <line num="538" count="2" type="stmt"/>
        <line num="539" count="2" type="stmt"/>
        <line num="540" count="2" type="stmt"/>
        <line num="541" count="2" type="stmt"/>
        <line num="544" count="2" type="stmt"/>
        <line num="545" count="2" type="stmt"/>
        <line num="546" count="2" type="stmt"/>
        <line num="547" count="2" type="stmt"/>
        <line num="548" count="2" type="stmt"/>
        <line num="551" count="2" type="stmt"/>
        <line num="552" count="2" type="stmt"/>
        <line num="553" count="2" type="stmt"/>
        <line num="554" count="2" type="stmt"/>
        <line num="555" count="2" type="stmt"/>
        <line num="558" count="2" type="stmt"/>
        <line num="559" count="2" type="stmt"/>
        <line num="560" count="2" type="stmt"/>
        <line num="561" count="2" type="stmt"/>
        <line num="562" count="2" type="stmt"/>
        <line num="565" count="2" type="stmt"/>
        <line num="566" count="2" type="stmt"/>
        <line num="567" count="2" type="stmt"/>
        <line num="568" count="2" type="stmt"/>
        <line num="569" count="2" type="stmt"/>
        <line num="572" count="2" type="stmt"/>
        <line num="573" count="2" type="stmt"/>
        <line num="574" count="2" type="stmt"/>
        <line num="575" count="2" type="stmt"/>
        <line num="576" count="2" type="stmt"/>
        <line num="579" count="2" type="stmt"/>
        <line num="580" count="2" type="stmt"/>
        <line num="581" count="2" type="stmt"/>
        <line num="582" count="2" type="stmt"/>
        <line num="583" count="2" type="stmt"/>
      </file>
    </package>
    <package name="src.type.classes">
      <metrics statements="1378" coveredstatements="1185" conditionals="369" coveredconditionals="222" methods="386" coveredmethods="329"/>
      <file name="AbstractType.ts" path="/home/runner/work/json-type/json-type/src/type/classes/AbstractType.ts">
        <metrics statements="114" coveredstatements="92" conditionals="27" coveredconditionals="21" methods="46" coveredmethods="32"/>
        <line num="2" count="25" type="stmt"/>
        <line num="4" count="25" type="stmt"/>
        <line num="9" count="25" type="stmt"/>
        <line num="15" count="25" type="stmt"/>
        <line num="19" count="25" type="stmt"/>
        <line num="23" count="25" type="stmt"/>
        <line num="24" count="25" type="stmt"/>
        <line num="25" count="25" type="stmt"/>
        <line num="29" count="25" type="stmt"/>
        <line num="30" count="25" type="stmt"/>
        <line num="32" count="25" type="stmt"/>
        <line num="33" count="25" type="stmt"/>
        <line num="34" count="25" type="stmt"/>
        <line num="49" count="25" type="stmt"/>
        <line num="53" count="1929" type="stmt"/>
        <line num="54" count="1929" type="stmt"/>
        <line num="60" count="0" type="stmt"/>
        <line num="61" count="0" type="cond" truecount="0" falsecount="1"/>
        <line num="62" count="0" type="stmt"/>
        <line num="66" count="147" type="stmt"/>
        <line num="73" count="435" type="stmt"/>
        <line num="77" count="1273" type="stmt"/>
        <line num="78" count="1273" type="cond" truecount="1" falsecount="0"/>
        <line num="79" count="23" type="cond" truecount="2" falsecount="0"/>
        <line num="83" count="40" type="stmt"/>
        <line num="84" count="40" type="stmt"/>
        <line num="85" count="40" type="cond" truecount="1" falsecount="0"/>
        <line num="86" count="40" type="cond" truecount="0" falsecount="1"/>
        <line num="87" count="40" type="cond" truecount="0" falsecount="1"/>
        <line num="88" count="40" type="stmt"/>
        <line num="92" count="264" type="stmt"/>
        <line num="93" count="264" type="stmt"/>
        <line num="97" count="36" type="stmt"/>
        <line num="98" count="36" type="stmt"/>
        <line num="105" count="329" type="stmt"/>
        <line num="106" count="329" type="stmt"/>
        <line num="107" count="326" type="cond" truecount="1" falsecount="0"/>
        <line num="111" count="902" type="stmt"/>
        <line num="117" count="902" type="stmt"/>
        <line num="118" count="901" type="stmt"/>
        <line num="122" count="144" type="stmt"/>
        <line num="131" count="499" type="cond" truecount="2" falsecount="0"/>
        <line num="135" count="43" type="stmt"/>
        <line num="140" count="43" type="stmt"/>
        <line num="141" count="43" type="stmt"/>
        <line num="142" count="43" type="stmt"/>
        <line num="143" count="43" type="stmt"/>
        <line num="147" count="0" type="stmt"/>
        <line num="152" count="47" type="stmt"/>
        <line num="153" count="43" type="cond" truecount="2" falsecount="0"/>
        <line num="158" count="117" type="cond" truecount="3" falsecount="1"/>
        <line num="160" count="39" type="stmt"/>
        <line num="161" count="39" type="stmt"/>
        <line num="162" count="39" type="stmt"/>
        <line num="165" count="39" type="stmt"/>
        <line num="166" count="39" type="stmt"/>
        <line num="167" count="39" type="stmt"/>
        <line num="170" count="39" type="stmt"/>
        <line num="171" count="39" type="stmt"/>
        <line num="172" count="39" type="stmt"/>
        <line num="175" count="0" type="stmt"/>
        <line num="180" count="234" type="stmt"/>
        <line num="181" count="234" type="stmt"/>
        <line num="182" count="234" type="cond" truecount="1" falsecount="0"/>
        <line num="183" count="117" type="stmt"/>
        <line num="184" count="117" type="stmt"/>
        <line num="185" count="117" type="stmt"/>
        <line num="189" count="0" type="stmt"/>
        <line num="190" count="0" type="stmt"/>
        <line num="191" count="0" type="stmt"/>
        <line num="192" count="0" type="stmt"/>
        <line num="193" count="0" type="stmt"/>
        <line num="197" count="0" type="stmt"/>
        <line num="203" count="39" type="stmt"/>
        <line num="209" count="39" type="stmt"/>
        <line num="210" count="39" type="stmt"/>
        <line num="211" count="39" type="stmt"/>
        <line num="212" count="39" type="stmt"/>
        <line num="216" count="0" type="stmt"/>
        <line num="222" count="39" type="stmt"/>
        <line num="228" count="39" type="stmt"/>
        <line num="229" count="39" type="stmt"/>
        <line num="230" count="39" type="stmt"/>
        <line num="231" count="39" type="stmt"/>
        <line num="235" count="0" type="stmt"/>
        <line num="241" count="39" type="stmt"/>
        <line num="242" count="39" type="stmt"/>
        <line num="248" count="39" type="stmt"/>
        <line num="249" count="39" type="stmt"/>
        <line num="250" count="39" type="stmt"/>
        <line num="251" count="39" type="stmt"/>
        <line num="255" count="0" type="stmt"/>
        <line num="261" count="213" type="stmt"/>
        <line num="266" count="213" type="stmt"/>
        <line num="267" count="213" type="stmt"/>
        <line num="268" count="213" type="stmt"/>
        <line num="269" count="213" type="stmt"/>
        <line num="273" count="0" type="stmt"/>
        <line num="278" count="123" type="stmt"/>
        <line num="280" count="120" type="stmt"/>
        <line num="285" count="0" type="stmt"/>
        <line num="289" count="0" type="stmt"/>
        <line num="290" count="0" type="stmt"/>
        <line num="294" count="0" type="stmt"/>
        <line num="298" count="77" type="stmt"/>
        <line num="302" count="124" type="stmt"/>
        <line num="303" count="124" type="cond" truecount="3" falsecount="0"/>
        <line num="304" count="124" type="cond" truecount="1" falsecount="0"/>
        <line num="305" count="6" type="stmt"/>
        <line num="309" count="0" type="stmt"/>
        <line num="313" count="117" type="stmt"/>
        <line num="314" count="117" type="cond" truecount="2" falsecount="0"/>
        <line num="318" count="0" type="stmt"/>
        <line num="319" count="0" type="stmt"/>
      </file>
      <file name="AnyType.ts" path="/home/runner/work/json-type/json-type/src/type/classes/AnyType.ts">
        <metrics statements="35" coveredstatements="30" conditionals="4" coveredconditionals="4" methods="21" coveredmethods="17"/>
        <line num="2" count="25" type="stmt"/>
        <line num="3" count="25" type="stmt"/>
        <line num="7" count="25" type="stmt"/>
        <line num="11" count="25" type="stmt"/>
        <line num="15" count="25" type="stmt"/>
        <line num="21" count="25" type="stmt"/>
        <line num="22" count="119" type="stmt"/>
        <line num="23" count="119" type="stmt"/>
        <line num="27" count="3" type="stmt"/>
        <line num="34" count="0" type="stmt"/>
        <line num="38" count="102" type="stmt"/>
        <line num="42" count="0" type="stmt"/>
        <line num="46" count="32" type="stmt"/>
        <line num="47" count="32" type="stmt"/>
        <line num="48" count="32" type="stmt"/>
        <line num="51" count="32" type="stmt"/>
        <line num="55" count="32" type="cond" truecount="2" falsecount="0"/>
        <line num="60" count="32" type="stmt"/>
        <line num="63" count="32" type="stmt"/>
        <line num="68" count="32" type="stmt"/>
        <line num="74" count="8" type="stmt"/>
        <line num="78" count="8" type="stmt"/>
        <line num="82" count="16" type="stmt"/>
        <line num="86" count="29" type="stmt"/>
        <line num="87" count="29" type="stmt"/>
        <line num="88" count="29" type="stmt"/>
        <line num="89" count="29" type="stmt"/>
        <line num="92" count="29" type="stmt"/>
[...]
        <line num="60" count="3" type="stmt"/>
        <line num="61" count="3" type="cond" truecount="2" falsecount="1"/>
        <line num="63" count="0" type="stmt"/>
        <line num="65" count="2" type="stmt"/>
        <line num="69" count="1" type="stmt"/>
        <line num="73" count="3" type="cond" truecount="1" falsecount="1"/>
        <line num="74" count="3" type="cond" truecount="0" falsecount="1"/>
        <line num="75" count="3" type="stmt"/>
        <line num="76" count="3" type="stmt"/>
        <line num="77" count="3" type="stmt"/>
        <line num="78" count="3" type="stmt"/>
        <line num="79" count="3" type="stmt"/>
        <line num="83" count="8" type="cond" truecount="1" falsecount="1"/>
        <line num="84" count="8" type="cond" truecount="0" falsecount="1"/>
        <line num="85" count="8" type="stmt"/>
        <line num="86" count="8" type="stmt"/>
        <line num="87" count="8" type="stmt"/>
        <line num="91" count="3" type="cond" truecount="1" falsecount="1"/>
        <line num="92" count="3" type="cond" truecount="0" falsecount="1"/>
        <line num="94" count="3" type="cond" truecount="2" falsecount="0"/>
        <line num="99" count="3" type="stmt"/>
        <line num="100" count="3" type="cond" truecount="1" falsecount="5"/>
        <line num="106" count="0" type="cond" truecount="0" falsecount="2"/>
        <line num="107" count="0" type="cond" truecount="0" falsecount="2"/>
        <line num="108" count="0" type="cond" truecount="0" falsecount="1"/>
        <line num="109" count="0" type="stmt"/>
        <line num="112" count="3" type="stmt"/>
        <line num="113" count="3" type="stmt"/>
        <line num="114" count="3" type="stmt"/>
        <line num="120" count="1" type="stmt"/>
        <line num="124" count="1" type="stmt"/>
        <line num="128" count="1" type="stmt"/>
        <line num="132" count="5" type="cond" truecount="1" falsecount="1"/>
        <line num="133" count="5" type="cond" truecount="0" falsecount="1"/>
        <line num="134" count="5" type="stmt"/>
        <line num="135" count="5" type="stmt"/>
        <line num="136" count="5" type="stmt"/>
        <line num="140" count="0" type="cond" truecount="0" falsecount="1"/>
        <line num="141" count="0" type="stmt"/>
        <line num="142" count="0" type="stmt"/>
        <line num="146" count="2" type="stmt"/>
        <line num="156" count="3" type="cond" truecount="1" falsecount="0"/>
        <line num="157" count="2" type="stmt"/>
        <line num="158" count="2" type="stmt"/>
        <line num="162" count="7" type="stmt"/>
        <line num="163" count="7" type="cond" truecount="1" falsecount="1"/>
      </file>
      <file name="StringType.ts" path="/home/runner/work/json-type/json-type/src/type/classes/StringType.ts">
        <metrics statements="57" coveredstatements="52" conditionals="25" coveredconditionals="17" methods="14" coveredmethods="13"/>
        <line num="2" count="25" type="stmt"/>
        <line num="3" count="25" type="stmt"/>
        <line num="4" count="25" type="stmt"/>
        <line num="7" count="25" type="stmt"/>
        <line num="17" count="25" type="stmt"/>
        <line num="25" count="25" type="stmt"/>
        <line num="26" count="367" type="stmt"/>
        <line num="27" count="367" type="stmt"/>
        <line num="31" count="11" type="stmt"/>
        <line num="32" count="11" type="stmt"/>
        <line num="36" count="11" type="cond" truecount="1" falsecount="0"/>
        <line num="37" count="11" type="cond" truecount="1" falsecount="0"/>
        <line num="38" count="11" type="stmt"/>
        <line num="42" count="19" type="stmt"/>
        <line num="43" count="19" type="stmt"/>
        <line num="44" count="16" type="stmt"/>
        <line num="45" count="16" type="stmt"/>
        <line num="46" count="16" type="stmt"/>
        <line num="47" count="9" type="cond" truecount="1" falsecount="0"/>
        <line num="48" count="6" type="cond" truecount="1" falsecount="0"/>
        <line num="50" count="3" type="cond" truecount="0" falsecount="1"/>
        <line num="51" count="0" type="cond" truecount="0" falsecount="1"/>
        <line num="56" count="188" type="stmt"/>
        <line num="57" count="188" type="stmt"/>
        <line num="58" count="188" type="stmt"/>
        <line num="59" count="188" type="cond" truecount="4" falsecount="0"/>
        <line num="60" count="18" type="stmt"/>
        <line num="61" count="18" type="stmt"/>
        <line num="63" count="170" type="cond" truecount="1" falsecount="0"/>
        <line num="64" count="31" type="stmt"/>
        <line num="65" count="31" type="stmt"/>
        <line num="67" count="170" type="cond" truecount="1" falsecount="0"/>
        <line num="68" count="35" type="stmt"/>
        <line num="69" count="35" type="stmt"/>
        <line num="72" count="188" type="stmt"/>
        <line num="76" count="20" type="cond" truecount="1" falsecount="1"/>
        <line num="77" count="0" type="stmt"/>
        <line num="78" count="0" type="stmt"/>
        <line num="79" count="0" type="stmt"/>
        <line num="80" count="20" type="stmt"/>
        <line num="84" count="148" type="stmt"/>
        <line num="85" count="148" type="stmt"/>
        <line num="86" count="148" type="cond" truecount="2" falsecount="0"/>
        <line num="87" count="124" type="stmt"/>
        <line num="91" count="48" type="stmt"/>
        <line num="95" count="48" type="stmt"/>
        <line num="99" count="52" type="stmt"/>
        <line num="103" count="121" type="stmt"/>
        <line num="104" count="121" type="stmt"/>
        <line num="108" count="12" type="stmt"/>
        <line num="109" count="12" type="stmt"/>
        <line num="110" count="12" type="cond" truecount="1" falsecount="2"/>
        <line num="111" count="12" type="cond" truecount="1" falsecount="2"/>
        <line num="112" count="12" type="stmt"/>
        <line num="116" count="26" type="stmt"/>
        <line num="120" count="7" type="cond" truecount="1" falsecount="1"/>
        <line num="124" count="0" type="stmt"/>
      </file>
      <file name="TupleType.ts" path="/home/runner/work/json-type/json-type/src/type/classes/TupleType.ts">
        <metrics statements="93" coveredstatements="66" conditionals="8" coveredconditionals="3" methods="31" coveredmethods="22"/>
        <line num="1" count="25" type="stmt"/>
        <line num="2" count="25" type="stmt"/>
        <line num="3" count="25" type="stmt"/>
        <line num="6" count="25" type="stmt"/>
        <line num="8" count="25" type="stmt"/>
        <line num="10" count="25" type="stmt"/>
        <line num="14" count="25" type="stmt"/>
        <line num="22" count="25" type="stmt"/>
        <line num="26" count="32" type="stmt"/>
        <line num="29" count="32" type="stmt"/>
        <line num="30" count="32" type="stmt"/>
        <line num="34" count="4" type="stmt"/>
        <line num="36" count="12" type="stmt"/>
        <line num="41" count="0" type="stmt"/>
        <line num="43" count="0" type="stmt"/>
        <line num="47" count="0" type="stmt"/>
        <line num="51" count="3" type="stmt"/>
        <line num="52" count="3" type="stmt"/>
        <line num="56" count="0" type="stmt"/>
        <line num="57" count="0" type="stmt"/>
        <line num="58" count="0" type="stmt"/>
        <line num="59" count="0" type="cond" truecount="0" falsecount="1"/>
        <line num="60" count="0" type="cond" truecount="0" falsecount="1"/>
        <line num="61" count="0" type="stmt"/>
        <line num="65" count="4" type="stmt"/>
        <line num="66" count="4" type="stmt"/>
        <line num="67" count="4" type="stmt"/>
        <line num="68" count="4" type="stmt"/>
        <line num="69" count="6" type="stmt"/>
        <line num="70" count="6" type="stmt"/>
        <line num="71" count="6" type="stmt"/>
        <line num="73" count="4" type="stmt"/>
        <line num="77" count="0" type="stmt"/>
        <line num="78" count="0" type="stmt"/>
        <line num="79" count="0" type="stmt"/>
        <line num="80" count="0" type="stmt"/>
        <line num="81" count="0" type="stmt"/>
        <line num="82" count="0" type="stmt"/>
        <line num="83" count="0" type="stmt"/>
        <line num="85" count="0" type="stmt"/>
        <line num="86" count="0" type="stmt"/>
        <line num="93" count="8" type="stmt"/>
        <line num="94" count="8" type="stmt"/>
        <line num="95" count="8" type="stmt"/>
        <line num="97" count="8" type="stmt"/>
        <line num="100" count="8" type="stmt"/>
        <line num="101" count="8" type="stmt"/>
        <line num="102" count="8" type="stmt"/>
        <line num="103" count="14" type="cond" truecount="2" falsecount="0"/>
        <line num="104" count="7" type="stmt"/>
        <line num="105" count="7" type="stmt"/>
        <line num="109" count="4" type="stmt"/>
        <line num="113" count="4" type="stmt"/>
        <line num="117" count="5" type="stmt"/>
        <line num="118" count="5" type="stmt"/>
        <line num="119" count="5" type="stmt"/>
        <line num="120" count="5" type="stmt"/>
        <line num="121" count="5" type="stmt"/>
        <line num="123" count="5" type="stmt"/>
        <line num="126" count="5" type="stmt"/>
        <line num="127" count="5" type="stmt"/>
        <line num="128" count="5" type="stmt"/>
        <line num="129" count="5" type="stmt"/>
        <line num="131" count="5" type="stmt"/>
        <line num="132" count="9" type="stmt"/>
        <line num="133" count="9" type="stmt"/>
        <line num="134" count="9" type="stmt"/>
        <line num="135" count="9" type="stmt"/>
        <line num="136" count="9" type="cond" truecount="1" falsecount="0"/>
        <line num="138" count="5" type="stmt"/>
        <line num="140" count="5" type="stmt"/>
        <line num="146" count="11" type="stmt"/>
        <line num="147" count="11" type="stmt"/>
        <line num="148" count="11" type="stmt"/>
        <line num="149" count="11" type="stmt"/>
        <line num="150" count="11" type="stmt"/>
        <line num="151" count="11" type="stmt"/>
        <line num="152" count="17" type="stmt"/>
        <line num="153" count="17" type="stmt"/>
        <line num="157" count="17" type="stmt"/>
        <line num="158" count="17" type="stmt"/>
        <line num="163" count="0" type="stmt"/>
        <line num="167" count="3" type="stmt"/>
        <line num="169" count="9" type="stmt"/>
        <line num="174" count="0" type="stmt"/>
        <line num="175" count="0" type="stmt"/>
        <line num="176" count="0" type="cond" truecount="0" falsecount="1"/>
        <line num="177" count="0" type="stmt"/>
        <line num="178" count="0" type="stmt"/>
        <line num="179" count="0" type="stmt"/>
        <line num="180" count="0" type="stmt"/>
        <line num="181" count="0" type="stmt"/>
        <line num="185" count="8" type="stmt"/>
      </file>
    </package>
    <package name="src.typescript">
      <metrics statements="67" coveredstatements="55" conditionals="55" coveredconditionals="43" methods="11" coveredmethods="10"/>
      <file name="toText.ts" path="/home/runner/work/json-type/json-type/src/typescript/toText.ts">
        <metrics statements="61" coveredstatements="49" conditionals="48" coveredconditionals="36" methods="9" coveredmethods="8"/>
        <line num="1" count="18" type="stmt"/>
        <line num="3" count="18" type="stmt"/>
        <line num="5" count="18" type="stmt"/>
        <line num="6" count="35" type="cond" truecount="1" falsecount="0"/>
        <line num="7" count="0" type="stmt"/>
        <line num="8" count="0" type="stmt"/>
        <line num="11" count="18" type="cond" truecount="1" falsecount="0"/>
        <line num="12" count="118" type="cond" truecount="1" falsecount="0"/>
        <line num="14" count="105" type="stmt"/>
        <line num="16" count="105" type="cond" truecount="16" falsecount="9"/>
        <line num="18" count="2" type="stmt"/>
        <line num="19" count="2" type="cond" truecount="1" falsecount="1"/>
        <line num="20" count="2" type="stmt"/>
        <line num="21" count="2" type="stmt"/>
        <line num="22" count="2" type="stmt"/>
        <line num="25" count="4" type="stmt"/>
        <line num="26" count="4" type="stmt"/>
        <line num="27" count="4" type="stmt"/>
        <line num="28" count="4" type="cond" truecount="2" falsecount="0"/>
        <line num="29" count="4" type="stmt"/>
        <line num="30" count="4" type="stmt"/>
        <line num="31" count="4" type="stmt"/>
        <line num="34" count="3" type="stmt"/>
        <line num="35" count="3" type="stmt"/>
        <line num="36" count="3" type="cond" truecount="2" falsecount="0"/>
        <line num="37" count="3" type="stmt"/>
        <line num="40" count="28" type="stmt"/>
        <line num="41" count="28" type="stmt"/>
        <line num="42" count="28" type="stmt"/>
        <line num="43" count="28" type="cond" truecount="2" falsecount="0"/>
        <line num="46" count="0" type="stmt"/>
        <line num="49" count="3" type="stmt"/>
        <line num="50" count="3" type="stmt"/>
        <line num="51" count="3" type="cond" truecount="2" falsecount="0"/>
        <line num="54" count="5" type="stmt"/>
        <line num="55" count="2" type="cond" truecount="2" falsecount="0"/>
        <line num="56" count="3" type="stmt"/>
        <line num="57" count="3" type="stmt"/>
        <line num="60" count="2" type="stmt"/>
        <line num="63" count="19" type="stmt"/>
        <line num="66" count="6" type="stmt"/>
        <line num="69" count="3" type="stmt"/>
        <line num="72" count="0" type="stmt"/>
        <line num="75" count="0" type="stmt"/>
        <line num="78" count="0" type="stmt"/>
        <line num="81" count="8" type="cond" truecount="2" falsecount="0"/>
        <line num="84" count="1" type="stmt"/>
        <line num="87" count="0" type="stmt"/>
        <line num="90" count="0" type="stmt"/>
        <line num="93" count="0" type="stmt"/>
        <line num="96" count="0" type="stmt"/>
        <line num="99" count="6" type="stmt"/>
        <line num="102" count="6" type="stmt"/>
        <line num="107" count="10" type="stmt"/>
        <line num="110" count="4" type="stmt"/>
        <line num="111" count="4" type="stmt"/>
        <line num="112" count="4" type="stmt"/>
        <line num="115" count="0" type="stmt"/>
        <line num="118" count="4" type="stmt"/>
        <line num="119" count="4" type="stmt"/>
        <line num="123" count="0" type="stmt"/>
      </file>
      <file name="util.ts" path="/home/runner/work/json-type/json-type/src/typescript/util.ts">
        <metrics statements="6" coveredstatements="6" conditionals="7" coveredconditionals="7" methods="2" coveredmethods="2"/>
        <line num="3" count="18" type="stmt"/>
        <line num="5" count="18" type="stmt"/>
        <line num="69" count="18" type="stmt"/>
        <line num="70" count="28" type="cond" truecount="4" falsecount="0"/>
        <line num="72" count="18" type="stmt"/>
        <line num="73" count="3" type="cond" truecount="3" falsecount="0"/>
      </file>
    </package>
    <package name="src.value">
      <metrics statements="79" coveredstatements="18" conditionals="16" coveredconditionals="2" methods="19" coveredmethods="4"/>
      <file name="ObjectValue.ts" path="/home/runner/work/json-type/json-type/src/value/ObjectValue.ts">
        <metrics statements="58" coveredstatements="12" conditionals="11" coveredconditionals="1" methods="16" coveredmethods="3"/>
        <line num="1" count="1" type="stmt"/>
        <line num="2" count="1" type="stmt"/>
        <line num="3" count="1" type="stmt"/>
        <line num="4" count="1" type="stmt"/>
        <line num="36" count="1" type="stmt"/>
        <line num="37" count="1" type="cond" truecount="0" falsecount="1"/>
        <line num="40" count="0" type="stmt"/>
        <line num="44" count="0" type="stmt"/>
        <line num="48" count="0" type="stmt"/>
        <line num="49" count="0" type="stmt"/>
        <line num="59" count="1" type="stmt"/>
        <line num="60" count="1" type="cond" truecount="0" falsecount="1"/>
        <line num="61" count="1" type="stmt"/>
        <line num="62" count="1" type="stmt"/>
        <line num="63" count="1" type="stmt"/>
        <line num="70" count="0" type="cond" truecount="0" falsecount="2"/>
        <line num="71" count="0" type="stmt"/>
        <line num="72" count="0" type="stmt"/>
        <line num="73" count="0" type="stmt"/>
        <line num="74" count="0" type="cond" truecount="0" falsecount="1"/>
        <line num="75" count="0" type="stmt"/>
        <line num="76" count="0" type="stmt"/>
        <line num="84" count="0" type="stmt"/>
        <line num="85" count="0" type="stmt"/>
        <line num="86" count="0" type="cond" truecount="0" falsecount="2"/>
        <line num="87" count="0" type="stmt"/>
        <line num="93" count="0" type="stmt"/>
        <line num="94" count="0" type="stmt"/>
        <line num="95" count="0" type="stmt"/>
        <line num="96" count="0" type="cond" truecount="0" falsecount="1"/>
        <line num="97" count="0" type="stmt"/>
        <line num="98" count="0" type="stmt"/>
        <line num="104" count="0" type="stmt"/>
        <line num="105" count="0" type="stmt"/>
        <line num="106" count="0" type="stmt"/>
        <line num="107" count="0" type="stmt"/>
        <line num="108" count="0" type="stmt"/>
        <line num="109" count="0" type="stmt"/>
        <line num="110" count="0" type="stmt"/>
        <line num="111" count="0" type="stmt"/>
        <line num="112" count="0" type="stmt"/>
        <line num="114" count="0" type="stmt"/>
        <line num="115" count="0" type="stmt"/>
        <line num="119" count="0" type="stmt"/>
        <line num="123" count="0" type="stmt"/>
        <line num="124" count="0" type="stmt"/>
        <line num="125" count="0" type="stmt"/>
        <line num="126" count="0" type="stmt"/>
        <line num="131" count="0" type="cond" truecount="0" falsecount="1"/>
        <line num="132" count="0" type="stmt"/>
        <line num="134" count="0" type="stmt"/>
        <line num="138" count="0" type="stmt"/>
        <line num="151" count="0" type="stmt"/>
        <line num="152" count="0" type="cond" truecount="0" falsecount="1"/>
        <line num="153" count="0" type="stmt"/>
        <line num="154" count="0" type="stmt"/>
        <line num="158" count="0" type="stmt"/>
        <line num="162" count="1" type="stmt"/>
      </file>
      <file name="Value.ts" path="/home/runner/work/json-type/json-type/src/value/Value.ts">
        <metrics statements="21" coveredstatements="6" conditionals="5" coveredconditionals="1" methods="3" coveredmethods="1"/>
        <line num="5" count="25" type="stmt"/>
        <line num="7" count="3" type="stmt"/>
        <line num="8" count="3" type="stmt"/>
        <line num="12" count="0" type="stmt"/>
        <line num="13" count="0" type="stmt"/>
        <line num="14" count="0" type="cond" truecount="0" falsecount="1"/>
        <line num="15" count="0" type="stmt"/>
        <line num="16" count="0" type="cond" truecount="0" falsecount="2"/>
        <line num="17" count="0" type="stmt"/>
        <line num="21" count="25" type="cond" truecount="1" falsecount="0"/>
        <line num="22" count="25" type="stmt"/>
        <line num="23" count="25" type="stmt"/>
        <line num="24" count="0" type="stmt"/>
        <line num="25" count="0" type="stmt"/>
        <line num="27" count="0" type="stmt"/>
        <line num="29" count="0" type="stmt"/>
        <line num="30" count="0" type="stmt"/>
        <line num="31" count="0" type="cond" truecount="0" falsecount="1"/>
        <line num="32" count="0" type="stmt"/>
        <line num="34" count="0" type="stmt"/>
        <line num="37" count="0" type="stmt"/>
      </file>
    </package>
  </project>
</coverage>
