<?xml version="1.0" encoding="UTF-8"?>
<coverage generated="1753720210912" clover="3.2.0">
  <project timestamp="1753720210912" name="All files">
    <metrics statements="3194" coveredstatements="2914" conditionals="840" coveredconditionals="634" methods="886" coveredmethods="818" elements="4920" coveredelements="4366" complexity="0" loc="3194" ncloc="3194" packages="19" files="55" classes="55"/>
    <package name="src">
      <metrics statements="38" coveredstatements="38" conditionals="2" coveredconditionals="2" methods="1" coveredmethods="1"/>
      <file name="constants.ts" path="/home/runner/work/json-type/json-type/src/constants.ts">
        <metrics statements="26" coveredstatements="26" conditionals="2" coveredconditionals="2" methods="1" coveredmethods="1"/>
        <line num="12" count="30" type="cond" truecount="2" falsecount="0"/>
        <line num="13" count="30" type="stmt"/>
        <line num="14" count="30" type="stmt"/>
        <line num="15" count="30" type="stmt"/>
        <line num="16" count="30" type="stmt"/>
        <line num="17" count="30" type="stmt"/>
        <line num="18" count="30" type="stmt"/>
        <line num="19" count="30" type="stmt"/>
        <line num="20" count="30" type="stmt"/>
        <line num="21" count="30" type="stmt"/>
        <line num="22" count="30" type="stmt"/>
        <line num="23" count="30" type="stmt"/>
        <line num="24" count="30" type="stmt"/>
        <line num="25" count="30" type="stmt"/>
        <line num="26" count="30" type="stmt"/>
        <line num="27" count="30" type="stmt"/>
        <line num="28" count="30" type="stmt"/>
        <line num="29" count="30" type="stmt"/>
        <line num="30" count="30" type="stmt"/>
        <line num="31" count="30" type="stmt"/>
        <line num="32" count="30" type="stmt"/>
        <line num="33" count="30" type="stmt"/>
        <line num="34" count="30" type="stmt"/>
        <line num="35" count="30" type="stmt"/>
        <line num="36" count="30" type="stmt"/>
        <line num="40" count="30" type="stmt"/>
      </file>
      <file name="index.ts" path="/home/runner/work/json-type/json-type/src/index.ts">
        <metrics statements="5" coveredstatements="5" conditionals="0" coveredconditionals="0" methods="0" coveredmethods="0"/>
        <line num="51" count="4" type="stmt"/>
        <line num="52" count="4" type="stmt"/>
        <line num="53" count="4" type="stmt"/>
        <line num="54" count="4" type="stmt"/>
        <line num="55" count="4" type="stmt"/>
      </file>
      <file name="util.ts" path="/home/runner/work/json-type/json-type/src/util.ts">
        <metrics statements="7" coveredstatements="7" conditionals="0" coveredconditionals="0" methods="0" coveredmethods="0"/>
        <line num="3" count="30" type="stmt"/>
        <line num="4" count="30" type="stmt"/>
        <line num="5" count="30" type="stmt"/>
        <line num="7" count="30" type="stmt"/>
        <line num="8" count="30" type="stmt"/>
        <line num="9" count="30" type="stmt"/>
        <line num="11" count="30" type="stmt"/>
      </file>
    </package>
    <package name="src.__tests__">
      <metrics statements="5" coveredstatements="5" conditionals="0" coveredconditionals="0" methods="0" coveredmethods="0"/>
      <file name="fixtures.ts" path="/home/runner/work/json-type/json-type/src/__tests__/fixtures.ts">
        <metrics statements="5" coveredstatements="5" conditionals="0" coveredconditionals="0" methods="0" coveredmethods="0"/>
        <line num="7" count="1" type="stmt"/>
        <line num="12" count="1" type="stmt"/>
        <line num="26" count="1" type="stmt"/>
        <line num="60" count="1" type="stmt"/>
        <line num="68" count="1" type="stmt"/>
      </file>
    </package>
    <package name="src.codegen">
      <metrics statements="2" coveredstatements="2" conditionals="0" coveredconditionals="0" methods="1" coveredmethods="1"/>
      <file name="WriteBlobStep.ts" path="/home/runner/work/json-type/json-type/src/codegen/WriteBlobStep.ts">
        <metrics statements="2" coveredstatements="2" conditionals="0" coveredconditionals="0" methods="1" coveredmethods="1"/>
        <line num="1" count="30" type="stmt"/>
        <line num="2" count="498" type="stmt"/>
      </file>
    </package>
    <package name="src.codegen.binary">
      <metrics statements="67" coveredstatements="67" conditionals="26" coveredconditionals="23" methods="8" coveredmethods="8"/>
      <file name="BinaryEncoderCodegenContext.ts" path="/home/runner/work/json-type/json-type/src/codegen/binary/BinaryEncoderCodegenContext.ts">
        <metrics statements="61" coveredstatements="61" conditionals="26" coveredconditionals="23" methods="8" coveredmethods="8"/>
        <line num="1" count="30" type="stmt"/>
        <line num="2" count="30" type="stmt"/>
        <line num="3" count="30" type="stmt"/>
        <line num="4" count="30" type="stmt"/>
        <line num="26" count="30" type="stmt"/>
        <line num="29" count="117" type="stmt"/>
        <line num="30" count="117" type="stmt"/>
        <line num="42" count="117" type="stmt"/>
        <line num="43" count="117" type="stmt"/>
        <line num="44" count="1945" type="stmt"/>
        <line num="45" count="1945" type="cond" truecount="2" falsecount="0"/>
        <line num="46" count="498" type="cond" truecount="1" falsecount="0"/>
        <line num="47" count="498" type="stmt"/>
        <line num="48" count="498" type="cond" truecount="2" falsecount="0"/>
        <line num="49" count="374" type="stmt"/>
        <line num="52" count="117" type="stmt"/>
        <line num="53" count="117" type="stmt"/>
        <line num="54" count="1821" type="cond" truecount="2" falsecount="0"/>
        <line num="55" count="1447" type="stmt"/>
        <line num="56" count="374" type="cond" truecount="1" falsecount="0"/>
        <line num="57" count="374" type="stmt"/>
        <line num="60" count="117" type="stmt"/>
        <line num="63" count="117" type="stmt"/>
        <line num="67" count="58" type="stmt"/>
        <line num="68" count="464" type="stmt"/>
        <line num="69" count="58" type="stmt"/>
        <line num="70" count="58" type="stmt"/>
        <line num="71" count="58" type="stmt"/>
        <line num="75" count="374" type="stmt"/>
        <line num="76" count="374" type="stmt"/>
        <line num="77" count="374" type="stmt"/>
        <line num="78" count="374" type="cond" truecount="2" falsecount="0"/>
        <line num="79" count="153" type="stmt"/>
        <line num="81" count="221" type="stmt"/>
        <line num="82" count="221" type="stmt"/>
        <line num="83" count="221" type="stmt"/>
        <line num="84" count="221" type="stmt"/>
        <line num="85" count="406" type="stmt"/>
        <line num="86" count="406" type="cond" truecount="2" falsecount="0"/>
        <line num="87" count="58" type="stmt"/>
        <line num="88" count="58" type="cond" truecount="1" falsecount="1"/>
        <line num="89" count="58" type="stmt"/>
        <line num="90" count="348" type="cond" truecount="2" falsecount="0"/>
        <line num="91" count="135" type="stmt"/>
        <line num="92" count="135" type="cond" truecount="2" falsecount="0"/>
        <line num="93" count="135" type="stmt"/>
        <line num="94" count="213" type="cond" truecount="2" falsecount="0"/>
        <line num="95" count="99" type="stmt"/>
        <line num="96" count="99" type="cond" truecount="2" falsecount="0"/>
        <line num="97" count="99" type="stmt"/>
        <line num="99" count="114" type="cond" truecount="1" falsecount="1"/>
        <line num="100" count="114" type="stmt"/>
        <line num="104" count="374" type="stmt"/>
        <line num="105" count="374" type="stmt"/>
        <line num="109" count="638" type="stmt"/>
        <line num="113" count="452" type="stmt"/>
        <line num="114" count="452" type="stmt"/>
        <line num="115" count="452" type="stmt"/>
        <line num="116" count="452" type="stmt"/>
        <line num="120" count="498" type="stmt"/>
        <line num="124" count="117" type="stmt"/>
      </file>
      <file name="CborEncoderCodegenContext.ts" path="/home/runner/work/json-type/json-type/src/codegen/binary/CborEncoderCodegenContext.ts">
        <metrics statements="2" coveredstatements="2" conditionals="0" coveredconditionals="0" methods="0" coveredmethods="0"/>
        <line num="2" count="30" type="stmt"/>
        <line num="5" count="30" type="stmt"/>
      </file>
      <file name="JsonEncoderCodegenContext.ts" path="/home/runner/work/json-type/json-type/src/codegen/binary/JsonEncoderCodegenContext.ts">
        <metrics statements="2" coveredstatements="2" conditionals="0" coveredconditionals="0" methods="0" coveredmethods="0"/>
        <line num="2" count="30" type="stmt"/>
        <line num="5" count="30" type="stmt"/>
      </file>
      <file name="MessagePackEncoderCodegenContext.ts" path="/home/runner/work/json-type/json-type/src/codegen/binary/MessagePackEncoderCodegenContext.ts">
        <metrics statements="2" coveredstatements="2" conditionals="0" coveredconditionals="0" methods="0" coveredmethods="0"/>
        <line num="2" count="30" type="stmt"/>
        <line num="5" count="30" type="stmt"/>
      </file>
    </package>
    <package name="src.codegen.binary.__tests__">
      <metrics statements="290" coveredstatements="290" conditionals="0" coveredconditionals="0" methods="52" coveredmethods="52"/>
      <file name="testBinaryCodegen.ts" path="/home/runner/work/json-type/json-type/src/codegen/binary/__tests__/testBinaryCodegen.ts">
        <metrics statements="290" coveredstatements="290" conditionals="0" coveredconditionals="0" methods="52" coveredmethods="52"/>
        <line num="1" count="3" type="stmt"/>
        <line num="4" count="3" type="stmt"/>
        <line num="5" count="3" type="stmt"/>
        <line num="6" count="3" type="stmt"/>
        <line num="7" count="3" type="stmt"/>
        <line num="8" count="3" type="stmt"/>
        <line num="9" count="3" type="stmt"/>
        <line num="10" count="3" type="stmt"/>
        <line num="11" count="3" type="stmt"/>
        <line num="14" count="3" type="stmt"/>
        <line num="15" count="3" type="stmt"/>
        <line num="16" count="3" type="stmt"/>
        <line num="17" count="3" type="stmt"/>
        <line num="18" count="3" type="stmt"/>
        <line num="19" count="3" type="stmt"/>
        <line num="23" count="3" type="stmt"/>
        <line num="24" count="3" type="stmt"/>
        <line num="25" count="3" type="stmt"/>
        <line num="26" count="3" type="stmt"/>
        <line num="27" count="3" type="stmt"/>
        <line num="28" count="3" type="stmt"/>
        <line num="29" count="3" type="stmt"/>
        <line num="32" count="3" type="stmt"/>
        <line num="33" count="3" type="stmt"/>
        <line num="34" count="3" type="stmt"/>
        <line num="35" count="3" type="stmt"/>
        <line num="36" count="3" type="stmt"/>
        <line num="40" count="3" type="stmt"/>
        <line num="41" count="3" type="stmt"/>
        <line num="42" count="3" type="stmt"/>
        <line num="43" count="3" type="stmt"/>
        <line num="44" count="3" type="stmt"/>
        <line num="45" count="3" type="stmt"/>
        <line num="46" count="3" type="stmt"/>
        <line num="47" count="3" type="stmt"/>
        <line num="51" count="3" type="stmt"/>
        <line num="52" count="3" type="stmt"/>
        <line num="53" count="3" type="stmt"/>
        <line num="54" count="3" type="stmt"/>
        <line num="55" count="3" type="stmt"/>
        <line num="56" count="3" type="stmt"/>
        <line num="57" count="3" type="stmt"/>
        <line num="58" count="3" type="stmt"/>
        <line num="59" count="3" type="stmt"/>
        <line num="60" count="3" type="stmt"/>
        <line num="63" count="3" type="stmt"/>
        <line num="64" count="3" type="stmt"/>
        <line num="65" count="3" type="stmt"/>
        <line num="66" count="3" type="stmt"/>
        <line num="67" count="3" type="stmt"/>
        <line num="68" count="3" type="stmt"/>
        <line num="69" count="3" type="stmt"/>
        <line num="70" count="3" type="stmt"/>
        <line num="73" count="3" type="stmt"/>
        <line num="74" count="3" type="stmt"/>
        <line num="75" count="3" type="stmt"/>
        <line num="76" count="3" type="stmt"/>
        <line num="77" count="3" type="stmt"/>
        <line num="78" count="3" type="stmt"/>
        <line num="79" count="3" type="stmt"/>
        <line num="82" count="3" type="stmt"/>
        <line num="83" count="3" type="stmt"/>
        <line num="84" count="3" type="stmt"/>
        <line num="85" count="3" type="stmt"/>
        <line num="86" count="3" type="stmt"/>
        <line num="87" count="3" type="stmt"/>
        <line num="88" count="3" type="stmt"/>
        <line num="89" count="3" type="stmt"/>
        <line num="93" count="3" type="stmt"/>
        <line num="94" count="3" type="stmt"/>
        <line num="95" count="3" type="stmt"/>
        <line num="96" count="3" type="stmt"/>
        <line num="97" count="3" type="stmt"/>
        <line num="98" count="3" type="stmt"/>
        <line num="99" count="3" type="stmt"/>
        <line num="100" count="3" type="stmt"/>
        <line num="101" count="3" type="stmt"/>
        <line num="102" count="3" type="stmt"/>
        <line num="103" count="3" type="stmt"/>
        <line num="104" count="3" type="stmt"/>
        <line num="105" count="3" type="stmt"/>
        <line num="107" count="3" type="stmt"/>
        <line num="110" count="3" type="stmt"/>
        <line num="111" count="3" type="stmt"/>
        <line num="112" count="3" type="stmt"/>
        <line num="113" count="3" type="stmt"/>
        <line num="114" count="3" type="stmt"/>
        <line num="115" count="3" type="stmt"/>
        <line num="116" count="3" type="stmt"/>
        <line num="117" count="3" type="stmt"/>
        <line num="118" count="3" type="stmt"/>
        <line num="119" count="3" type="stmt"/>
        <line num="120" count="3" type="stmt"/>
        <line num="121" count="3" type="stmt"/>
        <line num="123" count="3" type="stmt"/>
        <line num="127" count="3" type="stmt"/>
        <line num="128" count="3" type="stmt"/>
        <line num="129" count="3" type="stmt"/>
        <line num="130" count="3" type="stmt"/>
        <line num="131" count="3" type="stmt"/>
        <line num="132" count="3" type="stmt"/>
        <line num="133" count="3" type="stmt"/>
        <line num="134" count="3" type="stmt"/>
        <line num="138" count="3" type="stmt"/>
        <line num="139" count="3" type="stmt"/>
        <line num="140" count="3" type="stmt"/>
        <line num="141" count="3" type="stmt"/>
        <line num="142" count="3" type="stmt"/>
        <line num="143" count="3" type="stmt"/>
        <line num="144" count="3" type="stmt"/>
        <line num="145" count="3" type="stmt"/>
        <line num="148" count="3" type="stmt"/>
        <line num="149" count="3" type="stmt"/>
        <line num="150" count="3" type="stmt"/>
        <line num="151" count="3" type="stmt"/>
        <line num="156" count="3" type="stmt"/>
        <line num="159" count="3" type="stmt"/>
        <line num="160" count="3" type="stmt"/>
        <line num="161" count="3" type="stmt"/>
        <line num="162" count="3" type="stmt"/>
        <line num="163" count="3" type="stmt"/>
        <line num="167" count="3" type="stmt"/>
        <line num="168" count="3" type="stmt"/>
        <line num="169" count="3" type="stmt"/>
        <line num="170" count="3" type="stmt"/>
        <line num="171" count="3" type="stmt"/>
        <line num="172" count="3" type="stmt"/>
        <line num="173" count="3" type="stmt"/>
        <line num="176" count="3" type="stmt"/>
        <line num="177" count="3" type="stmt"/>
        <line num="178" count="3" type="stmt"/>
        <line num="179" count="3" type="stmt"/>
        <line num="180" count="3" type="stmt"/>
        <line num="181" count="3" type="stmt"/>
        <line num="184" count="3" type="stmt"/>
        <line num="185" count="3" type="stmt"/>
        <line num="186" count="3" type="stmt"/>
        <line num="187" count="3" type="stmt"/>
        <line num="188" count="3" type="stmt"/>
        <line num="189" count="3" type="stmt"/>
        <line num="193" count="3" type="stmt"/>
        <line num="194" count="3" type="stmt"/>
        <line num="195" count="3" type="stmt"/>
        <line num="196" count="3" type="stmt"/>
        <line num="197" count="3" type="stmt"/>
        <line num="198" count="3" type="stmt"/>
        <line num="199" count="3" type="stmt"/>
        <line num="202" count="3" type="stmt"/>
        <line num="203" count="3" type="stmt"/>
        <line num="204" count="3" type="stmt"/>
        <line num="205" count="3" type="stmt"/>
        <line num="206" count="3" type="stmt"/>
        <line num="207" count="3" type="stmt"/>
        <line num="208" count="3" type="stmt"/>
        <line num="209" count="3" type="stmt"/>
        <line num="212" count="3" type="stmt"/>
        <line num="213" count="3" type="stmt"/>
        <line num="214" count="3" type="stmt"/>
        <line num="215" count="3" type="stmt"/>
        <line num="216" count="3" type="stmt"/>
        <line num="221" count="3" type="stmt"/>
        <line num="224" count="3" type="stmt"/>
        <line num="225" count="3" type="stmt"/>
        <line num="226" count="3" type="stmt"/>
        <line num="227" count="3" type="stmt"/>
        <line num="228" count="3" type="stmt"/>
        <line num="232" count="3" type="stmt"/>
        <line num="235" count="3" type="stmt"/>
        <line num="236" count="3" type="stmt"/>
        <line num="237" count="3" type="stmt"/>
        <line num="238" count="3" type="stmt"/>
        <line num="244" count="3" type="stmt"/>
        <line num="250" count="3" type="stmt"/>
        <line num="253" count="3" type="stmt"/>
        <line num="254" count="3" type="stmt"/>
        <line num="255" count="3" type="stmt"/>
        <line num="256" count="3" type="stmt"/>
        <line num="259" count="3" type="stmt"/>
        <line num="266" count="3" type="stmt"/>
        <line num="269" count="3" type="stmt"/>
        <line num="270" count="3" type="stmt"/>
        <line num="271" count="3" type="stmt"/>
        <line num="272" count="3" type="stmt"/>
        <line num="283" count="3" type="stmt"/>
        <line num="300" count="3" type="stmt"/>
        <line num="317" count="3" type="stmt"/>
        <line num="318" count="3" type="stmt"/>
        <line num="319" count="3" type="stmt"/>
        <line num="320" count="3" type="stmt"/>
        <line num="323" count="3" type="stmt"/>
        <line num="330" count="3" type="stmt"/>
        <line num="331" count="3" type="stmt"/>
        <line num="335" count="3" type="stmt"/>
        <line num="336" count="3" type="stmt"/>
        <line num="339" count="3" type="stmt"/>
        <line num="340" count="3" type="stmt"/>
        <line num="341" count="3" type="stmt"/>
        <line num="344" count="3" type="stmt"/>
        <line num="345" count="3" type="stmt"/>
        <line num="346" count="3" type="stmt"/>
        <line num="347" count="3" type="stmt"/>
        <line num="350" count="3" type="stmt"/>
        <line num="355" count="3" type="stmt"/>
        <line num="356" count="3" type="stmt"/>
        <line num="360" count="3" type="stmt"/>
        <line num="363" count="3" type="stmt"/>
        <line num="366" count="3" type="stmt"/>
        <line num="367" count="3" type="stmt"/>
        <line num="368" count="3" type="stmt"/>
        <line num="372" count="3" type="stmt"/>
        <line num="373" count="3" type="stmt"/>
        <line num="374" count="3" type="stmt"/>
        <line num="375" count="3" type="stmt"/>
        <line num="376" count="3" type="stmt"/>
        <line num="377" count="3" type="stmt"/>
        <line num="378" count="3" type="stmt"/>
        <line num="381" count="3" type="stmt"/>
        <line num="382" count="3" type="stmt"/>
        <line num="383" count="3" type="stmt"/>
        <line num="384" count="3" type="stmt"/>
        <line num="385" count="3" type="stmt"/>
        <line num="386" count="3" type="stmt"/>
        <line num="389" count="3" type="stmt"/>
        <line num="390" count="3" type="stmt"/>
        <line num="391" count="3" type="stmt"/>
        <line num="392" count="3" type="stmt"/>
        <line num="393" count="3" type="stmt"/>
        <line num="394" count="3" type="stmt"/>
        <line num="397" count="3" type="stmt"/>
        <line num="398" count="3" type="stmt"/>
        <line num="399" count="3" type="stmt"/>
        <line num="400" count="3" type="stmt"/>
        <line num="401" count="3" type="stmt"/>
        <line num="402" count="3" type="stmt"/>
        <line num="406" count="3" type="stmt"/>
        <line num="407" count="3" type="stmt"/>
        <line num="408" count="3" type="stmt"/>
        <line num="409" count="3" type="stmt"/>
        <line num="410" count="3" type="stmt"/>
        <line num="411" count="3" type="stmt"/>
        <line num="412" count="3" type="stmt"/>
        <line num="418" count="3" type="stmt"/>
        <line num="419" count="3" type="stmt"/>
        <line num="420" count="3" type="stmt"/>
        <line num="421" count="3" type="stmt"/>
        <line num="422" count="3" type="stmt"/>
        <line num="425" count="3" type="stmt"/>
        <line num="426" count="3" type="stmt"/>
        <line num="430" count="3" type="stmt"/>
        <line num="431" count="3" type="stmt"/>
        <line num="432" count="3" type="stmt"/>
        <line num="433" count="3" type="stmt"/>
        <line num="434" count="3" type="stmt"/>
        <line num="464" count="3" type="stmt"/>
        <line num="485" count="3" type="stmt"/>
        <line num="487" count="3" type="stmt"/>
        <line num="490" count="3" type="stmt"/>
        <line num="491" count="3" type="stmt"/>
        <line num="492" count="3" type="stmt"/>
        <line num="493" count="3" type="stmt"/>
        <line num="501" count="3" type="stmt"/>
        <line num="512" count="3" type="stmt"/>
        <line num="513" count="3" type="stmt"/>
        <line num="516" count="3" type="stmt"/>
        <line num="517" count="3" type="stmt"/>
        <line num="518" count="3" type="stmt"/>
        <line num="519" count="3" type="stmt"/>
        <line num="520" count="3" type="stmt"/>
        <line num="525" count="3" type="stmt"/>
        <line num="526" count="3" type="stmt"/>
        <line num="529" count="3" type="stmt"/>
        <line num="530" count="3" type="stmt"/>
        <line num="531" count="3" type="stmt"/>
        <line num="532" count="3" type="stmt"/>
        <line num="533" count="3" type="stmt"/>
        <line num="539" count="3" type="stmt"/>
        <line num="543" count="3" type="stmt"/>
        <line num="548" count="3" type="stmt"/>
        <line num="549" count="3" type="stmt"/>
        <line num="550" count="3" type="stmt"/>
        <line num="551" count="3" type="stmt"/>
        <line num="552" count="3" type="stmt"/>
        <line num="553" count="3" type="stmt"/>
        <line num="556" count="3" type="stmt"/>
        <line num="557" count="3" type="stmt"/>
        <line num="558" count="3" type="stmt"/>
        <line num="559" count="3" type="stmt"/>
        <line num="575" count="3" type="stmt"/>
        <line num="587" count="3" type="stmt"/>
        <line num="588" count="3" type="stmt"/>
      </file>
    </package>
    <package name="src.codegen.capacity">
      <metrics statements="161" coveredstatements="160" conditionals="29" coveredconditionals="25" methods="29" coveredmethods="29"/>
      <file name="CapacityEstimatorCodegenContext.ts" path="/home/runner/work/json-type/json-type/src/codegen/capacity/CapacityEstimatorCodegenContext.ts">
        <metrics statements="17" coveredstatements="17" conditionals="5" coveredconditionals="4" methods="5" coveredmethods="5"/>
        <line num="1" count="30" type="stmt"/>
        <line num="2" count="30" type="stmt"/>
        <line num="3" count="30" type="stmt"/>
        <line num="10" count="521" type="stmt"/>
        <line num="24" count="30" type="stmt"/>
        <line num="27" count="222" type="stmt"/>
        <line num="28" count="222" type="stmt"/>
        <line num="37" count="222" type="stmt"/>
        <line num="38" count="222" type="stmt"/>
        <line num="39" count="1582" type="stmt"/>
        <line num="40" count="1582" type="cond" truecount="2" falsecount="0"/>
        <line num="41" count="521" type="cond" truecount="1" falsecount="0"/>
        <line num="42" count="521" type="stmt"/>
        <line num="45" count="222" type="stmt"/>
        <line num="48" count="222" type="stmt"/>
        <line num="52" count="521" type="stmt"/>
        <line num="56" count="222" type="stmt"/>
      </file>
      <file name="estimators.ts" path="/home/runner/work/json-type/json-type/src/codegen/capacity/estimators.ts">
        <metrics statements="144" coveredstatements="143" conditionals="24" coveredconditionals="21" methods="24" coveredmethods="24"/>
        <line num="1" count="30" type="stmt"/>
        <line num="2" count="30" type="stmt"/>
        <line num="3" count="30" type="stmt"/>
        <line num="13" count="30" type="stmt"/>
        <line num="15" count="171" type="cond" truecount="1" falsecount="0"/>
        <line num="16" count="168" type="stmt"/>
        <line num="18" count="3" type="stmt"/>
        <line num="21" count="30" type="stmt"/>
        <line num="22" count="29" type="stmt"/>
        <line num="23" count="29" type="stmt"/>
        <line num="24" count="29" type="stmt"/>
        <line num="25" count="29" type="stmt"/>
        <line num="28" count="29" type="stmt"/>
        <line num="31" count="29" type="stmt"/>
        <line num="34" count="29" type="stmt"/>
        <line num="39" count="29" type="stmt"/>
        <line num="44" count="30" type="stmt"/>
        <line num="45" count="26" type="stmt"/>
        <line num="48" count="30" type="stmt"/>
        <line num="49" count="55" type="stmt"/>
        <line num="52" count="30" type="stmt"/>
        <line num="53" count="125" type="stmt"/>
        <line num="54" count="125" type="stmt"/>
        <line num="57" count="30" type="stmt"/>
        <line num="58" count="8" type="stmt"/>
        <line num="59" count="8" type="stmt"/>
        <line num="62" count="30" type="stmt"/>
        <line num="63" count="15" type="stmt"/>
        <line num="64" count="15" type="stmt"/>
        <line num="67" count="30" type="stmt"/>
        <line num="68" count="36" type="stmt"/>
        <line num="69" count="36" type="stmt"/>
        <line num="70" count="36" type="stmt"/>
        <line num="71" count="36" type="stmt"/>
        <line num="72" count="36" type="stmt"/>
        <line num="73" count="36" type="stmt"/>
        <line num="74" count="36" type="stmt"/>
        <line num="78" count="36" type="stmt"/>
        <line num="79" count="36" type="cond" truecount="2" falsecount="0"/>
        <line num="80" count="9" type="stmt"/>
        <line num="81" count="9" type="stmt"/>
        <line num="83" count="27" type="stmt"/>
        <line num="84" count="27" type="stmt"/>
        <line num="85" count="27" type="stmt"/>
        <line num="86" count="27" type="stmt"/>
        <line num="87" count="27" type="stmt"/>
        <line num="91" count="30" type="stmt"/>
        <line num="92" count="11" type="stmt"/>
        <line num="93" count="11" type="stmt"/>
        <line num="94" count="11" type="stmt"/>
        <line num="95" count="11" type="stmt"/>
        <line num="96" count="11" type="stmt"/>
        <line num="97" count="11" type="stmt"/>
        <line num="98" count="11" type="stmt"/>
        <line num="99" count="17" type="stmt"/>
        <line num="100" count="17" type="stmt"/>
        <line num="104" count="17" type="stmt"/>
        <line num="105" count="17" type="stmt"/>
        <line num="109" count="30" type="stmt"/>
        <line num="115" count="67" type="stmt"/>
        <line num="116" count="67" type="stmt"/>
        <line num="117" count="67" type="stmt"/>
        <line num="118" count="67" type="stmt"/>
        <line num="119" count="67" type="cond" truecount="1" falsecount="0"/>
        <line num="120" count="13" type="stmt"/>
        <line num="121" count="13" type="stmt"/>
        <line num="123" count="54" type="stmt"/>
        <line num="124" count="54" type="stmt"/>
        <line num="125" count="54" type="stmt"/>
        <line num="126" count="54" type="stmt"/>
        <line num="127" count="171" type="stmt"/>
        <line num="128" count="171" type="stmt"/>
        <line num="129" count="171" type="cond" truecount="2" falsecount="0"/>
        <line num="130" count="171" type="stmt"/>
        <line num="131" count="171" type="cond" truecount="2" falsecount="0"/>
        <line num="132" count="52" type="stmt"/>
        <line num="133" count="119" type="stmt"/>
        <line num="137" count="30" type="stmt"/>
        <line num="138" count="20" type="stmt"/>
        <line num="139" count="20" type="stmt"/>
        <line num="140" count="20" type="stmt"/>
        <line num="141" count="20" type="stmt"/>
        <line num="142" count="20" type="stmt"/>
        <line num="143" count="20" type="stmt"/>
        <line num="144" count="20" type="stmt"/>
        <line num="145" count="20" type="stmt"/>
        <line num="146" count="20" type="stmt"/>
        <line num="147" count="20" type="stmt"/>
        <line num="151" count="20" type="stmt"/>
        <line num="152" count="20" type="stmt"/>
        <line num="153" count="20" type="stmt"/>
        <line num="154" count="20" type="stmt"/>
        <line num="155" count="20" type="stmt"/>
        <line num="156" count="20" type="stmt"/>
        <line num="159" count="30" type="stmt"/>
        <line num="160" count="5" type="stmt"/>
        <line num="161" count="5" type="cond" truecount="1" falsecount="1"/>
        <line num="162" count="5" type="cond" truecount="0" falsecount="1"/>
        <line num="163" count="5" type="stmt"/>
        <line num="164" count="5" type="stmt"/>
        <line num="165" count="5" type="stmt"/>
        <line num="168" count="30" type="stmt"/>
        <line num="174" count="4" type="stmt"/>
        <line num="175" count="4" type="stmt"/>
        <line num="176" count="4" type="stmt"/>
        <line num="177" count="4" type="stmt"/>
        <line num="178" count="4" type="stmt"/>
        <line num="179" count="4" type="stmt"/>
        <line num="181" count="8" type="stmt"/>
        <line num="184" count="8" type="stmt"/>
        <line num="194" count="30" type="stmt"/>
        <line num="195" count="401" type="stmt"/>
        <line num="197" count="401" type="cond" truecount="12" falsecount="1"/>
        <line num="199" count="29" type="stmt"/>
        <line num="200" count="29" type="stmt"/>
        <line num="202" count="26" type="stmt"/>
        <line num="203" count="26" type="stmt"/>
        <line num="205" count="55" type="stmt"/>
        <line num="206" count="55" type="stmt"/>
        <line num="208" count="125" type="stmt"/>
        <line num="209" count="125" type="stmt"/>
        <line num="211" count="8" type="stmt"/>
        <line num="212" count="8" type="stmt"/>
        <line num="214" count="15" type="stmt"/>
        <line num="215" count="15" type="stmt"/>
        <line num="217" count="36" type="stmt"/>
        <line num="218" count="36" type="stmt"/>
        <line num="220" count="11" type="stmt"/>
        <line num="221" count="11" type="stmt"/>
        <line num="223" count="67" type="stmt"/>
        <line num="224" count="67" type="stmt"/>
        <line num="226" count="20" type="stmt"/>
        <line num="227" count="20" type="stmt"/>
        <line num="229" count="5" type="stmt"/>
        <line num="230" count="5" type="stmt"/>
        <line num="232" count="4" type="stmt"/>
        <line num="233" count="4" type="stmt"/>
        <line num="235" count="0" type="stmt"/>
        <line num="242" count="30" type="stmt"/>
        <line num="246" count="3" type="stmt"/>
        <line num="251" count="3" type="stmt"/>
        <line num="252" count="3" type="stmt"/>
        <line num="254" count="3" type="stmt"/>
        <line num="255" count="3" type="stmt"/>
      </file>
    </package>
    <package name="src.codegen.json">
      <metrics statements="31" coveredstatements="31" conditionals="11" coveredconditionals="9" methods="7" coveredmethods="7"/>
      <file name="JsonTextEncoderCodegenContext.ts" path="/home/runner/work/json-type/json-type/src/codegen/json/JsonTextEncoderCodegenContext.ts">
        <metrics statements="31" coveredstatements="31" conditionals="11" coveredconditionals="9" methods="7" coveredmethods="7"/>
        <line num="1" count="30" type="stmt"/>
        <line num="2" count="30" type="stmt"/>
        <line num="3" count="30" type="stmt"/>
        <line num="11" count="175" type="stmt"/>
        <line num="26" count="30" type="stmt"/>
        <line num="29" count="43" type="stmt"/>
        <line num="30" count="43" type="stmt"/>
        <line num="35" count="43" type="stmt"/>
        <line num="36" count="43" type="stmt"/>
        <line num="37" count="472" type="stmt"/>
        <line num="38" count="472" type="cond" truecount="2" falsecount="0"/>
        <line num="39" count="175" type="cond" truecount="1" falsecount="0"/>
        <line num="40" count="175" type="stmt"/>
        <line num="41" count="175" type="cond" truecount="2" falsecount="0"/>
        <line num="42" count="102" type="stmt"/>
        <line num="45" count="43" type="stmt"/>
        <line num="46" count="43" type="stmt"/>
        <line num="47" count="399" type="cond" truecount="2" falsecount="0"/>
        <line num="48" count="297" type="stmt"/>
        <line num="49" count="102" type="cond" truecount="1" falsecount="0"/>
        <line num="50" count="102" type="stmt"/>
        <line num="51" count="102" type="stmt"/>
        <line num="54" count="43" type="stmt"/>
        <line num="57" count="43" type="stmt"/>
        <line num="58" count="43" type="stmt"/>
        <line num="62" count="261" type="stmt"/>
        <line num="66" count="175" type="stmt"/>
        <line num="69" count="43" type="stmt"/>
        <line num="71" count="2" type="cond" truecount="0" falsecount="1"/>
        <line num="72" count="2" type="stmt"/>
        <line num="76" count="43" type="stmt"/>
      </file>
    </package>
    <package name="src.codegen.validator">
      <metrics statements="57" coveredstatements="57" conditionals="29" coveredconditionals="27" methods="7" coveredmethods="7"/>
      <file name="ValidatorCodegenContext.ts" path="/home/runner/work/json-type/json-type/src/codegen/validator/ValidatorCodegenContext.ts">
        <metrics statements="53" coveredstatements="53" conditionals="21" coveredconditionals="19" methods="6" coveredmethods="6"/>
        <line num="1" count="30" type="stmt"/>
        <line num="2" count="30" type="stmt"/>
        <line num="51" count="30" type="stmt"/>
        <line num="56" count="1240" type="stmt"/>
        <line num="62" count="1240" type="cond" truecount="4" falsecount="0"/>
        <line num="63" count="1240" type="stmt"/>
        <line num="69" count="5931" type="stmt"/>
        <line num="78" count="3926" type="cond" truecount="3" falsecount="0"/>
        <line num="80" count="470" type="stmt"/>
        <line num="82" count="1181" type="stmt"/>
        <line num="83" count="1181" type="stmt"/>
        <line num="84" count="847" type="cond" truecount="2" falsecount="0"/>
        <line num="85" count="272" type="stmt"/>
        <line num="87" count="575" type="stmt"/>
        <line num="90" count="1181" type="stmt"/>
        <line num="95" count="2275" type="stmt"/>
        <line num="102" count="2275" type="stmt"/>
        <line num="103" count="2275" type="stmt"/>
        <line num="104" count="3027" type="cond" truecount="1" falsecount="0"/>
        <line num="105" count="3027" type="cond" truecount="2" falsecount="0"/>
        <line num="106" count="1046" type="stmt"/>
        <line num="108" count="1981" type="stmt"/>
        <line num="110" count="3027" type="stmt"/>
        <line num="112" count="2275" type="stmt"/>
        <line num="113" count="2275" type="cond" truecount="1" falsecount="0"/>
        <line num="114" count="1" type="stmt"/>
        <line num="116" count="2275" type="cond" truecount="1" falsecount="0"/>
        <line num="117" count="11" type="stmt"/>
        <line num="119" count="2275" type="cond" truecount="1" falsecount="0"/>
        <line num="120" count="10" type="stmt"/>
        <line num="122" count="2275" type="stmt"/>
        <line num="128" count="2667" type="stmt"/>
        <line num="129" count="2667" type="stmt"/>
        <line num="130" count="30" type="stmt"/>
        <line num="131" count="30" type="stmt"/>
        <line num="132" count="29" type="stmt"/>
        <line num="133" count="29" type="stmt"/>
        <line num="134" count="29" type="stmt"/>
        <line num="138" count="29" type="stmt"/>
        <line num="142" count="29" type="stmt"/>
        <line num="143" count="29" type="stmt"/>
        <line num="153" count="1240" type="stmt"/>
        <line num="156" count="30" type="stmt"/>
        <line num="157" count="30" type="cond" truecount="1" falsecount="0"/>
        <line num="158" count="28" type="stmt"/>
        <line num="159" count="28" type="cond" truecount="0" falsecount="1"/>
        <line num="160" count="28" type="stmt"/>
        <line num="161" count="28" type="stmt"/>
        <line num="162" count="27" type="cond" truecount="0" falsecount="1"/>
        <line num="163" count="27" type="stmt"/>
        <line num="164" count="27" type="stmt"/>
        <line num="165" count="27" type="stmt"/>
        <line num="169" count="1239" type="stmt"/>
      </file>
      <file name="util.ts" path="/home/runner/work/json-type/json-type/src/codegen/validator/util.ts">
        <metrics statements="4" coveredstatements="4" conditionals="8" coveredconditionals="8" methods="1" coveredmethods="1"/>
        <line num="1" count="30" type="stmt"/>
        <line num="2" count="1079" type="cond" truecount="8" falsecount="0"/>
        <line num="10" count="1000" type="stmt"/>
        <line num="12" count="79" type="stmt"/>
      </file>
    </package>
    <package name="src.json-schema">
      <metrics statements="136" coveredstatements="111" conditionals="48" coveredconditionals="31" methods="17" coveredmethods="14"/>
      <file name="converter.ts" path="/home/runner/work/json-type/json-type/src/json-schema/converter.ts">
        <metrics statements="134" coveredstatements="109" conditionals="48" coveredconditionals="31" methods="17" coveredmethods="14"/>
        <line num="36" count="46" type="stmt"/>
        <line num="37" count="46" type="stmt"/>
        <line num="39" count="46" type="cond" truecount="1" falsecount="0"/>
        <line num="40" count="46" type="cond" truecount="0" falsecount="1"/>
        <line num="41" count="46" type="cond" truecount="0" falsecount="1"/>
        <line num="42" count="0" type="stmt"/>
        <line num="45" count="46" type="stmt"/>
        <line num="52" count="22" type="stmt"/>
        <line num="53" count="46" type="stmt"/>
        <line num="55" count="46" type="cond" truecount="11" falsecount="2"/>
        <line num="57" count="3" type="stmt"/>
        <line num="59" count="3" type="stmt"/>
        <line num="61" count="2" type="stmt"/>
        <line num="63" count="1" type="stmt"/>
        <line num="65" count="6" type="stmt"/>
        <line num="67" count="1" type="stmt"/>
        <line num="69" count="2" type="stmt"/>
        <line num="71" count="7" type="stmt"/>
        <line num="73" count="2" type="stmt"/>
        <line num="75" count="5" type="stmt"/>
        <line num="77" count="14" type="stmt"/>
        <line num="79" count="0" type="stmt"/>
        <line num="82" count="0" type="stmt"/>
        <line num="89" count="3" type="stmt"/>
        <line num="90" count="3" type="stmt"/>
        <line num="95" count="3" type="stmt"/>
        <line num="97" count="3" type="stmt"/>
        <line num="101" count="3" type="stmt"/>
        <line num="102" count="3" type="stmt"/>
        <line num="103" count="3" type="stmt"/>
        <line num="109" count="3" type="stmt"/>
        <line num="111" count="3" type="cond" truecount="0" falsecount="1"/>
        <line num="112" count="3" type="cond" truecount="0" falsecount="1"/>
        <line num="114" count="3" type="stmt"/>
        <line num="118" count="2" type="stmt"/>
        <line num="119" count="2" type="stmt"/>
        <line num="124" count="2" type="stmt"/>
        <line num="126" count="2" type="stmt"/>
        <line num="130" count="1" type="stmt"/>
        <line num="131" count="1" type="stmt"/>
        <line num="136" count="1" type="stmt"/>
        <line num="138" count="1" type="stmt"/>
        <line num="142" count="6" type="stmt"/>
        <line num="143" count="6" type="stmt"/>
        <line num="144" count="6" type="stmt"/>
        <line num="146" count="6" type="cond" truecount="2" falsecount="0"/>
        <line num="147" count="4" type="stmt"/>
        <line num="151" count="4" type="stmt"/>
        <line num="152" count="4" type="stmt"/>
        <line num="153" count="2" type="cond" truecount="1" falsecount="1"/>
        <line num="154" count="0" type="stmt"/>
        <line num="158" count="0" type="stmt"/>
        <line num="159" count="0" type="stmt"/>
        <line num="160" count="2" type="cond" truecount="1" falsecount="1"/>
        <line num="161" count="0" type="stmt"/>
        <line num="165" count="0" type="stmt"/>
        <line num="166" count="0" type="stmt"/>
        <line num="167" count="2" type="cond" truecount="2" falsecount="0"/>
        <line num="168" count="1" type="stmt"/>
        <line num="172" count="1" type="stmt"/>
        <line num="173" count="1" type="stmt"/>
        <line num="174" count="1" type="cond" truecount="1" falsecount="1"/>
        <line num="176" count="1" type="stmt"/>
        <line num="180" count="1" type="stmt"/>
        <line num="181" count="1" type="stmt"/>
        <line num="182" count="0" type="cond" truecount="0" falsecount="2"/>
        <line num="183" count="0" type="stmt"/>
        <line num="188" count="0" type="stmt"/>
        <line num="189" count="0" type="stmt"/>
        <line num="190" count="0" type="cond" truecount="0" falsecount="1"/>
        <line num="191" count="0" type="stmt"/>
        <line num="195" count="0" type="stmt"/>
        <line num="196" count="0" type="stmt"/>
        <line num="199" count="0" type="stmt"/>
        <line num="203" count="1" type="stmt"/>
        <line num="204" count="1" type="stmt"/>
        <line num="212" count="1" type="stmt"/>
        <line num="214" count="1" type="stmt"/>
        <line num="218" count="2" type="stmt"/>
        <line num="219" count="2" type="stmt"/>
        <line num="220" count="2" type="stmt"/>
        <line num="225" count="2" type="stmt"/>
        <line num="226" count="2" type="cond" truecount="2" falsecount="1"/>
        <line num="227" count="0" type="stmt"/>
        <line num="231" count="2" type="stmt"/>
        <line num="233" count="2" type="cond" truecount="1" falsecount="0"/>
        <line num="234" count="2" type="cond" truecount="0" falsecount="1"/>
        <line num="235" count="2" type="cond" truecount="0" falsecount="1"/>
        <line num="236" count="2" type="cond" truecount="0" falsecount="1"/>
        <line num="238" count="2" type="stmt"/>
        <line num="242" count="7" type="stmt"/>
        <line num="243" count="7" type="stmt"/>
        <line num="244" count="7" type="stmt"/>
        <line num="249" count="7" type="stmt"/>
        <line num="250" count="7" type="stmt"/>
        <line num="251" count="7" type="stmt"/>
        <line num="252" count="28" type="stmt"/>
        <line num="253" count="28" type="cond" truecount="1" falsecount="0"/>
        <line num="254" count="23" type="stmt"/>
        <line num="258" count="7" type="cond" truecount="1" falsecount="0"/>
        <line num="259" count="7" type="cond" truecount="0" falsecount="1"/>
        <line num="262" count="7" type="stmt"/>
        <line num="264" count="7" type="stmt"/>
        <line num="268" count="2" type="stmt"/>
        <line num="269" count="2" type="stmt"/>
        <line num="270" count="2" type="stmt"/>
        <line num="271" count="6" type="stmt"/>
        <line num="275" count="2" type="stmt"/>
        <line num="277" count="2" type="stmt"/>
        <line num="281" count="5" type="stmt"/>
        <line num="282" count="5" type="stmt"/>
        <line num="283" count="5" type="stmt"/>
        <line num="285" count="5" type="cond" truecount="1" falsecount="0"/>
        <line num="287" count="5" type="stmt"/>
        <line num="292" count="5" type="stmt"/>
        <line num="294" count="5" type="stmt"/>
        <line num="298" count="14" type="stmt"/>
        <line num="299" count="14" type="stmt"/>
        <line num="300" count="14" type="stmt"/>
        <line num="304" count="14" type="cond" truecount="1" falsecount="0"/>
        <line num="305" count="14" type="cond" truecount="1" falsecount="0"/>
        <line num="308" count="14" type="cond" truecount="2" falsecount="0"/>
        <line num="309" count="2" type="cond" truecount="1" falsecount="0"/>
        <line num="312" count="1" type="stmt"/>
        <line num="315" count="12" type="cond" truecount="1" falsecount="0"/>
        <line num="317" count="2" type="stmt"/>
        <line num="321" count="14" type="stmt"/>
        <line num="323" count="14" type="stmt"/>
        <line num="327" count="0" type="stmt"/>
        <line num="328" count="0" type="stmt"/>
        <line num="329" count="0" type="stmt"/>
        <line num="332" count="0" type="stmt"/>
        <line num="336" count="0" type="stmt"/>
        <line num="338" count="0" type="stmt"/>
      </file>
      <file name="index.ts" path="/home/runner/work/json-type/json-type/src/json-schema/index.ts">
        <metrics statements="2" coveredstatements="2" conditionals="0" coveredconditionals="0" methods="0" coveredmethods="0"/>
        <line num="1" count="22" type="stmt"/>
        <line num="2" count="22" type="stmt"/>
      </file>
    </package>
    <package name="src.jtd">
      <metrics statements="54" coveredstatements="36" conditionals="34" coveredconditionals="21" methods="2" coveredmethods="1"/>
      <file name="converter.ts" path="/home/runner/work/json-type/json-type/src/jtd/converter.ts">
        <metrics statements="54" coveredstatements="36" conditionals="34" coveredconditionals="21" methods="2" coveredmethods="1"/>
        <line num="4" count="1" type="stmt"/>
        <line num="18" count="1" type="stmt"/>
        <line num="19" count="11" type="stmt"/>
        <line num="21" count="11" type="cond" truecount="7" falsecount="4"/>
        <line num="23" count="1" type="stmt"/>
        <line num="24" count="1" type="stmt"/>
        <line num="27" count="1" type="stmt"/>
        <line num="28" count="1" type="stmt"/>
        <line num="31" count="2" type="stmt"/>
        <line num="32" count="2" type="stmt"/>
        <line num="33" count="2" type="stmt"/>
        <line num="34" count="2" type="cond" truecount="2" falsecount="1"/>
        <line num="37" count="1" type="stmt"/>
        <line num="39" count="1" type="cond" truecount="0" falsecount="1"/>
        <line num="40" count="1" type="cond" truecount="1" falsecount="1"/>
        <line num="41" count="1" type="cond" truecount="1" falsecount="0"/>
        <line num="42" count="0" type="cond" truecount="0" falsecount="1"/>
        <line num="43" count="0" type="cond" truecount="0" falsecount="1"/>
        <line num="45" count="0" type="cond" truecount="0" falsecount="1"/>
        <line num="46" count="0" type="cond" truecount="0" falsecount="1"/>
        <line num="47" count="0" type="cond" truecount="0" falsecount="1"/>
        <line num="49" count="0" type="stmt"/>
        <line num="52" count="0" type="stmt"/>
        <line num="53" count="0" type="stmt"/>
        <line num="56" count="2" type="stmt"/>
        <line num="57" count="2" type="stmt"/>
        <line num="62" count="3" type="stmt"/>
        <line num="65" count="1" type="stmt"/>
        <line num="66" count="1" type="stmt"/>
        <line num="71" count="1" type="stmt"/>
        <line num="72" count="1" type="stmt"/>
        <line num="74" count="1" type="cond" truecount="3" falsecount="0"/>
        <line num="75" count="1" type="stmt"/>
        <line num="76" count="1" type="stmt"/>
        <line num="78" count="1" type="stmt"/>
        <line num="79" count="2" type="stmt"/>
        <line num="80" count="2" type="stmt"/>
        <line num="82" count="2" type="cond" truecount="1" falsecount="0"/>
        <line num="83" count="2" type="stmt"/>
        <line num="85" count="2" type="cond" truecount="2" falsecount="0"/>
        <line num="86" count="1" type="stmt"/>
        <line num="88" count="1" type="stmt"/>
        <line num="95" count="1" type="cond" truecount="0" falsecount="1"/>
        <line num="96" count="0" type="stmt"/>
        <line num="99" count="1" type="stmt"/>
        <line num="102" count="0" type="stmt"/>
        <line num="103" count="0" type="stmt"/>
        <line num="104" count="0" type="stmt"/>
        <line num="108" count="0" type="stmt"/>
        <line num="109" count="0" type="stmt"/>
        <line num="114" count="0" type="stmt"/>
        <line num="115" count="0" type="stmt"/>
        <line num="124" count="0" type="stmt"/>
        <line num="125" count="0" type="stmt"/>
      </file>
    </package>
    <package name="src.random">
      <metrics statements="116" coveredstatements="87" conditionals="52" coveredconditionals="29" methods="17" coveredmethods="16"/>
      <file name="generator.ts" path="/home/runner/work/json-type/json-type/src/random/generator.ts">
        <metrics statements="18" coveredstatements="14" conditionals="15" coveredconditionals="10" methods="1" coveredmethods="1"/>
        <line num="16" count="30" type="stmt"/>
        <line num="22" count="30" type="stmt"/>
        <line num="23" count="5711" type="stmt"/>
        <line num="25" count="5711" type="cond" truecount="10" falsecount="5"/>
        <line num="27" count="27" type="stmt"/>
        <line num="29" count="189" type="stmt"/>
        <line num="31" count="0" type="stmt"/>
        <line num="33" count="95" type="stmt"/>
        <line num="35" count="100" type="stmt"/>
        <line num="38" count="0" type="stmt"/>
        <line num="40" count="35" type="stmt"/>
        <line num="42" count="193" type="stmt"/>
        <line num="44" count="2012" type="stmt"/>
        <line num="46" count="146" type="stmt"/>
        <line num="48" count="0" type="stmt"/>
        <line num="50" count="2879" type="stmt"/>
        <line num="52" count="35" type="stmt"/>
        <line num="55" count="0" type="stmt"/>
      </file>
      <file name="generators.ts" path="/home/runner/work/json-type/json-type/src/random/generators.ts">
        <metrics statements="98" coveredstatements="73" conditionals="37" coveredconditionals="19" methods="16" coveredmethods="15"/>
        <line num="1" count="30" type="stmt"/>
        <line num="2" count="30" type="stmt"/>
        <line num="17" count="30" type="stmt"/>
        <line num="18" count="37" type="stmt"/>
        <line num="21" count="30" type="stmt"/>
        <line num="22" count="209" type="stmt"/>
        <line num="23" count="209" type="stmt"/>
        <line num="24" count="209" type="stmt"/>
        <line num="25" count="209" type="cond" truecount="3" falsecount="0"/>
        <line num="26" count="209" type="cond" truecount="3" falsecount="0"/>
        <line num="27" count="209" type="stmt"/>
        <line num="28" count="209" type="stmt"/>
        <line num="29" count="1059" type="stmt"/>
        <line num="31" count="209" type="stmt"/>
        <line num="34" count="30" type="stmt"/>
        <line num="35" count="10" type="stmt"/>
        <line num="37" count="63" type="stmt"/>
        <line num="38" count="10" type="stmt"/>
        <line num="41" count="30" type="stmt"/>
        <line num="42" count="105" type="stmt"/>
        <line num="45" count="30" type="stmt"/>
        <line num="46" count="110" type="stmt"/>
        <line num="49" count="30" type="stmt"/>
        <line num="50" count="1" type="stmt"/>
        <line num="53" count="30" type="stmt"/>
        <line num="54" count="45" type="stmt"/>
        <line num="55" count="45" type="stmt"/>
        <line num="56" count="45" type="stmt"/>
        <line num="57" count="224" type="stmt"/>
        <line num="59" count="45" type="stmt"/>
        <line num="62" count="30" type="stmt"/>
        <line num="63" count="213" type="stmt"/>
        <line num="64" count="213" type="stmt"/>
        <line num="65" count="213" type="stmt"/>
        <line num="66" count="213" type="stmt"/>
        <line num="67" count="213" type="stmt"/>
        <line num="68" count="213" type="cond" truecount="0" falsecount="1"/>
        <line num="69" count="213" type="cond" truecount="1" falsecount="0"/>
        <line num="70" count="1" type="cond" truecount="1" falsecount="1"/>
        <line num="71" count="0" type="stmt"/>
        <line num="72" count="212" type="cond" truecount="0" falsecount="1"/>
        <line num="73" count="212" type="cond" truecount="0" falsecount="1"/>
        <line num="74" count="212" type="cond" truecount="0" falsecount="1"/>
        <line num="75" count="212" type="cond" truecount="1" falsecount="0"/>
        <line num="76" count="10" type="cond" truecount="1" falsecount="9"/>
        <line num="78" count="0" type="stmt"/>
        <line num="79" count="0" type="stmt"/>
        <line num="80" count="0" type="stmt"/>
        <line num="82" count="0" type="stmt"/>
        <line num="83" count="0" type="stmt"/>
        <line num="84" count="0" type="stmt"/>
        <line num="86" count="0" type="stmt"/>
        <line num="87" count="0" type="stmt"/>
        <line num="88" count="0" type="stmt"/>
        <line num="91" count="0" type="stmt"/>
        <line num="92" count="0" type="stmt"/>
        <line num="93" count="0" type="stmt"/>
        <line num="95" count="0" type="stmt"/>
        <line num="96" count="0" type="stmt"/>
        <line num="97" count="0" type="stmt"/>
        <line num="99" count="0" type="stmt"/>
        <line num="100" count="0" type="stmt"/>
        <line num="101" count="0" type="stmt"/>
        <line num="103" count="10" type="stmt"/>
        <line num="104" count="10" type="stmt"/>
        <line num="105" count="10" type="stmt"/>
        <line num="108" count="0" type="stmt"/>
        <line num="109" count="0" type="stmt"/>
        <line num="110" count="0" type="stmt"/>
        <line num="112" count="10" type="stmt"/>
        <line num="114" count="202" type="stmt"/>
        <line num="115" count="202" type="cond" truecount="1" falsecount="0"/>
        <line num="116" count="202" type="cond" truecount="0" falsecount="1"/>
        <line num="117" count="202" type="stmt"/>
        <line num="120" count="30" type="stmt"/>
        <line num="121" count="2022" type="stmt"/>
        <line num="122" count="2022" type="cond" truecount="1" falsecount="1"/>
        <line num="124" count="2022" type="stmt"/>
        <line num="125" count="3768" type="cond" truecount="2" falsecount="0"/>
        <line num="126" count="3751" type="stmt"/>
        <line num="128" count="2022" type="stmt"/>
        <line num="131" count="30" type="stmt"/>
        <line num="132" count="166" type="stmt"/>
        <line num="133" count="166" type="stmt"/>
        <line num="134" count="166" type="stmt"/>
        <line num="137" count="30" type="stmt"/>
        <line num="138" count="0" type="cond" truecount="0" falsecount="1"/>
        <line num="139" count="0" type="stmt"/>
        <line num="140" count="0" type="stmt"/>
        <line num="143" count="30" type="stmt"/>
        <line num="144" count="2899" type="stmt"/>
        <line num="145" count="2899" type="stmt"/>
        <line num="146" count="2899" type="stmt"/>
        <line num="147" count="2899" type="cond" truecount="3" falsecount="0"/>
        <line num="148" count="2899" type="cond" truecount="2" falsecount="1"/>
        <line num="149" count="2899" type="stmt"/>
        <line num="152" count="30" type="stmt"/>
        <line num="153" count="105" type="stmt"/>
      </file>
    </package>
    <package name="src.schema">
      <metrics statements="202" coveredstatements="200" conditionals="154" coveredconditionals="147" methods="52" coveredmethods="51"/>
      <file name="SchemaBuilder.ts" path="/home/runner/work/json-type/json-type/src/schema/SchemaBuilder.ts">
        <metrics statements="40" coveredstatements="39" conditionals="29" coveredconditionals="24" methods="31" coveredmethods="30"/>
        <line num="25" count="34" type="stmt"/>
        <line num="27" count="44" type="stmt"/>
        <line num="31" count="37" type="stmt"/>
        <line num="35" count="10" type="stmt"/>
        <line num="39" count="1" type="stmt"/>
        <line num="43" count="5" type="stmt"/>
        <line num="47" count="1" type="stmt"/>
        <line num="51" count="288" type="stmt"/>
        <line num="55" count="2" type="stmt"/>
        <line num="59" count="6" type="stmt"/>
        <line num="63" count="1046" type="stmt"/>
        <line num="67" count="1" type="stmt"/>
        <line num="71" count="1" type="stmt"/>
        <line num="77" count="78" type="cond" truecount="2" falsecount="1"/>
        <line num="78" count="77" type="cond" truecount="2" falsecount="0"/>
        <line num="82" count="464" type="stmt"/>
        <line num="88" count="599" type="cond" truecount="3" falsecount="0"/>
        <line num="89" count="593" type="cond" truecount="2" falsecount="0"/>
        <line num="94" count="54" type="stmt"/>
        <line num="112" count="138" type="cond" truecount="0" falsecount="3"/>
        <line num="113" count="138" type="stmt"/>
        <line num="136" count="177" type="stmt"/>
        <line num="140" count="45" type="stmt"/>
        <line num="144" count="0" type="stmt"/>
        <line num="160" count="647" type="stmt"/>
        <line num="161" count="647" type="cond" truecount="1" falsecount="0"/>
        <line num="167" count="329" type="stmt"/>
        <line num="168" count="318" type="cond" truecount="3" falsecount="0"/>
        <line num="169" count="16" type="stmt"/>
        <line num="173" count="302" type="stmt"/>
        <line num="182" count="11" type="stmt"/>
        <line num="196" count="3" type="stmt"/>
        <line num="211" count="718" type="stmt"/>
        <line num="225" count="152" type="stmt"/>
        <line num="239" count="13" type="cond" truecount="1" falsecount="1"/>
        <line num="243" count="1188" type="stmt"/>
        <line num="250" count="40" type="stmt"/>
        <line num="257" count="48" type="stmt"/>
        <line num="265" count="11" type="stmt"/>
        <line num="273" count="7" type="stmt"/>
      </file>
      <file name="index.ts" path="/home/runner/work/json-type/json-type/src/schema/index.ts">
        <metrics statements="4" coveredstatements="4" conditionals="0" coveredconditionals="0" methods="0" coveredmethods="0"/>
        <line num="2" count="34" type="stmt"/>
        <line num="4" count="34" type="stmt"/>
        <line num="5" count="34" type="stmt"/>
        <line num="10" count="34" type="stmt"/>
      </file>
      <file name="validate.ts" path="/home/runner/work/json-type/json-type/src/schema/validate.ts">
        <metrics statements="158" coveredstatements="157" conditionals="125" coveredconditionals="123" methods="21" coveredmethods="21"/>
        <line num="4" count="3" type="stmt"/>
        <line num="5" count="178" type="cond" truecount="3" falsecount="0"/>
        <line num="6" count="170" type="cond" truecount="3" falsecount="0"/>
        <line num="7" count="165" type="cond" truecount="3" falsecount="0"/>
        <line num="10" count="3" type="stmt"/>
        <line num="11" count="6" type="stmt"/>
        <line num="14" count="3" type="stmt"/>
        <line num="15" count="158" type="stmt"/>
        <line num="16" count="151" type="stmt"/>
        <line num="17" count="151" type="cond" truecount="3" falsecount="0"/>
        <line num="18" count="149" type="cond" truecount="1" falsecount="0"/>
        <line num="19" count="148" type="stmt"/>
        <line num="20" count="148" type="cond" truecount="1" falsecount="0"/>
        <line num="21" count="3" type="cond" truecount="1" falsecount="0"/>
        <line num="22" count="2" type="stmt"/>
        <line num="26" count="3" type="stmt"/>
        <line num="27" count="111" type="cond" truecount="1" falsecount="0"/>
        <line num="28" count="8" type="cond" truecount="2" falsecount="0"/>
        <line num="29" count="5" type="cond" truecount="1" falsecount="0"/>
        <line num="30" count="5" type="cond" truecount="1" falsecount="0"/>
        <line num="34" count="3" type="stmt"/>
        <line num="35" count="86" type="cond" truecount="1" falsecount="0"/>
        <line num="36" count="18" type="cond" truecount="1" falsecount="0"/>
        <line num="37" count="15" type="cond" truecount="1" falsecount="0"/>
        <line num="38" count="12" type="cond" truecount="1" falsecount="0"/>
        <line num="40" count="77" type="cond" truecount="1" falsecount="0"/>
        <line num="41" count="18" type="cond" truecount="1" falsecount="0"/>
        <line num="42" count="15" type="cond" truecount="1" falsecount="0"/>
        <line num="43" count="12" type="cond" truecount="1" falsecount="0"/>
        <line num="45" count="68" type="cond" truecount="4" falsecount="0"/>
        <line num="50" count="3" type="stmt"/>
        <line num="51" count="2" type="stmt"/>
        <line num="54" count="3" type="stmt"/>
        <line num="55" count="1" type="stmt"/>
        <line num="58" count="3" type="stmt"/>
        <line num="59" count="44" type="stmt"/>
        <line num="60" count="41" type="stmt"/>
        <line num="61" count="40" type="stmt"/>
        <line num="63" count="40" type="cond" truecount="3" falsecount="0"/>
        <line num="64" count="38" type="cond" truecount="3" falsecount="0"/>
        <line num="65" count="36" type="cond" truecount="3" falsecount="0"/>
        <line num="66" count="34" type="cond" truecount="3" falsecount="0"/>
        <line num="67" count="32" type="cond" truecount="3" falsecount="0"/>
        <line num="68" count="31" type="cond" truecount="3" falsecount="0"/>
        <line num="69" count="30" type="cond" truecount="5" falsecount="0"/>
        <line num="70" count="5" type="cond" truecount="5" falsecount="0"/>
        <line num="72" count="27" type="cond" truecount="1" falsecount="0"/>
        <line num="73" count="20" type="cond" truecount="1" falsecount="0"/>
        <line num="74" count="19" type="cond" truecount="1" falsecount="0"/>
        <line num="75" count="18" type="cond" truecount="14" falsecount="0"/>
        <line num="89" count="16" type="stmt"/>
        <line num="91" count="2" type="stmt"/>
        <line num="96" count="3" type="stmt"/>
        <line num="97" count="55" type="stmt"/>
        <line num="98" count="52" type="stmt"/>
        <line num="99" count="52" type="stmt"/>
        <line num="101" count="52" type="stmt"/>
        <line num="103" count="45" type="cond" truecount="1" falsecount="0"/>
        <line num="104" count="13" type="cond" truecount="1" falsecount="0"/>
        <line num="106" count="38" type="cond" truecount="1" falsecount="0"/>
        <line num="107" count="3" type="cond" truecount="1" falsecount="0"/>
        <line num="109" count="37" type="cond" truecount="1" falsecount="0"/>
        <line num="110" count="11" type="cond" truecount="3" falsecount="0"/>
        <line num="111" count="2" type="stmt"/>
        <line num="114" count="9" type="cond" truecount="4" falsecount="0"/>
        <line num="115" count="2" type="stmt"/>
        <line num="120" count="3" type="stmt"/>
        <line num="122" count="3" type="stmt"/>
        <line num="123" count="10" type="stmt"/>
        <line num="124" count="10" type="stmt"/>
        <line num="125" count="10" type="stmt"/>
        <line num="126" count="10" type="cond" truecount="1" falsecount="0"/>
        <line num="127" count="9" type="cond" truecount="1" falsecount="0"/>
        <line num="129" count="9" type="stmt"/>
        <line num="132" count="3" type="stmt"/>
        <line num="133" count="4" type="stmt"/>
        <line num="134" count="4" type="stmt"/>
        <line num="135" count="4" type="stmt"/>
        <line num="136" count="4" type="stmt"/>
        <line num="139" count="3" type="stmt"/>
        <line num="140" count="1" type="stmt"/>
        <line num="143" count="3" type="stmt"/>
        <line num="144" count="2" type="stmt"/>
        <line num="145" count="2" type="stmt"/>
        <line num="146" count="2" type="stmt"/>
        <line num="147" count="2" type="cond" truecount="1" falsecount="0"/>
        <line num="148" count="2" type="stmt"/>
        <line num="151" count="3" type="stmt"/>
        <line num="152" count="8" type="stmt"/>
        <line num="153" count="8" type="stmt"/>
        <line num="154" count="8" type="stmt"/>
        <line num="155" count="8" type="cond" truecount="1" falsecount="0"/>
        <line num="156" count="7" type="cond" truecount="3" falsecount="0"/>
        <line num="157" count="6" type="stmt"/>
        <line num="160" count="3" type="stmt"/>
        <line num="161" count="10" type="stmt"/>
        <line num="162" count="10" type="stmt"/>
        <line num="163" count="10" type="cond" truecount="1" falsecount="0"/>
        <line num="164" count="9" type="cond" truecount="3" falsecount="0"/>
        <line num="165" count="7" type="stmt"/>
        <line num="168" count="3" type="stmt"/>
        <line num="169" count="1" type="stmt"/>
        <line num="170" count="1" type="stmt"/>
        <line num="171" count="1" type="cond" truecount="0" falsecount="1"/>
        <line num="172" count="0" type="stmt"/>
        <line num="176" count="3" type="stmt"/>
        <line num="177" count="4" type="stmt"/>
        <line num="178" count="4" type="stmt"/>
        <line num="179" count="4" type="cond" truecount="1" falsecount="0"/>
        <line num="180" count="2" type="cond" truecount="1" falsecount="0"/>
        <line num="183" count="3" type="stmt"/>
        <line num="184" count="5" type="stmt"/>
        <line num="185" count="5" type="stmt"/>
        <line num="186" count="5" type="cond" truecount="3" falsecount="1"/>
        <line num="187" count="4" type="cond" truecount="1" falsecount="0"/>
        <line num="188" count="3" type="cond" truecount="1" falsecount="0"/>
        <line num="189" count="3" type="stmt"/>
        <line num="192" count="3" type="stmt"/>
        <line num="193" count="1" type="stmt"/>
        <line num="194" count="1" type="stmt"/>
        <line num="195" count="1" type="stmt"/>
        <line num="198" count="3" type="stmt"/>
        <line num="199" count="1" type="stmt"/>
        <line num="200" count="1" type="stmt"/>
        <line num="201" count="1" type="stmt"/>
        <line num="208" count="3" type="stmt"/>
        <line num="209" count="150" type="cond" truecount="16" falsecount="0"/>
        <line num="211" count="2" type="stmt"/>
        <line num="212" count="2" type="stmt"/>
        <line num="214" count="1" type="stmt"/>
        <line num="215" count="1" type="stmt"/>
        <line num="217" count="44" type="stmt"/>
        <line num="218" count="23" type="stmt"/>
        <line num="220" count="55" type="stmt"/>
        <line num="221" count="33" type="stmt"/>
        <line num="223" count="10" type="stmt"/>
        <line num="224" count="9" type="stmt"/>
        <line num="226" count="4" type="stmt"/>
        <line num="227" count="2" type="stmt"/>
        <line num="229" count="1" type="stmt"/>
        <line num="230" count="1" type="stmt"/>
        <line num="232" count="2" type="stmt"/>
        <line num="233" count="1" type="stmt"/>
        <line num="235" count="8" type="stmt"/>
        <line num="236" count="3" type="stmt"/>
        <line num="238" count="10" type="stmt"/>
        <line num="239" count="6" type="stmt"/>
        <line num="241" count="1" type="stmt"/>
        <line num="242" count="1" type="stmt"/>
        <line num="244" count="4" type="stmt"/>
        <line num="245" count="1" type="stmt"/>
        <line num="247" count="5" type="stmt"/>
        <line num="248" count="1" type="stmt"/>
        <line num="250" count="1" type="stmt"/>
        <line num="251" count="1" type="stmt"/>
        <line num="253" count="1" type="stmt"/>
        <line num="254" count="1" type="stmt"/>
        <line num="256" count="1" type="stmt"/>
      </file>
    </package>
    <package name="src.system">
      <metrics statements="80" coveredstatements="70" conditionals="14" coveredconditionals="10" methods="29" coveredmethods="24"/>
      <file name="TypeAlias.ts" path="/home/runner/work/json-type/json-type/src/system/TypeAlias.ts">
        <metrics statements="28" coveredstatements="26" conditionals="3" coveredconditionals="2" methods="8" coveredmethods="6"/>
        <line num="1" count="22" type="stmt"/>
        <line num="2" count="22" type="stmt"/>
        <line num="3" count="22" type="stmt"/>
        <line num="5" count="22" type="stmt"/>
        <line num="6" count="22" type="stmt"/>
        <line num="12" count="22" type="stmt"/>
        <line num="14" count="40" type="stmt"/>
        <line num="15" count="40" type="stmt"/>
        <line num="16" count="40" type="stmt"/>
        <line num="20" count="0" type="stmt"/>
        <line num="24" count="0" type="stmt"/>
        <line num="28" count="7" type="stmt"/>
        <line num="32" count="4" type="stmt"/>
        <line num="33" count="4" type="cond" truecount="2" falsecount="0"/>
        <line num="34" count="3" type="stmt"/>
        <line num="35" count="3" type="stmt"/>
        <line num="40" count="3" type="stmt"/>
        <line num="42" count="1" type="stmt"/>
        <line num="49" count="1" type="stmt"/>
        <line num="54" count="4" type="stmt"/>
        <line num="58" count="1" type="stmt"/>
        <line num="63" count="1" type="stmt"/>
        <line num="64" count="1" type="stmt"/>
        <line num="65" count="1" type="stmt"/>
        <line num="67" count="1" type="stmt"/>
        <line num="68" count="2" type="stmt"/>
        <line num="69" count="2" type="stmt"/>
        <line num="71" count="1" type="stmt"/>
      </file>
      <file name="TypeExportContext.ts" path="/home/runner/work/json-type/json-type/src/system/TypeExportContext.ts">
        <metrics statements="6" coveredstatements="6" conditionals="2" coveredconditionals="2" methods="4" coveredmethods="4"/>
        <line num="1" count="22" type="stmt"/>
        <line num="2" count="1" type="stmt"/>
        <line num="5" count="3" type="cond" truecount="1" falsecount="0"/>
        <line num="9" count="8" type="cond" truecount="1" falsecount="0"/>
        <line num="10" count="1" type="stmt"/>
        <line num="14" count="3" type="stmt"/>
      </file>
      <file name="TypeSystem.ts" path="/home/runner/work/json-type/json-type/src/system/TypeSystem.ts">
        <metrics statements="43" coveredstatements="35" conditionals="9" coveredconditionals="6" methods="17" coveredmethods="14"/>
        <line num="1" count="22" type="stmt"/>
        <line num="2" count="22" type="stmt"/>
        <line num="3" count="22" type="stmt"/>
        <line num="4" count="22" type="stmt"/>
        <line num="9" count="22" type="stmt"/>
        <line num="10" count="465" type="stmt"/>
        <line num="12" count="465" type="stmt"/>
        <line num="18" count="465" type="stmt"/>
        <line num="19" count="40" type="stmt"/>
        <line num="20" count="40" type="cond" truecount="0" falsecount="1"/>
        <line num="21" count="40" type="stmt"/>
        <line num="22" count="40" type="stmt"/>
        <line num="23" count="40" type="stmt"/>
        <line num="26" count="465" type="stmt"/>
        <line num="27" count="31" type="stmt"/>
        <line num="28" count="31" type="cond" truecount="0" falsecount="1"/>
        <line num="29" count="31" type="stmt"/>
        <line num="32" count="465" type="stmt"/>
        <line num="34" count="465" type="stmt"/>
        <line num="35" count="31" type="stmt"/>
        <line num="36" count="31" type="cond" truecount="2" falsecount="0"/>
        <line num="39" count="465" type="stmt"/>
        <line num="41" count="465" type="stmt"/>
        <line num="42" count="26" type="cond" truecount="0" falsecount="1"/>
        <line num="43" count="0" type="stmt"/>
        <line num="44" count="26" type="stmt"/>
        <line num="47" count="465" type="stmt"/>
        <line num="48" count="28" type="stmt"/>
        <line num="49" count="28" type="cond" truecount="1" falsecount="0"/>
        <line num="50" count="27" type="stmt"/>
        <line num="54" count="0" type="stmt"/>
        <line num="55" count="0" type="stmt"/>
        <line num="56" count="0" type="stmt"/>
        <line num="58" count="0" type="stmt"/>
        <line num="69" count="0" type="stmt"/>
        <line num="70" count="0" type="stmt"/>
        <line num="71" count="0" type="stmt"/>
        <line num="75" count="2" type="stmt"/>
        <line num="76" count="2" type="stmt"/>
        <line num="80" count="2" type="stmt"/>
        <line num="83" count="7" type="stmt"/>
        <line num="87" count="2" type="stmt"/>
        <line num="90" count="1" type="stmt"/>
      </file>
      <file name="index.ts" path="/home/runner/work/json-type/json-type/src/system/index.ts">
        <metrics statements="3" coveredstatements="3" conditionals="0" coveredconditionals="0" methods="0" coveredmethods="0"/>
        <line num="1" count="17" type="stmt"/>
        <line num="2" count="17" type="stmt"/>
        <line num="3" count="17" type="stmt"/>
      </file>
    </package>
    <package name="src.type">
      <metrics statements="212" coveredstatements="204" conditionals="64" coveredconditionals="54" methods="75" coveredmethods="70"/>
      <file name="TypeBuilder.ts" path="/home/runner/work/json-type/json-type/src/type/TypeBuilder.ts">
        <metrics statements="122" coveredstatements="117" conditionals="36" coveredconditionals="29" methods="51" coveredmethods="47"/>
        <line num="1" count="30" type="stmt"/>
        <line num="2" count="30" type="stmt"/>
        <line num="8" count="30" type="stmt"/>
        <line num="27" count="30" type="stmt"/>
        <line num="28" count="480" type="stmt"/>
        <line num="33" count="88" type="stmt"/>
        <line num="37" count="28" type="stmt"/>
        <line num="41" count="15" type="stmt"/>
        <line num="45" count="45" type="stmt"/>
        <line num="49" count="145" type="stmt"/>
        <line num="53" count="362" type="stmt"/>
        <line num="57" count="20" type="stmt"/>
        <line num="61" count="27" type="stmt"/>
        <line num="65" count="17" type="stmt"/>
        <line num="69" count="14" type="stmt"/>
        <line num="73" count="2" type="stmt"/>
        <line num="77" count="2" type="stmt"/>
        <line num="82" count="480" type="stmt"/>
        <line num="83" count="480" type="stmt"/>
        <line num="84" count="480" type="stmt"/>
        <line num="85" count="480" type="stmt"/>
        <line num="86" count="480" type="stmt"/>
        <line num="87" count="480" type="stmt"/>
        <line num="89" count="480" type="stmt"/>
        <line num="90" count="1" type="stmt"/>
        <line num="91" count="480" type="stmt"/>
        <line num="93" count="480" type="stmt"/>
        <line num="94" count="4" type="stmt"/>
        <line num="99" count="480" type="stmt"/>
        <line num="122" count="480" type="stmt"/>
        <line num="123" count="1" type="stmt"/>
        <line num="124" count="9" type="stmt"/>
        <line num="125" count="1" type="stmt"/>
        <line num="126" count="1" type="stmt"/>
        <line num="127" count="1" type="stmt"/>
        <line num="134" count="480" type="stmt"/>
        <line num="149" count="480" type="stmt"/>
        <line num="152" count="3" type="stmt"/>
        <line num="157" count="138" type="stmt"/>
        <line num="158" count="138" type="stmt"/>
        <line num="159" count="138" type="stmt"/>
        <line num="172" count="146" type="stmt"/>
        <line num="173" count="146" type="stmt"/>
        <line num="174" count="146" type="stmt"/>
        <line num="178" count="59" type="stmt"/>
        <line num="179" count="59" type="stmt"/>
        <line num="180" count="59" type="stmt"/>
        <line num="184" count="402" type="stmt"/>
        <line num="185" count="402" type="stmt"/>
        <line num="186" count="402" type="stmt"/>
        <line num="190" count="515" type="stmt"/>
        <line num="191" count="515" type="stmt"/>
        <line num="192" count="515" type="stmt"/>
        <line num="196" count="43" type="stmt"/>
        <line num="197" count="43" type="stmt"/>
        <line num="198" count="43" type="stmt"/>
        <line num="202" count="119" type="stmt"/>
        <line num="203" count="119" type="stmt"/>
        <line num="204" count="119" type="stmt"/>
        <line num="208" count="43" type="stmt"/>
        <line num="209" count="43" type="stmt"/>
        <line num="210" count="43" type="stmt"/>
        <line num="214" count="277" type="stmt"/>
        <line num="215" count="277" type="stmt"/>
        <line num="216" count="277" type="stmt"/>
        <line num="220" count="493" type="stmt"/>
        <line num="221" count="493" type="stmt"/>
        <line num="222" count="493" type="stmt"/>
        <line num="226" count="134" type="stmt"/>
        <line num="227" count="134" type="stmt"/>
        <line num="228" count="134" type="stmt"/>
        <line num="232" count="42" type="stmt"/>
        <line num="233" count="42" type="stmt"/>
        <line num="234" count="42" type="stmt"/>
        <line num="238" count="37" type="stmt"/>
        <line num="239" count="37" type="stmt"/>
        <line num="240" count="37" type="stmt"/>
        <line num="244" count="38" type="stmt"/>
        <line num="245" count="38" type="stmt"/>
        <line num="246" count="38" type="stmt"/>
        <line num="254" count="8" type="stmt"/>
        <line num="255" count="8" type="stmt"/>
        <line num="256" count="8" type="stmt"/>
        <line num="264" count="5" type="stmt"/>
        <line num="265" count="5" type="stmt"/>
        <line num="266" count="5" type="stmt"/>
        <line num="270" count="480" type="cond" truecount="11" falsecount="3"/>
        <line num="272" count="48" type="stmt"/>
        <line num="274" count="10" type="stmt"/>
        <line num="276" count="187" type="stmt"/>
        <line num="278" count="89" type="stmt"/>
        <line num="280" count="21" type="stmt"/>
        <line num="282" count="22" type="stmt"/>
        <line num="284" count="0" type="stmt"/>
        <line num="286" count="47" type="stmt"/>
        <line num="288" count="87" type="cond" truecount="2" falsecount="0"/>
        <line num="295" count="5" type="cond" truecount="1" falsecount="1"/>
        <line num="297" count="34" type="stmt"/>
        <line num="299" count="35" type="stmt"/>
        <line num="301" count="2" type="stmt"/>
        <line num="303" count="0" type="stmt"/>
        <line num="307" count="0" type="stmt"/>
        <line num="311" count="0" type="stmt"/>
        <line num="315" count="220" type="cond" truecount="5" falsecount="1"/>
        <line num="317" count="1" type="stmt"/>
[...]
        <line num="2" count="30" type="stmt"/>
        <line num="5" count="30" type="stmt"/>
        <line num="7" count="30" type="stmt"/>
        <line num="9" count="30" type="stmt"/>
        <line num="13" count="30" type="stmt"/>
        <line num="21" count="30" type="stmt"/>
        <line num="25" count="43" type="stmt"/>
        <line num="28" count="43" type="stmt"/>
        <line num="29" count="43" type="stmt"/>
        <line num="33" count="70" type="stmt"/>
        <line num="35" count="152" type="stmt"/>
        <line num="40" count="3" type="stmt"/>
        <line num="41" count="3" type="stmt"/>
        <line num="45" count="32" type="stmt"/>
        <line num="46" count="32" type="stmt"/>
        <line num="47" count="32" type="stmt"/>
        <line num="48" count="32" type="stmt"/>
        <line num="49" count="64" type="stmt"/>
        <line num="50" count="64" type="stmt"/>
        <line num="51" count="64" type="stmt"/>
        <line num="53" count="32" type="stmt"/>
        <line num="57" count="0" type="stmt"/>
        <line num="58" count="0" type="stmt"/>
        <line num="59" count="0" type="stmt"/>
        <line num="60" count="0" type="stmt"/>
        <line num="61" count="0" type="stmt"/>
        <line num="62" count="0" type="stmt"/>
        <line num="63" count="0" type="stmt"/>
        <line num="65" count="0" type="stmt"/>
        <line num="66" count="0" type="stmt"/>
        <line num="73" count="8" type="stmt"/>
        <line num="74" count="8" type="stmt"/>
        <line num="75" count="8" type="stmt"/>
        <line num="77" count="8" type="stmt"/>
        <line num="80" count="8" type="stmt"/>
        <line num="81" count="8" type="stmt"/>
        <line num="82" count="8" type="stmt"/>
        <line num="83" count="14" type="cond" truecount="2" falsecount="0"/>
        <line num="84" count="7" type="stmt"/>
        <line num="85" count="7" type="stmt"/>
        <line num="89" count="4" type="stmt"/>
        <line num="93" count="4" type="stmt"/>
        <line num="97" count="5" type="stmt"/>
        <line num="98" count="5" type="stmt"/>
        <line num="99" count="5" type="stmt"/>
        <line num="100" count="5" type="stmt"/>
        <line num="101" count="5" type="stmt"/>
        <line num="103" count="5" type="stmt"/>
        <line num="106" count="5" type="stmt"/>
        <line num="107" count="5" type="stmt"/>
        <line num="108" count="5" type="stmt"/>
        <line num="109" count="5" type="stmt"/>
        <line num="111" count="5" type="stmt"/>
        <line num="112" count="9" type="stmt"/>
        <line num="113" count="9" type="stmt"/>
        <line num="114" count="9" type="stmt"/>
        <line num="115" count="9" type="stmt"/>
        <line num="116" count="9" type="cond" truecount="1" falsecount="0"/>
        <line num="118" count="5" type="stmt"/>
        <line num="120" count="5" type="stmt"/>
        <line num="126" count="0" type="stmt"/>
        <line num="127" count="0" type="stmt"/>
        <line num="128" count="0" type="cond" truecount="0" falsecount="1"/>
        <line num="129" count="0" type="stmt"/>
        <line num="130" count="0" type="stmt"/>
        <line num="131" count="0" type="stmt"/>
        <line num="132" count="0" type="stmt"/>
        <line num="133" count="0" type="stmt"/>
        <line num="137" count="8" type="stmt"/>
      </file>
    </package>
    <package name="src.typescript">
      <metrics statements="152" coveredstatements="122" conditionals="108" coveredconditionals="77" methods="14" coveredmethods="11"/>
      <file name="converter.ts" path="/home/runner/work/json-type/json-type/src/typescript/converter.ts">
        <metrics statements="85" coveredstatements="80" conditionals="53" coveredconditionals="47" methods="3" coveredmethods="3"/>
        <line num="8" count="2" type="stmt"/>
        <line num="9" count="67" type="stmt"/>
        <line num="11" count="67" type="cond" truecount="14" falsecount="1"/>
        <line num="13" count="2" type="stmt"/>
        <line num="14" count="2" type="stmt"/>
        <line num="17" count="5" type="stmt"/>
        <line num="18" count="5" type="stmt"/>
        <line num="21" count="7" type="stmt"/>
        <line num="22" count="7" type="stmt"/>
        <line num="23" count="7" type="stmt"/>
        <line num="24" count="7" type="cond" truecount="4" falsecount="0"/>
        <line num="26" count="2" type="cond" truecount="2" falsecount="0"/>
        <line num="27" count="1" type="stmt"/>
        <line num="28" count="1" type="stmt"/>
        <line num="30" count="1" type="stmt"/>
        <line num="31" count="1" type="stmt"/>
        <line num="35" count="2" type="stmt"/>
        <line num="39" count="2" type="stmt"/>
        <line num="42" count="1" type="stmt"/>
        <line num="46" count="1" type="stmt"/>
        <line num="49" count="2" type="cond" truecount="1" falsecount="0"/>
        <line num="50" count="1" type="stmt"/>
        <line num="51" count="1" type="stmt"/>
        <line num="54" count="1" type="stmt"/>
        <line num="55" count="1" type="stmt"/>
        <line num="59" count="0" type="stmt"/>
        <line num="60" count="0" type="stmt"/>
        <line num="63" count="11" type="stmt"/>
        <line num="64" count="11" type="stmt"/>
        <line num="67" count="20" type="stmt"/>
        <line num="68" count="20" type="stmt"/>
        <line num="71" count="2" type="stmt"/>
        <line num="78" count="2" type="stmt"/>
        <line num="81" count="5" type="stmt"/>
        <line num="82" count="5" type="stmt"/>
        <line num="86" count="5" type="stmt"/>
        <line num="89" count="3" type="stmt"/>
        <line num="90" count="3" type="stmt"/>
        <line num="92" count="9" type="stmt"/>
        <line num="94" count="3" type="stmt"/>
        <line num="97" count="7" type="stmt"/>
        <line num="98" count="7" type="stmt"/>
        <line num="104" count="7" type="cond" truecount="3" falsecount="0"/>
        <line num="105" count="7" type="stmt"/>
        <line num="106" count="22" type="stmt"/>
        <line num="111" count="22" type="cond" truecount="1" falsecount="0"/>
        <line num="112" count="5" type="stmt"/>
        <line num="115" count="22" type="cond" truecount="3" falsecount="0"/>
        <line num="116" count="1" type="stmt"/>
        <line num="117" count="1" type="cond" truecount="1" falsecount="0"/>
        <line num="118" count="1" type="cond" truecount="3" falsecount="0"/>
        <line num="119" count="1" type="cond" truecount="1" falsecount="0"/>
        <line num="120" count="1" type="stmt"/>
        <line num="122" count="22" type="stmt"/>
        <line num="127" count="7" type="cond" truecount="2" falsecount="1"/>
        <line num="128" count="0" type="stmt"/>
        <line num="135" count="7" type="cond" truecount="3" falsecount="0"/>
        <line num="136" count="1" type="stmt"/>
        <line num="137" count="1" type="cond" truecount="1" falsecount="0"/>
        <line num="138" count="1" type="cond" truecount="3" falsecount="0"/>
        <line num="139" count="1" type="cond" truecount="1" falsecount="0"/>
        <line num="140" count="1" type="stmt"/>
        <line num="143" count="7" type="stmt"/>
        <line num="146" count="1" type="stmt"/>
        <line num="147" count="1" type="stmt"/>
        <line num="152" count="1" type="stmt"/>
        <line num="155" count="1" type="stmt"/>
        <line num="156" count="1" type="stmt"/>
        <line num="158" count="2" type="stmt"/>
        <line num="160" count="1" type="stmt"/>
        <line num="163" count="1" type="stmt"/>
        <line num="164" count="1" type="stmt"/>
        <line num="171" count="1" type="stmt"/>
        <line num="174" count="1" type="stmt"/>
        <line num="176" count="1" type="cond" truecount="1" falsecount="1"/>
        <line num="177" count="1" type="cond" truecount="1" falsecount="1"/>
        <line num="179" count="1" type="stmt"/>
        <line num="200" count="1" type="stmt"/>
        <line num="203" count="1" type="stmt"/>
        <line num="205" count="1" type="cond" truecount="1" falsecount="1"/>
        <line num="206" count="1" type="cond" truecount="1" falsecount="1"/>
        <line num="208" count="1" type="stmt"/>
        <line num="236" count="1" type="stmt"/>
        <line num="240" count="0" type="stmt"/>
        <line num="241" count="0" type="stmt"/>
      </file>
      <file name="toText.ts" path="/home/runner/work/json-type/json-type/src/typescript/toText.ts">
        <metrics statements="61" coveredstatements="36" conditionals="48" coveredconditionals="23" methods="9" coveredmethods="6"/>
        <line num="1" count="22" type="stmt"/>
        <line num="3" count="22" type="stmt"/>
        <line num="5" count="22" type="stmt"/>
        <line num="6" count="24" type="cond" truecount="1" falsecount="0"/>
        <line num="7" count="0" type="stmt"/>
        <line num="8" count="0" type="stmt"/>
        <line num="11" count="22" type="cond" truecount="1" falsecount="0"/>
        <line num="12" count="60" type="cond" truecount="1" falsecount="0"/>
        <line num="14" count="54" type="stmt"/>
        <line num="16" count="54" type="cond" truecount="11" falsecount="14"/>
        <line num="18" count="0" type="stmt"/>
        <line num="19" count="0" type="cond" truecount="0" falsecount="2"/>
        <line num="20" count="0" type="stmt"/>
        <line num="21" count="0" type="stmt"/>
        <line num="22" count="0" type="stmt"/>
        <line num="25" count="3" type="stmt"/>
        <line num="26" count="3" type="stmt"/>
        <line num="27" count="3" type="stmt"/>
        <line num="28" count="3" type="cond" truecount="1" falsecount="1"/>
        <line num="29" count="3" type="stmt"/>
        <line num="30" count="3" type="stmt"/>
        <line num="31" count="3" type="stmt"/>
        <line num="34" count="1" type="stmt"/>
        <line num="35" count="1" type="stmt"/>
        <line num="36" count="1" type="cond" truecount="1" falsecount="1"/>
        <line num="37" count="1" type="stmt"/>
        <line num="40" count="20" type="stmt"/>
        <line num="41" count="20" type="stmt"/>
        <line num="42" count="20" type="stmt"/>
        <line num="43" count="20" type="cond" truecount="2" falsecount="0"/>
        <line num="46" count="0" type="stmt"/>
        <line num="49" count="3" type="stmt"/>
        <line num="50" count="3" type="stmt"/>
        <line num="51" count="3" type="cond" truecount="2" falsecount="0"/>
        <line num="54" count="5" type="stmt"/>
        <line num="55" count="2" type="cond" truecount="2" falsecount="0"/>
        <line num="56" count="3" type="stmt"/>
        <line num="57" count="3" type="stmt"/>
        <line num="60" count="1" type="stmt"/>
        <line num="63" count="13" type="stmt"/>
        <line num="66" count="4" type="stmt"/>
        <line num="69" count="3" type="stmt"/>
        <line num="72" count="0" type="stmt"/>
        <line num="75" count="0" type="stmt"/>
        <line num="78" count="0" type="stmt"/>
        <line num="81" count="3" type="cond" truecount="1" falsecount="1"/>
        <line num="84" count="1" type="stmt"/>
        <line num="87" count="0" type="stmt"/>
        <line num="90" count="0" type="stmt"/>
        <line num="93" count="0" type="stmt"/>
        <line num="96" count="0" type="stmt"/>
        <line num="99" count="0" type="stmt"/>
        <line num="102" count="0" type="stmt"/>
        <line num="107" count="0" type="stmt"/>
        <line num="110" count="0" type="stmt"/>
        <line num="111" count="0" type="stmt"/>
        <line num="112" count="0" type="stmt"/>
        <line num="115" count="0" type="stmt"/>
        <line num="118" count="0" type="stmt"/>
        <line num="119" count="0" type="stmt"/>
        <line num="123" count="0" type="stmt"/>
      </file>
      <file name="util.ts" path="/home/runner/work/json-type/json-type/src/typescript/util.ts">
        <metrics statements="6" coveredstatements="6" conditionals="7" coveredconditionals="7" methods="2" coveredmethods="2"/>
        <line num="3" count="22" type="stmt"/>
        <line num="5" count="22" type="stmt"/>
        <line num="69" count="22" type="stmt"/>
        <line num="70" count="20" type="cond" truecount="4" falsecount="0"/>
        <line num="72" count="22" type="stmt"/>
        <line num="73" count="3" type="cond" truecount="3" falsecount="0"/>
      </file>
    </package>
    <package name="src.util">
      <metrics statements="25" coveredstatements="25" conditionals="15" coveredconditionals="15" methods="3" coveredmethods="3"/>
      <file name="stringFormats.ts" path="/home/runner/work/json-type/json-type/src/util/stringFormats.ts">
        <metrics statements="25" coveredstatements="25" conditionals="15" coveredconditionals="15" methods="3" coveredmethods="3"/>
        <line num="10" count="31" type="stmt"/>
        <line num="11" count="35" type="stmt"/>
        <line num="12" count="35" type="stmt"/>
        <line num="13" count="121" type="cond" truecount="1" falsecount="0"/>
        <line num="14" count="16" type="stmt"/>
        <line num="17" count="19" type="stmt"/>
        <line num="29" count="31" type="stmt"/>
        <line num="30" count="37" type="stmt"/>
        <line num="31" count="37" type="stmt"/>
        <line num="32" count="118" type="stmt"/>
        <line num="35" count="118" type="cond" truecount="4" falsecount="0"/>
        <line num="37" count="27" type="cond" truecount="1" falsecount="0"/>
        <line num="38" count="7" type="stmt"/>
        <line num="40" count="20" type="stmt"/>
        <line num="41" count="20" type="cond" truecount="3" falsecount="0"/>
        <line num="42" count="3" type="stmt"/>
        <line num="44" count="17" type="stmt"/>
        <line num="45" count="91" type="cond" truecount="3" falsecount="0"/>
        <line num="47" count="4" type="stmt"/>
        <line num="51" count="23" type="stmt"/>
        <line num="57" count="31" type="stmt"/>
        <line num="58" count="6" type="cond" truecount="3" falsecount="0"/>
        <line num="60" count="2" type="stmt"/>
        <line num="62" count="3" type="stmt"/>
        <line num="64" count="1" type="stmt"/>
      </file>
    </package>
    <package name="src.value">
      <metrics statements="89" coveredstatements="26" conditionals="17" coveredconditionals="2" methods="23" coveredmethods="4"/>
      <file name="ObjectValue.ts" path="/home/runner/work/json-type/json-type/src/value/ObjectValue.ts">
        <metrics statements="58" coveredstatements="12" conditionals="11" coveredconditionals="1" methods="16" coveredmethods="3"/>
        <line num="1" count="5" type="stmt"/>
        <line num="2" count="5" type="stmt"/>
        <line num="3" count="5" type="stmt"/>
        <line num="4" count="5" type="stmt"/>
        <line num="24" count="5" type="stmt"/>
        <line num="25" count="5" type="cond" truecount="0" falsecount="1"/>
        <line num="28" count="0" type="stmt"/>
        <line num="32" count="0" type="stmt"/>
        <line num="36" count="0" type="stmt"/>
        <line num="37" count="0" type="stmt"/>
        <line num="45" count="1" type="stmt"/>
        <line num="46" count="1" type="cond" truecount="0" falsecount="1"/>
        <line num="47" count="1" type="stmt"/>
        <line num="48" count="1" type="stmt"/>
        <line num="49" count="1" type="stmt"/>
        <line num="56" count="0" type="cond" truecount="0" falsecount="2"/>
        <line num="57" count="0" type="stmt"/>
        <line num="58" count="0" type="stmt"/>
        <line num="59" count="0" type="stmt"/>
        <line num="60" count="0" type="cond" truecount="0" falsecount="1"/>
        <line num="61" count="0" type="stmt"/>
        <line num="62" count="0" type="stmt"/>
        <line num="70" count="0" type="stmt"/>
        <line num="71" count="0" type="stmt"/>
        <line num="72" count="0" type="cond" truecount="0" falsecount="2"/>
        <line num="73" count="0" type="stmt"/>
        <line num="79" count="0" type="stmt"/>
        <line num="80" count="0" type="stmt"/>
        <line num="81" count="0" type="stmt"/>
        <line num="82" count="0" type="cond" truecount="0" falsecount="1"/>
        <line num="83" count="0" type="stmt"/>
        <line num="84" count="0" type="stmt"/>
        <line num="90" count="0" type="stmt"/>
        <line num="91" count="0" type="stmt"/>
        <line num="92" count="0" type="stmt"/>
        <line num="93" count="0" type="stmt"/>
        <line num="94" count="0" type="stmt"/>
        <line num="95" count="0" type="stmt"/>
        <line num="96" count="0" type="stmt"/>
        <line num="97" count="0" type="stmt"/>
        <line num="98" count="0" type="stmt"/>
        <line num="100" count="0" type="stmt"/>
        <line num="101" count="0" type="stmt"/>
        <line num="105" count="0" type="stmt"/>
        <line num="109" count="0" type="stmt"/>
        <line num="110" count="0" type="stmt"/>
        <line num="111" count="0" type="stmt"/>
        <line num="112" count="0" type="stmt"/>
        <line num="117" count="0" type="cond" truecount="0" falsecount="1"/>
        <line num="118" count="0" type="stmt"/>
        <line num="120" count="0" type="stmt"/>
        <line num="124" count="0" type="stmt"/>
        <line num="137" count="0" type="stmt"/>
        <line num="138" count="0" type="cond" truecount="0" falsecount="1"/>
        <line num="139" count="0" type="stmt"/>
        <line num="140" count="0" type="stmt"/>
        <line num="144" count="0" type="stmt"/>
        <line num="148" count="1" type="stmt"/>
      </file>
      <file name="Value.ts" path="/home/runner/work/json-type/json-type/src/value/Value.ts">
        <metrics statements="21" coveredstatements="6" conditionals="5" coveredconditionals="1" methods="3" coveredmethods="1"/>
        <line num="5" count="30" type="stmt"/>
        <line num="7" count="3" type="stmt"/>
        <line num="8" count="3" type="stmt"/>
        <line num="12" count="0" type="stmt"/>
        <line num="13" count="0" type="stmt"/>
        <line num="14" count="0" type="cond" truecount="0" falsecount="1"/>
        <line num="15" count="0" type="stmt"/>
        <line num="16" count="0" type="cond" truecount="0" falsecount="2"/>
        <line num="17" count="0" type="stmt"/>
        <line num="21" count="30" type="cond" truecount="1" falsecount="0"/>
        <line num="22" count="30" type="stmt"/>
        <line num="23" count="30" type="stmt"/>
        <line num="24" count="0" type="stmt"/>
        <line num="25" count="0" type="stmt"/>
        <line num="27" count="0" type="stmt"/>
        <line num="29" count="0" type="stmt"/>
        <line num="30" count="0" type="stmt"/>
        <line num="31" count="0" type="cond" truecount="0" falsecount="1"/>
        <line num="32" count="0" type="stmt"/>
        <line num="34" count="0" type="stmt"/>
        <line num="37" count="0" type="stmt"/>
      </file>
      <file name="index.ts" path="/home/runner/work/json-type/json-type/src/value/index.ts">
        <metrics statements="3" coveredstatements="3" conditionals="0" coveredconditionals="0" methods="3" coveredmethods="0"/>
        <line num="1" count="4" type="stmt"/>
        <line num="2" count="4" type="stmt"/>
        <line num="3" count="4" type="stmt"/>
      </file>
      <file name="util.ts" path="/home/runner/work/json-type/json-type/src/value/util.ts">
        <metrics statements="7" coveredstatements="5" conditionals="1" coveredconditionals="0" methods="1" coveredmethods="0"/>
        <line num="1" count="4" type="stmt"/>
        <line num="2" count="4" type="stmt"/>
        <line num="3" count="4" type="stmt"/>
        <line num="5" count="4" type="stmt"/>
        <line num="8" count="4" type="stmt"/>
        <line num="9" count="0" type="cond" truecount="0" falsecount="1"/>
        <line num="10" count="0" type="stmt"/>
      </file>
    </package>
  </project>
</coverage>
