{"/home/runner/work/json-type/json-type/src/constants.ts": {"path":"/home/runner/work/json-type/json-type/src/constants.ts","statementMap":{"0":{"start":{"line":7,"column":0},"end":{"line":7,"column":null}},"1":{"start":{"line":8,"column":2},"end":{"line":8,"column":null}},"2":{"start":{"line":9,"column":2},"end":{"line":9,"column":null}},"3":{"start":{"line":10,"column":2},"end":{"line":10,"column":null}},"4":{"start":{"line":11,"column":2},"end":{"line":11,"column":null}},"5":{"start":{"line":12,"column":2},"end":{"line":12,"column":null}},"6":{"start":{"line":13,"column":2},"end":{"line":13,"column":null}},"7":{"start":{"line":14,"column":2},"end":{"line":14,"column":null}},"8":{"start":{"line":15,"column":2},"end":{"line":15,"column":null}},"9":{"start":{"line":16,"column":2},"end":{"line":16,"column":null}},"10":{"start":{"line":17,"column":2},"end":{"line":17,"column":null}},"11":{"start":{"line":18,"column":2},"end":{"line":18,"column":null}},"12":{"start":{"line":19,"column":2},"end":{"line":19,"column":null}},"13":{"start":{"line":20,"column":2},"end":{"line":20,"column":null}},"14":{"start":{"line":21,"column":2},"end":{"line":21,"column":null}},"15":{"start":{"line":22,"column":2},"end":{"line":22,"column":null}},"16":{"start":{"line":23,"column":2},"end":{"line":23,"column":null}},"17":{"start":{"line":24,"column":2},"end":{"line":24,"column":null}},"18":{"start":{"line":25,"column":2},"end":{"line":25,"column":null}},"19":{"start":{"line":26,"column":2},"end":{"line":26,"column":null}},"20":{"start":{"line":27,"column":2},"end":{"line":27,"column":null}},"21":{"start":{"line":28,"column":2},"end":{"line":28,"column":null}},"22":{"start":{"line":29,"column":2},"end":{"line":29,"column":null}},"23":{"start":{"line":30,"column":2},"end":{"line":30,"column":null}},"24":{"start":{"line":31,"column":2},"end":{"line":31,"column":null}},"25":{"start":{"line":35,"column":13},"end":{"line":60,"column":2}}},"fnMap":{"0":{"name":"(anonymous_0)","decl":{"start":{"line":7,"column":0},"end":{"line":7,"column":12}},"loc":{"start":{"line":7,"column":27},"end":{"line":32,"column":1}}}},"branchMap":{"0":{"loc":{"start":{"line":7,"column":12},"end":{"line":7,"column":null}},"type":"binary-expr","locations":[{"start":{"line":7,"column":12},"end":{"line":7,"column":27}},{"start":{"line":7,"column":27},"end":{"line":7,"column":null}}]}},"s":{"0":25,"1":25,"2":25,"3":25,"4":25,"5":25,"6":25,"7":25,"8":25,"9":25,"10":25,"11":25,"12":25,"13":25,"14":25,"15":25,"16":25,"17":25,"18":25,"19":25,"20":25,"21":25,"22":25,"23":25,"24":25,"25":25},"f":{"0":25},"b":{"0":[25,25]}}
,"/home/runner/work/json-type/json-type/src/util.ts": {"path":"/home/runner/work/json-type/json-type/src/util.ts","statementMap":{"0":{"start":{"line":3,"column":13},"end":{"line":3,"column":80}},"1":{"start":{"line":4,"column":13},"end":{"line":4,"column":89}},"2":{"start":{"line":5,"column":13},"end":{"line":5,"column":68}},"3":{"start":{"line":7,"column":13},"end":{"line":7,"column":36}},"4":{"start":{"line":8,"column":13},"end":{"line":8,"column":34}},"5":{"start":{"line":9,"column":13},"end":{"line":9,"column":38}},"6":{"start":{"line":11,"column":13},"end":{"line":11,"column":89}}},"fnMap":{},"branchMap":{},"s":{"0":25,"1":25,"2":25,"3":25,"4":25,"5":25,"6":25},"f":{},"b":{}}
,"/home/runner/work/json-type/json-type/src/codegen/WriteBlobStep.ts": {"path":"/home/runner/work/json-type/json-type/src/codegen/WriteBlobStep.ts","statementMap":{"0":{"start":{"line":2,"column":21},"end":{"line":2,"column":36}},"1":{"start":{"line":1,"column":0},"end":{"line":1,"column":13}}},"fnMap":{"0":{"name":"(anonymous_0)","decl":{"start":{"line":2,"column":2},"end":{"line":2,"column":21}},"loc":{"start":{"line":2,"column":36},"end":{"line":2,"column":40}}}},"branchMap":{},"s":{"0":498,"1":25},"f":{"0":498},"b":{}}
,"/home/runner/work/json-type/json-type/src/codegen/binary/BinaryEncoderCodegenContext.ts": {"path":"/home/runner/work/json-type/json-type/src/codegen/binary/BinaryEncoderCodegenContext.ts","statementMap":{"0":{"start":{"line":1,"column":0},"end":{"line":1,"column":73}},"1":{"start":{"line":2,"column":0},"end":{"line":2,"column":47}},"2":{"start":{"line":3,"column":0},"end":{"line":3,"column":60}},"3":{"start":{"line":4,"column":0},"end":{"line":4,"column":40}},"4":{"start":{"line":29,"column":30},"end":{"line":29,"column":82}},"5":{"start":{"line":30,"column":4},"end":{"line":62,"column":7}},"6":{"start":{"line":42,"column":36},"end":{"line":42,"column":38}},"7":{"start":{"line":43,"column":8},"end":{"line":51,"column":9}},"8":{"start":{"line":43,"column":21},"end":{"line":43,"column":22}},"9":{"start":{"line":44,"column":23},"end":{"line":44,"column":31}},"10":{"start":{"line":45,"column":10},"end":{"line":50,"column":11}},"11":{"start":{"line":45,"column":49},"end":{"line":45,"column":72}},"12":{"start":{"line":46,"column":15},"end":{"line":50,"column":11}},"13":{"start":{"line":47,"column":25},"end":{"line":47,"column":60}},"14":{"start":{"line":48,"column":12},"end":{"line":49,"column":40}},"15":{"start":{"line":48,"column":47},"end":{"line":48,"column":85}},"16":{"start":{"line":49,"column":17},"end":{"line":49,"column":40}},"17":{"start":{"line":52,"column":47},"end":{"line":52,"column":49}},"18":{"start":{"line":53,"column":8},"end":{"line":59,"column":9}},"19":{"start":{"line":54,"column":10},"end":{"line":58,"column":11}},"20":{"start":{"line":55,"column":12},"end":{"line":55,"column":33}},"21":{"start":{"line":56,"column":17},"end":{"line":58,"column":11}},"22":{"start":{"line":57,"column":12},"end":{"line":57,"column":51}},"23":{"start":{"line":60,"column":8},"end":{"line":60,"column":25}},"24":{"start":{"line":63,"column":4},"end":{"line":63,"column":87}},"25":{"start":{"line":67,"column":16},"end":{"line":67,"column":33}},"26":{"start":{"line":68,"column":4},"end":{"line":68,"column":57}},"27":{"start":{"line":68,"column":17},"end":{"line":68,"column":18}},"28":{"start":{"line":68,"column":32},"end":{"line":68,"column":57}},"29":{"start":{"line":69,"column":17},"end":{"line":69,"column":41}},"30":{"start":{"line":70,"column":19},"end":{"line":70,"column":39}},"31":{"start":{"line":71,"column":4},"end":{"line":71,"column":35}},"32":{"start":{"line":75,"column":28},"end":{"line":75,"column":30}},"33":{"start":{"line":76,"column":15},"end":{"line":76,"column":41}},"34":{"start":{"line":77,"column":19},"end":{"line":77,"column":34}},"35":{"start":{"line":78,"column":4},"end":{"line":103,"column":5}},"36":{"start":{"line":79,"column":6},"end":{"line":79,"column":65}},"37":{"start":{"line":81,"column":6},"end":{"line":81,"column":42}},"38":{"start":{"line":82,"column":6},"end":{"line":82,"column":52}},"39":{"start":{"line":83,"column":14},"end":{"line":83,"column":15}},"40":{"start":{"line":84,"column":6},"end":{"line":102,"column":7}},"41":{"start":{"line":85,"column":26},"end":{"line":85,"column":36}},"42":{"start":{"line":86,"column":8},"end":{"line":101,"column":9}},"43":{"start":{"line":87,"column":24},"end":{"line":87,"column":54}},"44":{"start":{"line":88,"column":10},"end":{"line":88,"column":90}},"45":{"start":{"line":89,"column":10},"end":{"line":89,"column":17}},"46":{"start":{"line":90,"column":15},"end":{"line":101,"column":9}},"47":{"start":{"line":91,"column":24},"end":{"line":91,"column":112}},"48":{"start":{"line":92,"column":10},"end":{"line":92,"column":86}},"49":{"start":{"line":93,"column":10},"end":{"line":93,"column":17}},"50":{"start":{"line":94,"column":15},"end":{"line":101,"column":9}},"51":{"start":{"line":95,"column":24},"end":{"line":95,"column":60}},"52":{"start":{"line":96,"column":10},"end":{"line":96,"column":86}},"53":{"start":{"line":97,"column":10},"end":{"line":97,"column":17}},"54":{"start":{"line":99,"column":10},"end":{"line":99,"column":85}},"55":{"start":{"line":100,"column":10},"end":{"line":100,"column":14}},"56":{"start":{"line":104,"column":15},"end":{"line":104,"column":31}},"57":{"start":{"line":105,"column":4},"end":{"line":105,"column":37}},"58":{"start":{"line":109,"column":4},"end":{"line":109,"column":24}},"59":{"start":{"line":113,"column":22},"end":{"line":113,"column":34}},"60":{"start":{"line":114,"column":4},"end":{"line":114,"column":27}},"61":{"start":{"line":115,"column":4},"end":{"line":115,"column":22}},"62":{"start":{"line":116,"column":4},"end":{"line":116,"column":34}},"63":{"start":{"line":120,"column":4},"end":{"line":120,"column":46}},"64":{"start":{"line":124,"column":4},"end":{"line":124,"column":34}},"65":{"start":{"line":26,"column":0},"end":{"line":26,"column":13}}},"fnMap":{"0":{"name":"(anonymous_0)","decl":{"start":{"line":29,"column":2},"end":{"line":29,"column":30}},"loc":{"start":{"line":29,"column":82},"end":{"line":64,"column":3}}},"1":{"name":"(anonymous_1)","decl":{"start":{"line":41,"column":20},"end":{"line":41,"column":21}},"loc":{"start":{"line":41,"column":30},"end":{"line":61,"column":7}}},"2":{"name":"(anonymous_2)","decl":{"start":{"line":66,"column":9},"end":{"line":66,"column":21}},"loc":{"start":{"line":66,"column":53},"end":{"line":72,"column":3}}},"3":{"name":"(anonymous_3)","decl":{"start":{"line":74,"column":10},"end":{"line":74,"column":21}},"loc":{"start":{"line":74,"column":41},"end":{"line":106,"column":3}}},"4":{"name":"(anonymous_4)","decl":{"start":{"line":108,"column":9},"end":{"line":108,"column":11}},"loc":{"start":{"line":108,"column":22},"end":{"line":110,"column":3}}},"5":{"name":"(anonymous_5)","decl":{"start":{"line":112,"column":9},"end":{"line":112,"column":12}},"loc":{"start":{"line":112,"column":49},"end":{"line":117,"column":3}}},"6":{"name":"(anonymous_6)","decl":{"start":{"line":119,"column":9},"end":{"line":119,"column":13}},"loc":{"start":{"line":119,"column":29},"end":{"line":121,"column":3}}},"7":{"name":"(anonymous_7)","decl":{"start":{"line":123,"column":9},"end":{"line":123,"column":16}},"loc":{"start":{"line":123,"column":16},"end":{"line":125,"column":3}}}},"branchMap":{"0":{"loc":{"start":{"line":31,"column":26},"end":{"line":31,"column":64}},"type":"cond-expr","locations":[{"start":{"line":31,"column":41},"end":{"line":31,"column":59}},{"start":{"line":31,"column":62},"end":{"line":31,"column":64}}]},"1":{"loc":{"start":{"line":45,"column":10},"end":{"line":50,"column":11}},"type":"if","locations":[{"start":{"line":45,"column":10},"end":{"line":50,"column":11}},{"start":{"line":46,"column":15},"end":{"line":50,"column":11}}]},"2":{"loc":{"start":{"line":46,"column":15},"end":{"line":50,"column":11}},"type":"if","locations":[{"start":{"line":46,"column":15},"end":{"line":50,"column":11}}]},"3":{"loc":{"start":{"line":48,"column":12},"end":{"line":49,"column":40}},"type":"if","locations":[{"start":{"line":48,"column":12},"end":{"line":49,"column":40}},{"start":{"line":49,"column":17},"end":{"line":49,"column":40}}]},"4":{"loc":{"start":{"line":54,"column":10},"end":{"line":58,"column":11}},"type":"if","locations":[{"start":{"line":54,"column":10},"end":{"line":58,"column":11}},{"start":{"line":56,"column":17},"end":{"line":58,"column":11}}]},"5":{"loc":{"start":{"line":56,"column":17},"end":{"line":58,"column":11}},"type":"if","locations":[{"start":{"line":56,"column":17},"end":{"line":58,"column":11}}]},"6":{"loc":{"start":{"line":78,"column":4},"end":{"line":103,"column":5}},"type":"if","locations":[{"start":{"line":78,"column":4},"end":{"line":103,"column":5}},{"start":{"line":80,"column":11},"end":{"line":103,"column":5}}]},"7":{"loc":{"start":{"line":86,"column":8},"end":{"line":101,"column":9}},"type":"if","locations":[{"start":{"line":86,"column":8},"end":{"line":101,"column":9}},{"start":{"line":90,"column":15},"end":{"line":101,"column":9}}]},"8":{"loc":{"start":{"line":88,"column":56},"end":{"line":88,"column":74}},"type":"cond-expr","locations":[{"start":{"line":88,"column":60},"end":{"line":88,"column":69}},{"start":{"line":88,"column":72},"end":{"line":88,"column":74}}]},"9":{"loc":{"start":{"line":90,"column":15},"end":{"line":101,"column":9}},"type":"if","locations":[{"start":{"line":90,"column":15},"end":{"line":101,"column":9}},{"start":{"line":94,"column":15},"end":{"line":101,"column":9}}]},"10":{"loc":{"start":{"line":92,"column":52},"end":{"line":92,"column":70}},"type":"cond-expr","locations":[{"start":{"line":92,"column":56},"end":{"line":92,"column":65}},{"start":{"line":92,"column":68},"end":{"line":92,"column":70}}]},"11":{"loc":{"start":{"line":94,"column":15},"end":{"line":101,"column":9}},"type":"if","locations":[{"start":{"line":94,"column":15},"end":{"line":101,"column":9}},{"start":{"line":98,"column":15},"end":{"line":101,"column":9}}]},"12":{"loc":{"start":{"line":96,"column":52},"end":{"line":96,"column":70}},"type":"cond-expr","locations":[{"start":{"line":96,"column":56},"end":{"line":96,"column":65}},{"start":{"line":96,"column":68},"end":{"line":96,"column":70}}]},"13":{"loc":{"start":{"line":99,"column":44},"end":{"line":99,"column":62}},"type":"cond-expr","locations":[{"start":{"line":99,"column":48},"end":{"line":99,"column":57}},{"start":{"line":99,"column":60},"end":{"line":99,"column":62}}]}},"s":{"0":25,"1":25,"2":25,"3":25,"4":117,"5":117,"6":117,"7":117,"8":117,"9":1945,"10":1945,"11":1447,"12":498,"13":498,"14":498,"15":124,"16":374,"17":117,"18":117,"19":1821,"20":1447,"21":374,"22":374,"23":117,"24":117,"25":58,"26":58,"27":58,"28":464,"29":58,"30":58,"31":58,"32":374,"33":374,"34":374,"35":374,"36":153,"37":221,"38":221,"39":221,"40":221,"41":406,"42":406,"43":58,"44":58,"45":58,"46":348,"47":135,"48":135,"49":135,"50":213,"51":99,"52":99,"53":99,"54":114,"55":114,"56":374,"57":374,"58":638,"59":452,"60":452,"61":452,"62":452,"63":498,"64":117,"65":25},"f":{"0":117,"1":117,"2":58,"3":374,"4":638,"5":452,"6":498,"7":117},"b":{"0":[0,117],"1":[1447,498],"2":[498],"3":[124,374],"4":[1447,374],"5":[374],"6":[153,221],"7":[58,348],"8":[0,58],"9":[135,213],"10":[8,127],"11":[99,114],"12":[63,36],"13":[114,0]}}
,"/home/runner/work/json-type/json-type/src/codegen/binary/CborEncoderCodegenContext.ts": {"path":"/home/runner/work/json-type/json-type/src/codegen/binary/CborEncoderCodegenContext.ts","statementMap":{"0":{"start":{"line":2,"column":0},"end":{"line":2,"column":115}},"1":{"start":{"line":5,"column":0},"end":{"line":5,"column":13}}},"fnMap":{},"branchMap":{},"s":{"0":25,"1":25},"f":{},"b":{}}
,"/home/runner/work/json-type/json-type/src/codegen/binary/JsonEncoderCodegenContext.ts": {"path":"/home/runner/work/json-type/json-type/src/codegen/binary/JsonEncoderCodegenContext.ts","statementMap":{"0":{"start":{"line":2,"column":0},"end":{"line":2,"column":115}},"1":{"start":{"line":5,"column":0},"end":{"line":5,"column":13}}},"fnMap":{},"branchMap":{},"s":{"0":25,"1":25},"f":{},"b":{}}
,"/home/runner/work/json-type/json-type/src/codegen/binary/MessagePackEncoderCodegenContext.ts": {"path":"/home/runner/work/json-type/json-type/src/codegen/binary/MessagePackEncoderCodegenContext.ts","statementMap":{"0":{"start":{"line":2,"column":0},"end":{"line":2,"column":115}},"1":{"start":{"line":5,"column":0},"end":{"line":5,"column":13}}},"fnMap":{},"branchMap":{},"s":{"0":25,"1":25},"f":{},"b":{}}
,"/home/runner/work/json-type/json-type/src/codegen/binary/__tests__/testBinaryCodegen.ts": {"path":"/home/runner/work/json-type/json-type/src/codegen/binary/__tests__/testBinaryCodegen.ts","statementMap":{"0":{"start":{"line":1,"column":0},"end":{"line":1,"column":43}},"1":{"start":{"line":4,"column":33},"end":{"line":589,"column":1}},"2":{"start":{"line":5,"column":2},"end":{"line":21,"column":5}},"3":{"start":{"line":6,"column":4},"end":{"line":12,"column":7}},"4":{"start":{"line":7,"column":21},"end":{"line":7,"column":37}},"5":{"start":{"line":8,"column":18},"end":{"line":8,"column":30}},"6":{"start":{"line":9,"column":20},"end":{"line":9,"column":32}},"7":{"start":{"line":10,"column":22},"end":{"line":10,"column":51}},"8":{"start":{"line":11,"column":6},"end":{"line":11,"column":43}},"9":{"start":{"line":14,"column":4},"end":{"line":20,"column":7}},"10":{"start":{"line":15,"column":21},"end":{"line":15,"column":37}},"11":{"start":{"line":16,"column":18},"end":{"line":16,"column":30}},"12":{"start":{"line":17,"column":20},"end":{"line":17,"column":23}},"13":{"start":{"line":18,"column":22},"end":{"line":18,"column":51}},"14":{"start":{"line":19,"column":6},"end":{"line":19,"column":43}},"15":{"start":{"line":23,"column":2},"end":{"line":38,"column":5}},"16":{"start":{"line":24,"column":4},"end":{"line":30,"column":7}},"17":{"start":{"line":25,"column":21},"end":{"line":25,"column":37}},"18":{"start":{"line":26,"column":18},"end":{"line":26,"column":42}},"19":{"start":{"line":27,"column":20},"end":{"line":27,"column":32}},"20":{"start":{"line":28,"column":22},"end":{"line":28,"column":51}},"21":{"start":{"line":29,"column":6},"end":{"line":29,"column":41}},"22":{"start":{"line":32,"column":4},"end":{"line":37,"column":7}},"23":{"start":{"line":33,"column":21},"end":{"line":33,"column":37}},"24":{"start":{"line":34,"column":18},"end":{"line":34,"column":50}},"25":{"start":{"line":35,"column":22},"end":{"line":35,"column":65}},"26":{"start":{"line":36,"column":6},"end":{"line":36,"column":47}},"27":{"start":{"line":40,"column":2},"end":{"line":49,"column":5}},"28":{"start":{"line":41,"column":4},"end":{"line":48,"column":7}},"29":{"start":{"line":42,"column":21},"end":{"line":42,"column":37}},"30":{"start":{"line":43,"column":18},"end":{"line":43,"column":31}},"31":{"start":{"line":44,"column":6},"end":{"line":44,"column":63}},"32":{"start":{"line":45,"column":6},"end":{"line":45,"column":65}},"33":{"start":{"line":46,"column":6},"end":{"line":46,"column":60}},"34":{"start":{"line":47,"column":6},"end":{"line":47,"column":61}},"35":{"start":{"line":51,"column":2},"end":{"line":91,"column":5}},"36":{"start":{"line":52,"column":4},"end":{"line":61,"column":7}},"37":{"start":{"line":53,"column":21},"end":{"line":53,"column":37}},"38":{"start":{"line":54,"column":18},"end":{"line":54,"column":30}},"39":{"start":{"line":55,"column":6},"end":{"line":55,"column":48}},"40":{"start":{"line":56,"column":6},"end":{"line":56,"column":48}},"41":{"start":{"line":57,"column":6},"end":{"line":57,"column":52}},"42":{"start":{"line":58,"column":6},"end":{"line":58,"column":72}},"43":{"start":{"line":59,"column":6},"end":{"line":59,"column":60}},"44":{"start":{"line":60,"column":6},"end":{"line":60,"column":56}},"45":{"start":{"line":63,"column":4},"end":{"line":71,"column":7}},"46":{"start":{"line":64,"column":21},"end":{"line":64,"column":37}},"47":{"start":{"line":65,"column":18},"end":{"line":65,"column":53}},"48":{"start":{"line":66,"column":6},"end":{"line":66,"column":48}},"49":{"start":{"line":67,"column":6},"end":{"line":67,"column":48}},"50":{"start":{"line":68,"column":6},"end":{"line":68,"column":52}},"51":{"start":{"line":69,"column":6},"end":{"line":69,"column":66}},"52":{"start":{"line":70,"column":6},"end":{"line":70,"column":50}},"53":{"start":{"line":73,"column":4},"end":{"line":80,"column":7}},"54":{"start":{"line":74,"column":21},"end":{"line":74,"column":37}},"55":{"start":{"line":75,"column":18},"end":{"line":75,"column":54}},"56":{"start":{"line":76,"column":6},"end":{"line":76,"column":48}},"57":{"start":{"line":77,"column":6},"end":{"line":77,"column":48}},"58":{"start":{"line":78,"column":6},"end":{"line":78,"column":52}},"59":{"start":{"line":79,"column":6},"end":{"line":79,"column":50}},"60":{"start":{"line":82,"column":4},"end":{"line":90,"column":7}},"61":{"start":{"line":83,"column":21},"end":{"line":83,"column":37}},"62":{"start":{"line":84,"column":18},"end":{"line":84,"column":53}},"63":{"start":{"line":85,"column":6},"end":{"line":85,"column":48}},"64":{"start":{"line":86,"column":6},"end":{"line":86,"column":48}},"65":{"start":{"line":87,"column":6},"end":{"line":87,"column":52}},"66":{"start":{"line":88,"column":6},"end":{"line":88,"column":52}},"67":{"start":{"line":89,"column":6},"end":{"line":89,"column":60}},"68":{"start":{"line":93,"column":2},"end":{"line":125,"column":5}},"69":{"start":{"line":94,"column":4},"end":{"line":108,"column":7}},"70":{"start":{"line":95,"column":21},"end":{"line":95,"column":37}},"71":{"start":{"line":96,"column":19},"end":{"line":96,"column":31}},"72":{"start":{"line":97,"column":18},"end":{"line":97,"column":20}},"73":{"start":{"line":98,"column":6},"end":{"line":98,"column":57}},"74":{"start":{"line":99,"column":6},"end":{"line":99,"column":18}},"75":{"start":{"line":100,"column":6},"end":{"line":100,"column":57}},"76":{"start":{"line":101,"column":6},"end":{"line":101,"column":25}},"77":{"start":{"line":102,"column":6},"end":{"line":102,"column":57}},"78":{"start":{"line":103,"column":6},"end":{"line":103,"column":58}},"79":{"start":{"line":104,"column":6},"end":{"line":104,"column":57}},"80":{"start":{"line":105,"column":6},"end":{"line":106,"column":134}},"81":{"start":{"line":107,"column":6},"end":{"line":107,"column":57}},"82":{"start":{"line":110,"column":4},"end":{"line":124,"column":7}},"83":{"start":{"line":111,"column":21},"end":{"line":111,"column":37}},"84":{"start":{"line":112,"column":19},"end":{"line":112,"column":54}},"85":{"start":{"line":113,"column":18},"end":{"line":113,"column":20}},"86":{"start":{"line":114,"column":6},"end":{"line":114,"column":57}},"87":{"start":{"line":115,"column":6},"end":{"line":115,"column":18}},"88":{"start":{"line":116,"column":6},"end":{"line":116,"column":57}},"89":{"start":{"line":117,"column":6},"end":{"line":117,"column":25}},"90":{"start":{"line":118,"column":6},"end":{"line":118,"column":57}},"91":{"start":{"line":119,"column":6},"end":{"line":119,"column":58}},"92":{"start":{"line":120,"column":6},"end":{"line":120,"column":57}},"93":{"start":{"line":121,"column":6},"end":{"line":122,"column":134}},"94":{"start":{"line":123,"column":6},"end":{"line":123,"column":61}},"95":{"start":{"line":127,"column":2},"end":{"line":136,"column":5}},"96":{"start":{"line":128,"column":4},"end":{"line":135,"column":7}},"97":{"start":{"line":129,"column":21},"end":{"line":129,"column":37}},"98":{"start":{"line":130,"column":19},"end":{"line":130,"column":31}},"99":{"start":{"line":131,"column":18},"end":{"line":131,"column":34}},"100":{"start":{"line":132,"column":6},"end":{"line":132,"column":66}},"101":{"start":{"line":133,"column":6},"end":{"line":133,"column":40}},"102":{"start":{"line":134,"column":6},"end":{"line":134,"column":66}},"103":{"start":{"line":138,"column":2},"end":{"line":165,"column":5}},"104":{"start":{"line":139,"column":4},"end":{"line":146,"column":7}},"105":{"start":{"line":140,"column":21},"end":{"line":140,"column":37}},"106":{"start":{"line":141,"column":19},"end":{"line":141,"column":31}},"107":{"start":{"line":142,"column":25},"end":{"line":142,"column":27}},"108":{"start":{"line":143,"column":6},"end":{"line":143,"column":66}},"109":{"start":{"line":144,"column":6},"end":{"line":144,"column":24}},"110":{"start":{"line":145,"column":6},"end":{"line":145,"column":66}},"111":{"start":{"line":148,"column":4},"end":{"line":157,"column":7}},"112":{"start":{"line":149,"column":21},"end":{"line":149,"column":37}},"113":{"start":{"line":150,"column":19},"end":{"line":150,"column":47}},"114":{"start":{"line":151,"column":27},"end":{"line":155,"column":8}},"115":{"start":{"line":156,"column":6},"end":{"line":156,"column":66}},"116":{"start":{"line":159,"column":4},"end":{"line":164,"column":7}},"117":{"start":{"line":160,"column":21},"end":{"line":160,"column":37}},"118":{"start":{"line":161,"column":19},"end":{"line":161,"column":47}},"119":{"start":{"line":162,"column":27},"end":{"line":162,"column":42}},"120":{"start":{"line":163,"column":6},"end":{"line":163,"column":66}},"121":{"start":{"line":167,"column":2},"end":{"line":191,"column":5}},"122":{"start":{"line":168,"column":4},"end":{"line":174,"column":7}},"123":{"start":{"line":169,"column":21},"end":{"line":169,"column":37}},"124":{"start":{"line":170,"column":16},"end":{"line":170,"column":24}},"125":{"start":{"line":171,"column":19},"end":{"line":171,"column":55}},"126":{"start":{"line":172,"column":27},"end":{"line":172,"column":45}},"127":{"start":{"line":173,"column":6},"end":{"line":173,"column":66}},"128":{"start":{"line":176,"column":4},"end":{"line":182,"column":7}},"129":{"start":{"line":177,"column":21},"end":{"line":177,"column":37}},"130":{"start":{"line":178,"column":16},"end":{"line":178,"column":24}},"131":{"start":{"line":179,"column":19},"end":{"line":179,"column":35}},"132":{"start":{"line":180,"column":27},"end":{"line":180,"column":29}},"133":{"start":{"line":181,"column":6},"end":{"line":181,"column":66}},"134":{"start":{"line":184,"column":4},"end":{"line":190,"column":7}},"135":{"start":{"line":185,"column":21},"end":{"line":185,"column":37}},"136":{"start":{"line":186,"column":16},"end":{"line":186,"column":24}},"137":{"start":{"line":187,"column":19},"end":{"line":187,"column":47}},"138":{"start":{"line":188,"column":27},"end":{"line":188,"column":48}},"139":{"start":{"line":189,"column":6},"end":{"line":189,"column":66}},"140":{"start":{"line":193,"column":2},"end":{"line":370,"column":5}},"141":{"start":{"line":194,"column":4},"end":{"line":200,"column":7}},"142":{"start":{"line":195,"column":21},"end":{"line":195,"column":37}},"143":{"start":{"line":196,"column":16},"end":{"line":196,"column":24}},"144":{"start":{"line":197,"column":19},"end":{"line":197,"column":24}},"145":{"start":{"line":198,"column":25},"end":{"line":198,"column":27}},"146":{"start":{"line":199,"column":6},"end":{"line":199,"column":66}},"147":{"start":{"line":202,"column":4},"end":{"line":210,"column":7}},"148":{"start":{"line":203,"column":21},"end":{"line":203,"column":37}},"149":{"start":{"line":204,"column":16},"end":{"line":204,"column":24}},"150":{"start":{"line":205,"column":19},"end":{"line":205,"column":55}},"151":{"start":{"line":206,"column":26},"end":{"line":206,"column":28}},"152":{"start":{"line":207,"column":6},"end":{"line":207,"column":68}},"153":{"start":{"line":208,"column":26},"end":{"line":208,"column":41}},"154":{"start":{"line":209,"column":6},"end":{"line":209,"column":68}},"155":{"start":{"line":212,"column":4},"end":{"line":222,"column":7}},"156":{"start":{"line":213,"column":21},"end":{"line":213,"column":37}},"157":{"start":{"line":214,"column":16},"end":{"line":214,"column":24}},"158":{"start":{"line":215,"column":19},"end":{"line":215,"column":101}},"159":{"start":{"line":216,"column":25},"end":{"line":220,"column":8}},"160":{"start":{"line":221,"column":6},"end":{"line":221,"column":66}},"161":{"start":{"line":224,"column":4},"end":{"line":233,"column":7}},"162":{"start":{"line":225,"column":21},"end":{"line":225,"column":37}},"163":{"start":{"line":226,"column":16},"end":{"line":226,"column":24}},"164":{"start":{"line":227,"column":19},"end":{"line":227,"column":74}},"165":{"start":{"line":228,"column":25},"end":{"line":231,"column":8}},"166":{"start":{"line":232,"column":6},"end":{"line":232,"column":66}},"167":{"start":{"line":235,"column":4},"end":{"line":251,"column":7}},"168":{"start":{"line":236,"column":21},"end":{"line":236,"column":37}},"169":{"start":{"line":237,"column":16},"end":{"line":237,"column":24}},"170":{"start":{"line":238,"column":19},"end":{"line":242,"column":null}},"171":{"start":{"line":244,"column":25},"end":{"line":249,"column":8}},"172":{"start":{"line":250,"column":6},"end":{"line":250,"column":90}},"173":{"start":{"line":253,"column":4},"end":{"line":267,"column":7}},"174":{"start":{"line":254,"column":21},"end":{"line":254,"column":37}},"175":{"start":{"line":255,"column":16},"end":{"line":255,"column":24}},"176":{"start":{"line":256,"column":19},"end":{"line":258,"column":45}},"177":{"start":{"line":259,"column":25},"end":{"line":265,"column":8}},"178":{"start":{"line":266,"column":6},"end":{"line":266,"column":66}},"179":{"start":{"line":269,"column":4},"end":{"line":315,"column":7}},"180":{"start":{"line":270,"column":21},"end":{"line":270,"column":37}},"181":{"start":{"line":271,"column":16},"end":{"line":271,"column":24}},"182":{"start":{"line":272,"column":19},"end":{"line":282,"column":45}},"183":{"start":{"line":283,"column":22},"end":{"line":299,"column":8}},"184":{"start":{"line":300,"column":6},"end":{"line":314,"column":9}},"185":{"start":{"line":317,"column":4},"end":{"line":342,"column":7}},"186":{"start":{"line":318,"column":21},"end":{"line":318,"column":37}},"187":{"start":{"line":319,"column":16},"end":{"line":319,"column":24}},"188":{"start":{"line":320,"column":19},"end":{"line":322,"column":45}},"189":{"start":{"line":323,"column":23},"end":{"line":329,"column":8}},"190":{"start":{"line":330,"column":6},"end":{"line":330,"column":66}},"191":{"start":{"line":331,"column":6},"end":{"line":334,"column":8}},"192":{"start":{"line":335,"column":6},"end":{"line":335,"column":66}},"193":{"start":{"line":336,"column":6},"end":{"line":338,"column":8}},"194":{"start":{"line":339,"column":6},"end":{"line":339,"column":66}},"195":{"start":{"line":340,"column":6},"end":{"line":340,"column":17}},"196":{"start":{"line":341,"column":6},"end":{"line":341,"column":66}},"197":{"start":{"line":344,"column":4},"end":{"line":369,"column":7}},"198":{"start":{"line":345,"column":21},"end":{"line":345,"column":37}},"199":{"start":{"line":346,"column":16},"end":{"line":346,"column":24}},"200":{"start":{"line":347,"column":19},"end":{"line":349,"column":46}},"201":{"start":{"line":350,"column":23},"end":{"line":354,"column":8}},"202":{"start":{"line":355,"column":6},"end":{"line":355,"column":66}},"203":{"start":{"line":356,"column":6},"end":{"line":359,"column":8}},"204":{"start":{"line":360,"column":6},"end":{"line":362,"column":9}},"205":{"start":{"line":363,"column":6},"end":{"line":365,"column":8}},"206":{"start":{"line":366,"column":6},"end":{"line":366,"column":63}},"207":{"start":{"line":367,"column":6},"end":{"line":367,"column":17}},"208":{"start":{"line":368,"column":6},"end":{"line":368,"column":63}},"209":{"start":{"line":372,"column":2},"end":{"line":404,"column":5}},"210":{"start":{"line":373,"column":4},"end":{"line":379,"column":7}},"211":{"start":{"line":374,"column":21},"end":{"line":374,"column":37}},"212":{"start":{"line":375,"column":16},"end":{"line":375,"column":24}},"213":{"start":{"line":376,"column":19},"end":{"line":376,"column":24}},"214":{"start":{"line":377,"column":25},"end":{"line":377,"column":27}},"215":{"start":{"line":378,"column":6},"end":{"line":378,"column":66}},"216":{"start":{"line":381,"column":4},"end":{"line":387,"column":7}},"217":{"start":{"line":382,"column":21},"end":{"line":382,"column":37}},"218":{"start":{"line":383,"column":16},"end":{"line":383,"column":24}},"219":{"start":{"line":384,"column":19},"end":{"line":384,"column":24}},"220":{"start":{"line":385,"column":25},"end":{"line":385,"column":36}},"221":{"start":{"line":386,"column":6},"end":{"line":386,"column":66}},"222":{"start":{"line":389,"column":4},"end":{"line":395,"column":7}},"223":{"start":{"line":390,"column":21},"end":{"line":390,"column":37}},"224":{"start":{"line":391,"column":16},"end":{"line":391,"column":24}},"225":{"start":{"line":392,"column":19},"end":{"line":392,"column":32}},"226":{"start":{"line":393,"column":25},"end":{"line":393,"column":44}},"227":{"start":{"line":394,"column":6},"end":{"line":394,"column":66}},"228":{"start":{"line":397,"column":4},"end":{"line":403,"column":7}},"229":{"start":{"line":398,"column":21},"end":{"line":398,"column":37}},"230":{"start":{"line":399,"column":16},"end":{"line":399,"column":24}},"231":{"start":{"line":400,"column":19},"end":{"line":400,"column":39}},"232":{"start":{"line":401,"column":25},"end":{"line":401,"column":49}},"233":{"start":{"line":402,"column":6},"end":{"line":402,"column":66}},"234":{"start":{"line":406,"column":2},"end":{"line":414,"column":5}},"235":{"start":{"line":407,"column":4},"end":{"line":413,"column":7}},"236":{"start":{"line":408,"column":21},"end":{"line":408,"column":37}},"237":{"start":{"line":409,"column":16},"end":{"line":409,"column":24}},"238":{"start":{"line":410,"column":6},"end":{"line":410,"column":58}},"239":{"start":{"line":411,"column":19},"end":{"line":411,"column":31}},"240":{"start":{"line":412,"column":6},"end":{"line":412,"column":80}},"241":{"start":{"line":416,"column":2},"end":{"line":426,"column":5}},"242":{"start":{"line":417,"column":4},"end":{"line":425,"column":7}},"243":{"start":{"line":418,"column":21},"end":{"line":418,"column":37}},"244":{"start":{"line":419,"column":16},"end":{"line":419,"column":24}},"245":{"start":{"line":420,"column":19},"end":{"line":422,"column":8}},"246":{"start":{"line":423,"column":6},"end":{"line":423,"column":62}},"247":{"start":{"line":424,"column":6},"end":{"line":424,"column":68}},"248":{"start":{"line":428,"column":2},"end":{"line":588,"column":5}},"249":{"start":{"line":429,"column":4},"end":{"line":486,"column":7}},"250":{"start":{"line":430,"column":21},"end":{"line":430,"column":37}},"251":{"start":{"line":431,"column":16},"end":{"line":431,"column":24}},"252":{"start":{"line":432,"column":23},"end":{"line":460,"column":null}},"253":{"start":{"line":462,"column":20},"end":{"line":482,"column":8}},"254":{"start":{"line":483,"column":22},"end":{"line":483,"column":61}},"255":{"start":{"line":485,"column":6},"end":{"line":485,"column":43}},"256":{"start":{"line":488,"column":4},"end":{"line":512,"column":7}},"257":{"start":{"line":489,"column":21},"end":{"line":489,"column":37}},"258":{"start":{"line":490,"column":16},"end":{"line":490,"column":24}},"259":{"start":{"line":491,"column":19},"end":{"line":497,"column":null}},"260":{"start":{"line":499,"column":20},"end":{"line":509,"column":8}},"261":{"start":{"line":510,"column":22},"end":{"line":510,"column":52}},"262":{"start":{"line":511,"column":6},"end":{"line":511,"column":43}},"263":{"start":{"line":514,"column":4},"end":{"line":525,"column":7}},"264":{"start":{"line":515,"column":21},"end":{"line":515,"column":37}},"265":{"start":{"line":516,"column":16},"end":{"line":516,"column":24}},"266":{"start":{"line":517,"column":19},"end":{"line":517,"column":89}},"267":{"start":{"line":518,"column":20},"end":{"line":522,"column":8}},"268":{"start":{"line":523,"column":22},"end":{"line":523,"column":52}},"269":{"start":{"line":524,"column":6},"end":{"line":524,"column":43}},"270":{"start":{"line":527,"column":4},"end":{"line":552,"column":7}},"271":{"start":{"line":528,"column":21},"end":{"line":528,"column":37}},"272":{"start":{"line":529,"column":16},"end":{"line":529,"column":24}},"273":{"start":{"line":530,"column":19},"end":{"line":530,"column":114}},"274":{"start":{"line":531,"column":20},"end":{"line":536,"column":8}},"275":{"start":{"line":537,"column":20},"end":{"line":540,"column":8}},"276":{"start":{"line":541,"column":20},"end":{"line":545,"column":8}},"277":{"start":{"line":546,"column":23},"end":{"line":546,"column":53}},"278":{"start":{"line":547,"column":6},"end":{"line":547,"column":44}},"279":{"start":{"line":548,"column":23},"end":{"line":548,"column":53}},"280":{"start":{"line":549,"column":6},"end":{"line":549,"column":44}},"281":{"start":{"line":550,"column":22},"end":{"line":550,"column":52}},"282":{"start":{"line":551,"column":6},"end":{"line":551,"column":43}},"283":{"start":{"line":554,"column":4},"end":{"line":587,"column":7}},"284":{"start":{"line":555,"column":21},"end":{"line":555,"column":37}},"285":{"start":{"line":556,"column":16},"end":{"line":556,"column":24}},"286":{"start":{"line":557,"column":19},"end":{"line":571,"column":null}},"287":{"start":{"line":573,"column":20},"end":{"line":584,"column":8}},"288":{"start":{"line":585,"column":22},"end":{"line":585,"column":52}},"289":{"start":{"line":586,"column":6},"end":{"line":586,"column":43}},"290":{"start":{"line":4,"column":13},"end":{"line":4,"column":33}}},"fnMap":{"0":{"name":"(anonymous_0)","decl":{"start":{"line":4,"column":33},"end":{"line":4,"column":34}},"loc":{"start":{"line":4,"column":105},"end":{"line":589,"column":1}}},"1":{"name":"(anonymous_1)","decl":{"start":{"line":5,"column":25},"end":{"line":5,"column":28}},"loc":{"start":{"line":5,"column":30},"end":{"line":21,"column":3}}},"2":{"name":"(anonymous_2)","decl":{"start":{"line":6,"column":37},"end":{"line":6,"column":40}},"loc":{"start":{"line":6,"column":42},"end":{"line":12,"column":5}}},"3":{"name":"(anonymous_3)","decl":{"start":{"line":14,"column":37},"end":{"line":14,"column":40}},"loc":{"start":{"line":14,"column":42},"end":{"line":20,"column":5}}},"4":{"name":"(anonymous_4)","decl":{"start":{"line":23,"column":27},"end":{"line":23,"column":30}},"loc":{"start":{"line":23,"column":32},"end":{"line":38,"column":3}}},"5":{"name":"(anonymous_5)","decl":{"start":{"line":24,"column":36},"end":{"line":24,"column":39}},"loc":{"start":{"line":24,"column":41},"end":{"line":30,"column":5}}},"6":{"name":"(anonymous_6)","decl":{"start":{"line":32,"column":35},"end":{"line":32,"column":38}},"loc":{"start":{"line":32,"column":40},"end":{"line":37,"column":5}}},"7":{"name":"(anonymous_7)","decl":{"start":{"line":40,"column":26},"end":{"line":40,"column":29}},"loc":{"start":{"line":40,"column":31},"end":{"line":49,"column":3}}},"8":{"name":"(anonymous_8)","decl":{"start":{"line":41,"column":32},"end":{"line":41,"column":35}},"loc":{"start":{"line":41,"column":37},"end":{"line":48,"column":5}}},"9":{"name":"(anonymous_9)","decl":{"start":{"line":51,"column":25},"end":{"line":51,"column":28}},"loc":{"start":{"line":51,"column":30},"end":{"line":91,"column":3}}},"10":{"name":"(anonymous_10)","decl":{"start":{"line":52,"column":34},"end":{"line":52,"column":37}},"loc":{"start":{"line":52,"column":39},"end":{"line":61,"column":5}}},"11":{"name":"(anonymous_11)","decl":{"start":{"line":63,"column":34},"end":{"line":63,"column":37}},"loc":{"start":{"line":63,"column":39},"end":{"line":71,"column":5}}},"12":{"name":"(anonymous_12)","decl":{"start":{"line":73,"column":40},"end":{"line":73,"column":43}},"loc":{"start":{"line":73,"column":45},"end":{"line":80,"column":5}}},"13":{"name":"(anonymous_13)","decl":{"start":{"line":82,"column":33},"end":{"line":82,"column":36}},"loc":{"start":{"line":82,"column":38},"end":{"line":90,"column":5}}},"14":{"name":"(anonymous_14)","decl":{"start":{"line":93,"column":25},"end":{"line":93,"column":28}},"loc":{"start":{"line":93,"column":30},"end":{"line":125,"column":3}}},"15":{"name":"(anonymous_15)","decl":{"start":{"line":94,"column":39},"end":{"line":94,"column":42}},"loc":{"start":{"line":94,"column":44},"end":{"line":108,"column":5}}},"16":{"name":"(anonymous_16)","decl":{"start":{"line":110,"column":37},"end":{"line":110,"column":40}},"loc":{"start":{"line":110,"column":42},"end":{"line":124,"column":5}}},"17":{"name":"(anonymous_17)","decl":{"start":{"line":127,"column":25},"end":{"line":127,"column":28}},"loc":{"start":{"line":127,"column":30},"end":{"line":136,"column":3}}},"18":{"name":"(anonymous_18)","decl":{"start":{"line":128,"column":35},"end":{"line":128,"column":38}},"loc":{"start":{"line":128,"column":40},"end":{"line":135,"column":5}}},"19":{"name":"(anonymous_19)","decl":{"start":{"line":138,"column":25},"end":{"line":138,"column":28}},"loc":{"start":{"line":138,"column":30},"end":{"line":165,"column":3}}},"20":{"name":"(anonymous_20)","decl":{"start":{"line":139,"column":37},"end":{"line":139,"column":40}},"loc":{"start":{"line":139,"column":42},"end":{"line":146,"column":5}}},"21":{"name":"(anonymous_21)","decl":{"start":{"line":148,"column":42},"end":{"line":148,"column":45}},"loc":{"start":{"line":148,"column":47},"end":{"line":157,"column":5}}},"22":{"name":"(anonymous_22)","decl":{"start":{"line":159,"column":40},"end":{"line":159,"column":43}},"loc":{"start":{"line":159,"column":45},"end":{"line":164,"column":5}}},"23":{"name":"(anonymous_23)","decl":{"start":{"line":167,"column":25},"end":{"line":167,"column":28}},"loc":{"start":{"line":167,"column":30},"end":{"line":191,"column":3}}},"24":{"name":"(anonymous_24)","decl":{"start":{"line":168,"column":38},"end":{"line":168,"column":41}},"loc":{"start":{"line":168,"column":43},"end":{"line":174,"column":5}}},"25":{"name":"(anonymous_25)","decl":{"start":{"line":176,"column":38},"end":{"line":176,"column":41}},"loc":{"start":{"line":176,"column":43},"end":{"line":182,"column":5}}},"26":{"name":"(anonymous_26)","decl":{"start":{"line":184,"column":41},"end":{"line":184,"column":44}},"loc":{"start":{"line":184,"column":46},"end":{"line":190,"column":5}}},"27":{"name":"(anonymous_27)","decl":{"start":{"line":193,"column":25},"end":{"line":193,"column":28}},"loc":{"start":{"line":193,"column":30},"end":{"line":370,"column":3}}},"28":{"name":"(anonymous_28)","decl":{"start":{"line":194,"column":36},"end":{"line":194,"column":39}},"loc":{"start":{"line":194,"column":41},"end":{"line":200,"column":5}}},"29":{"name":"(anonymous_29)","decl":{"start":{"line":202,"column":63},"end":{"line":202,"column":66}},"loc":{"start":{"line":202,"column":68},"end":{"line":210,"column":5}}},"30":{"name":"(anonymous_30)","decl":{"start":{"line":212,"column":41},"end":{"line":212,"column":44}},"loc":{"start":{"line":212,"column":46},"end":{"line":222,"column":5}}},"31":{"name":"(anonymous_31)","decl":{"start":{"line":224,"column":53},"end":{"line":224,"column":56}},"loc":{"start":{"line":224,"column":58},"end":{"line":233,"column":5}}},"32":{"name":"(anonymous_32)","decl":{"start":{"line":235,"column":63},"end":{"line":235,"column":66}},"loc":{"start":{"line":235,"column":68},"end":{"line":251,"column":5}}},"33":{"name":"(anonymous_33)","decl":{"start":{"line":253,"column":50},"end":{"line":253,"column":53}},"loc":{"start":{"line":253,"column":55},"end":{"line":267,"column":5}}},"34":{"name":"(anonymous_34)","decl":{"start":{"line":269,"column":38},"end":{"line":269,"column":41}},"loc":{"start":{"line":269,"column":43},"end":{"line":315,"column":5}}},"35":{"name":"(anonymous_35)","decl":{"start":{"line":317,"column":85},"end":{"line":317,"column":88}},"loc":{"start":{"line":317,"column":90},"end":{"line":342,"column":5}}},"36":{"name":"(anonymous_36)","decl":{"start":{"line":344,"column":86},"end":{"line":344,"column":89}},"loc":{"start":{"line":344,"column":91},"end":{"line":369,"column":5}}},"37":{"name":"(anonymous_37)","decl":{"start":{"line":372,"column":25},"end":{"line":372,"column":28}},"loc":{"start":{"line":372,"column":30},"end":{"line":404,"column":3}}},"38":{"name":"(anonymous_38)","decl":{"start":{"line":373,"column":33},"end":{"line":373,"column":36}},"loc":{"start":{"line":373,"column":38},"end":{"line":379,"column":5}}},"39":{"name":"(anonymous_39)","decl":{"start":{"line":381,"column":46},"end":{"line":381,"column":49}},"loc":{"start":{"line":381,"column":51},"end":{"line":387,"column":5}}},"40":{"name":"(anonymous_40)","decl":{"start":{"line":389,"column":47},"end":{"line":389,"column":50}},"loc":{"start":{"line":389,"column":52},"end":{"line":395,"column":5}}},"41":{"name":"(anonymous_41)","decl":{"start":{"line":397,"column":35},"end":{"line":397,"column":38}},"loc":{"start":{"line":397,"column":40},"end":{"line":403,"column":5}}},"42":{"name":"(anonymous_42)","decl":{"start":{"line":406,"column":25},"end":{"line":406,"column":28}},"loc":{"start":{"line":406,"column":30},"end":{"line":414,"column":3}}},"43":{"name":"(anonymous_43)","decl":{"start":{"line":407,"column":42},"end":{"line":407,"column":45}},"loc":{"start":{"line":407,"column":47},"end":{"line":413,"column":5}}},"44":{"name":"(anonymous_44)","decl":{"start":{"line":416,"column":24},"end":{"line":416,"column":27}},"loc":{"start":{"line":416,"column":29},"end":{"line":426,"column":3}}},"45":{"name":"(anonymous_45)","decl":{"start":{"line":417,"column":43},"end":{"line":417,"column":46}},"loc":{"start":{"line":417,"column":48},"end":{"line":425,"column":5}}},"46":{"name":"(anonymous_46)","decl":{"start":{"line":428,"column":22},"end":{"line":428,"column":25}},"loc":{"start":{"line":428,"column":27},"end":{"line":588,"column":3}}},"47":{"name":"(anonymous_47)","decl":{"start":{"line":429,"column":38},"end":{"line":429,"column":41}},"loc":{"start":{"line":429,"column":43},"end":{"line":486,"column":5}}},"48":{"name":"(anonymous_48)","decl":{"start":{"line":488,"column":57},"end":{"line":488,"column":60}},"loc":{"start":{"line":488,"column":62},"end":{"line":512,"column":5}}},"49":{"name":"(anonymous_49)","decl":{"start":{"line":514,"column":52},"end":{"line":514,"column":55}},"loc":{"start":{"line":514,"column":57},"end":{"line":525,"column":5}}},"50":{"name":"(anonymous_50)","decl":{"start":{"line":527,"column":52},"end":{"line":527,"column":55}},"loc":{"start":{"line":527,"column":57},"end":{"line":552,"column":5}}},"51":{"name":"(anonymous_51)","decl":{"start":{"line":554,"column":52},"end":{"line":554,"column":55}},"loc":{"start":{"line":554,"column":57},"end":{"line":587,"column":5}}}},"branchMap":{},"s":{"0":3,"1":3,"2":3,"3":3,"4":3,"5":3,"6":3,"7":3,"8":3,"9":3,"10":3,"11":3,"12":3,"13":3,"14":3,"15":3,"16":3,"17":3,"18":3,"19":3,"20":3,"21":3,"22":3,"23":3,"24":3,"25":3,"26":3,"27":3,"28":3,"29":3,"30":3,"31":3,"32":3,"33":3,"34":3,"35":3,"36":3,"37":3,"38":3,"39":3,"40":3,"41":3,"42":3,"43":3,"44":3,"45":3,"46":3,"47":3,"48":3,"49":3,"50":3,"51":3,"52":3,"53":3,"54":3,"55":3,"56":3,"57":3,"58":3,"59":3,"60":3,"61":3,"62":3,"63":3,"64":3,"65":3,"66":3,"67":3,"68":3,"69":3,"70":3,"71":3,"72":3,"73":3,"74":3,"75":3,"76":3,"77":3,"78":3,"79":3,"80":3,"81":3,"82":3,"83":3,"84":3,"85":3,"86":3,"87":3,"88":3,"89":3,"90":3,"91":3,"92":3,"93":3,"94":3,"95":3,"96":3,"97":3,"98":3,"99":3,"100":3,"101":3,"102":3,"103":3,"104":3,"105":3,"106":3,"107":3,"108":3,"109":3,"110":3,"111":3,"112":3,"113":3,"114":3,"115":3,"116":3,"117":3,"118":3,"119":3,"120":3,"121":3,"122":3,"123":3,"124":3,"125":3,"126":3,"127":3,"128":3,"129":3,"130":3,"131":3,"132":3,"133":3,"134":3,"135":3,"136":3,"137":3,"138":3,"139":3,"140":3,"141":3,"142":3,"143":3,"144":3,"145":3,"146":3,"147":3,"148":3,"149":3,"150":3,"151":3,"152":3,"153":3,"154":3,"155":3,"156":3,"157":3,"158":3,"159":3,"160":3,"161":3,"162":3,"163":3,"164":3,"165":3,"166":3,"167":3,"168":3,"169":3,"170":3,"171":3,"172":3,"173":3,"174":3,"175":3,"176":3,"177":3,"178":3,"179":3,"180":3,"181":3,"182":3,"183":3,"184":3,"185":3,"186":3,"187":3,"188":3,"189":3,"190":3,"191":3,"192":3,"193":3,"194":3,"195":3,"196":3,"197":3,"198":3,"199":3,"200":3,"201":3,"202":3,"203":3,"204":3,"205":3,"206":3,"207":3,"208":3,"209":3,"210":3,"211":3,"212":3,"213":3,"214":3,"215":3,"216":3,"217":3,"218":3,"219":3,"220":3,"221":3,"222":3,"223":3,"224":3,"225":3,"226":3,"227":3,"228":3,"229":3,"230":3,"231":3,"232":3,"233":3,"234":3,"235":3,"236":3,"237":3,"238":3,"239":3,"240":3,"241":3,"242":3,"243":3,"244":3,"245":3,"246":3,"247":3,"248":3,"249":3,"250":3,"251":3,"252":3,"253":3,"254":3,"255":3,"256":3,"257":3,"258":3,"259":3,"260":3,"261":3,"262":3,"263":3,"264":3,"265":3,"266":3,"267":3,"268":3,"269":3,"270":3,"271":3,"272":3,"273":3,"274":3,"275":3,"276":3,"277":3,"278":3,"279":3,"280":3,"281":3,"282":3,"283":3,"284":3,"285":3,"286":3,"287":3,"288":3,"289":3,"290":3},"f":{"0":3,"1":3,"2":3,"3":3,"4":3,"5":3,"6":3,"7":3,"8":3,"9":3,"10":3,"11":3,"12":3,"13":3,"14":3,"15":3,"16":3,"17":3,"18":3,"19":3,"20":3,"21":3,"22":3,"23":3,"24":3,"25":3,"26":3,"27":3,"28":3,"29":3,"30":3,"31":3,"32":3,"33":3,"34":3,"35":3,"36":3,"37":3,"38":3,"39":3,"40":3,"41":3,"42":3,"43":3,"44":3,"45":3,"46":3,"47":3,"48":3,"49":3,"50":3,"51":3},"b":{}}
,"/home/runner/work/json-type/json-type/src/codegen/capacity/CapacityEstimatorCodegenContext.ts": {"path":"/home/runner/work/json-type/json-type/src/codegen/capacity/CapacityEstimatorCodegenContext.ts","statementMap":{"0":{"start":{"line":1,"column":0},"end":{"line":1,"column":73}},"1":{"start":{"line":2,"column":0},"end":{"line":2,"column":68}},"2":{"start":{"line":3,"column":0},"end":{"line":3,"column":40}},"3":{"start":{"line":10,"column":30},"end":{"line":10,"column":41}},"4":{"start":{"line":27,"column":30},"end":{"line":27,"column":77}},"5":{"start":{"line":28,"column":4},"end":{"line":47,"column":7}},"6":{"start":{"line":37,"column":49},"end":{"line":37,"column":51}},"7":{"start":{"line":38,"column":8},"end":{"line":44,"column":9}},"8":{"start":{"line":38,"column":21},"end":{"line":38,"column":22}},"9":{"start":{"line":39,"column":23},"end":{"line":39,"column":31}},"10":{"start":{"line":40,"column":10},"end":{"line":43,"column":11}},"11":{"start":{"line":40,"column":49},"end":{"line":40,"column":72}},"12":{"start":{"line":41,"column":15},"end":{"line":43,"column":11}},"13":{"start":{"line":42,"column":12},"end":{"line":42,"column":85}},"14":{"start":{"line":45,"column":8},"end":{"line":45,"column":27}},"15":{"start":{"line":48,"column":4},"end":{"line":48,"column":76}},"16":{"start":{"line":52,"column":4},"end":{"line":52,"column":50}},"17":{"start":{"line":56,"column":4},"end":{"line":56,"column":34}},"18":{"start":{"line":24,"column":0},"end":{"line":24,"column":13}}},"fnMap":{"0":{"name":"(anonymous_0)","decl":{"start":{"line":10,"column":2},"end":{"line":10,"column":30}},"loc":{"start":{"line":10,"column":41},"end":{"line":10,"column":45}}},"1":{"name":"(anonymous_1)","decl":{"start":{"line":27,"column":2},"end":{"line":27,"column":30}},"loc":{"start":{"line":27,"column":77},"end":{"line":49,"column":3}}},"2":{"name":"(anonymous_2)","decl":{"start":{"line":36,"column":20},"end":{"line":36,"column":21}},"loc":{"start":{"line":36,"column":30},"end":{"line":46,"column":7}}},"3":{"name":"(anonymous_3)","decl":{"start":{"line":51,"column":9},"end":{"line":51,"column":12}},"loc":{"start":{"line":51,"column":24},"end":{"line":53,"column":3}}},"4":{"name":"(anonymous_4)","decl":{"start":{"line":55,"column":9},"end":{"line":55,"column":16}},"loc":{"start":{"line":55,"column":16},"end":{"line":57,"column":3}}}},"branchMap":{"0":{"loc":{"start":{"line":29,"column":28},"end":{"line":29,"column":66}},"type":"cond-expr","locations":[{"start":{"line":29,"column":43},"end":{"line":29,"column":61}},{"start":{"line":29,"column":64},"end":{"line":29,"column":66}}]},"1":{"loc":{"start":{"line":40,"column":10},"end":{"line":43,"column":11}},"type":"if","locations":[{"start":{"line":40,"column":10},"end":{"line":43,"column":11}},{"start":{"line":41,"column":15},"end":{"line":43,"column":11}}]},"2":{"loc":{"start":{"line":41,"column":15},"end":{"line":43,"column":11}},"type":"if","locations":[{"start":{"line":41,"column":15},"end":{"line":43,"column":11}}]}},"s":{"0":25,"1":25,"2":25,"3":504,"4":213,"5":213,"6":213,"7":213,"8":213,"9":1511,"10":1511,"11":1007,"12":504,"13":504,"14":213,"15":213,"16":504,"17":213,"18":25},"f":{"0":504,"1":213,"2":213,"3":504,"4":213},"b":{"0":[0,213],"1":[1007,504],"2":[504]}}
,"/home/runner/work/json-type/json-type/src/codegen/json/JsonTextEncoderCodegenContext.ts": {"path":"/home/runner/work/json-type/json-type/src/codegen/json/JsonTextEncoderCodegenContext.ts","statementMap":{"0":{"start":{"line":1,"column":0},"end":{"line":1,"column":73}},"1":{"start":{"line":2,"column":0},"end":{"line":2,"column":64}},"2":{"start":{"line":3,"column":0},"end":{"line":3,"column":58}},"3":{"start":{"line":11,"column":21},"end":{"line":11,"column":32}},"4":{"start":{"line":29,"column":30},"end":{"line":29,"column":75}},"5":{"start":{"line":69,"column":12},"end":{"line":69,"column":33}},"6":{"start":{"line":30,"column":4},"end":{"line":56,"column":7}},"7":{"start":{"line":35,"column":36},"end":{"line":35,"column":38}},"8":{"start":{"line":36,"column":8},"end":{"line":44,"column":9}},"9":{"start":{"line":36,"column":21},"end":{"line":36,"column":22}},"10":{"start":{"line":37,"column":23},"end":{"line":37,"column":31}},"11":{"start":{"line":38,"column":10},"end":{"line":43,"column":11}},"12":{"start":{"line":38,"column":49},"end":{"line":38,"column":72}},"13":{"start":{"line":39,"column":15},"end":{"line":43,"column":11}},"14":{"start":{"line":40,"column":25},"end":{"line":40,"column":60}},"15":{"start":{"line":41,"column":12},"end":{"line":42,"column":40}},"16":{"start":{"line":41,"column":47},"end":{"line":41,"column":68}},"17":{"start":{"line":42,"column":17},"end":{"line":42,"column":40}},"18":{"start":{"line":45,"column":47},"end":{"line":45,"column":49}},"19":{"start":{"line":46,"column":8},"end":{"line":53,"column":9}},"20":{"start":{"line":47,"column":10},"end":{"line":52,"column":11}},"21":{"start":{"line":48,"column":12},"end":{"line":48,"column":33}},"22":{"start":{"line":49,"column":17},"end":{"line":52,"column":11}},"23":{"start":{"line":50,"column":32},"end":{"line":50,"column":67}},"24":{"start":{"line":51,"column":12},"end":{"line":51,"column":54}},"25":{"start":{"line":54,"column":8},"end":{"line":54,"column":25}},"26":{"start":{"line":57,"column":4},"end":{"line":57,"column":54}},"27":{"start":{"line":58,"column":4},"end":{"line":58,"column":61}},"28":{"start":{"line":62,"column":4},"end":{"line":62,"column":24}},"29":{"start":{"line":66,"column":4},"end":{"line":66,"column":46}},"30":{"start":{"line":71,"column":4},"end":{"line":71,"column":34}},"31":{"start":{"line":71,"column":27},"end":{"line":71,"column":34}},"32":{"start":{"line":72,"column":4},"end":{"line":72,"column":54}},"33":{"start":{"line":76,"column":4},"end":{"line":76,"column":34}},"34":{"start":{"line":26,"column":0},"end":{"line":26,"column":13}}},"fnMap":{"0":{"name":"(anonymous_0)","decl":{"start":{"line":11,"column":2},"end":{"line":11,"column":21}},"loc":{"start":{"line":11,"column":32},"end":{"line":11,"column":36}}},"1":{"name":"(anonymous_1)","decl":{"start":{"line":29,"column":2},"end":{"line":29,"column":30}},"loc":{"start":{"line":29,"column":75},"end":{"line":59,"column":3}}},"2":{"name":"(anonymous_2)","decl":{"start":{"line":34,"column":20},"end":{"line":34,"column":21}},"loc":{"start":{"line":34,"column":30},"end":{"line":55,"column":7}}},"3":{"name":"(anonymous_3)","decl":{"start":{"line":61,"column":9},"end":{"line":61,"column":11}},"loc":{"start":{"line":61,"column":22},"end":{"line":63,"column":3}}},"4":{"name":"(anonymous_4)","decl":{"start":{"line":65,"column":9},"end":{"line":65,"column":18}},"loc":{"start":{"line":65,"column":30},"end":{"line":67,"column":3}}},"5":{"name":"(anonymous_5)","decl":{"start":{"line":70,"column":9},"end":{"line":70,"column":19}},"loc":{"start":{"line":70,"column":19},"end":{"line":73,"column":3}}},"6":{"name":"(anonymous_6)","decl":{"start":{"line":75,"column":9},"end":{"line":75,"column":16}},"loc":{"start":{"line":75,"column":16},"end":{"line":77,"column":3}}}},"branchMap":{"0":{"loc":{"start":{"line":31,"column":24},"end":{"line":31,"column":62}},"type":"cond-expr","locations":[{"start":{"line":31,"column":39},"end":{"line":31,"column":57}},{"start":{"line":31,"column":60},"end":{"line":31,"column":62}}]},"1":{"loc":{"start":{"line":38,"column":10},"end":{"line":43,"column":11}},"type":"if","locations":[{"start":{"line":38,"column":10},"end":{"line":43,"column":11}},{"start":{"line":39,"column":15},"end":{"line":43,"column":11}}]},"2":{"loc":{"start":{"line":39,"column":15},"end":{"line":43,"column":11}},"type":"if","locations":[{"start":{"line":39,"column":15},"end":{"line":43,"column":11}}]},"3":{"loc":{"start":{"line":41,"column":12},"end":{"line":42,"column":40}},"type":"if","locations":[{"start":{"line":41,"column":12},"end":{"line":42,"column":40}},{"start":{"line":42,"column":17},"end":{"line":42,"column":40}}]},"4":{"loc":{"start":{"line":47,"column":10},"end":{"line":52,"column":11}},"type":"if","locations":[{"start":{"line":47,"column":10},"end":{"line":52,"column":11}},{"start":{"line":49,"column":17},"end":{"line":52,"column":11}}]},"5":{"loc":{"start":{"line":49,"column":17},"end":{"line":52,"column":11}},"type":"if","locations":[{"start":{"line":49,"column":17},"end":{"line":52,"column":11}}]},"6":{"loc":{"start":{"line":71,"column":4},"end":{"line":71,"column":34}},"type":"if","locations":[{"start":{"line":71,"column":4},"end":{"line":71,"column":34}}]}},"s":{"0":25,"1":25,"2":25,"3":175,"4":43,"5":43,"6":43,"7":43,"8":43,"9":43,"10":472,"11":472,"12":297,"13":175,"14":175,"15":175,"16":73,"17":102,"18":43,"19":43,"20":399,"21":297,"22":102,"23":102,"24":102,"25":43,"26":43,"27":43,"28":261,"29":175,"30":2,"31":0,"32":2,"33":43,"34":25},"f":{"0":175,"1":43,"2":43,"3":261,"4":175,"5":2,"6":43},"b":{"0":[0,43],"1":[297,175],"2":[175],"3":[73,102],"4":[297,102],"5":[102],"6":[0]}}
,"/home/runner/work/json-type/json-type/src/codegen/validator/ValidatorCodegenContext.ts": {"path":"/home/runner/work/json-type/json-type/src/codegen/validator/ValidatorCodegenContext.ts","statementMap":{"0":{"start":{"line":1,"column":0},"end":{"line":1,"column":54}},"1":{"start":{"line":2,"column":0},"end":{"line":2,"column":72}},"2":{"start":{"line":147,"column":10},"end":{"line":147,"column":53}},"3":{"start":{"line":56,"column":4},"end":{"line":60,"column":6}},"4":{"start":{"line":62,"column":6},"end":{"line":62,"column":100}},"5":{"start":{"line":63,"column":4},"end":{"line":65,"column":7}},"6":{"start":{"line":69,"column":4},"end":{"line":69,"column":24}},"7":{"start":{"line":78,"column":4},"end":{"line":124,"column":5}},"8":{"start":{"line":80,"column":8},"end":{"line":80,"column":22}},"9":{"start":{"line":82,"column":18},"end":{"line":82,"column":62}},"10":{"start":{"line":83,"column":8},"end":{"line":89,"column":9}},"11":{"start":{"line":84,"column":10},"end":{"line":88,"column":11}},"12":{"start":{"line":85,"column":12},"end":{"line":85,"column":61}},"13":{"start":{"line":87,"column":12},"end":{"line":87,"column":46}},"14":{"start":{"line":90,"column":8},"end":{"line":90,"column":26}},"15":{"start":{"line":95,"column":10},"end":{"line":101,"column":21}},"16":{"start":{"line":102,"column":16},"end":{"line":102,"column":17}},"17":{"start":{"line":103,"column":8},"end":{"line":111,"column":9}},"18":{"start":{"line":104,"column":10},"end":{"line":104,"column":29}},"19":{"start":{"line":104,"column":17},"end":{"line":104,"column":29}},"20":{"start":{"line":105,"column":10},"end":{"line":109,"column":11}},"21":{"start":{"line":106,"column":12},"end":{"line":106,"column":26}},"22":{"start":{"line":108,"column":12},"end":{"line":108,"column":40}},"23":{"start":{"line":110,"column":10},"end":{"line":110,"column":14}},"24":{"start":{"line":112,"column":8},"end":{"line":112,"column":19}},"25":{"start":{"line":113,"column":8},"end":{"line":115,"column":9}},"26":{"start":{"line":114,"column":10},"end":{"line":114,"column":58}},"27":{"start":{"line":116,"column":8},"end":{"line":118,"column":9}},"28":{"start":{"line":117,"column":10},"end":{"line":117,"column":43}},"29":{"start":{"line":119,"column":8},"end":{"line":121,"column":9}},"30":{"start":{"line":120,"column":10},"end":{"line":120,"column":66}},"31":{"start":{"line":122,"column":8},"end":{"line":122,"column":25}},"32":{"start":{"line":128,"column":27},"end":{"line":128,"column":51}},"33":{"start":{"line":129,"column":4},"end":{"line":144,"column":5}},"34":{"start":{"line":130,"column":22},"end":{"line":130,"column":34}},"35":{"start":{"line":131,"column":16},"end":{"line":131,"column":49}},"36":{"start":{"line":132,"column":19},"end":{"line":132,"column":40}},"37":{"start":{"line":133,"column":17},"end":{"line":133,"column":38}},"38":{"start":{"line":134,"column":18},"end":{"line":134,"column":104}},"39":{"start":{"line":135,"column":25},"end":{"line":135,"column":109}},"40":{"start":{"line":136,"column":21},"end":{"line":136,"column":53}},"41":{"start":{"line":137,"column":6},"end":{"line":143,"column":4}},"42":{"start":{"line":150,"column":19},"end":{"line":150,"column":48}},"43":{"start":{"line":151,"column":4},"end":{"line":151,"column":30}},"44":{"start":{"line":151,"column":16},"end":{"line":151,"column":30}},"45":{"start":{"line":152,"column":19},"end":{"line":152,"column":38}},"46":{"start":{"line":153,"column":4},"end":{"line":153,"column":57}},"47":{"start":{"line":153,"column":17},"end":{"line":153,"column":57}},"48":{"start":{"line":154,"column":20},"end":{"line":154,"column":32}},"49":{"start":{"line":155,"column":22},"end":{"line":155,"column":53}},"50":{"start":{"line":156,"column":4},"end":{"line":156,"column":77}},"51":{"start":{"line":156,"column":20},"end":{"line":156,"column":77}},"52":{"start":{"line":157,"column":19},"end":{"line":157,"column":55}},"53":{"start":{"line":158,"column":4},"end":{"line":158,"column":42}},"54":{"start":{"line":159,"column":4},"end":{"line":159,"column":18}},"55":{"start":{"line":163,"column":4},"end":{"line":163,"column":34}},"56":{"start":{"line":51,"column":0},"end":{"line":51,"column":13}}},"fnMap":{"0":{"name":"(anonymous_0)","decl":{"start":{"line":55,"column":2},"end":{"line":55,"column":14}},"loc":{"start":{"line":55,"column":53},"end":{"line":66,"column":3}}},"1":{"name":"(anonymous_1)","decl":{"start":{"line":68,"column":9},"end":{"line":68,"column":11}},"loc":{"start":{"line":68,"column":22},"end":{"line":70,"column":3}}},"2":{"name":"(anonymous_2)","decl":{"start":{"line":73,"column":9},"end":{"line":73,"column":12}},"loc":{"start":{"line":76,"column":70},"end":{"line":125,"column":3}}},"3":{"name":"(anonymous_3)","decl":{"start":{"line":127,"column":9},"end":{"line":127,"column":29}},"loc":{"start":{"line":127,"column":73},"end":{"line":145,"column":3}}},"4":{"name":"(anonymous_4)","decl":{"start":{"line":149,"column":12},"end":{"line":149,"column":25}},"loc":{"start":{"line":149,"column":38},"end":{"line":160,"column":3}}},"5":{"name":"(anonymous_5)","decl":{"start":{"line":162,"column":9},"end":{"line":162,"column":16}},"loc":{"start":{"line":162,"column":16},"end":{"line":164,"column":3}}}},"branchMap":{"0":{"loc":{"start":{"line":62,"column":6},"end":{"line":62,"column":100}},"type":"cond-expr","locations":[{"start":{"line":62,"column":42},"end":{"line":62,"column":49}},{"start":{"line":62,"column":52},"end":{"line":62,"column":100}}]},"1":{"loc":{"start":{"line":62,"column":52},"end":{"line":62,"column":100}},"type":"cond-expr","locations":[{"start":{"line":62,"column":87},"end":{"line":62,"column":91}},{"start":{"line":62,"column":94},"end":{"line":62,"column":100}}]},"2":{"loc":{"start":{"line":76,"column":4},"end":{"line":76,"column":70}},"type":"default-arg","locations":[{"start":{"line":76,"column":68},"end":{"line":76,"column":70}}]},"3":{"loc":{"start":{"line":78,"column":4},"end":{"line":124,"column":5}},"type":"switch","locations":[{"start":{"line":79,"column":6},"end":{"line":80,"column":22}},{"start":{"line":81,"column":6},"end":{"line":91,"column":7}},{"start":{"line":93,"column":6},"end":{"line":123,"column":7}}]},"4":{"loc":{"start":{"line":84,"column":10},"end":{"line":88,"column":11}},"type":"if","locations":[{"start":{"line":84,"column":10},"end":{"line":88,"column":11}},{"start":{"line":86,"column":17},"end":{"line":88,"column":11}}]},"5":{"loc":{"start":{"line":104,"column":10},"end":{"line":104,"column":29}},"type":"if","locations":[{"start":{"line":104,"column":10},"end":{"line":104,"column":29}}]},"6":{"loc":{"start":{"line":105,"column":10},"end":{"line":109,"column":11}},"type":"if","locations":[{"start":{"line":105,"column":10},"end":{"line":109,"column":11}},{"start":{"line":107,"column":17},"end":{"line":109,"column":11}}]},"7":{"loc":{"start":{"line":113,"column":8},"end":{"line":115,"column":9}},"type":"if","locations":[{"start":{"line":113,"column":8},"end":{"line":115,"column":9}}]},"8":{"loc":{"start":{"line":116,"column":8},"end":{"line":118,"column":9}},"type":"if","locations":[{"start":{"line":116,"column":8},"end":{"line":118,"column":9}}]},"9":{"loc":{"start":{"line":119,"column":8},"end":{"line":121,"column":9}},"type":"if","locations":[{"start":{"line":119,"column":8},"end":{"line":121,"column":9}}]},"10":{"loc":{"start":{"line":141,"column":4},"end":{"line":141,"column":113}},"type":"cond-expr","locations":[{"start":{"line":141,"column":22},"end":{"line":141,"column":108}},{"start":{"line":141,"column":111},"end":{"line":141,"column":113}}]},"11":{"loc":{"start":{"line":151,"column":4},"end":{"line":151,"column":30}},"type":"if","locations":[{"start":{"line":151,"column":4},"end":{"line":151,"column":30}}]},"12":{"loc":{"start":{"line":153,"column":4},"end":{"line":153,"column":57}},"type":"if","locations":[{"start":{"line":153,"column":4},"end":{"line":153,"column":57}}]},"13":{"loc":{"start":{"line":156,"column":4},"end":{"line":156,"column":77}},"type":"if","locations":[{"start":{"line":156,"column":4},"end":{"line":156,"column":77}}]}},"s":{"0":25,"1":25,"2":974,"3":974,"4":974,"5":974,"6":2746,"7":1987,"8":458,"9":748,"10":748,"11":153,"12":50,"13":103,"14":748,"15":781,"16":781,"17":781,"18":315,"19":28,"20":315,"21":136,"22":179,"23":315,"24":781,"25":781,"26":1,"27":781,"28":11,"29":781,"30":10,"31":781,"32":1345,"33":1345,"34":30,"35":30,"36":29,"37":29,"38":29,"39":29,"40":29,"41":29,"42":30,"43":30,"44":2,"45":28,"46":28,"47":0,"48":28,"49":28,"50":27,"51":0,"52":27,"53":27,"54":27,"55":973,"56":25},"f":{"0":974,"1":2746,"2":1987,"3":1345,"4":30,"5":973},"b":{"0":[243,731],"1":[382,349],"2":[1928],"3":[458,748,781],"4":[50,103],"5":[28],"6":[136,179],"7":[1],"8":[11],"9":[10],"10":[5,24],"11":[2],"12":[0],"13":[0]}}
,"/home/runner/work/json-type/json-type/src/codegen/validator/util.ts": {"path":"/home/runner/work/json-type/json-type/src/codegen/validator/util.ts","statementMap":{"0":{"start":{"line":1,"column":46},"end":{"line":14,"column":1}},"1":{"start":{"line":2,"column":2},"end":{"line":13,"column":3}},"2":{"start":{"line":10,"column":6},"end":{"line":10,"column":18}},"3":{"start":{"line":12,"column":6},"end":{"line":12,"column":19}},"4":{"start":{"line":1,"column":13},"end":{"line":1,"column":46}}},"fnMap":{"0":{"name":"(anonymous_0)","decl":{"start":{"line":1,"column":46},"end":{"line":1,"column":47}},"loc":{"start":{"line":1,"column":72},"end":{"line":14,"column":1}}}},"branchMap":{"0":{"loc":{"start":{"line":2,"column":2},"end":{"line":13,"column":3}},"type":"switch","locations":[{"start":{"line":3,"column":4},"end":{"line":3,"column":17}},{"start":{"line":4,"column":4},"end":{"line":4,"column":16}},{"start":{"line":5,"column":4},"end":{"line":5,"column":15}},{"start":{"line":6,"column":4},"end":{"line":6,"column":15}},{"start":{"line":7,"column":4},"end":{"line":7,"column":15}},{"start":{"line":8,"column":4},"end":{"line":8,"column":15}},{"start":{"line":9,"column":4},"end":{"line":10,"column":18}},{"start":{"line":11,"column":4},"end":{"line":12,"column":19}}]}},"s":{"0":25,"1":203,"2":157,"3":46,"4":25},"f":{"0":203},"b":{"0":[107,107,110,133,136,154,157,46]}}
,"/home/runner/work/json-type/json-type/src/schema/SchemaBuilder.ts": {"path":"/home/runner/work/json-type/json-type/src/schema/SchemaBuilder.ts","statementMap":{"0":{"start":{"line":26,"column":4},"end":{"line":26,"column":25}},"1":{"start":{"line":30,"column":4},"end":{"line":30,"column":25}},"2":{"start":{"line":34,"column":4},"end":{"line":34,"column":26}},"3":{"start":{"line":38,"column":4},"end":{"line":38,"column":44}},"4":{"start":{"line":42,"column":4},"end":{"line":42,"column":34}},"5":{"start":{"line":46,"column":4},"end":{"line":46,"column":32}},"6":{"start":{"line":50,"column":4},"end":{"line":50,"column":25}},"7":{"start":{"line":54,"column":4},"end":{"line":54,"column":30}},"8":{"start":{"line":58,"column":4},"end":{"line":58,"column":33}},"9":{"start":{"line":62,"column":4},"end":{"line":62,"column":22}},"10":{"start":{"line":66,"column":4},"end":{"line":66,"column":45}},"11":{"start":{"line":70,"column":4},"end":{"line":70,"column":46}},"12":{"start":{"line":76,"column":4},"end":{"line":76,"column":74}},"13":{"start":{"line":76,"column":31},"end":{"line":76,"column":74}},"14":{"start":{"line":77,"column":4},"end":{"line":77,"column":40}},"15":{"start":{"line":81,"column":4},"end":{"line":81,"column":37}},"16":{"start":{"line":87,"column":4},"end":{"line":87,"column":73}},"17":{"start":{"line":87,"column":31},"end":{"line":87,"column":73}},"18":{"start":{"line":88,"column":4},"end":{"line":88,"column":39}},"19":{"start":{"line":93,"column":4},"end":{"line":97,"column":6}},"20":{"start":{"line":111,"column":4},"end":{"line":111,"column":80}},"21":{"start":{"line":111,"column":31},"end":{"line":111,"column":80}},"22":{"start":{"line":112,"column":4},"end":{"line":112,"column":91}},"23":{"start":{"line":131,"column":4},"end":{"line":131,"column":60}},"24":{"start":{"line":135,"column":4},"end":{"line":135,"column":32}},"25":{"start":{"line":139,"column":4},"end":{"line":139,"column":18}},"26":{"start":{"line":155,"column":18},"end":{"line":155,"column":25}},"27":{"start":{"line":156,"column":4},"end":{"line":162,"column":63}},"28":{"start":{"line":162,"column":6},"end":{"line":162,"column":63}},"29":{"start":{"line":163,"column":4},"end":{"line":164,"column":92}},"30":{"start":{"line":164,"column":6},"end":{"line":164,"column":92}},"31":{"start":{"line":165,"column":4},"end":{"line":165,"column":44}},"32":{"start":{"line":174,"column":4},"end":{"line":179,"column":6}},"33":{"start":{"line":188,"column":4},"end":{"line":194,"column":6}},"34":{"start":{"line":203,"column":4},"end":{"line":208,"column":6}},"35":{"start":{"line":217,"column":4},"end":{"line":223,"column":6}},"36":{"start":{"line":227,"column":4},"end":{"line":227,"column":43}},"37":{"start":{"line":231,"column":4},"end":{"line":234,"column":6}},"38":{"start":{"line":238,"column":4},"end":{"line":241,"column":6}},"39":{"start":{"line":245,"column":4},"end":{"line":249,"column":6}},"40":{"start":{"line":253,"column":4},"end":{"line":257,"column":6}},"41":{"start":{"line":261,"column":4},"end":{"line":265,"column":6}},"42":{"start":{"line":24,"column":0},"end":{"line":24,"column":13}}},"fnMap":{"0":{"name":"(anonymous_0)","decl":{"start":{"line":25,"column":2},"end":{"line":25,"column":6}},"loc":{"start":{"line":25,"column":9},"end":{"line":27,"column":3}}},"1":{"name":"(anonymous_1)","decl":{"start":{"line":29,"column":2},"end":{"line":29,"column":6}},"loc":{"start":{"line":29,"column":9},"end":{"line":31,"column":3}}},"2":{"name":"(anonymous_2)","decl":{"start":{"line":33,"column":2},"end":{"line":33,"column":6}},"loc":{"start":{"line":33,"column":10},"end":{"line":35,"column":3}}},"3":{"name":"(anonymous_3)","decl":{"start":{"line":37,"column":2},"end":{"line":37,"column":6}},"loc":{"start":{"line":37,"column":11},"end":{"line":39,"column":3}}},"4":{"name":"(anonymous_4)","decl":{"start":{"line":41,"column":2},"end":{"line":41,"column":6}},"loc":{"start":{"line":41,"column":9},"end":{"line":43,"column":3}}},"5":{"name":"(anonymous_5)","decl":{"start":{"line":45,"column":2},"end":{"line":45,"column":6}},"loc":{"start":{"line":45,"column":9},"end":{"line":47,"column":3}}},"6":{"name":"(anonymous_6)","decl":{"start":{"line":49,"column":2},"end":{"line":49,"column":6}},"loc":{"start":{"line":49,"column":9},"end":{"line":51,"column":3}}},"7":{"name":"(anonymous_7)","decl":{"start":{"line":53,"column":2},"end":{"line":53,"column":6}},"loc":{"start":{"line":53,"column":9},"end":{"line":55,"column":3}}},"8":{"name":"(anonymous_8)","decl":{"start":{"line":57,"column":2},"end":{"line":57,"column":6}},"loc":{"start":{"line":57,"column":9},"end":{"line":59,"column":3}}},"9":{"name":"(anonymous_9)","decl":{"start":{"line":61,"column":2},"end":{"line":61,"column":6}},"loc":{"start":{"line":61,"column":9},"end":{"line":63,"column":3}}},"10":{"name":"(anonymous_10)","decl":{"start":{"line":65,"column":2},"end":{"line":65,"column":6}},"loc":{"start":{"line":65,"column":8},"end":{"line":67,"column":3}}},"11":{"name":"(anonymous_11)","decl":{"start":{"line":69,"column":2},"end":{"line":69,"column":6}},"loc":{"start":{"line":69,"column":9},"end":{"line":71,"column":3}}},"12":{"name":"(anonymous_12)","decl":{"start":{"line":75,"column":9},"end":{"line":75,"column":16}},"loc":{"start":{"line":75,"column":79},"end":{"line":78,"column":3}}},"13":{"name":"(anonymous_13)","decl":{"start":{"line":80,"column":9},"end":{"line":80,"column":15}},"loc":{"start":{"line":80,"column":43},"end":{"line":82,"column":3}}},"14":{"name":"(anonymous_14)","decl":{"start":{"line":86,"column":9},"end":{"line":86,"column":15}},"loc":{"start":{"line":86,"column":69},"end":{"line":89,"column":3}}},"15":{"name":"(anonymous_15)","decl":{"start":{"line":92,"column":9},"end":{"line":92,"column":15}},"loc":{"start":{"line":92,"column":93},"end":{"line":98,"column":3}}},"16":{"name":"(anonymous_16)","decl":{"start":{"line":106,"column":9},"end":{"line":106,"column":14}},"loc":{"start":{"line":109,"column":48},"end":{"line":113,"column":3}}},"17":{"name":"(anonymous_17)","decl":{"start":{"line":125,"column":9},"end":{"line":125,"column":14}},"loc":{"start":{"line":127,"column":38},"end":{"line":132,"column":3}}},"18":{"name":"(anonymous_18)","decl":{"start":{"line":134,"column":9},"end":{"line":134,"column":14}},"loc":{"start":{"line":134,"column":46},"end":{"line":136,"column":3}}},"19":{"name":"(anonymous_19)","decl":{"start":{"line":138,"column":9},"end":{"line":138,"column":15}},"loc":{"start":{"line":138,"column":93},"end":{"line":140,"column":3}}},"20":{"name":"(anonymous_20)","decl":{"start":{"line":152,"column":9},"end":{"line":152,"column":15}},"loc":{"start":{"line":153,"column":22},"end":{"line":166,"column":3}}},"21":{"name":"(anonymous_21)","decl":{"start":{"line":169,"column":9},"end":{"line":169,"column":14}},"loc":{"start":{"line":172,"column":81},"end":{"line":180,"column":3}}},"22":{"name":"(anonymous_22)","decl":{"start":{"line":183,"column":9},"end":{"line":183,"column":17}},"loc":{"start":{"line":186,"column":81},"end":{"line":195,"column":3}}},"23":{"name":"(anonymous_23)","decl":{"start":{"line":198,"column":9},"end":{"line":198,"column":13}},"loc":{"start":{"line":201,"column":81},"end":{"line":209,"column":3}}},"24":{"name":"(anonymous_24)","decl":{"start":{"line":212,"column":9},"end":{"line":212,"column":16}},"loc":{"start":{"line":215,"column":81},"end":{"line":224,"column":3}}},"25":{"name":"(anonymous_25)","decl":{"start":{"line":226,"column":9},"end":{"line":226,"column":12}},"loc":{"start":{"line":226,"column":81},"end":{"line":228,"column":3}}},"26":{"name":"(anonymous_26)","decl":{"start":{"line":230,"column":9},"end":{"line":230,"column":12}},"loc":{"start":{"line":230,"column":41},"end":{"line":235,"column":3}}},"27":{"name":"(anonymous_27)","decl":{"start":{"line":237,"column":9},"end":{"line":237,"column":12}},"loc":{"start":{"line":237,"column":47},"end":{"line":242,"column":3}}},"28":{"name":"(anonymous_28)","decl":{"start":{"line":244,"column":9},"end":{"line":244,"column":11}},"loc":{"start":{"line":244,"column":43},"end":{"line":250,"column":3}}},"29":{"name":"(anonymous_29)","decl":{"start":{"line":252,"column":9},"end":{"line":252,"column":17}},"loc":{"start":{"line":252,"column":76},"end":{"line":258,"column":3}}},"30":{"name":"(anonymous_30)","decl":{"start":{"line":260,"column":9},"end":{"line":260,"column":18}},"loc":{"start":{"line":260,"column":77},"end":{"line":266,"column":3}}}},"branchMap":{"0":{"loc":{"start":{"line":76,"column":4},"end":{"line":76,"column":74}},"type":"if","locations":[{"start":{"line":76,"column":4},"end":{"line":76,"column":74}}]},"1":{"loc":{"start":{"line":76,"column":63},"end":{"line":76,"column":70}},"type":"binary-expr","locations":[{"start":{"line":76,"column":63},"end":{"line":76,"column":64}},{"start":{"line":76,"column":68},"end":{"line":76,"column":70}}]},"2":{"loc":{"start":{"line":77,"column":30},"end":{"line":77,"column":37}},"type":"binary-expr","locations":[{"start":{"line":77,"column":30},"end":{"line":77,"column":31}},{"start":{"line":77,"column":35},"end":{"line":77,"column":37}}]},"3":{"loc":{"start":{"line":87,"column":4},"end":{"line":87,"column":73}},"type":"if","locations":[{"start":{"line":87,"column":4},"end":{"line":87,"column":73}}]},"4":{"loc":{"start":{"line":87,"column":62},"end":{"line":87,"column":69}},"type":"binary-expr","locations":[{"start":{"line":87,"column":62},"end":{"line":87,"column":63}},{"start":{"line":87,"column":67},"end":{"line":87,"column":69}}]},"5":{"loc":{"start":{"line":88,"column":29},"end":{"line":88,"column":36}},"type":"binary-expr","locations":[{"start":{"line":88,"column":29},"end":{"line":88,"column":30}},{"start":{"line":88,"column":34},"end":{"line":88,"column":36}}]},"6":{"loc":{"start":{"line":92,"column":43},"end":{"line":92,"column":93}},"type":"default-arg","locations":[{"start":{"line":92,"column":91},"end":{"line":92,"column":93}}]},"7":{"loc":{"start":{"line":111,"column":4},"end":{"line":111,"column":80}},"type":"if","locations":[{"start":{"line":111,"column":4},"end":{"line":111,"column":80}}]},"8":{"loc":{"start":{"line":111,"column":69},"end":{"line":111,"column":76}},"type":"binary-expr","locations":[{"start":{"line":111,"column":69},"end":{"line":111,"column":70}},{"start":{"line":111,"column":74},"end":{"line":111,"column":76}}]},"9":{"loc":{"start":{"line":156,"column":4},"end":{"line":162,"column":63}},"type":"if","locations":[{"start":{"line":156,"column":4},"end":{"line":162,"column":63}}]},"10":{"loc":{"start":{"line":157,"column":6},"end":{"line":160,"column":61}},"type":"binary-expr","locations":[{"start":{"line":157,"column":6},"end":{"line":157,"column":23}},{"start":{"line":158,"column":6},"end":{"line":158,"column":11}},{"start":{"line":159,"column":6},"end":{"line":159,"column":31}},{"start":{"line":160,"column":7},"end":{"line":160,"column":61}}]},"11":{"loc":{"start":{"line":163,"column":4},"end":{"line":164,"column":92}},"type":"if","locations":[{"start":{"line":163,"column":4},"end":{"line":164,"column":92}}]},"12":{"loc":{"start":{"line":163,"column":8},"end":{"line":163,"column":52}},"type":"binary-expr","locations":[{"start":{"line":163,"column":8},"end":{"line":163,"column":24}},{"start":{"line":163,"column":28},"end":{"line":163,"column":52}}]},"13":{"loc":{"start":{"line":172,"column":4},"end":{"line":172,"column":81}},"type":"default-arg","locations":[{"start":{"line":172,"column":79},"end":{"line":172,"column":81}}]},"14":{"loc":{"start":{"line":186,"column":4},"end":{"line":186,"column":81}},"type":"default-arg","locations":[{"start":{"line":186,"column":79},"end":{"line":186,"column":81}}]},"15":{"loc":{"start":{"line":201,"column":4},"end":{"line":201,"column":81}},"type":"default-arg","locations":[{"start":{"line":201,"column":79},"end":{"line":201,"column":81}}]},"16":{"loc":{"start":{"line":215,"column":4},"end":{"line":215,"column":81}},"type":"default-arg","locations":[{"start":{"line":215,"column":79},"end":{"line":215,"column":81}}]},"17":{"loc":{"start":{"line":230,"column":13},"end":{"line":230,"column":41}},"type":"default-arg","locations":[{"start":{"line":230,"column":39},"end":{"line":230,"column":41}}]}},"s":{"0":44,"1":37,"2":10,"3":1,"4":5,"5":1,"6":201,"7":2,"8":5,"9":814,"10":1,"11":1,"12":65,"13":1,"14":64,"15":411,"16":442,"17":6,"18":436,"19":51,"20":104,"21":0,"22":104,"23":138,"24":33,"25":0,"26":459,"27":459,"28":235,"29":224,"30":9,"31":215,"32":11,"33":3,"34":518,"35":144,"36":50,"37":953,"38":40,"39":39,"40":9,"41":7,"42":29},"f":{"0":44,"1":37,"2":10,"3":1,"4":5,"5":1,"6":201,"7":2,"8":5,"9":814,"10":1,"11":1,"12":65,"13":411,"14":442,"15":51,"16":104,"17":138,"18":33,"19":0,"20":459,"21":11,"22":3,"23":518,"24":144,"25":50,"26":953,"27":40,"28":39,"29":9,"30":7},"b":{"0":[1],"1":[1,0],"2":[64,52],"3":[6],"4":[6,2],"5":[436,304],"6":[6],"7":[0],"8":[0,0],"9":[235],"10":[459,246,246,246],"11":[9],"12":[224,21],"13":[11],"14":[3],"15":[518],"16":[144],"17":[904]}}
,"/home/runner/work/json-type/json-type/src/schema/index.ts": {"path":"/home/runner/work/json-type/json-type/src/schema/index.ts","statementMap":{"0":{"start":{"line":1,"column":0},"end":{"line":1,"column":46}},"1":{"start":{"line":3,"column":0},"end":{"line":3,"column":25}},"2":{"start":{"line":4,"column":0},"end":{"line":4,"column":25}},"3":{"start":{"line":9,"column":13},"end":{"line":9,"column":37}}},"fnMap":{},"branchMap":{},"s":{"0":29,"1":29,"2":29,"3":29},"f":{},"b":{}}
[...]
nd":{"line":12,"column":76}},"type":"if","locations":[{"start":{"line":12,"column":2},"end":{"line":12,"column":76}}]},"3":{"loc":{"start":{"line":16,"column":2},"end":{"line":121,"column":3}},"type":"switch","locations":[{"start":{"line":17,"column":4},"end":{"line":23,"column":5}},{"start":{"line":24,"column":4},"end":{"line":32,"column":5}},{"start":{"line":33,"column":4},"end":{"line":38,"column":5}},{"start":{"line":39,"column":4},"end":{"line":44,"column":5}},{"start":{"line":45,"column":4},"end":{"line":47,"column":5}},{"start":{"line":48,"column":4},"end":{"line":52,"column":5}},{"start":{"line":53,"column":4},"end":{"line":58,"column":5}},{"start":{"line":59,"column":4},"end":{"line":61,"column":5}},{"start":{"line":62,"column":4},"end":{"line":64,"column":5}},{"start":{"line":65,"column":4},"end":{"line":67,"column":5}},{"start":{"line":68,"column":4},"end":{"line":70,"column":5}},{"start":{"line":71,"column":4},"end":{"line":73,"column":5}},{"start":{"line":74,"column":4},"end":{"line":76,"column":5}},{"start":{"line":77,"column":4},"end":{"line":79,"column":5}},{"start":{"line":80,"column":4},"end":{"line":82,"column":5}},{"start":{"line":83,"column":4},"end":{"line":85,"column":5}},{"start":{"line":86,"column":4},"end":{"line":88,"column":5}},{"start":{"line":89,"column":4},"end":{"line":91,"column":5}},{"start":{"line":92,"column":4},"end":{"line":94,"column":5}},{"start":{"line":95,"column":4},"end":{"line":97,"column":5}},{"start":{"line":98,"column":4},"end":{"line":105,"column":5}},{"start":{"line":106,"column":4},"end":{"line":108,"column":5}},{"start":{"line":109,"column":4},"end":{"line":113,"column":5}},{"start":{"line":114,"column":4},"end":{"line":116,"column":5}},{"start":{"line":117,"column":4},"end":{"line":120,"column":5}}]},"4":{"loc":{"start":{"line":19,"column":21},"end":{"line":19,"column":49}},"type":"cond-expr","locations":[{"start":{"line":19,"column":35},"end":{"line":19,"column":44}},{"start":{"line":19,"column":47},"end":{"line":19,"column":49}}]},"5":{"loc":{"start":{"line":28,"column":21},"end":{"line":28,"column":49}},"type":"cond-expr","locations":[{"start":{"line":28,"column":35},"end":{"line":28,"column":44}},{"start":{"line":28,"column":47},"end":{"line":28,"column":49}}]},"6":{"loc":{"start":{"line":36,"column":21},"end":{"line":36,"column":49}},"type":"cond-expr","locations":[{"start":{"line":36,"column":35},"end":{"line":36,"column":44}},{"start":{"line":36,"column":47},"end":{"line":36,"column":49}}]},"7":{"loc":{"start":{"line":43,"column":34},"end":{"line":43,"column":58}},"type":"cond-expr","locations":[{"start":{"line":43,"column":50},"end":{"line":43,"column":53}},{"start":{"line":43,"column":56},"end":{"line":43,"column":58}}]},"8":{"loc":{"start":{"line":51,"column":13},"end":{"line":51,"column":54}},"type":"cond-expr","locations":[{"start":{"line":51,"column":22},"end":{"line":51,"column":34}},{"start":{"line":51,"column":37},"end":{"line":51,"column":54}}]},"9":{"loc":{"start":{"line":55,"column":6},"end":{"line":57,"column":78}},"type":"if","locations":[{"start":{"line":55,"column":6},"end":{"line":57,"column":78}},{"start":{"line":57,"column":13},"end":{"line":57,"column":78}}]},"10":{"loc":{"start":{"line":81,"column":13},"end":{"line":81,"column":85}},"type":"cond-expr","locations":[{"start":{"line":81,"column":36},"end":{"line":81,"column":40}},{"start":{"line":81,"column":43},"end":{"line":81,"column":85}}]},"11":{"loc":{"start":{"line":100,"column":9},"end":{"line":100,"column":86}},"type":"cond-expr","locations":[{"start":{"line":100,"column":45},"end":{"line":100,"column":58}},{"start":{"line":100,"column":61},"end":{"line":100,"column":86}}]},"12":{"loc":{"start":{"line":101,"column":9},"end":{"line":103,"column":14}},"type":"cond-expr","locations":[{"start":{"line":102,"column":12},"end":{"line":102,"column":74}},{"start":{"line":103,"column":12},"end":{"line":103,"column":14}}]},"13":{"loc":{"start":{"line":101,"column":9},"end":{"line":101,"column":60}},"type":"binary-expr","locations":[{"start":{"line":101,"column":9},"end":{"line":101,"column":27}},{"start":{"line":101,"column":31},"end":{"line":101,"column":60}}]}},"s":{"0":18,"1":18,"2":18,"3":35,"4":35,"5":0,"6":0,"7":18,"8":118,"9":13,"10":31,"11":105,"12":105,"13":2,"14":2,"15":2,"16":2,"17":2,"18":4,"19":4,"20":4,"21":4,"22":4,"23":4,"24":4,"25":3,"26":3,"27":3,"28":3,"29":28,"30":28,"31":28,"32":28,"33":0,"34":3,"35":3,"36":3,"37":2,"38":5,"39":2,"40":1,"41":3,"42":1,"43":3,"44":2,"45":19,"46":6,"47":3,"48":0,"49":0,"50":0,"51":8,"52":1,"53":0,"54":0,"55":0,"56":0,"57":0,"58":6,"59":6,"60":10,"61":4,"62":4,"63":4,"64":4,"65":0,"66":4,"67":4,"68":0,"69":18},"f":{"0":35,"1":118,"2":31,"3":5,"4":3,"5":3,"6":0,"7":6,"8":4},"b":{"0":[35],"1":[6],"2":[13],"3":[2,4,3,28,0,3,2,2,19,6,3,0,0,0,8,1,0,0,0,0,6,10,4,0,4],"4":[2,0],"5":[1,3],"6":[2,1],"7":[4,24],"8":[2,1],"9":[1,1],"10":[1,7],"11":[0,6],"12":[6,0],"13":[6,6]}}
,"/home/runner/work/json-type/json-type/src/typescript/util.ts": {"path":"/home/runner/work/json-type/json-type/src/typescript/util.ts","statementMap":{"0":{"start":{"line":3,"column":13},"end":{"line":3,"column":24}},"1":{"start":{"line":5,"column":13},"end":{"line":67,"column":3}},"2":{"start":{"line":69,"column":28},"end":{"line":70,"column":87}},"3":{"start":{"line":70,"column":2},"end":{"line":70,"column":87}},"4":{"start":{"line":69,"column":13},"end":{"line":69,"column":28}},"5":{"start":{"line":72,"column":28},"end":{"line":73,"column":83}},"6":{"start":{"line":73,"column":2},"end":{"line":73,"column":83}},"7":{"start":{"line":72,"column":13},"end":{"line":72,"column":28}}},"fnMap":{"0":{"name":"(anonymous_0)","decl":{"start":{"line":69,"column":28},"end":{"line":69,"column":29}},"loc":{"start":{"line":70,"column":2},"end":{"line":70,"column":87}}},"1":{"name":"(anonymous_1)","decl":{"start":{"line":72,"column":28},"end":{"line":72,"column":29}},"loc":{"start":{"line":73,"column":2},"end":{"line":73,"column":83}}}},"branchMap":{"0":{"loc":{"start":{"line":70,"column":2},"end":{"line":70,"column":87}},"type":"cond-expr","locations":[{"start":{"line":70,"column":60},"end":{"line":70,"column":64}},{"start":{"line":70,"column":67},"end":{"line":70,"column":87}}]},"1":{"loc":{"start":{"line":70,"column":2},"end":{"line":70,"column":57}},"type":"binary-expr","locations":[{"start":{"line":70,"column":2},"end":{"line":70,"column":34}},{"start":{"line":70,"column":38},"end":{"line":70,"column":57}}]},"2":{"loc":{"start":{"line":73,"column":2},"end":{"line":73,"column":83}},"type":"binary-expr","locations":[{"start":{"line":73,"column":2},"end":{"line":73,"column":26}},{"start":{"line":73,"column":30},"end":{"line":73,"column":54}},{"start":{"line":73,"column":58},"end":{"line":73,"column":83}}]}},"s":{"0":18,"1":18,"2":18,"3":28,"4":18,"5":18,"6":3,"7":18},"f":{"0":28,"1":3},"b":{"0":[25,3],"1":[28,26],"2":[3,3,1]}}
,"/home/runner/work/json-type/json-type/src/value/ObjectValue.ts": {"path":"/home/runner/work/json-type/json-type/src/value/ObjectValue.ts","statementMap":{"0":{"start":{"line":1,"column":0},"end":{"line":1,"column":30}},"1":{"start":{"line":2,"column":0},"end":{"line":2,"column":44}},"2":{"start":{"line":3,"column":0},"end":{"line":3,"column":48}},"3":{"start":{"line":4,"column":0},"end":{"line":4,"column":50}},"4":{"start":{"line":40,"column":4},"end":{"line":40,"column":40}},"5":{"start":{"line":44,"column":4},"end":{"line":44,"column":25}},"6":{"start":{"line":48,"column":17},"end":{"line":48,"column":31}},"7":{"start":{"line":49,"column":4},"end":{"line":49,"column":87}},"8":{"start":{"line":49,"column":76},"end":{"line":49,"column":85}},"9":{"start":{"line":59,"column":18},"end":{"line":59,"column":49}},"10":{"start":{"line":60,"column":4},"end":{"line":60,"column":44}},"11":{"start":{"line":60,"column":16},"end":{"line":60,"column":44}},"12":{"start":{"line":61,"column":17},"end":{"line":61,"column":28}},"13":{"start":{"line":62,"column":17},"end":{"line":62,"column":39}},"14":{"start":{"line":63,"column":4},"end":{"line":63,"column":40}},"15":{"start":{"line":70,"column":4},"end":{"line":70,"column":110}},"16":{"start":{"line":71,"column":25},"end":{"line":71,"column":58}},"17":{"start":{"line":72,"column":17},"end":{"line":72,"column":26}},"18":{"start":{"line":73,"column":19},"end":{"line":73,"column":30}},"19":{"start":{"line":74,"column":4},"end":{"line":74,"column":46}},"20":{"start":{"line":74,"column":17},"end":{"line":74,"column":46}},"21":{"start":{"line":75,"column":25},"end":{"line":75,"column":63}},"22":{"start":{"line":76,"column":4},"end":{"line":76,"column":69}},"23":{"start":{"line":84,"column":20},"end":{"line":84,"column":69}},"24":{"start":{"line":85,"column":14},"end":{"line":85,"column":22}},"25":{"start":{"line":86,"column":4},"end":{"line":86,"column":55}},"26":{"start":{"line":87,"column":4},"end":{"line":87,"column":47}},"27":{"start":{"line":93,"column":25},"end":{"line":93,"column":52}},"28":{"start":{"line":94,"column":17},"end":{"line":94,"column":26}},"29":{"start":{"line":95,"column":19},"end":{"line":95,"column":30}},"30":{"start":{"line":96,"column":4},"end":{"line":96,"column":46}},"31":{"start":{"line":96,"column":17},"end":{"line":96,"column":46}},"32":{"start":{"line":97,"column":25},"end":{"line":97,"column":76}},"33":{"start":{"line":98,"column":4},"end":{"line":98,"column":62}},"34":{"start":{"line":104,"column":19},"end":{"line":104,"column":40}},"35":{"start":{"line":105,"column":23},"end":{"line":105,"column":59}},"36":{"start":{"line":105,"column":43},"end":{"line":105,"column":59}},"37":{"start":{"line":106,"column":22},"end":{"line":106,"column":46}},"38":{"start":{"line":107,"column":17},"end":{"line":107,"column":26}},"39":{"start":{"line":108,"column":64},"end":{"line":108,"column":80}},"40":{"start":{"line":109,"column":25},"end":{"line":109,"column":39}},"41":{"start":{"line":110,"column":4},"end":{"line":113,"column":5}},"42":{"start":{"line":111,"column":6},"end":{"line":111,"column":51}},"43":{"start":{"line":112,"column":6},"end":{"line":112,"column":31}},"44":{"start":{"line":114,"column":25},"end":{"line":114,"column":59}},"45":{"start":{"line":115,"column":4},"end":{"line":115,"column":67}},"46":{"start":{"line":119,"column":35},"end":{"line":122,"column":6}},"47":{"start":{"line":123,"column":17},"end":{"line":123,"column":58}},"48":{"start":{"line":124,"column":4},"end":{"line":133,"column":5}},"49":{"start":{"line":125,"column":21},"end":{"line":125,"column":37}},"50":{"start":{"line":126,"column":47},"end":{"line":130,"column":8}},"51":{"start":{"line":131,"column":6},"end":{"line":131,"column":56}},"52":{"start":{"line":131,"column":24},"end":{"line":131,"column":56}},"53":{"start":{"line":132,"column":6},"end":{"line":132,"column":34}},"54":{"start":{"line":134,"column":4},"end":{"line":134,"column":16}},"55":{"start":{"line":138,"column":41},"end":{"line":150,"column":6}},"56":{"start":{"line":151,"column":19},"end":{"line":151,"column":35}},"57":{"start":{"line":152,"column":4},"end":{"line":152,"column":56}},"58":{"start":{"line":152,"column":17},"end":{"line":152,"column":56}},"59":{"start":{"line":153,"column":4},"end":{"line":153,"column":114}},"60":{"start":{"line":153,"column":49},"end":{"line":153,"column":114}},"61":{"start":{"line":154,"column":4},"end":{"line":154,"column":16}},"62":{"start":{"line":158,"column":4},"end":{"line":158,"column":48}},"63":{"start":{"line":162,"column":4},"end":{"line":162,"column":78}},"64":{"start":{"line":162,"column":52},"end":{"line":162,"column":75}},"65":{"start":{"line":36,"column":0},"end":{"line":36,"column":13}},"66":{"start":{"line":37,"column":16},"end":{"line":37,"column":102}},"67":{"start":{"line":37,"column":68},"end":{"line":37,"column":101}}},"fnMap":{"0":{"name":"(anonymous_0)","decl":{"start":{"line":39,"column":2},"end":{"line":39,"column":13}},"loc":{"start":{"line":39,"column":19},"end":{"line":41,"column":3}}},"1":{"name":"(anonymous_1)","decl":{"start":{"line":43,"column":2},"end":{"line":43,"column":13}},"loc":{"start":{"line":43,"column":14},"end":{"line":45,"column":3}}},"2":{"name":"(anonymous_2)","decl":{"start":{"line":47,"column":9},"end":{"line":47,"column":13}},"loc":{"start":{"line":47,"column":13},"end":{"line":50,"column":3}}},"3":{"name":"(anonymous_3)","decl":{"start":{"line":49,"column":27},"end":{"line":49,"column":28}},"loc":{"start":{"line":49,"column":76},"end":{"line":49,"column":85}}},"4":{"name":"(anonymous_4)","decl":{"start":{"line":52,"column":9},"end":{"line":52,"column":12}},"loc":{"start":{"line":53,"column":10},"end":{"line":64,"column":3}}},"5":{"name":"(anonymous_5)","decl":{"start":{"line":66,"column":9},"end":{"line":66,"column":14}},"loc":{"start":{"line":68,"column":46},"end":{"line":77,"column":3}}},"6":{"name":"(anonymous_6)","decl":{"start":{"line":79,"column":9},"end":{"line":79,"column":13}},"loc":{"start":{"line":82,"column":24},"end":{"line":88,"column":3}}},"7":{"name":"(anonymous_7)","decl":{"start":{"line":90,"column":9},"end":{"line":90,"column":14}},"loc":{"start":{"line":91,"column":10},"end":{"line":99,"column":3}}},"8":{"name":"(anonymous_8)","decl":{"start":{"line":101,"column":9},"end":{"line":101,"column":15}},"loc":{"start":{"line":102,"column":65},"end":{"line":116,"column":3}}},"9":{"name":"(anonymous_9)","decl":{"start":{"line":105,"column":23},"end":{"line":105,"column":24}},"loc":{"start":{"line":105,"column":43},"end":{"line":105,"column":59}}},"10":{"name":"(anonymous_10)","decl":{"start":{"line":118,"column":9},"end":{"line":118,"column":24}},"loc":{"start":{"line":118,"column":24},"end":{"line":135,"column":3}}},"11":{"name":"(anonymous_11)","decl":{"start":{"line":137,"column":9},"end":{"line":137,"column":30}},"loc":{"start":{"line":137,"column":30},"end":{"line":155,"column":3}}},"12":{"name":"(anonymous_12)","decl":{"start":{"line":157,"column":9},"end":{"line":157,"column":21}},"loc":{"start":{"line":157,"column":21},"end":{"line":159,"column":3}}},"13":{"name":"(anonymous_13)","decl":{"start":{"line":161,"column":9},"end":{"line":161,"column":17}},"loc":{"start":{"line":161,"column":34},"end":{"line":163,"column":3}}},"14":{"name":"(anonymous_14)","decl":{"start":{"line":162,"column":43},"end":{"line":162,"column":44}},"loc":{"start":{"line":162,"column":52},"end":{"line":162,"column":75}}},"15":{"name":"(anonymous_15)","decl":{"start":{"line":37,"column":25},"end":{"line":37,"column":26}},"loc":{"start":{"line":37,"column":68},"end":{"line":37,"column":101}}}},"branchMap":{"0":{"loc":{"start":{"line":60,"column":4},"end":{"line":60,"column":44}},"type":"if","locations":[{"start":{"line":60,"column":4},"end":{"line":60,"column":44}}]},"1":{"loc":{"start":{"line":70,"column":12},"end":{"line":70,"column":109}},"type":"cond-expr","locations":[{"start":{"line":70,"column":42},"end":{"line":70,"column":101}},{"start":{"line":70,"column":104},"end":{"line":70,"column":109}}]},"2":{"loc":{"start":{"line":74,"column":4},"end":{"line":74,"column":46}},"type":"if","locations":[{"start":{"line":74,"column":4},"end":{"line":74,"column":46}}]},"3":{"loc":{"start":{"line":86,"column":11},"end":{"line":86,"column":54}},"type":"cond-expr","locations":[{"start":{"line":86,"column":40},"end":{"line":86,"column":47}},{"start":{"line":86,"column":50},"end":{"line":86,"column":54}}]},"4":{"loc":{"start":{"line":96,"column":4},"end":{"line":96,"column":46}},"type":"if","locations":[{"start":{"line":96,"column":4},"end":{"line":96,"column":46}}]},"5":{"loc":{"start":{"line":131,"column":6},"end":{"line":131,"column":56}},"type":"if","locations":[{"start":{"line":131,"column":6},"end":{"line":131,"column":56}}]},"6":{"loc":{"start":{"line":152,"column":4},"end":{"line":152,"column":56}},"type":"if","locations":[{"start":{"line":152,"column":4},"end":{"line":152,"column":56}}]},"7":{"loc":{"start":{"line":161,"column":18},"end":{"line":161,"column":34}},"type":"default-arg","locations":[{"start":{"line":161,"column":32},"end":{"line":161,"column":34}}]},"8":{"loc":{"start":{"line":37,"column":26},"end":{"line":37,"column":63}},"type":"default-arg","locations":[{"start":{"line":37,"column":47},"end":{"line":37,"column":63}}]}},"s":{"0":1,"1":1,"2":1,"3":1,"4":0,"5":0,"6":0,"7":0,"8":0,"9":1,"10":1,"11":0,"12":1,"13":1,"14":1,"15":0,"16":0,"17":0,"18":0,"19":0,"20":0,"21":0,"22":0,"23":0,"24":0,"25":0,"26":0,"27":0,"28":0,"29":0,"30":0,"31":0,"32":0,"33":0,"34":0,"35":0,"36":0,"37":0,"38":0,"39":0,"40":0,"41":0,"42":0,"43":0,"44":0,"45":0,"46":0,"47":0,"48":0,"49":0,"50":0,"51":0,"52":0,"53":0,"54":0,"55":0,"56":0,"57":0,"58":0,"59":0,"60":0,"61":0,"62":0,"63":1,"64":1,"65":1,"66":1,"67":0},"f":{"0":0,"1":0,"2":0,"3":0,"4":1,"5":0,"6":0,"7":0,"8":0,"9":0,"10":0,"11":0,"12":0,"13":1,"14":1,"15":0},"b":{"0":[0],"1":[0,0],"2":[0],"3":[0,0],"4":[0],"5":[0],"6":[0],"7":[1],"8":[0]}}
,"/home/runner/work/json-type/json-type/src/value/Value.ts": {"path":"/home/runner/work/json-type/json-type/src/value/Value.ts","statementMap":{"0":{"start":{"line":7,"column":11},"end":{"line":7,"column":18}},"1":{"start":{"line":8,"column":11},"end":{"line":8,"column":31}},"2":{"start":{"line":12,"column":18},"end":{"line":12,"column":27}},"3":{"start":{"line":13,"column":17},"end":{"line":13,"column":26}},"4":{"start":{"line":14,"column":4},"end":{"line":14,"column":36}},"5":{"start":{"line":14,"column":29},"end":{"line":14,"column":36}},"6":{"start":{"line":15,"column":20},"end":{"line":15,"column":33}},"7":{"start":{"line":16,"column":4},"end":{"line":17,"column":52}},"8":{"start":{"line":16,"column":15},"end":{"line":16,"column":39}},"9":{"start":{"line":17,"column":9},"end":{"line":17,"column":52}},"10":{"start":{"line":5,"column":0},"end":{"line":5,"column":13}},"11":{"start":{"line":21,"column":0},"end":{"line":40,"column":1}},"12":{"start":{"line":22,"column":17},"end":{"line":22,"column":39}},"13":{"start":{"line":23,"column":2},"end":{"line":39,"column":4}},"14":{"start":{"line":24,"column":4},"end":{"line":38,"column":5}},"15":{"start":{"line":25,"column":6},"end":{"line":25,"column":31}},"16":{"start":{"line":27,"column":6},"end":{"line":36,"column":16}},"17":{"start":{"line":29,"column":8},"end":{"line":29,"column":29}},"18":{"start":{"line":30,"column":21},"end":{"line":30,"column":30}},"19":{"start":{"line":31,"column":8},"end":{"line":35,"column":9}},"20":{"start":{"line":32,"column":22},"end":{"line":32,"column":57}},"21":{"start":{"line":34,"column":10},"end":{"line":34,"column":29}},"22":{"start":{"line":37,"column":6},"end":{"line":37,"column":18}}},"fnMap":{"0":{"name":"(anonymous_0)","decl":{"start":{"line":6,"column":2},"end":{"line":6,"column":null}},"loc":{"start":{"line":8,"column":31},"end":{"line":9,"column":6}}},"1":{"name":"(anonymous_1)","decl":{"start":{"line":11,"column":9},"end":{"line":11,"column":15}},"loc":{"start":{"line":11,"column":37},"end":{"line":18,"column":3}}},"2":{"name":"(anonymous_2)","decl":{"start":{"line":23,"column":27},"end":{"line":23,"column":37}},"loc":{"start":{"line":23,"column":58},"end":{"line":39,"column":3}}}},"branchMap":{"0":{"loc":{"start":{"line":14,"column":4},"end":{"line":14,"column":36}},"type":"if","locations":[{"start":{"line":14,"column":4},"end":{"line":14,"column":36}}]},"1":{"loc":{"start":{"line":16,"column":4},"end":{"line":17,"column":52}},"type":"if","locations":[{"start":{"line":16,"column":4},"end":{"line":17,"column":52}},{"start":{"line":17,"column":9},"end":{"line":17,"column":52}}]},"2":{"loc":{"start":{"line":21,"column":0},"end":{"line":40,"column":1}},"type":"if","locations":[{"start":{"line":21,"column":0},"end":{"line":40,"column":1}}]},"3":{"loc":{"start":{"line":31,"column":8},"end":{"line":35,"column":9}},"type":"if","locations":[{"start":{"line":31,"column":8},"end":{"line":35,"column":9}}]}},"s":{"0":3,"1":3,"2":0,"3":0,"4":0,"5":0,"6":0,"7":0,"8":0,"9":0,"10":25,"11":25,"12":25,"13":25,"14":0,"15":0,"16":0,"17":0,"18":0,"19":0,"20":0,"21":0,"22":0},"f":{"0":3,"1":0,"2":0},"b":{"0":[0],"1":[0,0],"2":[25],"3":[0]}}
}
