TN:
SF:src/constants.ts
FN:7,(anonymous_0)
FNF:1
FNH:1
FNDA:30,(anonymous_0)
DA:7,30
DA:8,30
DA:9,30
DA:10,30
DA:11,30
DA:12,30
DA:13,30
DA:14,30
DA:15,30
DA:16,30
DA:17,30
DA:18,30
DA:19,30
DA:20,30
DA:21,30
DA:22,30
DA:23,30
DA:24,30
DA:25,30
DA:26,30
DA:27,30
DA:28,30
DA:29,30
DA:30,30
DA:31,30
DA:35,30
LF:26
LH:26
BRDA:7,0,0,30
BRDA:7,0,1,30
BRF:2
BRH:2
end_of_record
TN:
SF:src/index.ts
FNF:0
FNH:0
DA:51,4
DA:52,4
DA:53,4
DA:54,4
DA:55,4
LF:5
LH:5
BRF:0
BRH:0
end_of_record
TN:
SF:src/util.ts
FNF:0
FNH:0
DA:3,30
DA:4,30
DA:5,30
DA:7,30
DA:8,30
DA:9,30
DA:11,30
LF:7
LH:7
BRF:0
BRH:0
end_of_record
TN:
SF:src/__tests__/fixtures.ts
FNF:0
FNH:0
DA:7,1
DA:12,1
DA:26,1
DA:60,1
DA:68,1
LF:5
LH:5
BRF:0
BRH:0
end_of_record
TN:
SF:src/codegen/WriteBlobStep.ts
FN:2,(anonymous_0)
FNF:1
FNH:1
FNDA:498,(anonymous_0)
DA:1,30
DA:2,498
LF:2
LH:2
BRF:0
BRH:0
end_of_record
TN:
SF:src/codegen/binary/BinaryEncoderCodegenContext.ts
FN:29,(anonymous_0)
FN:41,(anonymous_1)
FN:66,(anonymous_2)
FN:74,(anonymous_3)
FN:108,(anonymous_4)
FN:112,(anonymous_5)
FN:119,(anonymous_6)
FN:123,(anonymous_7)
FNF:8
FNH:8
FNDA:117,(anonymous_0)
FNDA:117,(anonymous_1)
FNDA:58,(anonymous_2)
FNDA:374,(anonymous_3)
FNDA:638,(anonymous_4)
FNDA:452,(anonymous_5)
FNDA:498,(anonymous_6)
FNDA:117,(anonymous_7)
DA:1,30
DA:2,30
DA:3,30
DA:4,30
DA:26,30
DA:29,117
DA:30,117
DA:42,117
DA:43,117
DA:44,1945
DA:45,1945
DA:46,498
DA:47,498
DA:48,498
DA:49,374
DA:52,117
DA:53,117
DA:54,1821
DA:55,1447
DA:56,374
DA:57,374
DA:60,117
DA:63,117
DA:67,58
DA:68,464
DA:69,58
DA:70,58
DA:71,58
DA:75,374
DA:76,374
DA:77,374
DA:78,374
DA:79,153
DA:81,221
DA:82,221
DA:83,221
DA:84,221
DA:85,406
DA:86,406
DA:87,58
DA:88,58
DA:89,58
DA:90,348
DA:91,135
DA:92,135
DA:93,135
DA:94,213
DA:95,99
DA:96,99
DA:97,99
DA:99,114
DA:100,114
DA:104,374
DA:105,374
DA:109,638
DA:113,452
DA:114,452
DA:115,452
DA:116,452
DA:120,498
DA:124,117
LF:61
LH:61
BRDA:31,0,0,0
BRDA:31,0,1,117
BRDA:45,1,0,1447
BRDA:45,1,1,498
BRDA:46,2,0,498
BRDA:48,3,0,124
BRDA:48,3,1,374
BRDA:54,4,0,1447
BRDA:54,4,1,374
BRDA:56,5,0,374
BRDA:78,6,0,153
BRDA:78,6,1,221
BRDA:86,7,0,58
BRDA:86,7,1,348
BRDA:88,8,0,0
BRDA:88,8,1,58
BRDA:90,9,0,135
BRDA:90,9,1,213
BRDA:92,10,0,8
BRDA:92,10,1,127
BRDA:94,11,0,99
BRDA:94,11,1,114
BRDA:96,12,0,63
BRDA:96,12,1,36
BRDA:99,13,0,114
BRDA:99,13,1,0
BRF:26
BRH:23
end_of_record
TN:
SF:src/codegen/binary/CborEncoderCodegenContext.ts
FNF:0
FNH:0
DA:2,30
DA:5,30
LF:2
LH:2
BRF:0
BRH:0
end_of_record
TN:
SF:src/codegen/binary/JsonEncoderCodegenContext.ts
FNF:0
FNH:0
DA:2,30
DA:5,30
LF:2
LH:2
BRF:0
BRH:0
end_of_record
TN:
SF:src/codegen/binary/MessagePackEncoderCodegenContext.ts
FNF:0
FNH:0
DA:2,30
DA:5,30
LF:2
LH:2
BRF:0
BRH:0
end_of_record
TN:
SF:src/codegen/binary/__tests__/testBinaryCodegen.ts
FN:4,(anonymous_0)
FN:5,(anonymous_1)
FN:6,(anonymous_2)
FN:14,(anonymous_3)
FN:23,(anonymous_4)
FN:24,(anonymous_5)
FN:32,(anonymous_6)
FN:40,(anonymous_7)
FN:41,(anonymous_8)
FN:51,(anonymous_9)
FN:52,(anonymous_10)
FN:63,(anonymous_11)
FN:73,(anonymous_12)
FN:82,(anonymous_13)
FN:93,(anonymous_14)
FN:94,(anonymous_15)
FN:110,(anonymous_16)
FN:127,(anonymous_17)
FN:128,(anonymous_18)
FN:138,(anonymous_19)
FN:139,(anonymous_20)
FN:148,(anonymous_21)
FN:159,(anonymous_22)
FN:167,(anonymous_23)
FN:168,(anonymous_24)
FN:176,(anonymous_25)
FN:184,(anonymous_26)
FN:193,(anonymous_27)
FN:194,(anonymous_28)
FN:202,(anonymous_29)
FN:212,(anonymous_30)
FN:224,(anonymous_31)
FN:235,(anonymous_32)
FN:253,(anonymous_33)
FN:269,(anonymous_34)
FN:317,(anonymous_35)
FN:344,(anonymous_36)
FN:372,(anonymous_37)
FN:373,(anonymous_38)
FN:381,(anonymous_39)
FN:389,(anonymous_40)
FN:397,(anonymous_41)
FN:406,(anonymous_42)
FN:407,(anonymous_43)
FN:418,(anonymous_44)
FN:419,(anonymous_45)
FN:430,(anonymous_46)
FN:431,(anonymous_47)
FN:490,(anonymous_48)
FN:516,(anonymous_49)
FN:529,(anonymous_50)
FN:556,(anonymous_51)
FNF:52
FNH:52
FNDA:3,(anonymous_0)
FNDA:3,(anonymous_1)
FNDA:3,(anonymous_2)
FNDA:3,(anonymous_3)
FNDA:3,(anonymous_4)
FNDA:3,(anonymous_5)
FNDA:3,(anonymous_6)
FNDA:3,(anonymous_7)
FNDA:3,(anonymous_8)
FNDA:3,(anonymous_9)
FNDA:3,(anonymous_10)
FNDA:3,(anonymous_11)
FNDA:3,(anonymous_12)
FNDA:3,(anonymous_13)
FNDA:3,(anonymous_14)
FNDA:3,(anonymous_15)
FNDA:3,(anonymous_16)
FNDA:3,(anonymous_17)
FNDA:3,(anonymous_18)
FNDA:3,(anonymous_19)
FNDA:3,(anonymous_20)
FNDA:3,(anonymous_21)
FNDA:3,(anonymous_22)
FNDA:3,(anonymous_23)
FNDA:3,(anonymous_24)
FNDA:3,(anonymous_25)
FNDA:3,(anonymous_26)
FNDA:3,(anonymous_27)
FNDA:3,(anonymous_28)
FNDA:3,(anonymous_29)
FNDA:3,(anonymous_30)
FNDA:3,(anonymous_31)
FNDA:3,(anonymous_32)
FNDA:3,(anonymous_33)
FNDA:3,(anonymous_34)
FNDA:3,(anonymous_35)
FNDA:3,(anonymous_36)
FNDA:3,(anonymous_37)
FNDA:3,(anonymous_38)
FNDA:3,(anonymous_39)
FNDA:3,(anonymous_40)
FNDA:3,(anonymous_41)
FNDA:3,(anonymous_42)
FNDA:3,(anonymous_43)
FNDA:3,(anonymous_44)
FNDA:3,(anonymous_45)
FNDA:3,(anonymous_46)
FNDA:3,(anonymous_47)
FNDA:3,(anonymous_48)
FNDA:3,(anonymous_49)
FNDA:3,(anonymous_50)
FNDA:3,(anonymous_51)
DA:1,3
DA:4,3
DA:5,3
DA:6,3
DA:7,3
DA:8,3
DA:9,3
DA:10,3
DA:11,3
DA:14,3
DA:15,3
DA:16,3
DA:17,3
DA:18,3
DA:19,3
DA:23,3
DA:24,3
DA:25,3
DA:26,3
DA:27,3
DA:28,3
DA:29,3
DA:32,3
DA:33,3
DA:34,3
DA:35,3
DA:36,3
DA:40,3
DA:41,3
DA:42,3
DA:43,3
DA:44,3
DA:45,3
DA:46,3
DA:47,3
DA:51,3
DA:52,3
DA:53,3
DA:54,3
DA:55,3
DA:56,3
DA:57,3
DA:58,3
DA:59,3
DA:60,3
DA:63,3
DA:64,3
DA:65,3
DA:66,3
DA:67,3
DA:68,3
DA:69,3
DA:70,3
DA:73,3
DA:74,3
DA:75,3
DA:76,3
DA:77,3
DA:78,3
DA:79,3
DA:82,3
DA:83,3
DA:84,3
DA:85,3
DA:86,3
DA:87,3
DA:88,3
DA:89,3
DA:93,3
DA:94,3
DA:95,3
DA:96,3
DA:97,3
DA:98,3
DA:99,3
DA:100,3
DA:101,3
DA:102,3
DA:103,3
DA:104,3
DA:105,3
DA:107,3
DA:110,3
DA:111,3
DA:112,3
DA:113,3
DA:114,3
DA:115,3
DA:116,3
DA:117,3
DA:118,3
DA:119,3
DA:120,3
DA:121,3
DA:123,3
DA:127,3
DA:128,3
DA:129,3
DA:130,3
DA:131,3
DA:132,3
DA:133,3
DA:134,3
DA:138,3
DA:139,3
DA:140,3
DA:141,3
DA:142,3
DA:143,3
DA:144,3
DA:145,3
DA:148,3
DA:149,3
DA:150,3
DA:151,3
DA:156,3
DA:159,3
DA:160,3
DA:161,3
DA:162,3
DA:163,3
DA:167,3
DA:168,3
DA:169,3
DA:170,3
DA:171,3
DA:172,3
DA:173,3
DA:176,3
DA:177,3
DA:178,3
DA:179,3
DA:180,3
DA:181,3
DA:184,3
DA:185,3
DA:186,3
DA:187,3
DA:188,3
DA:189,3
DA:193,3
DA:194,3
DA:195,3
DA:196,3
DA:197,3
DA:198,3
DA:199,3
DA:202,3
DA:203,3
DA:204,3
DA:205,3
DA:206,3
DA:207,3
DA:208,3
DA:209,3
DA:212,3
DA:213,3
DA:214,3
DA:215,3
DA:216,3
DA:221,3
DA:224,3
DA:225,3
DA:226,3
DA:227,3
DA:228,3
DA:232,3
DA:235,3
DA:236,3
DA:237,3
DA:238,3
DA:244,3
DA:250,3
DA:253,3
DA:254,3
DA:255,3
DA:256,3
DA:259,3
DA:266,3
DA:269,3
DA:270,3
DA:271,3
DA:272,3
DA:283,3
DA:300,3
DA:317,3
DA:318,3
DA:319,3
DA:320,3
DA:323,3
DA:330,3
DA:331,3
DA:335,3
DA:336,3
DA:339,3
DA:340,3
DA:341,3
DA:344,3
DA:345,3
DA:346,3
DA:347,3
DA:350,3
DA:355,3
DA:356,3
DA:360,3
DA:363,3
DA:366,3
DA:367,3
DA:368,3
DA:372,3
DA:373,3
DA:374,3
DA:375,3
DA:376,3
DA:377,3
DA:378,3
DA:381,3
DA:382,3
DA:383,3
DA:384,3
DA:385,3
DA:386,3
DA:389,3
DA:390,3
DA:391,3
DA:392,3
DA:393,3
DA:394,3
DA:397,3
DA:398,3
DA:399,3
DA:400,3
DA:401,3
DA:402,3
DA:406,3
DA:407,3
DA:408,3
DA:409,3
DA:410,3
DA:411,3
DA:412,3
DA:418,3
DA:419,3
DA:420,3
DA:421,3
DA:422,3
DA:425,3
DA:426,3
DA:430,3
DA:431,3
DA:432,3
DA:433,3
DA:434,3
DA:464,3
DA:485,3
DA:487,3
DA:490,3
DA:491,3
DA:492,3
DA:493,3
DA:501,3
DA:512,3
DA:513,3
DA:516,3
DA:517,3
DA:518,3
DA:519,3
DA:520,3
DA:525,3
DA:526,3
DA:529,3
DA:530,3
DA:531,3
DA:532,3
DA:533,3
DA:539,3
DA:543,3
DA:548,3
DA:549,3
DA:550,3
DA:551,3
DA:552,3
DA:553,3
DA:556,3
DA:557,3
DA:558,3
DA:559,3
DA:575,3
DA:587,3
DA:588,3
LF:290
LH:290
BRF:0
BRH:0
end_of_record
TN:
SF:src/codegen/capacity/CapacityEstimatorCodegenContext.ts
FN:10,(anonymous_0)
FN:27,(anonymous_1)
FN:36,(anonymous_2)
FN:51,(anonymous_3)
FN:55,(anonymous_4)
FNF:5
FNH:5
FNDA:521,(anonymous_0)
FNDA:222,(anonymous_1)
FNDA:222,(anonymous_2)
FNDA:521,(anonymous_3)
FNDA:222,(anonymous_4)
DA:1,30
DA:2,30
DA:3,30
DA:10,521
DA:24,30
DA:27,222
DA:28,222
DA:37,222
DA:38,222
DA:39,1582
DA:40,1582
DA:41,521
DA:42,521
DA:45,222
DA:48,222
DA:52,521
DA:56,222
LF:17
LH:17
BRDA:29,0,0,0
BRDA:29,0,1,222
BRDA:40,1,0,1061
BRDA:40,1,1,521
BRDA:41,2,0,521
BRF:5
BRH:4
end_of_record
TN:
SF:src/codegen/capacity/estimators.ts
FN:12,(anonymous_0)
FN:20,(anonymous_1)
FN:26,(anonymous_2)
FN:29,(anonymous_3)
FN:32,(anonymous_4)
FN:37,(anonymous_5)
FN:43,(anonymous_6)
FN:47,(anonymous_7)
FN:51,(anonymous_8)
FN:56,(anonymous_9)
FN:61,(anonymous_10)
FN:66,(anonymous_11)
FN:90,(anonymous_12)
FN:108,(anonymous_13)
FN:129,(anonymous_14)
FN:129,(anonymous_15)
FN:136,(anonymous_16)
FN:158,(anonymous_17)
FN:167,(anonymous_18)
FN:180,(anonymous_19)
FN:182,(anonymous_20)
FN:193,(anonymous_21)
FN:241,(anonymous_22)
FN:251,(anonymous_23)
FNF:24
FNH:24
FNDA:171,(anonymous_0)
FNDA:29,(anonymous_1)
FNDA:29,(anonymous_2)
FNDA:29,(anonymous_3)
FNDA:29,(anonymous_4)
FNDA:29,(anonymous_5)
FNDA:26,(anonymous_6)
FNDA:55,(anonymous_7)
FNDA:125,(anonymous_8)
FNDA:8,(anonymous_9)
FNDA:15,(anonymous_10)
FNDA:36,(anonymous_11)
FNDA:11,(anonymous_12)
FNDA:67,(anonymous_13)
FNDA:171,(anonymous_14)
FNDA:128,(anonymous_15)
FNDA:20,(anonymous_16)
FNDA:5,(anonymous_17)
FNDA:4,(anonymous_18)
FNDA:8,(anonymous_19)
FNDA:8,(anonymous_20)
FNDA:401,(anonymous_21)
FNDA:3,(anonymous_22)
FNDA:2,(anonymous_23)
DA:1,30
DA:2,30
DA:3,30
DA:12,30
DA:14,171
DA:15,168
DA:17,3
DA:20,30
DA:21,29
DA:22,29
DA:23,29
DA:24,29
DA:27,29
DA:30,29
DA:33,29
DA:38,29
DA:43,30
DA:44,26
DA:47,30
DA:48,55
DA:51,30
DA:52,125
DA:53,125
DA:56,30
DA:57,8
DA:58,8
DA:61,30
DA:62,15
DA:63,15
DA:66,30
DA:67,36
DA:68,36
DA:69,36
DA:70,36
DA:71,36
DA:72,36
DA:73,36
DA:77,36
DA:78,36
DA:79,9
DA:80,9
DA:82,27
DA:83,27
DA:84,27
DA:85,27
DA:86,27
DA:90,30
DA:91,11
DA:92,11
DA:93,11
DA:94,11
DA:95,11
DA:96,11
DA:97,11
DA:98,17
DA:99,17
DA:103,17
DA:104,17
DA:108,30
DA:114,67
DA:115,67
DA:116,67
DA:117,67
DA:118,67
DA:119,13
DA:120,13
DA:122,54
DA:123,54
DA:124,54
DA:125,54
DA:126,171
DA:127,171
DA:128,171
DA:129,171
DA:130,171
DA:131,52
DA:132,119
DA:136,30
DA:137,20
DA:138,20
DA:139,20
DA:140,20
DA:141,20
DA:142,20
DA:143,20
DA:144,20
DA:145,20
DA:146,20
DA:150,20
DA:151,20
DA:152,20
DA:153,20
DA:154,20
DA:155,20
DA:158,30
DA:159,5
DA:160,5
DA:161,5
DA:162,5
DA:163,5
DA:164,5
DA:167,30
DA:173,4
DA:174,4
DA:175,4
DA:176,4
DA:177,4
DA:178,4
DA:180,8
DA:183,8
DA:193,30
DA:194,401
DA:196,401
DA:198,29
DA:199,29
DA:201,26
DA:202,26
DA:204,55
DA:205,55
DA:207,125
DA:208,125
DA:210,8
DA:211,8
DA:213,15
DA:214,15
DA:216,36
DA:217,36
DA:219,11
DA:220,11
DA:222,67
DA:223,67
DA:225,20
DA:226,20
DA:228,5
DA:229,5
DA:231,4
DA:232,4
DA:234,0
DA:241,30
DA:245,3
DA:250,3
DA:251,3
DA:253,3
DA:254,3
LF:144
LH:143
BRDA:14,0,0,168
BRDA:78,1,0,9
BRDA:78,1,1,27
BRDA:118,2,0,13
BRDA:128,3,0,171
BRDA:128,3,1,119
BRDA:130,4,0,52
BRDA:130,4,1,119
BRDA:160,5,0,5
BRDA:160,5,1,0
BRDA:161,6,0,0
BRDA:196,7,0,29
BRDA:196,7,1,26
BRDA:196,7,2,55
BRDA:196,7,3,125
BRDA:196,7,4,8
BRDA:196,7,5,15
BRDA:196,7,6,36
BRDA:196,7,7,11
BRDA:196,7,8,67
BRDA:196,7,9,20
BRDA:196,7,10,5
BRDA:196,7,11,4
BRDA:196,7,12,0
BRF:24
BRH:21
end_of_record
TN:
SF:src/codegen/json/JsonTextEncoderCodegenContext.ts
FN:11,(anonymous_0)
FN:29,(anonymous_1)
FN:34,(anonymous_2)
FN:61,(anonymous_3)
FN:65,(anonymous_4)
FN:70,(anonymous_5)
FN:75,(anonymous_6)
FNF:7
FNH:7
FNDA:175,(anonymous_0)
FNDA:43,(anonymous_1)
FNDA:43,(anonymous_2)
FNDA:261,(anonymous_3)
FNDA:175,(anonymous_4)
FNDA:2,(anonymous_5)
FNDA:43,(anonymous_6)
DA:1,30
DA:2,30
DA:3,30
DA:11,175
DA:26,30
DA:29,43
DA:30,43
DA:35,43
DA:36,43
DA:37,472
DA:38,472
DA:39,175
DA:40,175
DA:41,175
DA:42,102
DA:45,43
DA:46,43
DA:47,399
DA:48,297
DA:49,102
DA:50,102
DA:51,102
DA:54,43
DA:57,43
DA:58,43
DA:62,261
DA:66,175
DA:69,43
DA:71,2
DA:72,2
DA:76,43
LF:31
LH:31
BRDA:31,0,0,0
BRDA:31,0,1,43
BRDA:38,1,0,297
BRDA:38,1,1,175
BRDA:39,2,0,175
BRDA:41,3,0,73
BRDA:41,3,1,102
BRDA:47,4,0,297
BRDA:47,4,1,102
BRDA:49,5,0,102
BRDA:71,6,0,0
BRF:11
BRH:9
end_of_record
TN:
SF:src/codegen/validator/ValidatorCodegenContext.ts
FN:55,(anonymous_0)
FN:68,(anonymous_1)
FN:73,(anonymous_2)
FN:127,(anonymous_3)
FN:155,(anonymous_4)
FN:168,(anonymous_5)
FNF:6
FNH:6
FNDA:1236,(anonymous_0)
FNDA:5875,(anonymous_1)
FNDA:3898,(anonymous_2)
FNDA:2651,(anonymous_3)
FNDA:30,(anonymous_4)
FNDA:1235,(anonymous_5)
DA:1,30
DA:2,30
DA:51,30
DA:56,1236
DA:62,1236
DA:63,1236
DA:69,5875
DA:78,3898
DA:80,470
DA:82,1167
DA:83,1167
DA:84,825
DA:85,262
DA:87,563
DA:90,1167
DA:95,2261
DA:102,2261
DA:103,2261
DA:104,3005
DA:105,3005
DA:106,1036
DA:108,1969
DA:110,3005
DA:112,2261
DA:113,2261
DA:114,1
DA:116,2261
DA:117,11
DA:119,2261
DA:120,10
DA:122,2261
DA:128,2651
DA:129,2651
DA:130,30
DA:131,30
DA:132,29
DA:133,29
DA:134,29
DA:138,29
DA:142,29
DA:143,29
DA:153,1236
DA:156,30
DA:157,30
DA:158,28
DA:159,28
DA:160,28
DA:161,28
DA:162,27
DA:163,27
DA:164,27
DA:165,27
DA:169,1235
LF:53
LH:53
BRDA:62,0,0,248
BRDA:62,0,1,988
BRDA:62,1,0,449
BRDA:62,1,1,539
BRDA:76,2,0,3839
BRDA:78,3,0,470
BRDA:78,3,1,1167
BRDA:78,3,2,2261
BRDA:84,4,0,262
BRDA:84,4,1,563
BRDA:104,5,0,1428
BRDA:105,6,0,1036
BRDA:105,6,1,1969
BRDA:113,7,0,1
BRDA:116,8,0,11
BRDA:119,9,0,10
BRDA:147,10,0,5
BRDA:147,10,1,24
BRDA:157,11,0,2
BRDA:159,12,0,0
BRDA:162,13,0,0
BRF:21
BRH:19
end_of_record
TN:
SF:src/codegen/validator/util.ts
FN:1,(anonymous_0)
FNF:1
FNH:1
FNDA:1071,(anonymous_0)
DA:1,30
DA:2,1071
DA:10,992
DA:12,79
LF:4
LH:4
BRDA:2,0,0,109
BRDA:2,0,1,112
BRDA:2,0,2,191
BRDA:2,0,3,748
BRDA:2,0,4,872
BRDA:2,0,5,989
BRDA:2,0,6,992
BRDA:2,0,7,79
BRF:8
BRH:8
end_of_record
TN:
SF:src/json-schema/converter.ts
FN:35,getBaseJsonSchema
FN:42,(anonymous_1)
FN:52,typeToJsonSchema
FN:88,anyToJsonSchema
FN:100,arrayToJsonSchema
FN:117,binaryToJsonSchema
FN:129,booleanToJsonSchema
FN:141,constToJsonSchema
FN:202,mapToJsonSchema
FN:217,numberToJsonSchema
FN:241,objectToJsonSchema
FN:267,orToJsonSchema
FN:271,(anonymous_12)
FN:280,refToJsonSchema
FN:297,stringToJsonSchema
FN:326,tupleToJsonSchema
FN:332,(anonymous_16)
FNF:17
FNH:14
FNDA:46,getBaseJsonSchema
FNDA:0,(anonymous_1)
FNDA:46,typeToJsonSchema
FNDA:3,anyToJsonSchema
FNDA:3,arrayToJsonSchema
FNDA:2,binaryToJsonSchema
FNDA:1,booleanToJsonSchema
FNDA:6,constToJsonSchema
FNDA:1,mapToJsonSchema
FNDA:2,numberToJsonSchema
FNDA:7,objectToJsonSchema
FNDA:2,orToJsonSchema
FNDA:6,(anonymous_12)
FNDA:5,refToJsonSchema
FNDA:14,stringToJsonSchema
FNDA:0,tupleToJsonSchema
FNDA:0,(anonymous_16)
DA:36,46
DA:37,46
DA:39,46
DA:40,46
DA:41,46
DA:42,0
DA:45,46
DA:52,22
DA:53,46
DA:55,46
DA:57,3
DA:59,3
DA:61,2
DA:63,1
DA:65,6
DA:67,1
DA:69,2
DA:71,7
DA:73,2
DA:75,5
DA:77,14
DA:79,0
DA:82,0
DA:89,3
DA:90,3
DA:95,3
DA:97,3
DA:101,3
DA:102,3
DA:103,3
DA:109,3
DA:111,3
DA:112,3
DA:114,3
DA:118,2
DA:119,2
DA:124,2
DA:126,2
DA:130,1
DA:131,1
DA:136,1
DA:138,1
DA:142,6
DA:143,6
DA:144,6
DA:146,6
DA:147,4
DA:151,4
DA:152,4
DA:153,2
DA:154,0
DA:158,0
DA:159,0
DA:160,2
DA:161,0
DA:165,0
DA:166,0
DA:167,2
DA:168,1
DA:172,1
DA:173,1
DA:174,1
DA:176,1
DA:180,1
DA:181,1
DA:182,0
DA:183,0
DA:188,0
DA:189,0
DA:190,0
DA:191,0
DA:195,0
DA:196,0
DA:199,0
DA:203,1
DA:204,1
DA:212,1
DA:214,1
DA:218,2
DA:219,2
DA:220,2
DA:225,2
DA:226,2
DA:227,0
DA:231,2
DA:233,2
DA:234,2
DA:235,2
DA:236,2
DA:238,2
DA:242,7
DA:243,7
DA:244,7
DA:249,7
DA:250,7
DA:251,7
DA:252,28
DA:253,28
DA:254,23
DA:258,7
DA:259,7
DA:262,7
DA:264,7
DA:268,2
DA:269,2
DA:270,2
DA:271,6
DA:275,2
DA:277,2
DA:281,5
DA:282,5
DA:283,5
DA:285,5
DA:287,5
DA:292,5
DA:294,5
DA:298,14
DA:299,14
DA:300,14
DA:304,14
DA:305,14
DA:308,14
DA:309,2
DA:312,1
DA:315,12
DA:317,2
DA:321,14
DA:323,14
DA:327,0
DA:328,0
DA:329,0
DA:332,0
DA:336,0
DA:338,0
LF:134
LH:109
BRDA:39,0,0,2
BRDA:40,1,0,0
BRDA:41,2,0,0
BRDA:55,3,0,3
BRDA:55,3,1,3
BRDA:55,3,2,2
BRDA:55,3,3,1
BRDA:55,3,4,6
BRDA:55,3,5,1
BRDA:55,3,6,2
BRDA:55,3,7,7
BRDA:55,3,8,2
BRDA:55,3,9,5
BRDA:55,3,10,14
BRDA:55,3,11,0
BRDA:55,3,12,0
BRDA:111,4,0,0
BRDA:112,5,0,0
BRDA:146,6,0,4
BRDA:146,6,1,2
BRDA:153,7,0,0
BRDA:153,7,1,2
BRDA:160,8,0,0
BRDA:160,8,1,2
BRDA:167,9,0,1
BRDA:167,9,1,1
BRDA:174,10,0,1
BRDA:174,10,1,0
BRDA:182,11,0,0
BRDA:182,11,1,0
BRDA:190,12,0,0
BRDA:226,13,0,0
BRDA:226,14,0,2
BRDA:226,14,1,1
BRDA:233,15,0,1
BRDA:234,16,0,0
BRDA:235,17,0,0
BRDA:236,18,0,0
BRDA:253,19,0,23
BRDA:258,20,0,7
BRDA:259,21,0,0
BRDA:285,22,0,3
BRDA:304,23,0,1
BRDA:305,24,0,1
BRDA:308,25,0,2
BRDA:308,25,1,12
BRDA:309,26,0,1
BRDA:315,27,0,2
BRF:48
BRH:31
end_of_record
TN:
SF:src/json-schema/index.ts
FNF:0
FNH:0
DA:1,22
DA:2,22
LF:2
LH:2
BRF:0
BRH:0
end_of_record
TN:
SF:src/jtd/converter.ts
FN:18,toJtdForm
FN:104,(anonymous_1)
FNF:2
FNH:1
FNDA:11,toJtdForm
FNDA:0,(anonymous_1)
DA:4,1
DA:18,1
DA:19,11
DA:21,11
DA:23,1
DA:24,1
DA:27,1
DA:28,1
DA:31,2
DA:32,2
DA:33,2
DA:34,2
DA:37,1
DA:39,1
DA:40,1
DA:41,1
DA:42,0
DA:43,0
DA:45,0
DA:46,0
DA:47,0
DA:49,0
DA:52,0
DA:53,0
DA:56,2
DA:57,2
DA:62,3
DA:65,1
DA:66,1
DA:71,1
DA:72,1
DA:74,1
DA:75,1
DA:76,1
DA:78,1
DA:79,2
DA:80,2
DA:82,2
DA:83,2
DA:85,2
DA:86,1
DA:88,1
DA:95,1
DA:96,0
DA:99,1
DA:102,0
DA:103,0
DA:104,0
DA:108,0
DA:109,0
DA:114,0
DA:115,0
DA:124,0
DA:125,0
LF:54
LH:36
BRDA:21,0,0,1
BRDA:21,0,1,1
BRDA:21,0,2,2
BRDA:21,0,3,2
BRDA:21,0,4,3
BRDA:21,0,5,1
BRDA:21,0,6,1
BRDA:21,0,7,0
BRDA:21,0,8,0
BRDA:21,0,9,0
BRDA:21,0,10,0
BRDA:34,1,0,0
BRDA:34,1,1,1
BRDA:34,1,2,1
BRDA:39,2,0,0
BRDA:40,3,0,1
BRDA:40,3,1,0
BRDA:41,4,0,1
BRDA:42,5,0,0
BRDA:43,6,0,0
BRDA:45,7,0,0
BRDA:46,8,0,0
BRDA:47,9,0,0
BRDA:58,10,0,2
BRDA:58,10,1,1
BRDA:58,11,0,2
BRDA:58,11,1,1
BRDA:74,12,0,1
BRDA:74,13,0,1
BRDA:74,13,1,1
BRDA:82,14,0,2
BRDA:85,15,0,1
BRDA:85,15,1,1
BRDA:95,16,0,0
BRF:34
BRH:21
end_of_record
TN:
SF:src/random/generator.ts
FN:22,random
FNF:1
FNH:1
FNDA:5679,random
DA:16,30
DA:22,30
DA:23,5679
DA:25,5679
DA:27,28
DA:29,197
DA:31,0
DA:33,77
DA:35,100
DA:38,0
DA:40,35
DA:42,198
DA:44,2000
DA:46,123
DA:48,0
DA:50,2886
DA:52,35
DA:55,0
LF:18
LH:14
BRDA:25,0,0,28
BRDA:25,0,1,197
BRDA:25,0,2,0
BRDA:25,0,3,77
BRDA:25,0,4,100
BRDA:25,0,5,0
BRDA:25,0,6,0
BRDA:25,0,7,35
BRDA:25,0,8,198
BRDA:25,0,9,2000
BRDA:25,0,10,123
BRDA:25,0,11,0
BRDA:25,0,12,2886
BRDA:25,0,13,35
BRDA:25,0,14,0
BRF:15
BRH:10
end_of_record
TN:
SF:src/random/generators.ts
FN:18,(anonymous_0)
FN:22,(anonymous_1)
FN:35,(anonymous_2)
FN:38,(anonymous_3)
FN:42,(anonymous_4)
FN:46,(anonymous_5)
FN:50,(anonymous_6)
FN:51,(anonymous_7)
FN:54,(anonymous_8)
FN:63,(anonymous_9)
FN:121,(anonymous_10)
FN:132,(anonymous_11)
FN:138,(anonymous_12)
FN:144,(anonymous_13)
FN:153,(anonymous_14)
FN:154,(anonymous_15)
FNF:16
FNH:15
FNDA:38,(anonymous_0)
FNDA:217,(anonymous_1)
FNDA:10,(anonymous_2)
FNDA:92,(anonymous_3)
FNDA:87,(anonymous_4)
FNDA:110,(anonymous_5)
FNDA:1,(anonymous_6)
FNDA:1,(anonymous_7)
FNDA:45,(anonymous_8)
FNDA:218,(anonymous_9)
FNDA:2010,(anonymous_10)
FNDA:143,(anonymous_11)
FNDA:0,(anonymous_12)
FNDA:2906,(anonymous_13)
FNDA:45,(anonymous_14)
FNDA:105,(anonymous_15)
DA:1,30
DA:2,30
DA:18,30
DA:19,38
DA:22,30
DA:23,217
DA:24,217
DA:25,217
DA:26,217
DA:27,217
DA:28,217
DA:29,217
DA:30,1051
DA:32,217
DA:35,30
DA:36,10
DA:38,92
DA:39,10
DA:42,30
DA:43,87
DA:46,30
DA:47,110
DA:50,30
DA:51,1
DA:54,30
DA:55,45
DA:56,45
DA:57,45
DA:58,229
DA:60,45
DA:63,30
DA:64,218
DA:65,218
DA:66,218
DA:67,218
DA:68,218
DA:69,218
DA:70,218
DA:71,1
DA:72,0
DA:73,217
DA:74,217
DA:75,217
DA:76,217
DA:77,10
DA:79,0
DA:80,0
DA:81,0
DA:83,0
DA:84,0
DA:85,0
DA:87,0
DA:88,0
DA:89,0
DA:92,0
DA:93,0
DA:94,0
DA:96,0
DA:97,0
DA:98,0
DA:100,0
DA:101,0
DA:102,0
DA:104,10
DA:105,10
DA:106,10
DA:109,0
DA:110,0
DA:111,0
DA:113,10
DA:115,207
DA:116,207
DA:117,207
DA:118,207
DA:121,30
DA:122,2010
DA:123,2010
DA:125,2010
DA:126,3757
DA:127,3745
DA:129,2010
DA:132,30
DA:133,143
DA:134,143
DA:135,143
DA:138,30
DA:139,0
DA:140,0
DA:141,0
DA:144,30
DA:145,2906
DA:146,2906
DA:147,2906
DA:148,2906
DA:149,2906
DA:150,2906
DA:153,30
DA:154,105
LF:98
LH:73
BRDA:26,0,0,1
BRDA:26,1,0,217
BRDA:26,1,1,11
BRDA:27,2,0,6
BRDA:27,3,0,217
BRDA:27,3,1,12
BRDA:69,4,0,0
BRDA:70,5,0,1
BRDA:71,6,0,1
BRDA:71,6,1,0
BRDA:73,7,0,0
BRDA:74,8,0,0
BRDA:75,9,0,0
BRDA:76,10,0,10
BRDA:77,11,0,0
BRDA:77,11,1,0
BRDA:77,11,2,0
BRDA:77,11,3,0
BRDA:77,11,4,0
BRDA:77,11,5,0
BRDA:77,11,6,0
BRDA:77,11,7,10
BRDA:77,11,8,0
BRDA:77,11,9,0
BRDA:116,12,0,64
BRDA:117,13,0,0
BRDA:123,14,0,0
BRDA:123,14,1,2010
BRDA:126,15,0,30
BRDA:126,16,0,12
BRDA:139,17,0,0
BRDA:148,18,0,4
BRDA:148,19,0,2906
BRDA:148,19,1,12
BRDA:149,20,0,0
BRDA:149,21,0,2906
BRDA:149,21,1,12
BRF:37
BRH:19
end_of_record
TN:
SF:src/schema/SchemaBuilder.ts
FN:26,(anonymous_0)
FN:30,(anonymous_1)
FN:34,(anonymous_2)
FN:38,(anonymous_3)
FN:42,(anonymous_4)
FN:46,(anonymous_5)
FN:50,(anonymous_6)
FN:54,(anonymous_7)
FN:58,(anonymous_8)
FN:62,(anonymous_9)
FN:66,(anonymous_10)
FN:70,(anonymous_11)
FN:76,(anonymous_12)
FN:81,(anonymous_13)
FN:87,(anonymous_14)
FN:93,(anonymous_15)
FN:107,(anonymous_16)
FN:130,(anonymous_17)
FN:139,(anonymous_18)
FN:143,(anonymous_19)
FN:157,(anonymous_20)
FN:177,(anonymous_21)
FN:191,(anonymous_22)
FN:206,(anonymous_23)
FN:220,(anonymous_24)
FN:234,(anonymous_25)
FN:238,(anonymous_26)
FN:245,(anonymous_27)
FN:252,(anonymous_28)
FN:260,(anonymous_29)
FN:268,(anonymous_30)
FNF:31
FNH:30
FNDA:44,(anonymous_0)
FNDA:37,(anonymous_1)
FNDA:10,(anonymous_2)
FNDA:1,(anonymous_3)
FNDA:5,(anonymous_4)
FNDA:1,(anonymous_5)
FNDA:287,(anonymous_6)
FNDA:2,(anonymous_7)
FNDA:6,(anonymous_8)
FNDA:1049,(anonymous_9)
FNDA:1,(anonymous_10)
FNDA:1,(anonymous_11)
FNDA:78,(anonymous_12)
FNDA:466,(anonymous_13)
FNDA:602,(anonymous_14)
FNDA:54,(anonymous_15)
FNDA:136,(anonymous_16)
FNDA:177,(anonymous_17)
FNDA:45,(anonymous_18)
FNDA:0,(anonymous_19)
FNDA:645,(anonymous_20)
FNDA:11,(anonymous_21)
FNDA:3,(anonymous_22)
FNDA:716,(anonymous_23)
FNDA:151,(anonymous_24)
FNDA:55,(anonymous_25)
FNDA:1191,(anonymous_26)
FNDA:40,(anonymous_27)
FNDA:48,(anonymous_28)
FNDA:13,(anonymous_29)
FNDA:9,(anonymous_30)
DA:25,34
DA:27,44
DA:31,37
DA:35,10
DA:39,1
DA:43,5
DA:47,1
DA:51,287
DA:55,2
DA:59,6
DA:63,1049
DA:67,1
DA:71,1
DA:77,78
DA:78,77
DA:82,466
DA:88,602
DA:89,596
DA:94,54
DA:112,136
DA:113,136
DA:136,177
DA:140,45
DA:144,0
DA:160,645
DA:161,645
DA:167,328
DA:168,317
DA:169,16
DA:173,301
DA:182,11
DA:196,3
DA:211,716
DA:225,151
DA:235,55
DA:239,1191
DA:246,40
DA:253,48
DA:261,13
DA:269,9
LF:40
LH:39
BRDA:77,0,0,1
BRDA:77,1,0,1
BRDA:77,1,1,0
BRDA:78,2,0,77
BRDA:78,2,1,65
BRDA:88,3,0,6
BRDA:88,4,0,6
BRDA:88,4,1,2
BRDA:89,5,0,596
BRDA:89,5,1,447
BRDA:93,6,0,7
BRDA:112,7,0,0
BRDA:112,8,0,0
BRDA:112,8,1,0
BRDA:161,9,0,328
BRDA:162,10,0,645
BRDA:162,10,1,346
BRDA:162,10,2,346
BRDA:162,10,3,346
BRDA:168,11,0,16
BRDA:168,12,0,317
BRDA:168,12,1,28
BRDA:180,13,0,11
BRDA:194,14,0,3
BRDA:209,15,0,716
BRDA:223,16,0,151
BRDA:238,17,0,1142
BRF:27
BRH:23
end_of_record
TN:
SF:src/schema/index.ts
FNF:0
FNH:0
DA:2,34
DA:4,34
DA:5,34
DA:10,34
LF:4
LH:4
BRF:0
BRH:0
end_of_record
TN:
SF:src/schema/validate.ts
FN:4,(anonymous_0)
FN:10,(anonymous_1)
FN:14,(anonymous_2)
FN:26,(anonymous_3)
FN:34,(anonymous_4)
FN:50,(anonymous_5)
FN:54,(anonymous_6)
FN:58,(anonymous_7)
FN:96,(anonymous_8)
FN:122,(anonymous_9)
FN:132,(anonymous_10)
FN:139,(anonymous_11)
FN:143,(anonymous_12)
FN:151,(anonymous_13)
FN:160,(anonymous_14)
FN:168,(anonymous_15)
FN:173,(anonymous_16)
FN:180,(anonymous_17)
FN:189,(anonymous_18)
FN:195,(anonymous_19)
FN:205,(anonymous_20)
FNF:21
FNH:21
FNDA:178,(anonymous_0)
FNDA:6,(anonymous_1)
FNDA:158,(anonymous_2)
FNDA:111,(anonymous_3)
FNDA:86,(anonymous_4)
FNDA:2,(anonymous_5)
FNDA:1,(anonymous_6)
FNDA:44,(anonymous_7)
FNDA:55,(anonymous_8)
FNDA:10,(anonymous_9)
FNDA:4,(anonymous_10)
FNDA:1,(anonymous_11)
FNDA:2,(anonymous_12)
FNDA:8,(anonymous_13)
FNDA:10,(anonymous_14)
FNDA:1,(anonymous_15)
FNDA:4,(anonymous_16)
FNDA:5,(anonymous_17)
FNDA:1,(anonymous_18)
FNDA:1,(anonymous_19)
FNDA:150,(anonymous_20)
DA:4,3
DA:5,178
DA:6,170
DA:7,165
DA:10,3
DA:11,6
DA:14,3
DA:15,158
DA:16,151
DA:17,151
DA:18,149
DA:19,148
DA:20,148
DA:21,3
DA:22,2
DA:26,3
DA:27,111
DA:28,8
DA:29,5
DA:30,5
DA:34,3
DA:35,86
DA:36,18
DA:37,15
DA:38,12
DA:40,77
DA:41,18
DA:42,15
DA:43,12
DA:45,68
DA:50,3
DA:51,2
DA:54,3
DA:55,1
DA:58,3
DA:59,44
DA:60,41
DA:61,40
DA:63,40
DA:64,38
DA:65,36
DA:66,34
DA:67,32
DA:68,31
DA:69,30
DA:70,5
DA:72,27
DA:73,20
DA:74,19
DA:75,18
DA:89,16
DA:91,2
DA:96,3
DA:97,55
DA:98,52
DA:99,52
DA:101,52
DA:103,45
DA:104,13
DA:106,38
DA:107,3
DA:109,37
DA:110,11
DA:111,2
DA:114,9
DA:115,2
DA:120,3
DA:122,3
DA:123,10
DA:124,10
DA:125,10
DA:126,10
DA:127,9
DA:129,9
DA:132,3
DA:133,4
DA:134,4
DA:135,4
DA:136,4
DA:139,3
DA:140,1
DA:143,3
DA:144,2
DA:145,2
DA:146,2
DA:147,2
DA:148,2
DA:151,3
DA:152,8
DA:153,8
DA:154,8
DA:155,8
DA:156,7
DA:157,6
DA:160,3
DA:161,10
DA:162,10
DA:163,10
DA:164,9
DA:165,7
DA:168,3
DA:169,1
DA:170,1
DA:173,3
DA:174,4
DA:175,4
DA:176,4
DA:177,2
DA:180,3
DA:181,5
DA:182,5
DA:183,5
DA:184,4
DA:185,3
DA:186,3
DA:189,3
DA:190,1
DA:191,1
DA:192,1
DA:195,3
DA:196,1
DA:197,1
DA:198,1
DA:205,3
DA:206,150
DA:208,2
DA:209,2
DA:211,1
DA:212,1
DA:214,44
DA:215,23
DA:217,55
DA:218,33
DA:220,10
DA:221,9
DA:223,4
DA:224,2
DA:226,1
DA:227,1
DA:229,2
DA:230,1
DA:232,8
DA:233,3
DA:235,10
DA:236,6
DA:238,1
DA:239,1
DA:241,4
DA:242,1
DA:244,5
DA:245,1
DA:247,1
DA:248,1
DA:250,1
DA:251,1
DA:253,1
LF:156
LH:156
BRDA:5,0,0,8
BRDA:5,1,0,178
BRDA:5,1,1,13
BRDA:6,2,0,5
BRDA:6,3,0,170
BRDA:6,3,1,34
BRDA:7,4,0,5
BRDA:7,5,0,165
BRDA:7,5,1,7
BRDA:17,6,0,2
BRDA:17,7,0,151
BRDA:17,7,1,3
BRDA:18,8,0,1
BRDA:20,9,0,3
BRDA:21,10,0,1
BRDA:27,11,0,8
BRDA:28,12,0,3
BRDA:28,12,1,5
BRDA:29,13,0,2
BRDA:30,14,0,4
BRDA:35,15,0,18
BRDA:36,16,0,3
BRDA:37,17,0,3
BRDA:38,18,0,3
BRDA:40,19,0,18
BRDA:41,20,0,3
BRDA:42,21,0,3
BRDA:43,22,0,3
BRDA:45,23,0,3
BRDA:45,24,0,68
BRDA:45,24,1,9
BRDA:45,24,2,8
BRDA:63,25,0,2
BRDA:63,26,0,40
BRDA:63,26,1,6
BRDA:64,27,0,2
BRDA:64,28,0,38
BRDA:64,28,1,5
BRDA:65,29,0,2
BRDA:65,30,0,36
BRDA:65,30,1,6
BRDA:66,31,0,2
BRDA:66,32,0,34
BRDA:66,32,1,5
BRDA:67,33,0,1
BRDA:67,34,0,32
BRDA:67,34,1,4
BRDA:68,35,0,1
BRDA:68,36,0,31
BRDA:68,36,1,4
BRDA:69,37,0,5
BRDA:69,38,0,30
BRDA:69,38,1,27
BRDA:69,38,2,5
BRDA:69,38,3,2
BRDA:70,39,0,3
BRDA:70,40,0,5
BRDA:70,40,1,2
BRDA:70,41,0,5
BRDA:70,41,1,2
BRDA:72,42,0,20
BRDA:73,43,0,1
BRDA:74,44,0,1
BRDA:75,45,0,1
BRDA:75,45,1,2
BRDA:75,45,2,3
BRDA:75,45,3,4
BRDA:75,45,4,5
BRDA:75,45,5,8
BRDA:75,45,6,9
BRDA:75,45,7,10
BRDA:75,45,8,12
BRDA:75,45,9,13
BRDA:75,45,10,14
BRDA:75,45,11,15
BRDA:75,45,12,16
BRDA:75,45,13,2
BRDA:103,46,0,13
BRDA:104,47,0,7
BRDA:106,48,0,3
BRDA:107,49,0,1
BRDA:109,50,0,11
BRDA:110,51,0,2
BRDA:110,52,0,11
BRDA:110,52,1,5
BRDA:114,53,0,2
BRDA:114,54,0,9
BRDA:114,54,1,4
BRDA:114,54,2,3
BRDA:126,55,0,9
BRDA:127,56,0,1
BRDA:147,57,0,1
BRDA:155,58,0,1
BRDA:156,59,0,2
BRDA:156,60,0,7
BRDA:156,60,1,3
BRDA:163,61,0,1
BRDA:164,62,0,2
BRDA:164,63,0,9
BRDA:164,63,1,3
BRDA:176,64,0,2
BRDA:177,65,0,1
BRDA:183,66,0,1
BRDA:183,67,0,5
BRDA:183,67,1,4
BRDA:183,67,2,0
BRDA:184,68,0,1
BRDA:185,69,0,1
BRDA:206,70,0,2
BRDA:206,70,1,1
BRDA:206,70,2,44
BRDA:206,70,3,55
BRDA:206,70,4,10
BRDA:206,70,5,4
BRDA:206,70,6,1
BRDA:206,70,7,2
BRDA:206,70,8,8
BRDA:206,70,9,10
BRDA:206,70,10,1
BRDA:206,70,11,4
BRDA:206,70,12,5
BRDA:206,70,13,1
BRDA:206,70,14,1
BRDA:206,70,15,1
BRF:124
BRH:123
end_of_record
TN:
SF:src/system/TypeAlias.ts
FN:13,(anonymous_0)
FN:19,(anonymous_1)
FN:23,(anonymous_2)
FN:27,(anonymous_3)
FN:28,(anonymous_4)
FN:31,(anonymous_5)
FN:53,(anonymous_6)
FN:57,(anonymous_7)
FNF:8
FNH:6
FNDA:40,(anonymous_0)
FNDA:0,(anonymous_1)
FNDA:0,(anonymous_2)
FNDA:6,(anonymous_3)
FNDA:6,(anonymous_4)
FNDA:5,(anonymous_5)
FNDA:4,(anonymous_6)
FNDA:1,(anonymous_7)
DA:1,22
DA:2,22
DA:3,22
DA:5,22
DA:6,22
DA:12,22
DA:14,40
DA:15,40
DA:16,40
DA:20,0
DA:24,0
DA:28,6
DA:32,5
DA:33,5
DA:34,4
DA:35,4
DA:40,4
DA:42,1
DA:49,1
DA:54,4
DA:58,1
DA:63,1
DA:64,1
DA:65,1
DA:67,1
DA:68,2
DA:69,2
DA:71,1
LF:28
LH:26
BRDA:27,0,0,0
BRDA:33,1,0,4
BRDA:33,1,1,1
BRF:3
BRH:2
end_of_record
TN:
SF:src/system/TypeExportContext.ts
FN:1,(anonymous_0)
FN:4,(anonymous_1)
FN:8,(anonymous_2)
FN:13,(anonymous_3)
FNF:4
FNH:4
FNDA:1,(anonymous_0)
FNDA:3,(anonymous_1)
FNDA:3,(anonymous_2)
FNDA:3,(anonymous_3)
DA:1,22
DA:2,1
DA:5,3
DA:9,8
DA:10,1
DA:14,3
LF:6
LH:6
BRDA:5,0,0,2
BRDA:9,1,0,2
BRF:2
BRH:2
end_of_record
TN:
SF:src/system/TypeRouter.ts
FN:28,(anonymous_0)
FN:35,(anonymous_1)
FN:45,(anonymous_2)
FN:53,(anonymous_3)
FN:61,(anonymous_4)
FN:69,(anonymous_5)
FN:87,(anonymous_6)
FN:105,(anonymous_7)
FN:13,(anonymous_8)
FNF:9
FNH:6
FNDA:6,(anonymous_0)
FNDA:2,(anonymous_1)
FNDA:2,(anonymous_2)
FNDA:0,(anonymous_3)
FNDA:0,(anonymous_4)
FNDA:2,(anonymous_5)
FNDA:2,(anonymous_6)
FNDA:2,(anonymous_7)
FNDA:0,(anonymous_8)
DA:2,1
DA:3,1
DA:12,1
DA:13,1
DA:16,0
DA:17,0
DA:21,0
DA:29,6
DA:30,6
DA:31,6
DA:36,2
DA:46,2
DA:50,2
DA:57,0
DA:58,0
DA:65,0
DA:66,0
DA:70,2
DA:74,2
DA:75,4
DA:76,4
DA:81,4
DA:82,4
DA:84,2
DA:88,2
DA:101,2
DA:102,2
DA:106,2
LF:28
LH:21
BRDA:81,0,0,0
BRDA:21,1,0,0
BRDA:21,1,1,0
BRF:3
BRH:0
end_of_record
TN:
SF:src/system/TypeSystem.ts
FN:9,(anonymous_0)
FN:18,(anonymous_1)
FN:26,(anonymous_2)
FN:32,(anonymous_3)
FN:34,(anonymous_4)
FN:41,(anonymous_5)
FN:47,(anonymous_6)
FN:53,(anonymous_7)
FN:61,(anonymous_8)
FN:74,(anonymous_9)
FN:75,(anonymous_10)
FN:79,(anonymous_11)
FN:83,(anonymous_12)
FN:83,(anonymous_13)
FN:86,(anonymous_14)
FN:90,(anonymous_15)
FN:90,(anonymous_16)
FNF:17
FNH:14
FNDA:466,(anonymous_0)
FNDA:40,(anonymous_1)
FNDA:31,(anonymous_2)
FNDA:0,(anonymous_3)
FNDA:31,(anonymous_4)
FNDA:26,(anonymous_5)
FNDA:28,(anonymous_6)
FNDA:0,(anonymous_7)
FNDA:0,(anonymous_8)
FNDA:1,(anonymous_9)
FNDA:1,(anonymous_10)
FNDA:1,(anonymous_11)
FNDA:6,(anonymous_12)
FNDA:6,(anonymous_13)
FNDA:1,(anonymous_14)
FNDA:1,(anonymous_15)
FNDA:1,(anonymous_16)
DA:1,22
DA:2,22
DA:3,22
DA:4,22
DA:9,22
DA:10,466
DA:12,466
DA:18,466
DA:19,40
DA:20,40
DA:21,40
DA:22,40
DA:23,40
DA:26,466
DA:27,31
DA:28,31
DA:29,31
DA:32,466
DA:34,466
DA:35,31
DA:36,31
DA:39,466
DA:41,466
DA:42,26
DA:43,0
DA:44,26
DA:47,466
DA:48,28
DA:49,28
DA:50,27
DA:54,0
DA:55,0
DA:56,0
DA:58,0
DA:69,0
DA:70,0
DA:71,0
DA:75,1
DA:76,1
DA:80,1
DA:83,6
DA:87,1
DA:90,1
LF:43
LH:35
BRDA:20,0,0,0
BRDA:28,1,0,0
BRDA:36,2,0,8
BRDA:36,2,1,23
BRDA:42,3,0,0
BRDA:49,4,0,1
BRDA:74,5,0,1
BRDA:85,6,0,1
BRDA:85,6,1,0
BRF:9
BRH:5
end_of_record
TN:
SF:src/system/index.ts
FNF:0
FNH:0
DA:1,17
DA:2,17
DA:3,17
LF:3
LH:3
BRF:0
BRH:0
end_of_record
TN:
SF:src/type/TypeBuilder.ts
FN:28,(anonymous_0)
FN:82,(anonymous_1)
FN:83,(anonymous_2)
FN:84,(anonymous_3)
FN:85,(anonymous_4)
FN:86,(anonymous_5)
FN:87,(anonymous_6)
FN:89,(anonymous_7)
FN:93,(anonymous_8)
FN:99,(anonymous_9)
FN:122,(anonymous_10)
FN:134,(anonymous_11)
FN:149,(anonymous_12)
FN:152,(anonymous_13)
FN:32,(anonymous_14)
FN:36,(anonymous_15)
FN:40,(anonymous_16)
FN:44,(anonymous_17)
FN:48,(anonymous_18)
FN:52,(anonymous_19)
FN:56,(anonymous_20)
FN:60,(anonymous_21)
FN:64,(anonymous_22)
FN:68,(anonymous_23)
FN:72,(anonymous_24)
FN:76,(anonymous_25)
FN:156,(anonymous_26)
FN:162,(anonymous_27)
FN:177,(anonymous_28)
FN:183,(anonymous_29)
FN:189,(anonymous_30)
FN:195,(anonymous_31)
FN:201,(anonymous_32)
FN:207,(anonymous_33)
FN:213,(anonymous_34)
FN:219,(anonymous_35)
FN:225,(anonymous_36)
FN:231,(anonymous_37)
FN:237,(anonymous_38)
FN:243,(anonymous_39)
FN:249,(anonymous_40)
FN:259,(anonymous_41)
FN:269,(anonymous_42)
FN:284,(anonymous_43)
FN:287,(anonymous_44)
FN:299,(anonymous_45)
FN:314,(anonymous_46)
FN:328,(anonymous_47)
FN:338,(anonymous_48)
FN:341,(anonymous_49)
FN:343,(anonymous_50)
FNF:51
FNH:47
FNDA:481,(anonymous_0)
FNDA:0,(anonymous_1)
FNDA:0,(anonymous_2)
FNDA:1,(anonymous_3)
FNDA:4,(anonymous_4)
FNDA:4,(anonymous_5)
FNDA:0,(anonymous_6)
FNDA:1,(anonymous_7)
FNDA:2,(anonymous_8)
FNDA:1,(anonymous_9)
FNDA:1,(anonymous_10)
FNDA:1,(anonymous_11)
FNDA:1,(anonymous_12)
FNDA:3,(anonymous_13)
FNDA:88,(anonymous_14)
FNDA:28,(anonymous_15)
FNDA:15,(anonymous_16)
FNDA:45,(anonymous_17)
FNDA:147,(anonymous_18)
FNDA:365,(anonymous_19)
FNDA:20,(anonymous_20)
FNDA:27,(anonymous_21)
FNDA:13,(anonymous_22)
FNDA:14,(anonymous_23)
FNDA:2,(anonymous_24)
FNDA:2,(anonymous_25)
FNDA:138,(anonymous_26)
FNDA:146,(anonymous_27)
FNDA:59,(anonymous_28)
FNDA:404,(anonymous_29)
FNDA:518,(anonymous_30)
FNDA:43,(anonymous_31)
FNDA:117,(anonymous_32)
FNDA:43,(anonymous_33)
FNDA:276,(anonymous_34)
FNDA:497,(anonymous_35)
FNDA:134,(anonymous_36)
FNDA:42,(anonymous_37)
FNDA:37,(anonymous_38)
FNDA:38,(anonymous_39)
FNDA:10,(anonymous_40)
FNDA:7,(anonymous_41)
FNDA:480,(anonymous_42)
FNDA:0,(anonymous_43)
FNDA:87,(anonymous_44)
FNDA:35,(anonymous_45)
FNDA:220,(anonymous_46)
FNDA:114,(anonymous_47)
FNDA:57,(anonymous_48)
FNDA:13,(anonymous_49)
FNDA:151,(anonymous_50)
DA:1,30
DA:2,30
DA:8,30
DA:27,30
DA:28,481
DA:33,88
DA:37,28
DA:41,15
DA:45,45
DA:49,147
DA:53,365
DA:57,20
DA:61,27
DA:65,13
DA:69,14
DA:73,2
DA:77,2
DA:82,481
DA:83,481
DA:84,481
DA:85,481
DA:86,481
DA:87,481
DA:89,481
DA:90,1
DA:91,481
DA:93,481
DA:94,2
DA:99,481
DA:122,481
DA:123,1
DA:124,9
DA:125,1
DA:126,1
DA:127,1
DA:134,481
DA:149,481
DA:152,3
DA:157,138
DA:158,138
DA:159,138
DA:172,146
DA:173,146
DA:174,146
DA:178,59
DA:179,59
DA:180,59
DA:184,404
DA:185,404
DA:186,404
DA:190,518
DA:191,518
DA:192,518
DA:196,43
DA:197,43
DA:198,43
DA:202,117
DA:203,117
DA:204,117
DA:208,43
DA:209,43
DA:210,43
DA:214,276
DA:215,276
DA:216,276
DA:220,497
DA:221,497
DA:222,497
DA:226,134
DA:227,134
DA:228,134
DA:232,42
DA:233,42
DA:234,42
DA:238,37
DA:239,37
DA:240,37
DA:244,38
DA:245,38
DA:246,38
DA:254,10
DA:255,10
DA:256,10
DA:264,7
DA:265,7
DA:266,7
DA:270,480
DA:272,48
DA:274,10
DA:276,187
DA:278,89
DA:280,21
DA:282,22
DA:284,0
DA:286,47
DA:288,87
DA:295,5
DA:297,34
DA:299,35
DA:301,2
DA:303,0
DA:307,0
DA:311,0
DA:315,220
DA:317,1
DA:319,1
DA:321,19
DA:323,95
DA:325,104
DA:326,102
DA:327,25
DA:328,23
DA:329,114
DA:331,88
DA:332,88
DA:333,85
DA:335,26
DA:338,57
DA:339,23
DA:341,13
DA:343,151
DA:345,0
LF:122
LH:117
BRDA:95,0,0,2
BRDA:95,0,1,0
BRDA:195,1,0,22
BRDA:270,2,0,48
BRDA:270,2,1,10
BRDA:270,2,2,187
BRDA:270,2,3,89
BRDA:270,2,4,21
BRDA:270,2,5,22
BRDA:270,2,6,0
BRDA:270,2,7,47
BRDA:270,2,8,5
BRDA:270,2,9,34
BRDA:270,2,10,15
BRDA:270,2,11,2
BRDA:270,2,12,0
BRDA:270,2,13,0
BRDA:288,3,0,28
BRDA:288,3,1,59
BRDA:315,4,0,1
BRDA:315,4,1,1
BRDA:315,4,2,19
BRDA:315,4,3,95
BRDA:315,4,4,104
BRDA:315,4,5,0
BRDA:325,5,0,2
BRDA:326,6,0,25
BRDA:327,7,0,2
BRDA:329,8,0,88
BRDA:329,8,1,26
BRDA:331,9,0,0
BRDA:332,10,0,3
BRDA:339,11,0,17
BRDA:339,11,1,6
BRF:34
BRH:28
end_of_record
TN:
SF:src/type/classes.ts
FN:17,(anonymous_0)
FN:18,(anonymous_1)
FN:19,(anonymous_2)
FN:20,(anonymous_3)
FN:21,(anonymous_4)
FN:22,(anonymous_5)
FN:23,(anonymous_6)
FN:24,(anonymous_7)
FN:25,(anonymous_8)
FN:28,(anonymous_9)
FN:26,(anonymous_10)
FN:27,(anonymous_11)
FN:29,(anonymous_12)
FN:30,(anonymous_13)
FN:31,(anonymous_14)
FN:32,(anonymous_15)
FN:33,(anonymous_16)
FNF:17
FNH:16
FNDA:0,(anonymous_0)
FNDA:138,(anonymous_1)
FNDA:348,(anonymous_2)
FNDA:93,(anonymous_3)
FNDA:438,(anonymous_4)
FNDA:542,(anonymous_5)
FNDA:43,(anonymous_6)
FNDA:117,(anonymous_7)
FNDA:99,(anonymous_8)
FNDA:331,(anonymous_9)
FNDA:498,(anonymous_10)
FNDA:134,(anonymous_11)
FNDA:42,(anonymous_12)
FNDA:69,(anonymous_13)
FNDA:37,(anonymous_14)
FNDA:10,(anonymous_15)
FNDA:7,(anonymous_16)
DA:1,30
DA:2,30
DA:3,30
DA:4,30
DA:5,30
DA:6,30
DA:7,30
DA:8,30
DA:9,30
DA:10,30
DA:11,30
DA:12,30
DA:13,30
DA:14,30
DA:17,30
DA:18,168
DA:19,378
DA:20,123
DA:21,468
DA:22,572
DA:23,73
DA:24,147
DA:25,129
DA:26,528
DA:27,164
DA:28,361
DA:29,72
DA:30,99
DA:31,67
DA:32,40
DA:33,37
LF:31
LH:31
BRF:0
BRH:0
end_of_record
TN:
SF:src/type/discriminator.ts
FN:6,(anonymous_0)
FN:26,(anonymous_1)
FN:31,(anonymous_2)
FN:51,(anonymous_3)
FN:56,(anonymous_4)
FN:70,(anonymous_5)
FN:91,(anonymous_6)
FNF:7
FNH:7
FNDA:84,(anonymous_0)
FNDA:65,(anonymous_1)
FNDA:37,(anonymous_2)
FNDA:80,(anonymous_3)
FNDA:53,(anonymous_4)
FNDA:72,(anonymous_5)
FNDA:65,(anonymous_6)
DA:1,30
DA:5,30
DA:7,84
DA:8,56
DA:9,8
DA:10,8
DA:11,12
DA:12,12
DA:13,12
DA:15,48
DA:16,15
DA:17,15
DA:18,7
DA:19,7
DA:20,7
DA:23,41
DA:27,65
DA:28,65
DA:32,37
DA:33,37
DA:34,37
DA:35,37
DA:36,53
DA:37,53
DA:38,53
DA:39,53
DA:40,53
DA:41,53
DA:43,37
DA:44,37
DA:45,53
DA:46,53
DA:48,37
DA:52,80
DA:53,80
DA:57,53
DA:58,34
DA:59,33
DA:60,23
DA:61,7
DA:63,6
DA:65,1
DA:67,0
DA:71,72
DA:72,72
DA:77,56
DA:80,14
DA:83,2
DA:86,0
DA:88,0
DA:92,65
DA:93,65
DA:94,65
DA:95,65
DA:96,65
LF:55
LH:52
BRDA:7,0,0,28
BRDA:7,0,1,56
BRDA:8,1,0,8
BRDA:8,1,1,48
BRDA:13,2,0,8
BRDA:15,3,0,15
BRDA:20,4,0,7
BRDA:28,5,0,65
BRDA:28,5,1,37
BRDA:39,6,0,0
BRDA:57,7,0,19
BRDA:58,8,0,1
BRDA:59,9,0,10
BRDA:60,10,0,16
BRDA:61,11,0,6
BRDA:61,11,1,1
BRDA:72,12,0,1
BRDA:72,12,1,18
BRDA:72,12,2,28
BRDA:72,12,3,56
BRDA:72,12,4,13
BRDA:72,12,5,14
BRDA:72,12,6,2
BRDA:72,12,7,2
BRDA:72,12,8,0
BRDA:72,12,9,0
BRDA:95,13,0,28
BRDA:95,13,1,37
BRF:28
BRH:25
end_of_record
TN:
SF:src/type/index.ts
FNF:0
FNH:0
DA:1,15
DA:2,15
DA:5,15
DA:8,15
LF:4
LH:4
BRF:0
BRH:0
end_of_record
TN:
SF:src/type/__tests__/fixtures.ts
FNF:0
FNH:0
DA:2,2
DA:4,2
DA:25,2
LF:3
LH:3
BRF:0
BRH:0
end_of_record
TN:
SF:src/type/__tests__/validateTestSuite.ts
FN:4,(anonymous_0)
FN:8,(anonymous_1)
FN:13,(anonymous_2)
FN:14,(anonymous_3)
FN:24,(anonymous_4)
FN:25,(anonymous_5)
FN:31,(anonymous_6)
FN:33,(anonymous_7)
FN:35,(anonymous_8)
FN:36,(anonymous_9)
FN:38,(anonymous_10)
FN:39,(anonymous_11)
FN:42,(anonymous_12)
FN:46,(anonymous_13)
FN:48,(anonymous_14)
FN:51,(anonymous_15)
FN:53,(anonymous_16)
FN:54,(anonymous_17)
FN:55,(anonymous_18)
FN:59,(anonymous_19)
FN:60,(anonymous_20)
FN:63,(anonymous_21)
FN:64,(anonymous_22)
FN:65,(anonymous_23)
FN:69,(anonymous_24)
FN:70,(anonymous_25)
FN:73,(anonymous_26)
FN:74,(anonymous_27)
FN:75,(anonymous_28)
FN:79,(anonymous_29)
FN:80,(anonymous_30)
FN:84,(anonymous_31)
FN:85,(anonymous_32)
FN:86,(anonymous_33)
FN:90,(anonymous_34)
FN:91,(anonymous_35)
FN:97,(anonymous_36)
FN:98,(anonymous_37)
FN:99,(anonymous_38)
FN:102,(anonymous_39)
FN:103,(anonymous_40)
FN:104,(anonymous_41)
FN:109,(anonymous_42)
FN:112,(anonymous_43)
FN:114,(anonymous_44)
FN:115,(anonymous_45)
FN:119,(anonymous_46)
FN:120,(anonymous_47)
FN:125,(anonymous_48)
FN:128,(anonymous_49)
FN:130,(anonymous_50)
FN:131,(anonymous_51)
FN:134,(anonymous_52)
FN:136,(anonymous_53)
FN:140,(anonymous_54)
FN:141,(anonymous_55)
FN:143,(anonymous_56)
FN:144,(anonymous_57)
FN:148,(anonymous_58)
FN:149,(anonymous_59)
FN:152,(anonymous_60)
FN:153,(anonymous_61)
FN:154,(anonymous_62)
FN:155,(anonymous_63)
FN:158,(anonymous_64)
FN:161,(anonymous_65)
FN:165,(anonymous_66)
FN:166,(anonymous_67)
FN:169,(anonymous_68)
FN:170,(anonymous_69)
FN:171,(anonymous_70)
FN:172,(anonymous_71)
FN:175,(anonymous_72)
FN:178,(anonymous_73)
FN:182,(anonymous_74)
FN:183,(anonymous_75)
FN:186,(anonymous_76)
FN:187,(anonymous_77)
FN:188,(anonymous_78)
FN:189,(anonymous_79)
FN:192,(anonymous_80)
FN:195,(anonymous_81)
FN:199,(anonymous_82)
FN:200,(anonymous_83)
FN:203,(anonymous_84)
FN:204,(anonymous_85)
FN:207,(anonymous_86)
FN:209,(anonymous_87)
FN:213,(anonymous_88)
FN:214,(anonymous_89)
FN:217,(anonymous_90)
FN:218,(anonymous_91)
FN:219,(anonymous_92)
FN:220,(anonymous_93)
FN:223,(anonymous_94)
FN:225,(anonymous_95)
FN:229,(anonymous_96)
FN:230,(anonymous_97)
FN:233,(anonymous_98)
FN:234,(anonymous_99)
FN:235,(anonymous_100)
FN:236,(anonymous_101)
FN:239,(anonymous_102)
FN:241,(anonymous_103)
FN:245,(anonymous_104)
FN:246,(anonymous_105)
FN:249,(anonymous_106)
FN:250,(anonymous_107)
FN:251,(anonymous_108)
FN:252,(anonymous_109)
FN:255,(anonymous_110)
FN:257,(anonymous_111)
FN:261,(anonymous_112)
FN:262,(anonymous_113)
FN:265,(anonymous_114)
FN:266,(anonymous_115)
FN:267,(anonymous_116)
FN:270,(anonymous_117)
FN:272,(anonymous_118)
FN:276,(anonymous_119)
FN:277,(anonymous_120)
FN:280,(anonymous_121)
FN:281,(anonymous_122)
FN:285,(anonymous_123)
FN:286,(anonymous_124)
FN:289,(anonymous_125)
FN:290,(anonymous_126)
FN:295,(anonymous_127)
FN:296,(anonymous_128)
FN:299,(anonymous_129)
FN:302,(anonymous_130)
FN:305,(anonymous_131)
FN:308,(anonymous_132)
FN:311,(anonymous_133)
FN:314,(anonymous_134)
FN:317,(anonymous_135)
FN:320,(anonymous_136)
FN:323,(anonymous_137)
FN:324,(anonymous_138)
FN:329,(anonymous_139)
FN:330,(anonymous_140)
FN:333,(anonymous_141)
FN:336,(anonymous_142)
FN:337,(anonymous_143)
FN:340,(anonymous_144)
FN:341,(anonymous_145)
FN:344,(anonymous_146)
FN:347,(anonymous_147)
FN:351,(anonymous_148)
FN:352,(anonymous_149)
FN:355,(anonymous_150)
FN:360,(anonymous_151)
FN:361,(anonymous_152)
FN:367,(anonymous_153)
FN:369,(anonymous_154)
FN:373,(anonymous_155)
FN:374,(anonymous_156)
FN:379,(anonymous_157)
FN:384,(anonymous_158)
FN:387,(anonymous_159)
FN:388,(anonymous_160)
FN:391,(anonymous_161)
FN:392,(anonymous_162)
FN:395,(anonymous_163)
FN:398,(anonymous_164)
FN:403,(anonymous_165)
FN:404,(anonymous_166)
FN:407,(anonymous_167)
FN:408,(anonymous_168)
FN:412,(anonymous_169)
FN:413,(anonymous_170)
FN:419,(anonymous_171)
FN:423,(anonymous_172)
FN:427,(anonymous_173)
FN:428,(anonymous_174)
FN:433,(anonymous_175)
FN:435,(anonymous_176)
FN:438,(anonymous_177)
FN:447,(anonymous_178)
FN:452,(anonymous_179)
FN:453,(anonymous_180)
FN:454,(anonymous_181)
FN:458,(anonymous_182)
FN:459,(anonymous_183)
FN:465,(anonymous_184)
FN:469,(anonymous_185)
FN:470,(anonymous_186)
FN:481,(anonymous_187)
FN:485,(anonymous_188)
FN:490,(anonymous_189)
FN:494,(anonymous_190)
FN:500,(anonymous_191)
FN:506,(anonymous_192)
FN:512,(anonymous_193)
FN:518,(anonymous_194)
FN:524,(anonymous_195)
FN:528,(anonymous_196)
FN:534,(anonymous_197)
FN:539,(anonymous_198)
FN:542,(anonymous_199)
FN:545,(anonymous_200)
FN:547,(anonymous_201)
FN:548,(anonymous_202)
FN:551,(anonymous_203)
FN:554,(anonymous_204)
FN:555,(anonymous_205)
FN:558,(anonymous_206)
FN:561,(anonymous_207)
FN:562,(anonymous_208)
FN:565,(anonymous_209)
FN:568,(anonymous_210)
FN:569,(anonymous_211)
FN:572,(anonymous_212)
FN:575,(anonymous_213)
FN:576,(anonymous_214)
FN:579,(anonymous_215)
FN:582,(anonymous_216)
FN:583,(anonymous_217)
FN:586,(anonymous_218)
FN:589,(anonymous_219)
FN:590,(anonymous_220)
FNF:221
FNH:221
FNDA:2,(anonymous_0)
FNDA:4,(anonymous_1)
FNDA:2,(anonymous_2)
FNDA:2,(anonymous_3)
FNDA:2,(anonymous_4)
FNDA:2,(anonymous_5)
FNDA:2,(anonymous_6)
FNDA:2,(anonymous_7)
FNDA:2,(anonymous_8)
FNDA:2,(anonymous_9)
FNDA:2,(anonymous_10)
FNDA:2,(anonymous_11)
FNDA:2,(anonymous_12)
FNDA:2,(anonymous_13)
FNDA:2,(anonymous_14)
FNDA:2,(anonymous_15)
FNDA:2,(anonymous_16)
FNDA:2,(anonymous_17)
FNDA:2,(anonymous_18)
FNDA:2,(anonymous_19)
FNDA:2,(anonymous_20)
FNDA:2,(anonymous_21)
FNDA:2,(anonymous_22)
FNDA:2,(anonymous_23)
FNDA:2,(anonymous_24)
FNDA:2,(anonymous_25)
FNDA:2,(anonymous_26)
FNDA:2,(anonymous_27)
FNDA:2,(anonymous_28)
FNDA:2,(anonymous_29)
FNDA:2,(anonymous_30)
FNDA:2,(anonymous_31)
FNDA:2,(anonymous_32)
FNDA:2,(anonymous_33)
FNDA:2,(anonymous_34)
FNDA:2,(anonymous_35)
FNDA:2,(anonymous_36)
FNDA:2,(anonymous_37)
FNDA:2,(anonymous_38)
FNDA:2,(anonymous_39)
FNDA:2,(anonymous_40)
FNDA:2,(anonymous_41)
FNDA:2,(anonymous_42)
FNDA:2,(anonymous_43)
FNDA:2,(anonymous_44)
FNDA:2,(anonymous_45)
FNDA:2,(anonymous_46)
FNDA:2,(anonymous_47)
FNDA:2,(anonymous_48)
FNDA:2,(anonymous_49)
FNDA:2,(anonymous_50)
FNDA:2,(anonymous_51)
FNDA:2,(anonymous_52)
FNDA:2,(anonymous_53)
FNDA:2,(anonymous_54)
FNDA:2,(anonymous_55)
FNDA:2,(anonymous_56)
FNDA:2,(anonymous_57)
FNDA:2,(anonymous_58)
FNDA:2,(anonymous_59)
FNDA:2,(anonymous_60)
FNDA:2,(anonymous_61)
FNDA:2,(anonymous_62)
FNDA:2,(anonymous_63)
FNDA:2,(anonymous_64)
FNDA:2,(anonymous_65)
FNDA:2,(anonymous_66)
FNDA:2,(anonymous_67)
FNDA:2,(anonymous_68)
FNDA:2,(anonymous_69)
FNDA:2,(anonymous_70)
FNDA:2,(anonymous_71)
FNDA:2,(anonymous_72)
FNDA:2,(anonymous_73)
FNDA:2,(anonymous_74)
FNDA:2,(anonymous_75)
FNDA:2,(anonymous_76)
FNDA:2,(anonymous_77)
FNDA:2,(anonymous_78)
FNDA:2,(anonymous_79)
FNDA:2,(anonymous_80)
FNDA:2,(anonymous_81)
FNDA:2,(anonymous_82)
FNDA:2,(anonymous_83)
FNDA:2,(anonymous_84)
FNDA:2,(anonymous_85)
FNDA:2,(anonymous_86)
FNDA:2,(anonymous_87)
FNDA:2,(anonymous_88)
FNDA:2,(anonymous_89)
FNDA:2,(anonymous_90)
FNDA:2,(anonymous_91)
FNDA:2,(anonymous_92)
FNDA:2,(anonymous_93)
FNDA:2,(anonymous_94)
FNDA:2,(anonymous_95)
FNDA:2,(anonymous_96)
FNDA:2,(anonymous_97)
FNDA:2,(anonymous_98)
FNDA:2,(anonymous_99)
FNDA:2,(anonymous_100)
FNDA:2,(anonymous_101)
FNDA:2,(anonymous_102)
FNDA:2,(anonymous_103)
FNDA:2,(anonymous_104)
FNDA:2,(anonymous_105)
FNDA:2,(anonymous_106)
FNDA:2,(anonymous_107)
FNDA:2,(anonymous_108)
FNDA:2,(anonymous_109)
FNDA:2,(anonymous_110)
FNDA:2,(anonymous_111)
FNDA:2,(anonymous_112)
FNDA:2,(anonymous_113)
FNDA:2,(anonymous_114)
FNDA:2,(anonymous_115)
FNDA:2,(anonymous_116)
FNDA:2,(anonymous_117)
FNDA:2,(anonymous_118)
FNDA:2,(anonymous_119)
FNDA:2,(anonymous_120)
FNDA:2,(anonymous_121)
FNDA:2,(anonymous_122)
FNDA:2,(anonymous_123)
FNDA:2,(anonymous_124)
FNDA:2,(anonymous_125)
FNDA:2,(anonymous_126)
FNDA:2,(anonymous_127)
FNDA:2,(anonymous_128)
FNDA:2,(anonymous_129)
FNDA:2,(anonymous_130)
FNDA:2,(anonymous_131)
FNDA:2,(anonymous_132)
FNDA:2,(anonymous_133)
FNDA:2,(anonymous_134)
FNDA:2,(anonymous_135)
FNDA:2,(anonymous_136)
FNDA:2,(anonymous_137)
FNDA:2,(anonymous_138)
FNDA:2,(anonymous_139)
FNDA:2,(anonymous_140)
FNDA:2,(anonymous_141)
FNDA:2,(anonymous_142)
FNDA:2,(anonymous_143)
FNDA:2,(anonymous_144)
FNDA:2,(anonymous_145)
FNDA:2,(anonymous_146)
FNDA:2,(anonymous_147)
FNDA:2,(anonymous_148)
FNDA:2,(anonymous_149)
FNDA:2,(anonymous_150)
FNDA:2,(anonymous_151)
FNDA:2,(anonymous_152)
FNDA:2,(anonymous_153)
FNDA:2,(anonymous_154)
FNDA:2,(anonymous_155)
FNDA:2,(anonymous_156)
FNDA:2,(anonymous_157)
FNDA:2,(anonymous_158)
FNDA:2,(anonymous_159)
FNDA:2,(anonymous_160)
FNDA:2,(anonymous_161)
FNDA:2,(anonymous_162)
FNDA:2,(anonymous_163)
FNDA:2,(anonymous_164)
FNDA:2,(anonymous_165)
FNDA:2,(anonymous_166)
FNDA:2,(anonymous_167)
FNDA:2,(anonymous_168)
FNDA:2,(anonymous_169)
FNDA:2,(anonymous_170)
FNDA:2,(anonymous_171)
FNDA:2,(anonymous_172)
FNDA:2,(anonymous_173)
FNDA:2,(anonymous_174)
FNDA:2,(anonymous_175)
FNDA:2,(anonymous_176)
FNDA:2,(anonymous_177)
FNDA:2,(anonymous_178)
FNDA:2,(anonymous_179)
FNDA:2,(anonymous_180)
FNDA:2,(anonymous_181)
FNDA:2,(anonymous_182)
FNDA:2,(anonymous_183)
FNDA:2,(anonymous_184)
FNDA:2,(anonymous_185)
FNDA:2,(anonymous_186)
FNDA:2,(anonymous_187)
FNDA:2,(anonymous_188)
FNDA:4,(anonymous_189)
FNDA:2,(anonymous_190)
FNDA:4,(anonymous_191)
FNDA:4,(anonymous_192)
FNDA:4,(anonymous_193)
FNDA:4,(anonymous_194)
FNDA:10,(anonymous_195)
FNDA:4,(anonymous_196)
FNDA:4,(anonymous_197)
FNDA:2,(anonymous_198)
FNDA:2,(anonymous_199)
FNDA:2,(anonymous_200)
FNDA:2,(anonymous_201)
FNDA:2,(anonymous_202)
FNDA:2,(anonymous_203)
FNDA:2,(anonymous_204)
FNDA:2,(anonymous_205)
FNDA:2,(anonymous_206)
FNDA:2,(anonymous_207)
FNDA:2,(anonymous_208)
FNDA:2,(anonymous_209)
FNDA:2,(anonymous_210)
FNDA:2,(anonymous_211)
FNDA:2,(anonymous_212)
FNDA:2,(anonymous_213)
FNDA:2,(anonymous_214)
FNDA:2,(anonymous_215)
FNDA:2,(anonymous_216)
FNDA:2,(anonymous_217)
FNDA:2,(anonymous_218)
FNDA:2,(anonymous_219)
FNDA:2,(anonymous_220)
DA:1,1
DA:2,1
DA:4,1
DA:5,2
DA:6,2
DA:9,4
DA:13,2
DA:14,2
DA:15,2
DA:16,2
DA:17,2
DA:18,2
DA:19,2
DA:20,2
DA:24,2
DA:25,2
DA:26,2
DA:27,2
DA:28,2
DA:29,2
DA:30,2
DA:31,2
DA:32,2
DA:33,2
DA:34,2
DA:35,2
DA:36,2
DA:37,2
DA:38,2
DA:39,2
DA:42,2
DA:43,2
DA:44,2
DA:45,2
DA:46,2
DA:47,2
DA:48,2
DA:51,2
DA:52,2
DA:53,2
DA:54,2
DA:55,2
DA:59,2
DA:60,2
DA:61,2
DA:62,2
DA:63,2
DA:64,2
DA:65,2
DA:69,2
DA:70,2
DA:71,2
DA:72,2
DA:73,2
DA:74,2
DA:75,2
DA:79,2
DA:80,2
DA:81,2
DA:82,2
DA:83,2
DA:84,2
DA:85,2
DA:86,2
DA:90,2
DA:91,2
DA:92,2
DA:93,2
DA:94,2
DA:95,2
DA:96,2
DA:97,2
DA:98,2
DA:99,2
DA:102,2
DA:103,2
DA:104,2
DA:105,2
DA:106,2
DA:107,2
DA:108,2
DA:109,2
DA:112,2
DA:113,2
DA:114,2
DA:115,2
DA:119,2
DA:120,2
DA:121,2
DA:122,2
DA:123,2
DA:124,2
DA:125,2
DA:128,2
DA:129,2
DA:130,2
DA:131,2
DA:134,2
DA:135,2
DA:136,2
DA:140,2
DA:141,2
DA:142,2
DA:143,2
DA:144,2
DA:148,2
DA:149,2
DA:150,2
DA:151,2
DA:152,2
DA:153,2
DA:154,2
DA:155,2
DA:158,2
DA:159,2
DA:160,2
DA:161,2
DA:165,2
DA:166,2
DA:167,2
DA:168,2
DA:169,2
DA:170,2
DA:171,2
DA:172,2
DA:175,2
DA:176,2
DA:177,2
DA:178,2
DA:182,2
DA:183,2
DA:184,2
DA:185,2
DA:186,2
DA:187,2
DA:188,2
DA:189,2
DA:192,2
DA:193,2
DA:194,2
DA:195,2
DA:199,2
DA:200,2
DA:201,2
DA:202,2
DA:203,2
DA:204,2
DA:207,2
DA:208,2
DA:209,2
DA:213,2
DA:214,2
DA:215,2
DA:216,2
DA:217,2
DA:218,2
DA:219,2
DA:220,2
DA:223,2
DA:224,2
DA:225,2
DA:229,2
DA:230,2
DA:231,2
DA:232,2
DA:233,2
DA:234,2
DA:235,2
DA:236,2
DA:239,2
DA:240,2
DA:241,2
DA:245,2
DA:246,2
DA:247,2
DA:248,2
DA:249,2
DA:250,2
DA:251,2
DA:252,2
DA:255,2
DA:256,2
DA:257,2
DA:261,2
DA:262,2
DA:263,2
DA:264,2
DA:265,2
DA:266,2
DA:267,2
DA:270,2
DA:271,2
DA:272,2
DA:276,2
DA:277,2
DA:278,2
DA:279,2
DA:280,2
DA:281,2
DA:285,2
DA:286,2
DA:287,2
DA:288,2
DA:289,2
DA:290,2
DA:295,2
DA:296,2
DA:297,2
DA:298,2
DA:299,2
DA:302,2
DA:303,2
DA:304,2
DA:305,2
DA:308,2
DA:309,2
DA:310,2
DA:311,2
DA:314,2
DA:315,2
DA:316,2
DA:317,2
DA:320,2
DA:321,2
DA:322,2
DA:323,2
DA:324,2
DA:329,2
DA:330,2
DA:331,2
DA:332,2
DA:333,2
DA:336,2
DA:337,2
DA:338,2
DA:339,2
DA:340,2
DA:341,2
DA:344,2
DA:345,2
DA:346,2
DA:347,2
DA:351,2
DA:352,2
DA:353,2
DA:354,2
DA:355,2
DA:360,2
DA:361,2
DA:362,2
DA:363,2
DA:364,2
DA:367,2
DA:368,2
DA:369,2
DA:373,2
DA:374,2
DA:375,2
DA:376,2
DA:379,2
DA:380,2
DA:381,2
DA:382,2
DA:383,2
DA:384,2
DA:387,2
DA:388,2
DA:389,2
DA:390,2
DA:391,2
DA:392,2
DA:395,2
DA:396,2
DA:397,2
DA:398,2
DA:403,2
DA:404,2
DA:405,2
DA:406,2
DA:407,2
DA:408,2
DA:412,2
DA:413,2
DA:414,2
DA:415,2
DA:416,2
DA:419,2
DA:420,2
DA:421,2
DA:422,2
DA:423,2
DA:427,2
DA:428,2
DA:429,2
DA:430,2
DA:433,2
DA:434,2
DA:435,2
DA:438,2
DA:439,2
DA:440,2
DA:447,2
DA:448,2
DA:449,2
DA:450,2
DA:451,2
DA:452,2
DA:453,2
DA:454,2
DA:458,2
DA:459,2
DA:460,2
DA:461,2
DA:462,2
DA:463,2
DA:464,2
DA:465,2
DA:469,2
DA:470,2
DA:471,2
DA:479,2
DA:480,2
DA:481,2
DA:485,2
DA:486,2
DA:487,2
DA:488,2
DA:490,4
DA:492,2
DA:495,2
DA:498,2
DA:501,4
DA:504,2
DA:507,4
DA:510,2
DA:513,4
DA:516,2
DA:519,4
DA:522,2
DA:526,2
DA:529,4
DA:532,2
DA:535,4
DA:539,2
DA:540,2
DA:541,2
DA:542,2
DA:545,2
DA:546,2
DA:547,2
DA:548,2
DA:551,2
DA:552,2
DA:553,2
DA:554,2
DA:555,2
DA:558,2
DA:559,2
DA:560,2
DA:561,2
DA:562,2
DA:565,2
DA:566,2
DA:567,2
DA:568,2
DA:569,2
DA:572,2
DA:573,2
DA:574,2
DA:575,2
DA:576,2
DA:579,2
DA:580,2
DA:581,2
DA:582,2
DA:583,2
DA:586,2
DA:587,2
DA:588,2
DA:589,2
DA:590,2
LF:381
LH:381
BRDA:9,0,0,2
BRDA:495,1,0,2
BRDA:501,2,0,2
BRDA:507,3,0,2
BRDA:513,4,0,2
BRDA:519,5,0,2
BRDA:529,6,0,2
BRDA:535,7,0,2
BRF:8
BRH:8
end_of_record
TN:
SF:src/type/classes/AbstractType.ts
FN:51,(anonymous_0)
FN:61,(anonymous_1)
FN:67,(anonymous_2)
FN:74,(anonymous_3)
FN:78,(anonymous_4)
FN:84,(anonymous_5)
FN:90,(anonymous_6)
FN:95,(anonymous_7)
FN:100,(anonymous_8)
FN:105,(anonymous_9)
FN:110,(anonymous_10)
FN:115,(anonymous_11)
FN:127,(anonymous_12)
FN:133,(anonymous_13)
FN:138,(anonymous_14)
FN:144,(anonymous_15)
FN:155,(anonymous_16)
FN:164,(anonymous_17)
FN:165,(anonymous_18)
FN:168,(anonymous_19)
FN:175,(anonymous_20)
FN:180,(anonymous_21)
FN:185,(anonymous_22)
FN:187,(anonymous_23)
FN:191,(anonymous_24)
FN:213,(anonymous_25)
FN:217,(anonymous_26)
FN:222,(anonymous_27)
FN:230,(anonymous_28)
FN:234,(anonymous_29)
FN:244,(anonymous_30)
FN:249,(anonymous_31)
FN:253,(anonymous_32)
FN:263,(anonymous_33)
FN:268,(anonymous_34)
FN:272,(anonymous_35)
FN:283,(anonymous_36)
FN:288,(anonymous_37)
FN:292,(anonymous_38)
FN:297,(anonymous_39)
FN:306,(anonymous_40)
FN:313,(anonymous_41)
FN:316,(anonymous_42)
FN:320,(anonymous_43)
FN:324,(anonymous_44)
FN:330,(anonymous_45)
FN:334,(anonymous_46)
FN:338,(anonymous_47)
FN:345,(anonymous_48)
FN:349,(anonymous_49)
FN:354,(anonymous_50)
FNF:51
FNH:41
FNDA:2534,(anonymous_0)
FNDA:0,(anonymous_1)
FNDA:6319,(anonymous_2)
FNDA:9938,(anonymous_3)
FNDA:2651,(anonymous_4)
FNDA:5,(anonymous_5)
FNDA:274,(anonymous_6)
FNDA:5,(anonymous_7)
FNDA:3,(anonymous_8)
FNDA:3,(anonymous_9)
FNDA:1,(anonymous_10)
FNDA:1,(anonymous_11)
FNDA:32,(anonymous_12)
FNDA:38,(anonymous_13)
FNDA:779,(anonymous_14)
FNDA:1236,(anonymous_15)
FNDA:216,(anonymous_16)
FNDA:961,(anonymous_17)
FNDA:216,(anonymous_18)
FNDA:43,(anonymous_19)
FNDA:38,(anonymous_20)
FNDA:0,(anonymous_21)
FNDA:47,(anonymous_22)
FNDA:43,(anonymous_23)
FNDA:117,(anonymous_24)
FNDA:234,(anonymous_25)
FNDA:117,(anonymous_26)
FNDA:0,(anonymous_27)
FNDA:0,(anonymous_28)
FNDA:39,(anonymous_29)
FNDA:37,(anonymous_30)
FNDA:0,(anonymous_31)
FNDA:39,(anonymous_32)
FNDA:37,(anonymous_33)
FNDA:0,(anonymous_34)
FNDA:39,(anonymous_35)
FNDA:37,(anonymous_36)
FNDA:0,(anonymous_37)
FNDA:0,(anonymous_38)
FNDA:219,(anonymous_39)
FNDA:170,(anonymous_40)
FNDA:123,(anonymous_41)
FNDA:120,(anonymous_42)
FNDA:5584,(anonymous_43)
FNDA:29,(anonymous_44)
FNDA:0,(anonymous_45)
FNDA:77,(anonymous_46)
FNDA:124,(anonymous_47)
FNDA:0,(anonymous_48)
FNDA:117,(anonymous_49)
FNDA:8,(anonymous_50)
DA:3,30
DA:8,30
DA:14,30
DA:18,30
DA:22,30
DA:23,30
DA:24,30
DA:28,30
DA:29,30
DA:31,30
DA:32,30
DA:33,30
DA:38,30
DA:49,30
DA:51,30
DA:55,2534
DA:56,2534
DA:62,0
DA:63,0
DA:64,0
DA:68,6319
DA:75,9938
DA:79,2651
DA:80,2651
DA:81,23
DA:86,5
DA:87,5
DA:91,274
DA:92,274
DA:96,5
DA:97,5
DA:101,3
DA:102,3
DA:106,3
DA:107,3
DA:111,1
DA:112,1
DA:120,1
DA:121,1
DA:122,1
DA:123,1
DA:124,1
DA:128,32
DA:129,32
DA:134,38
DA:135,38
DA:139,779
DA:140,779
DA:141,776
DA:145,1236
DA:151,1236
DA:152,1235
DA:156,216
DA:165,961
DA:169,43
DA:174,43
DA:175,43
DA:176,43
DA:177,43
DA:181,0
DA:186,47
DA:187,43
DA:192,117
DA:194,39
DA:195,39
DA:196,39
DA:199,39
DA:200,39
DA:201,39
DA:204,39
DA:205,39
DA:206,39
DA:209,0
DA:214,234
DA:215,234
DA:216,234
DA:217,117
DA:218,117
DA:219,117
DA:223,0
DA:224,0
DA:225,0
DA:226,0
DA:227,0
DA:231,0
DA:237,39
DA:243,39
DA:244,39
DA:245,39
DA:246,39
DA:250,0
DA:256,39
DA:262,39
DA:263,39
DA:264,39
DA:265,39
DA:269,0
DA:275,39
DA:276,39
DA:282,39
DA:283,39
DA:284,39
DA:285,39
DA:289,0
DA:294,0
DA:300,219
DA:305,219
DA:306,219
DA:308,219
DA:309,219
DA:314,123
DA:316,120
DA:321,5584
DA:326,29
DA:327,29
DA:331,0
DA:335,77
DA:339,124
DA:340,124
DA:341,124
DA:342,6
DA:346,0
DA:350,117
DA:351,117
DA:356,8
DA:357,8
LF:126
LH:109
BRDA:63,0,0,0
BRDA:80,1,0,2628
BRDA:81,2,0,17
BRDA:81,2,1,6
BRDA:120,3,0,1
BRDA:120,3,1,1
BRDA:122,4,0,1
BRDA:141,5,0,139
BRDA:165,6,0,961
BRDA:165,6,1,216
BRDA:187,7,0,47
BRDA:187,7,1,43
BRDA:192,8,0,39
BRDA:192,8,1,39
BRDA:192,8,2,39
BRDA:192,8,3,0
BRDA:216,9,0,117
BRDA:315,10,0,123
BRDA:315,10,1,120
BRDA:330,11,0,0
BRDA:340,12,0,124
BRDA:340,12,1,121
BRDA:340,12,2,121
BRDA:341,13,0,118
BRDA:349,14,0,0
BRDA:351,15,0,6
BRDA:351,15,1,111
BRF:27
BRH:23
end_of_record
TN:
SF:src/type/classes/AnyType.ts
FN:22,(anonymous_0)
FN:26,(anonymous_1)
FN:30,(anonymous_2)
FN:34,(anonymous_3)
FN:39,(anonymous_4)
FN:42,(anonymous_5)
FN:51,(anonymous_6)
FN:56,(anonymous_7)
FN:62,(anonymous_8)
FN:66,(anonymous_9)
FN:70,(anonymous_10)
FNF:11
FNH:10
FNDA:138,(anonymous_0)
FNDA:104,(anonymous_1)
FNDA:0,(anonymous_2)
FNDA:32,(anonymous_3)
FNDA:32,(anonymous_4)
FNDA:32,(anonymous_5)
FNDA:32,(anonymous_6)
FNDA:32,(anonymous_7)
FNDA:8,(anonymous_8)
FNDA:8,(anonymous_9)
FNDA:16,(anonymous_10)
DA:6,30
DA:10,30
DA:15,30
DA:21,30
DA:22,138
DA:23,138
DA:27,104
DA:31,0
DA:35,32
DA:36,32
DA:37,32
DA:40,32
DA:44,32
DA:49,32
DA:52,32
DA:57,32
DA:63,8
DA:67,8
DA:71,16
LF:19
LH:18
BRDA:44,0,0,8
BRDA:44,0,1,24
BRDA:46,1,0,8
BRDA:46,1,1,16
BRF:4
BRH:4
end_of_record
TN:
SF:src/type/classes/ArrayType.ts
FN:23,(anonymous_0)
FN:31,(anonymous_1)
FN:36,(anonymous_2)
FN:41,(anonymous_3)
FN:48,(anonymous_4)
FN:53,(anonymous_5)
FN:71,(anonymous_6)
FN:80,(anonymous_7)
FN:84,(anonymous_8)
FN:89,(anonymous_9)
FN:96,(anonymous_10)
FN:107,(anonymous_11)
FN:111,(anonymous_12)
FN:115,(anonymous_13)
FN:118,(anonymous_14)
FN:125,(anonymous_15)
FN:133,(anonymous_16)
FN:143,(anonymous_17)
FN:149,(anonymous_18)
FN:160,(anonymous_19)
FN:161,(anonymous_20)
FNF:21
FNH:19
FNDA:117,(anonymous_0)
FNDA:0,(anonymous_1)
FNDA:0,(anonymous_2)
FNDA:726,(anonymous_3)
FNDA:5,(anonymous_4)
FNDA:159,(anonymous_5)
FNDA:7,(anonymous_6)
FNDA:7,(anonymous_7)
FNDA:7,(anonymous_8)
FNDA:22,(anonymous_9)
FNDA:22,(anonymous_10)
FNDA:11,(anonymous_11)
FNDA:11,(anonymous_12)
FNDA:13,(anonymous_13)
FNDA:13,(anonymous_14)
FNDA:13,(anonymous_15)
FNDA:13,(anonymous_16)
FNDA:13,(anonymous_17)
FNDA:1,(anonymous_18)
FNDA:5,(anonymous_19)
FNDA:5,(anonymous_20)
DA:1,30
DA:2,30
DA:3,30
DA:4,30
DA:5,30
DA:6,30
DA:7,30
DA:20,30
DA:24,117
DA:27,117
DA:28,117
DA:32,0
DA:33,0
DA:37,0
DA:38,0
DA:42,726
DA:49,5
DA:50,5
DA:54,159
DA:55,159
DA:56,159
DA:57,159
DA:58,159
DA:59,159
DA:60,159
DA:61,159
DA:62,159
DA:63,159
DA:64,159
DA:65,159
DA:66,159
DA:67,159
DA:68,159
DA:72,7
DA:73,7
DA:74,7
DA:75,7
DA:76,7
DA:77,7
DA:78,7
DA:79,7
DA:80,7
DA:81,7
DA:82,7
DA:83,7
DA:84,7
DA:85,7
DA:86,7
DA:90,22
DA:91,22
DA:92,22
DA:93,22
DA:94,22
DA:95,22
DA:96,22
DA:97,22
DA:98,22
DA:99,22
DA:100,22
DA:101,22
DA:102,11
DA:103,0
DA:104,22
DA:108,11
DA:112,11
DA:116,13
DA:117,13
DA:118,13
DA:119,13
DA:120,13
DA:121,13
DA:122,13
DA:123,13
DA:124,13
DA:126,13
DA:129,13
DA:130,13
DA:131,13
DA:132,13
DA:134,13
DA:137,13
DA:138,13
DA:139,13
DA:140,13
DA:141,13
DA:142,13
DA:144,13
DA:150,1
DA:151,1
DA:152,1
DA:153,1
DA:154,1
DA:155,1
DA:156,1
DA:157,1
DA:161,5
LF:96
LH:91
BRDA:62,0,0,6
BRDA:63,1,0,5
BRDA:101,2,0,11
BRDA:101,2,1,11
BRDA:102,3,0,11
BRDA:102,3,1,0
BRDA:149,4,0,1
BRDA:151,5,0,0
BRDA:160,6,0,0
BRF:9
BRH:6
end_of_record
TN:
SF:src/type/classes/BinaryType.ts
FN:23,(anonymous_0)
FN:31,(anonymous_1)
FN:36,(anonymous_2)
FN:41,(anonymous_3)
FN:46,(anonymous_4)
FN:53,(anonymous_5)
FN:58,(anonymous_6)
FN:82,(anonymous_7)
FN:89,(anonymous_8)
FN:93,(anonymous_9)
FN:97,(anonymous_10)
FN:101,(anonymous_11)
FN:105,(anonymous_12)
FN:109,(anonymous_13)
FN:110,(anonymous_14)
FNF:15
FNH:14
FNDA:43,(anonymous_0)
FNDA:1,(anonymous_1)
FNDA:1,(anonymous_2)
FNDA:1,(anonymous_3)
FNDA:20,(anonymous_4)
FNDA:2,(anonymous_5)
FNDA:62,(anonymous_6)
FNDA:2,(anonymous_7)
FNDA:6,(anonymous_8)
FNDA:2,(anonymous_9)
FNDA:2,(anonymous_10)
FNDA:2,(anonymous_11)
FNDA:0,(anonymous_12)
FNDA:2,(anonymous_13)
FNDA:2,(anonymous_14)
DA:1,30
DA:2,30
DA:3,30
DA:4,30
DA:5,30
DA:20,30
DA:24,43
DA:27,43
DA:28,43
DA:32,1
DA:33,1
DA:37,1
DA:38,1
DA:42,1
DA:43,1
DA:47,20
DA:54,2
DA:55,2
DA:59,62
DA:60,62
DA:61,62
DA:65,62
DA:66,62
DA:67,0
DA:68,0
DA:70,62
DA:71,27
DA:72,27
DA:74,62
DA:75,33
DA:76,33
DA:79,62
DA:83,2
DA:84,2
DA:85,2
DA:86,2
DA:90,6
DA:94,2
DA:98,2
DA:102,2
DA:106,0
DA:110,2
LF:42
LH:39
BRDA:63,0,0,62
BRDA:63,0,1,0
BRDA:66,1,0,0
BRDA:66,1,1,62
BRDA:66,2,0,62
BRDA:66,2,1,27
BRDA:70,3,0,27
BRDA:74,4,0,33
BRDA:105,5,0,0
BRDA:109,6,0,0
BRF:10
BRH:6
end_of_record
TN:
SF:src/type/classes/BooleanType.ts
FN:25,(anonymous_0)
FN:29,(anonymous_1)
FN:35,(anonymous_2)
FN:39,(anonymous_3)
FN:43,(anonymous_4)
FN:47,(anonymous_5)
FN:51,(anonymous_6)
FN:55,(anonymous_7)
FNF:8
FNH:7
FNDA:59,(anonymous_0)
FNDA:19,(anonymous_1)
FNDA:9,(anonymous_2)
FNDA:28,(anonymous_3)
FNDA:8,(anonymous_4)
FNDA:8,(anonymous_5)
FNDA:12,(anonymous_6)
FNDA:0,(anonymous_7)
DA:6,30
DA:16,30
DA:24,30
DA:25,59
DA:26,59
DA:30,19
DA:31,19
DA:32,19
DA:36,9
DA:40,28
DA:44,8
DA:48,8
DA:52,12
DA:56,0
LF:14
LH:13
BRDA:55,0,0,0
BRDA:56,1,0,0
BRDA:56,1,1,0
BRF:3
BRH:0
end_of_record
TN:
SF:src/type/classes/ConstType.ts
FN:21,(anonymous_0)
FN:26,(anonymous_1)
FN:30,(anonymous_2)
FN:35,(anonymous_3)
FN:43,(anonymous_4)
FN:47,(anonymous_5)
FN:49,(anonymous_6)
FN:55,(anonymous_7)
FN:59,(anonymous_8)
FN:63,(anonymous_9)
FN:67,(anonymous_10)
FN:71,(anonymous_11)
FNF:12
FNH:11
FNDA:146,(anonymous_0)
FNDA:62,(anonymous_1)
FNDA:14,(anonymous_2)
FNDA:204,(anonymous_3)
FNDA:14,(anonymous_4)
FNDA:12,(anonymous_5)
FNDA:12,(anonymous_6)
FNDA:4,(anonymous_7)
FNDA:4,(anonymous_8)
FNDA:4,(anonymous_9)
FNDA:0,(anonymous_10)
FNDA:14,(anonymous_11)
DA:1,30
DA:2,30
DA:3,30
DA:18,30
DA:21,146
DA:22,146
DA:23,146
DA:27,62
DA:31,14
DA:32,14
DA:36,204
DA:37,204
DA:38,204
DA:39,204
DA:40,204
DA:44,14
DA:48,12
DA:50,12
DA:56,4
DA:60,4
DA:64,4
DA:68,0
DA:72,14
LF:23
LH:22
BRDA:67,0,0,0
BRDA:71,1,0,0
BRF:2
BRH:0
end_of_record
TN:
SF:src/type/classes/FunctionType.ts
FN:9,(anonymous_0)
FN:13,(anonymous_1)
FN:15,(anonymous_2)
FN:16,(anonymous_3)
FN:32,(anonymous_4)
FN:44,(anonymous_5)
FN:49,(anonymous_6)
FN:53,(anonymous_7)
FN:58,(anonymous_8)
FN:62,(anonymous_9)
FN:72,(anonymous_10)
FN:77,(anonymous_11)
FN:93,(anonymous_12)
FN:105,(anonymous_13)
FN:110,(anonymous_14)
FN:114,(anonymous_15)
FN:119,(anonymous_16)
FN:123,(anonymous_17)
FN:133,(anonymous_18)
FN:138,(anonymous_19)
FNF:20
FNH:17
FNDA:0,(anonymous_0)
FNDA:3,(anonymous_1)
FNDA:3,(anonymous_2)
FNDA:3,(anonymous_3)
FNDA:10,(anonymous_4)
FNDA:1,(anonymous_5)
FNDA:1,(anonymous_6)
FNDA:1,(anonymous_7)
FNDA:1,(anonymous_8)
FNDA:7,(anonymous_9)
FNDA:0,(anonymous_10)
FNDA:2,(anonymous_11)
FNDA:7,(anonymous_12)
FNDA:1,(anonymous_13)
FNDA:1,(anonymous_14)
FNDA:1,(anonymous_15)
FNDA:1,(anonymous_16)
FNDA:7,(anonymous_17)
FNDA:0,(anonymous_18)
FNDA:1,(anonymous_19)
DA:1,30
DA:2,30
DA:3,30
DA:9,30
DA:10,0
DA:13,30
DA:14,3
DA:15,3
DA:16,3
DA:25,30
DA:30,10
DA:33,10
DA:34,10
DA:37,10
DA:38,10
DA:45,1
DA:46,1
DA:50,1
DA:54,1
DA:55,1
DA:59,1
DA:63,7
DA:70,10
DA:73,0
DA:74,0
DA:78,2
DA:87,30
DA:90,7
DA:94,7
DA:95,7
DA:98,7
DA:99,7
DA:106,1
DA:107,1
DA:111,1
DA:115,1
DA:116,1
DA:120,1
DA:124,7
DA:131,7
DA:134,0
DA:135,0
DA:139,1
LF:43
LH:38
BRDA:13,0,0,0
BRDA:77,1,0,0
BRDA:138,2,0,0
BRF:3
BRH:0
end_of_record
TN:
SF:src/type/classes/MapType.ts
FN:24,(anonymous_0)
FN:32,(anonymous_1)
FN:39,(anonymous_2)
FN:44,(anonymous_3)
FN:59,(anonymous_4)
FN:65,(anonymous_5)
FN:68,(anonymous_6)
FN:73,(anonymous_7)
FN:78,(anonymous_8)
FN:90,(anonymous_9)
FN:97,(anonymous_10)
FN:101,(anonymous_11)
FN:105,(anonymous_12)
FN:107,(anonymous_13)
FN:108,(anonymous_14)
FN:109,(anonymous_15)
FN:110,(anonymous_16)
FN:117,(anonymous_17)
FN:121,(anonymous_18)
FN:128,(anonymous_19)
FN:133,(anonymous_20)
FN:155,(anonymous_21)
FN:156,(anonymous_22)
FNF:23
FNH:22
FNDA:42,(anonymous_0)
FNDA:82,(anonymous_1)
FNDA:1,(anonymous_2)
FNDA:11,(anonymous_3)
FNDA:6,(anonymous_4)
FNDA:6,(anonymous_5)
FNDA:6,(anonymous_6)
FNDA:6,(anonymous_7)
FNDA:10,(anonymous_8)
FNDA:10,(anonymous_9)
FNDA:5,(anonymous_10)
FNDA:5,(anonymous_11)
FNDA:6,(anonymous_12)
FNDA:6,(anonymous_13)
FNDA:6,(anonymous_14)
FNDA:6,(anonymous_15)
FNDA:6,(anonymous_16)
FNDA:6,(anonymous_17)
FNDA:6,(anonymous_18)
FNDA:6,(anonymous_19)
FNDA:0,(anonymous_20)
FNDA:1,(anonymous_21)
FNDA:1,(anonymous_22)
DA:1,30
DA:2,30
DA:3,30
DA:4,30
DA:5,30
DA:6,30
DA:7,30
DA:8,30
DA:21,30
DA:25,42
DA:28,42
DA:29,42
DA:33,82
DA:40,1
DA:41,1
DA:45,11
DA:46,11
DA:47,11
DA:48,11
DA:49,11
DA:50,11
DA:51,11
DA:52,11
DA:53,11
DA:54,11
DA:55,11
DA:56,11
DA:60,6
DA:61,6
DA:62,6
DA:63,6
DA:64,6
DA:65,6
DA:66,6
DA:67,6
DA:68,6
DA:70,6
DA:71,6
DA:72,6
DA:73,6
DA:74,6
DA:75,6
DA:79,10
DA:80,10
DA:81,10
DA:82,10
DA:83,10
DA:84,10
DA:85,10
DA:86,10
DA:87,10
DA:88,10
DA:89,10
DA:90,10
DA:91,10
DA:92,5
DA:93,0
DA:94,10
DA:98,5
DA:102,5
DA:106,6
DA:107,6
DA:108,6
DA:109,6
DA:110,6
DA:111,6
DA:112,6
DA:113,6
DA:114,6
DA:115,6
DA:116,6
DA:117,6
DA:118,6
DA:119,6
DA:120,6
DA:121,6
DA:123,6
DA:124,6
DA:125,6
DA:126,6
DA:127,6
DA:128,6
DA:129,6
DA:130,6
DA:134,0
DA:135,0
DA:136,0
DA:137,0
DA:138,0
DA:139,0
DA:140,0
DA:141,0
DA:142,0
DA:143,0
DA:144,0
DA:145,0
DA:147,0
DA:148,0
DA:149,0
DA:150,0
DA:151,0
DA:152,0
DA:156,1
LF:103
LH:84
BRDA:91,0,0,5
BRDA:91,0,1,5
BRDA:92,1,0,5
BRDA:92,1,1,0
BRDA:133,2,0,0
BRDA:137,3,0,0
BRDA:144,4,0,0
BRDA:149,5,0,0
BRDA:149,5,1,0
BRDA:151,6,0,0
BRDA:155,7,0,0
BRF:11
BRH:3
end_of_record
TN:
SF:src/type/classes/NumberType.ts
FN:20,(anonymous_0)
FN:24,(anonymous_1)
FN:29,(anonymous_2)
FN:34,(anonymous_3)
FN:39,(anonymous_4)
FN:44,(anonymous_5)
FN:49,(anonymous_6)
FN:113,(anonymous_7)
FN:117,(anonymous_8)
FN:126,(anonymous_9)
FN:130,(anonymous_10)
FN:134,(anonymous_11)
FN:138,(anonymous_12)
FNF:13
FNH:10
FNDA:404,(anonymous_0)
FNDA:1,(anonymous_1)
FNDA:1,(anonymous_2)
FNDA:0,(anonymous_3)
FNDA:0,(anonymous_4)
FNDA:1,(anonymous_5)
FNDA:619,(anonymous_6)
FNDA:40,(anonymous_7)
FNDA:59,(anonymous_8)
FNDA:18,(anonymous_9)
FNDA:18,(anonymous_10)
FNDA:23,(anonymous_11)
FNDA:0,(anonymous_12)
DA:1,30
DA:2,30
DA:3,30
DA:19,30
DA:20,404
DA:21,404
DA:25,1
DA:26,1
DA:30,1
DA:31,1
DA:35,0
DA:36,0
DA:40,0
DA:41,0
DA:45,1
DA:46,1
DA:50,619
DA:51,619
DA:52,394
DA:53,394
DA:54,394
DA:55,197
DA:56,197
DA:57,197
DA:59,28
DA:60,28
DA:63,46
DA:64,46
DA:67,50
DA:68,50
DA:72,197
DA:74,28
DA:75,28
DA:78,43
DA:79,43
DA:82,55
DA:83,55
DA:87,225
DA:88,6
DA:89,6
DA:91,219
DA:92,219
DA:94,619
DA:95,4
DA:96,4
DA:98,619
DA:99,3
DA:100,3
DA:102,619
DA:103,4
DA:104,4
DA:106,619
DA:107,3
DA:108,3
DA:110,619
DA:114,40
DA:118,59
DA:119,59
DA:120,59
DA:121,50
DA:122,47
DA:123,44
DA:127,18
DA:131,18
DA:135,23
DA:139,0
LF:66
LH:61
BRDA:51,0,0,394
BRDA:51,0,1,225
BRDA:51,1,0,619
BRDA:51,1,1,400
BRDA:54,2,0,197
BRDA:54,2,1,197
BRDA:57,3,0,28
BRDA:57,3,1,46
BRDA:57,3,2,50
BRDA:72,4,0,28
BRDA:72,4,1,43
BRDA:72,4,2,55
BRDA:87,5,0,6
BRDA:87,5,1,219
BRDA:94,6,0,4
BRDA:98,7,0,3
BRDA:102,8,0,4
BRDA:106,9,0,3
BRDA:120,10,0,9
BRDA:120,10,1,50
BRDA:121,11,0,3
BRDA:121,11,1,47
BRDA:122,12,0,3
BRDA:122,12,1,44
BRDA:138,13,0,0
BRF:25
BRH:24
end_of_record
TN:
SF:src/type/classes/ObjectType.ts
FN:25,(anonymous_0)
FN:43,(anonymous_1)
FN:51,(anonymous_2)
FN:58,(anonymous_3)
FN:63,(anonymous_4)
FN:67,(anonymous_5)
FN:68,(anonymous_6)
FN:75,(anonymous_7)
FN:83,(anonymous_8)
FN:93,(anonymous_9)
FN:97,(anonymous_10)
FN:113,(anonymous_11)
FN:129,(anonymous_12)
FN:138,(anonymous_13)
FN:141,(anonymous_14)
FN:145,(anonymous_15)
FN:150,(anonymous_16)
FN:153,(anonymous_17)
FN:156,(anonymous_18)
FN:162,(anonymous_19)
FN:165,(anonymous_20)
FN:170,(anonymous_21)
FN:173,(anonymous_22)
FN:180,(anonymous_23)
FN:194,(anonymous_24)
FN:221,(anonymous_25)
FN:230,(anonymous_26)
FN:231,(anonymous_27)
FN:238,(anonymous_28)
FN:258,(anonymous_29)
FN:276,(anonymous_30)
FN:281,(anonymous_31)
FN:282,(anonymous_32)
FN:286,(anonymous_33)
FN:289,(anonymous_34)
FN:291,(anonymous_35)
FN:294,(anonymous_36)
FN:299,(anonymous_37)
FN:300,(anonymous_38)
FN:304,(anonymous_39)
FN:309,(anonymous_40)
FN:321,(anonymous_41)
FN:324,(anonymous_42)
FN:327,(anonymous_43)
FN:329,(anonymous_44)
FN:333,(anonymous_45)
FN:337,(anonymous_46)
FN:342,(anonymous_47)
FN:343,(anonymous_48)
FN:350,(anonymous_49)
FN:353,(anonymous_50)
FN:355,(anonymous_51)
FN:358,(anonymous_52)
FN:362,(anonymous_53)
FN:364,(anonymous_54)
FN:365,(anonymous_55)
FN:369,(anonymous_56)
FN:374,(anonymous_57)
FN:387,(anonymous_58)
FN:392,(anonymous_59)
FN:399,(anonymous_60)
FN:407,(anonymous_61)
FN:411,(anonymous_62)
FN:412,(anonymous_63)
FN:416,(anonymous_64)
FN:417,(anonymous_65)
FN:418,(anonymous_66)
FN:419,(anonymous_67)
FN:423,(anonymous_68)
FN:429,(anonymous_69)
FN:433,(anonymous_70)
FN:437,(anonymous_71)
FN:439,(anonymous_72)
FN:444,(anonymous_73)
FN:449,(anonymous_74)
FN:454,(anonymous_75)
FN:466,(anonymous_76)
FN:467,(anonymous_77)
FN:475,(anonymous_78)
FN:478,(anonymous_79)
FN:485,(anonymous_80)
FN:504,(anonymous_81)
FN:526,(anonymous_82)
FN:531,(anonymous_83)
FN:531,(anonymous_84)
FNF:85
FNH:84
FNDA:0,(anonymous_0)
FNDA:650,(anonymous_1)
FNDA:6963,(anonymous_2)
FNDA:40,(anonymous_3)
FNDA:34,(anonymous_4)
FNDA:40,(anonymous_5)
FNDA:40,(anonymous_6)
FNDA:137,(anonymous_7)
FNDA:6,(anonymous_8)
FNDA:282,(anonymous_9)
FNDA:19,(anonymous_10)
FNDA:16,(anonymous_11)
FNDA:3,(anonymous_12)
FNDA:3973,(anonymous_13)
FNDA:6963,(anonymous_14)
FNDA:11,(anonymous_15)
FNDA:21,(anonymous_16)
FNDA:23,(anonymous_17)
FNDA:2,(anonymous_18)
FNDA:1,(anonymous_19)
FNDA:2,(anonymous_20)
FNDA:2,(anonymous_21)
FNDA:3,(anonymous_22)
FNDA:657,(anonymous_23)
FNDA:1085,(anonymous_24)
FNDA:19,(anonymous_25)
FNDA:56,(anonymous_26)
FNDA:56,(anonymous_27)
FNDA:28,(anonymous_28)
FNDA:19,(anonymous_29)
FNDA:22,(anonymous_30)
FNDA:68,(anonymous_31)
FNDA:68,(anonymous_32)
FNDA:22,(anonymous_33)
FNDA:43,(anonymous_34)
FNDA:42,(anonymous_35)
FNDA:12,(anonymous_36)
FNDA:25,(anonymous_37)
FNDA:24,(anonymous_38)
FNDA:4,(anonymous_39)
FNDA:11,(anonymous_40)
FNDA:10,(anonymous_41)
FNDA:8,(anonymous_42)
FNDA:8,(anonymous_43)
FNDA:4,(anonymous_44)
FNDA:4,(anonymous_45)
FNDA:22,(anonymous_46)
FNDA:68,(anonymous_47)
FNDA:68,(anonymous_48)
FNDA:22,(anonymous_49)
FNDA:43,(anonymous_50)
FNDA:42,(anonymous_51)
FNDA:12,(anonymous_52)
FNDA:25,(anonymous_53)
FNDA:25,(anonymous_54)
FNDA:24,(anonymous_55)
FNDA:4,(anonymous_56)
FNDA:11,(anonymous_57)
FNDA:10,(anonymous_58)
FNDA:8,(anonymous_59)
FNDA:4,(anonymous_60)
FNDA:23,(anonymous_61)
FNDA:70,(anonymous_62)
FNDA:70,(anonymous_63)
FNDA:23,(anonymous_64)
FNDA:23,(anonymous_65)
FNDA:23,(anonymous_66)
FNDA:23,(anonymous_67)
FNDA:45,(anonymous_68)
FNDA:44,(anonymous_69)
FNDA:12,(anonymous_70)
FNDA:25,(anonymous_71)
FNDA:25,(anonymous_72)
FNDA:24,(anonymous_73)
FNDA:4,(anonymous_74)
FNDA:11,(anonymous_75)
FNDA:23,(anonymous_76)
FNDA:23,(anonymous_77)
FNDA:6,(anonymous_78)
FNDA:6,(anonymous_79)
FNDA:23,(anonymous_80)
FNDA:7,(anonymous_81)
FNDA:11,(anonymous_82)
FNDA:40,(anonymous_83)
FNDA:40,(anonymous_84)
DA:1,30
DA:3,30
DA:4,30
DA:5,30
DA:6,30
DA:9,30
DA:10,30
DA:16,30
DA:25,30
DA:29,0
DA:30,0
DA:31,0
DA:32,0
DA:33,0
DA:34,0
DA:38,30
DA:44,650
DA:45,650
DA:47,650
DA:48,650
DA:52,6963
DA:59,40
DA:60,40
DA:64,34
DA:68,40
DA:72,30
DA:73,137
DA:76,137
DA:77,137
DA:79,137
DA:80,137
DA:84,6
DA:88,30
DA:91,282
DA:93,282
DA:94,282
DA:101,19
DA:102,19
DA:103,19
DA:118,16
DA:119,16
DA:134,3
DA:135,3
DA:139,3973
DA:141,6963
DA:146,11
DA:147,11
DA:153,23
DA:157,2
DA:158,2
DA:159,2
DA:165,2
DA:166,1
DA:167,1
DA:173,3
DA:174,2
DA:175,2
DA:176,2
DA:177,2
DA:181,657
DA:182,657
DA:183,657
DA:184,657
DA:185,657
DA:186,657
DA:188,657
DA:189,657
DA:190,616
DA:191,616
DA:192,616
DA:194,1085
DA:197,616
DA:199,657
DA:200,1109
DA:201,1109
DA:202,1109
DA:203,1109
DA:204,1109
DA:205,38
DA:206,38
DA:207,38
DA:208,38
DA:210,1071
DA:211,79
DA:212,79
DA:213,79
DA:215,1071
DA:218,656
DA:222,19
DA:223,19
DA:224,19
DA:225,19
DA:226,19
DA:227,19
DA:228,5
DA:230,56
DA:231,56
DA:232,19
DA:233,19
DA:234,37
DA:235,37
DA:236,37
DA:237,37
DA:238,37
DA:239,37
DA:240,37
DA:242,19
DA:243,19
DA:244,19
DA:245,19
DA:246,19
DA:247,19
DA:248,19
DA:249,19
DA:250,19
DA:251,19
DA:252,19
DA:254,0
DA:255,0
DA:257,19
DA:258,19
DA:259,19
DA:260,19
DA:262,19
DA:263,5
DA:264,5
DA:273,19
DA:277,22
DA:278,22
DA:279,22
DA:280,22
DA:281,68
DA:282,68
DA:283,22
DA:284,22
DA:285,22
DA:286,22
DA:287,22
DA:288,43
DA:289,43
DA:290,43
DA:291,43
DA:294,22
DA:295,12
DA:296,25
DA:297,25
DA:298,25
DA:299,25
DA:300,25
DA:301,25
DA:304,22
DA:305,4
DA:306,4
DA:307,4
DA:308,4
DA:309,11
DA:310,4
DA:311,4
DA:312,4
DA:313,4
DA:314,4
DA:315,4
DA:316,4
DA:317,4
DA:319,22
DA:320,22
DA:321,10
DA:322,10
DA:323,12
DA:324,8
DA:325,8
DA:326,8
DA:327,8
DA:329,4
DA:330,4
DA:331,4
DA:332,4
DA:333,4
DA:338,22
DA:339,22
DA:340,22
DA:341,22
DA:342,68
DA:343,68
DA:344,22
DA:345,22
DA:346,22
DA:347,22
DA:348,22
DA:349,22
DA:350,22
DA:351,22
DA:352,43
DA:353,43
DA:354,43
DA:355,43
DA:358,22
DA:359,12
DA:360,25
DA:361,25
DA:362,25
DA:363,25
DA:364,25
DA:365,25
DA:369,22
DA:370,4
DA:371,4
DA:372,4
DA:373,4
DA:374,11
DA:375,4
DA:376,4
DA:377,4
DA:378,4
DA:379,4
DA:380,4
DA:381,4
DA:382,4
DA:383,4
DA:385,22
DA:386,22
DA:387,10
DA:388,10
DA:389,12
DA:390,8
DA:391,8
DA:392,8
DA:393,8
DA:394,8
DA:395,8
DA:397,4
DA:398,4
DA:399,4
DA:400,4
DA:401,4
DA:402,4
DA:403,4
DA:408,23
DA:409,23
DA:410,23
DA:411,70
DA:412,70
DA:413,23
DA:414,23
DA:415,23
DA:416,23
DA:417,23
DA:418,23
DA:419,23
DA:420,23
DA:421,45
DA:422,45
DA:424,45
DA:425,45
DA:428,45
DA:429,45
DA:430,45
DA:433,23
DA:434,12
DA:435,25
DA:436,25
DA:437,25
DA:438,25
DA:440,25
DA:443,25
DA:444,25
DA:445,25
DA:449,23
DA:450,4
DA:451,4
DA:452,4
DA:453,4
DA:454,11
DA:455,4
DA:456,4
DA:457,4
DA:458,4
DA:459,4
DA:460,4
DA:461,4
DA:462,4
DA:463,4
DA:464,4
DA:466,23
DA:467,23
DA:468,23
DA:470,23
DA:471,17
DA:473,6
DA:476,6
DA:479,6
DA:484,23
DA:486,23
DA:489,23
DA:490,11
DA:491,11
DA:492,12
DA:493,8
DA:494,8
DA:495,8
DA:497,4
DA:498,4
DA:499,4
DA:500,4
DA:505,7
DA:506,7
DA:507,7
DA:508,7
DA:509,7
DA:510,7
DA:511,2
DA:512,2
DA:513,2
DA:514,2
DA:515,2
DA:516,2
DA:518,7
DA:519,7
DA:520,7
DA:521,6
DA:522,1
DA:523,7
DA:527,11
DA:531,40
LF:324
LH:316
BRDA:29,0,0,0
BRDA:29,1,0,0
BRDA:29,1,1,0
BRDA:31,2,0,0
BRDA:32,3,0,0
BRDA:32,4,0,0
BRDA:32,4,1,0
BRDA:33,5,0,0
BRDA:67,6,0,0
BRDA:101,7,0,5
BRDA:174,8,0,0
BRDA:183,9,0,657
BRDA:183,9,1,0
BRDA:184,10,0,657
BRDA:188,11,0,657
BRDA:188,11,1,628
BRDA:188,11,2,628
BRDA:189,12,0,616
BRDA:204,13,0,38
BRDA:204,13,1,1071
BRDA:210,14,0,79
BRDA:227,15,0,5
BRDA:235,16,0,18
BRDA:239,17,0,9
BRDA:243,18,0,0
BRDA:248,19,0,9
BRDA:251,20,0,19
BRDA:251,20,1,0
BRDA:262,21,0,5
BRDA:320,22,0,10
BRDA:320,22,1,12
BRDA:320,23,0,22
BRDA:320,23,1,18
BRDA:323,24,0,8
BRDA:323,24,1,4
BRDA:347,25,0,0
BRDA:386,26,0,10
BRDA:386,26,1,12
BRDA:386,27,0,22
BRDA:386,27,1,18
BRDA:389,28,0,8
BRDA:389,28,1,4
BRDA:470,29,0,17
BRDA:470,29,1,6
BRDA:489,30,0,11
BRDA:489,30,1,12
BRDA:489,31,0,23
BRDA:489,31,1,19
BRDA:492,32,0,8
BRDA:492,32,1,4
BRDA:504,33,0,4
BRDA:507,34,0,0
BRDA:515,35,0,0
BRDA:520,36,0,6
BRDA:520,36,1,1
BRDA:522,37,0,0
BRDA:526,38,0,2
BRF:57
BRH:40
end_of_record
TN:
SF:src/type/classes/OrType.ts
FN:29,(anonymous_0)
FN:41,(anonymous_1)
FN:44,(anonymous_2)
FN:48,(anonymous_3)
FN:53,(anonymous_4)
FN:59,(anonymous_5)
FN:68,(anonymous_6)
FN:71,(anonymous_7)
FN:83,(anonymous_8)
FN:85,(anonymous_9)
FN:89,(anonymous_10)
FN:96,(anonymous_11)
FN:100,(anonymous_12)
FN:107,(anonymous_13)
FN:109,(anonymous_14)
FN:118,(anonymous_15)
FN:122,(anonymous_16)
FN:126,(anonymous_17)
FN:130,(anonymous_18)
FN:134,(anonymous_19)
FN:135,(anonymous_20)
FN:135,(anonymous_21)
FNF:22
FNH:20
FNDA:37,(anonymous_0)
FNDA:112,(anonymous_1)
FNDA:233,(anonymous_2)
FNDA:2,(anonymous_3)
FNDA:21,(anonymous_4)
FNDA:59,(anonymous_5)
FNDA:237,(anonymous_6)
FNDA:52,(anonymous_7)
FNDA:128,(anonymous_8)
FNDA:128,(anonymous_9)
FNDA:52,(anonymous_10)
FNDA:0,(anonymous_11)
FNDA:3,(anonymous_12)
FNDA:6,(anonymous_13)
FNDA:6,(anonymous_14)
FNDA:1,(anonymous_15)
FNDA:1,(anonymous_16)
FNDA:1,(anonymous_17)
FNDA:0,(anonymous_18)
FNDA:2,(anonymous_19)
FNDA:6,(anonymous_20)
FNDA:6,(anonymous_21)
DA:1,30
DA:2,30
DA:5,30
DA:7,30
DA:8,30
DA:11,30
DA:14,30
DA:15,30
DA:16,30
DA:17,30
DA:18,30
DA:26,30
DA:30,37
DA:33,37
DA:34,37
DA:42,112
DA:44,233
DA:49,2
DA:50,2
DA:54,21
DA:55,21
DA:58,37
DA:60,59
DA:61,28
DA:62,28
DA:63,28
DA:67,28
DA:68,237
DA:72,52
DA:73,52
DA:74,52
DA:75,52
DA:76,0
DA:77,0
DA:79,52
DA:80,52
DA:81,52
DA:83,128
DA:86,128
DA:90,52
DA:91,52
DA:97,0
DA:101,3
DA:102,3
DA:103,3
DA:104,3
DA:105,3
DA:107,6
DA:110,6
DA:111,4
DA:112,2
DA:119,1
DA:123,1
DA:127,1
DA:131,0
DA:135,6
LF:56
LH:52
BRDA:37,0,0,37
BRDA:37,0,1,37
BRDA:60,1,0,31
BRDA:62,2,0,0
BRDA:62,3,0,28
BRDA:62,3,1,28
BRDA:62,3,2,0
BRDA:75,4,0,0
BRDA:110,5,0,2
BRDA:110,5,1,4
BRDA:111,6,0,2
BRDA:111,6,1,2
BRDA:112,7,0,2
BRDA:130,8,0,0
BRDA:134,9,0,0
BRF:15
BRH:10
end_of_record
TN:
SF:src/type/classes/RefType.ts
FN:26,(anonymous_0)
FN:31,(anonymous_1)
FN:35,(anonymous_2)
FN:40,(anonymous_3)
FN:41,(anonymous_4)
FN:66,(anonymous_5)
FN:74,(anonymous_6)
FN:103,(anonymous_7)
FN:107,(anonymous_8)
FN:111,(anonymous_9)
FN:115,(anonymous_10)
FN:121,(anonymous_11)
FNF:12
FNH:12
FNDA:38,(anonymous_0)
FNDA:8,(anonymous_1)
FNDA:14,(anonymous_2)
FNDA:3,(anonymous_3)
FNDA:3,(anonymous_4)
FNDA:8,(anonymous_5)
FNDA:3,(anonymous_6)
FNDA:1,(anonymous_7)
FNDA:1,(anonymous_8)
FNDA:1,(anonymous_9)
FNDA:3,(anonymous_10)
FNDA:7,(anonymous_11)
DA:1,30
DA:4,30
DA:7,30
DA:8,30
DA:11,30
DA:15,30
DA:23,30
DA:27,38
DA:28,38
DA:32,8
DA:36,14
DA:37,14
DA:41,3
DA:42,3
DA:44,0
DA:46,2
DA:50,1
DA:57,3
DA:58,3
DA:59,3
DA:60,3
DA:61,3
DA:62,3
DA:63,3
DA:67,8
DA:68,8
DA:69,8
DA:70,8
DA:71,8
DA:75,3
DA:76,3
DA:78,3
DA:83,3
DA:84,3
DA:90,0
DA:91,0
DA:92,0
DA:93,0
DA:96,3
DA:97,3
DA:98,3
DA:104,1
DA:108,1
DA:112,1
DA:116,3
DA:117,2
DA:118,2
DA:122,7
DA:123,7
LF:49
LH:44
BRDA:42,0,0,0
BRDA:42,0,1,2
BRDA:42,0,2,1
BRDA:57,1,0,3
BRDA:57,1,1,0
BRDA:58,2,0,0
BRDA:67,3,0,8
BRDA:67,3,1,0
BRDA:68,4,0,0
BRDA:75,5,0,3
BRDA:75,5,1,0
BRDA:76,6,0,0
BRDA:78,7,0,1
BRDA:78,7,1,2
BRDA:80,8,0,1
BRDA:80,8,1,1
BRDA:84,9,0,0
BRDA:84,9,1,0
BRDA:84,9,2,0
BRDA:84,9,3,0
BRDA:84,9,4,0
BRDA:84,9,5,3
BRDA:90,10,0,0
BRDA:90,10,1,0
BRDA:91,11,0,0
BRDA:91,11,1,0
BRDA:92,12,0,0
BRDA:115,13,0,2
BRDA:116,14,0,1
BRDA:121,15,0,7
BRDA:123,16,0,0
BRDA:123,16,1,7
BRF:32
BRH:14
end_of_record
TN:
SF:src/type/classes/StringType.ts
FN:21,(anonymous_0)
FN:25,(anonymous_1)
FN:30,(anonymous_2)
FN:35,(anonymous_3)
FN:40,(anonymous_4)
FN:76,(anonymous_5)
FN:84,(anonymous_6)
FN:93,(anonymous_7)
FN:97,(anonymous_8)
FN:101,(anonymous_9)
FN:105,(anonymous_10)
FNF:11
FNH:11
FNDA:518,(anonymous_0)
FNDA:1,(anonymous_1)
FNDA:1,(anonymous_2)
FNDA:1,(anonymous_3)
FNDA:785,(anonymous_4)
FNDA:20,(anonymous_5)
FNDA:148,(anonymous_6)
FNDA:48,(anonymous_7)
FNDA:48,(anonymous_8)
FNDA:52,(anonymous_9)
FNDA:7,(anonymous_10)
DA:2,30
DA:3,30
DA:4,30
DA:5,30
DA:20,30
DA:21,518
DA:22,518
DA:26,1
DA:27,1
DA:31,1
DA:32,1
DA:36,1
DA:37,1
DA:41,785
DA:42,785
DA:43,785
DA:44,785
DA:45,37
DA:46,37
DA:48,748
DA:49,33
DA:50,33
DA:52,748
DA:53,37
DA:54,37
DA:58,785
DA:59,4
DA:60,4
DA:61,2
DA:62,2
DA:63,2
DA:64,2
DA:65,2
DA:67,781
DA:68,1
DA:69,1
DA:70,1
DA:73,785
DA:77,20
DA:78,0
DA:79,0
DA:80,0
DA:81,20
DA:85,148
DA:86,148
DA:88,148
DA:89,148
DA:90,124
DA:94,48
DA:98,48
DA:102,52
DA:106,7
LF:52
LH:49
BRDA:44,0,0,37
BRDA:44,0,1,748
BRDA:44,1,0,785
BRDA:44,1,1,70
BRDA:48,2,0,33
BRDA:52,3,0,37
BRDA:58,4,0,4
BRDA:58,4,1,781
BRDA:60,5,0,2
BRDA:60,5,1,2
BRDA:63,6,0,2
BRDA:67,7,0,1
BRDA:77,8,0,0
BRDA:77,8,1,20
BRDA:88,9,0,148
BRDA:88,9,1,148
BRDA:89,10,0,24
BRDA:89,10,1,124
BRDA:105,11,0,4
BRDA:106,12,0,0
BRDA:106,12,1,7
BRF:21
BRH:19
end_of_record
TN:
SF:src/type/classes/TupleType.ts
FN:24,(anonymous_0)
FN:32,(anonymous_1)
FN:35,(anonymous_2)
FN:39,(anonymous_3)
FN:44,(anonymous_4)
FN:56,(anonymous_5)
FN:62,(anonymous_6)
FN:65,(anonymous_7)
FN:69,(anonymous_8)
FN:76,(anonymous_9)
FN:84,(anonymous_10)
FN:85,(anonymous_11)
FN:88,(anonymous_12)
FN:92,(anonymous_13)
FN:96,(anonymous_14)
FN:98,(anonymous_15)
FN:102,(anonymous_16)
FN:108,(anonymous_17)
FN:119,(anonymous_18)
FN:125,(anonymous_19)
FN:136,(anonymous_20)
FN:137,(anonymous_21)
FN:137,(anonymous_22)
FNF:23
FNH:19
FNDA:43,(anonymous_0)
FNDA:70,(anonymous_1)
FNDA:152,(anonymous_2)
FNDA:3,(anonymous_3)
FNDA:32,(anonymous_4)
FNDA:0,(anonymous_5)
FNDA:0,(anonymous_6)
FNDA:0,(anonymous_7)
FNDA:8,(anonymous_8)
FNDA:8,(anonymous_9)
FNDA:7,(anonymous_10)
FNDA:7,(anonymous_11)
FNDA:4,(anonymous_12)
FNDA:4,(anonymous_13)
FNDA:5,(anonymous_14)
FNDA:4,(anonymous_15)
FNDA:5,(anonymous_16)
FNDA:5,(anonymous_17)
FNDA:5,(anonymous_18)
FNDA:0,(anonymous_19)
FNDA:3,(anonymous_20)
FNDA:8,(anonymous_21)
FNDA:8,(anonymous_22)
DA:1,30
DA:2,30
DA:5,30
DA:7,30
DA:9,30
DA:13,30
DA:21,30
DA:25,43
DA:28,43
DA:29,43
DA:33,70
DA:35,152
DA:40,3
DA:41,3
DA:45,32
DA:46,32
DA:47,32
DA:48,32
DA:49,64
DA:50,64
DA:51,64
DA:53,32
DA:57,0
DA:58,0
DA:59,0
DA:60,0
DA:61,0
DA:62,0
DA:63,0
DA:65,0
DA:66,0
DA:73,8
DA:74,8
DA:75,8
DA:77,8
DA:80,8
DA:81,8
DA:82,8
DA:83,14
DA:84,7
DA:85,7
DA:89,4
DA:93,4
DA:97,5
DA:98,5
DA:99,5
DA:100,5
DA:101,5
DA:103,5
DA:106,5
DA:107,5
DA:108,5
DA:109,5
DA:111,5
DA:112,9
DA:113,9
DA:114,9
DA:115,9
DA:116,9
DA:118,5
DA:120,5
DA:126,0
DA:127,0
DA:128,0
DA:129,0
DA:130,0
DA:131,0
DA:132,0
DA:133,0
DA:137,8
LF:70
LH:53
BRDA:83,0,0,7
BRDA:83,0,1,7
BRDA:116,1,0,5
BRDA:125,2,0,0
BRDA:128,3,0,0
BRDA:136,4,0,0
BRF:6
BRH:3
end_of_record
TN:
SF:src/typescript/converter.ts
FN:8,toTypeScriptAst
FN:92,(anonymous_1)
FN:158,(anonymous_2)
FNF:3
FNH:3
FNDA:84,toTypeScriptAst
FNDA:9,(anonymous_1)
FNDA:2,(anonymous_2)
DA:8,2
DA:9,84
DA:11,84
DA:13,2
DA:14,2
DA:17,5
DA:18,5
DA:21,7
DA:22,7
DA:23,7
DA:24,7
DA:26,2
DA:27,1
DA:28,1
DA:30,1
DA:31,1
DA:35,2
DA:39,2
DA:42,1
DA:46,1
DA:49,2
DA:50,1
DA:51,1
DA:54,1
DA:55,1
DA:59,0
DA:60,0
DA:63,13
DA:64,13
DA:67,26
DA:68,26
DA:71,2
DA:78,2
DA:81,5
DA:82,5
DA:86,5
DA:89,3
DA:90,3
DA:92,9
DA:94,3
DA:97,11
DA:98,11
DA:104,11
DA:105,10
DA:106,26
DA:111,26
DA:112,5
DA:115,26
DA:116,1
DA:117,1
DA:118,1
DA:119,1
DA:120,1
DA:122,26
DA:127,11
DA:128,0
DA:135,11
DA:136,2
DA:137,2
DA:138,2
DA:139,2
DA:140,2
DA:143,11
DA:146,1
DA:147,1
DA:152,1
DA:155,1
DA:156,1
DA:158,2
DA:160,1
DA:163,2
DA:164,2
DA:171,2
DA:174,3
DA:176,3
DA:177,3
DA:179,3
DA:200,3
DA:203,3
DA:205,3
DA:206,3
DA:208,3
DA:236,3
DA:240,0
DA:241,0
LF:85
LH:80
BRDA:11,0,0,2
BRDA:11,0,1,5
BRDA:11,0,2,7
BRDA:11,0,3,13
BRDA:11,0,4,26
BRDA:11,0,5,2
BRDA:11,0,6,5
BRDA:11,0,7,3
BRDA:11,0,8,11
BRDA:11,0,9,1
BRDA:11,0,10,1
BRDA:11,0,11,2
BRDA:11,0,12,3
BRDA:11,0,13,3
BRDA:11,0,14,0
BRDA:24,1,0,2
BRDA:24,1,1,2
BRDA:24,1,2,1
BRDA:24,1,3,2
BRDA:26,2,0,1
BRDA:26,2,1,1
BRDA:49,3,0,1
BRDA:104,4,0,10
BRDA:104,5,0,11
BRDA:104,5,1,11
BRDA:111,6,0,5
BRDA:115,7,0,1
BRDA:115,8,0,26
BRDA:115,8,1,25
BRDA:117,9,0,1
BRDA:118,10,0,1
BRDA:118,11,0,1
BRDA:118,11,1,1
BRDA:119,12,0,1
BRDA:127,13,0,0
BRDA:127,14,0,11
BRDA:127,14,1,11
BRDA:135,15,0,2
BRDA:135,16,0,11
BRDA:135,16,1,9
BRDA:137,17,0,2
BRDA:138,18,0,1
BRDA:138,19,0,2
BRDA:138,19,1,2
BRDA:139,20,0,1
BRDA:176,21,0,0
BRDA:176,21,1,3
BRDA:177,22,0,0
BRDA:177,22,1,3
BRDA:205,23,0,0
BRDA:205,23,1,3
BRDA:206,24,0,0
BRDA:206,24,1,3
BRF:53
BRH:47
end_of_record
TN:
SF:src/typescript/toText.ts
FN:5,(anonymous_0)
FN:11,(anonymous_1)
FN:12,(anonymous_2)
FN:54,(anonymous_3)
FN:56,(anonymous_4)
FN:57,(anonymous_5)
FN:96,(anonymous_6)
FN:102,(anonymous_7)
FN:111,(anonymous_8)
FNF:9
FNH:8
FNDA:35,(anonymous_0)
FNDA:118,(anonymous_1)
FNDA:31,(anonymous_2)
FNDA:5,(anonymous_3)
FNDA:3,(anonymous_4)
FNDA:3,(anonymous_5)
FNDA:0,(anonymous_6)
FNDA:6,(anonymous_7)
FNDA:4,(anonymous_8)
DA:1,22
DA:3,22
DA:5,22
DA:6,35
DA:7,0
DA:8,0
DA:11,22
DA:12,118
DA:14,105
DA:16,105
DA:18,2
DA:19,2
DA:20,2
DA:21,2
DA:22,2
DA:25,4
DA:26,4
DA:27,4
DA:28,4
DA:29,4
DA:30,4
DA:31,4
DA:34,3
DA:35,3
DA:36,3
DA:37,3
DA:40,28
DA:41,28
DA:42,28
DA:43,28
DA:46,0
DA:49,3
DA:50,3
DA:51,3
DA:54,5
DA:55,2
DA:56,3
DA:57,3
DA:60,2
DA:63,19
DA:66,6
DA:69,3
DA:72,0
DA:75,0
DA:78,0
DA:81,8
DA:84,1
DA:87,0
DA:90,0
DA:93,0
DA:96,0
DA:99,6
DA:102,6
DA:107,10
DA:110,4
DA:111,4
DA:112,4
DA:115,0
DA:118,4
DA:119,4
DA:123,0
LF:61
LH:49
BRDA:6,0,0,35
BRDA:11,1,0,6
BRDA:12,2,0,13
BRDA:16,3,0,2
BRDA:16,3,1,4
BRDA:16,3,2,3
BRDA:16,3,3,28
BRDA:16,3,4,0
BRDA:16,3,5,3
BRDA:16,3,6,2
BRDA:16,3,7,2
BRDA:16,3,8,19
BRDA:16,3,9,6
BRDA:16,3,10,3
BRDA:16,3,11,0
BRDA:16,3,12,0
BRDA:16,3,13,0
BRDA:16,3,14,8
BRDA:16,3,15,1
BRDA:16,3,16,0
BRDA:16,3,17,0
BRDA:16,3,18,0
BRDA:16,3,19,0
BRDA:16,3,20,6
BRDA:16,3,21,10
BRDA:16,3,22,4
BRDA:16,3,23,0
BRDA:16,3,24,4
BRDA:19,4,0,2
BRDA:19,4,1,0
BRDA:28,5,0,1
BRDA:28,5,1,3
BRDA:36,6,0,2
BRDA:36,6,1,1
BRDA:43,7,0,4
BRDA:43,7,1,24
BRDA:51,8,0,2
BRDA:51,8,1,1
BRDA:55,9,0,1
BRDA:55,9,1,1
BRDA:81,10,0,1
BRDA:81,10,1,7
BRDA:100,11,0,0
BRDA:100,11,1,6
BRDA:101,12,0,6
BRDA:101,12,1,0
BRDA:101,13,0,6
BRDA:101,13,1,6
BRF:48
BRH:36
end_of_record
TN:
SF:src/typescript/util.ts
FN:69,(anonymous_0)
FN:72,(anonymous_1)
FNF:2
FNH:2
FNDA:28,(anonymous_0)
FNDA:3,(anonymous_1)
DA:3,22
DA:5,22
DA:69,22
DA:70,28
DA:72,22
DA:73,3
LF:6
LH:6
BRDA:70,0,0,25
BRDA:70,0,1,3
BRDA:70,1,0,28
BRDA:70,1,1,26
BRDA:73,2,0,3
BRDA:73,2,1,3
BRDA:73,2,2,1
BRF:7
BRH:7
end_of_record
TN:
SF:src/util/stringFormats.ts
FN:10,(anonymous_0)
FN:29,(anonymous_1)
FN:57,(anonymous_2)
FNF:3
FNH:3
FNDA:35,(anonymous_0)
FNDA:37,(anonymous_1)
FNDA:6,(anonymous_2)
DA:10,31
DA:11,35
DA:12,35
DA:13,121
DA:14,16
DA:17,19
DA:29,31
DA:30,37
DA:31,37
DA:32,118
DA:35,118
DA:37,27
DA:38,7
DA:40,20
DA:41,20
DA:42,3
DA:44,17
DA:45,91
DA:47,4
DA:51,23
DA:57,31
DA:58,6
DA:60,2
DA:62,3
DA:64,1
LF:25
LH:25
BRDA:13,0,0,16
BRDA:35,1,0,27
BRDA:35,1,1,91
BRDA:35,2,0,118
BRDA:35,2,1,32
BRDA:37,3,0,7
BRDA:41,4,0,3
BRDA:41,5,0,20
BRDA:41,5,1,18
BRDA:45,6,0,4
BRDA:45,7,0,91
BRDA:45,7,1,5
BRDA:58,8,0,2
BRDA:58,8,1,3
BRDA:58,8,2,1
BRF:15
BRH:15
end_of_record
TN:
SF:src/value/ObjectValue.ts
FN:41,(anonymous_0)
FN:45,(anonymous_1)
FN:49,(anonymous_2)
FN:51,(anonymous_3)
FN:54,(anonymous_4)
FN:68,(anonymous_5)
FN:81,(anonymous_6)
FN:92,(anonymous_7)
FN:103,(anonymous_8)
FN:107,(anonymous_9)
FN:120,(anonymous_10)
FN:139,(anonymous_11)
FN:159,(anonymous_12)
FN:163,(anonymous_13)
FN:164,(anonymous_14)
FN:39,(anonymous_15)
FNF:16
FNH:3
FNDA:0,(anonymous_0)
FNDA:0,(anonymous_1)
FNDA:0,(anonymous_2)
FNDA:0,(anonymous_3)
FNDA:1,(anonymous_4)
FNDA:0,(anonymous_5)
FNDA:0,(anonymous_6)
FNDA:0,(anonymous_7)
FNDA:0,(anonymous_8)
FNDA:0,(anonymous_9)
FNDA:0,(anonymous_10)
FNDA:0,(anonymous_11)
FNDA:0,(anonymous_12)
FNDA:1,(anonymous_13)
FNDA:1,(anonymous_14)
FNDA:0,(anonymous_15)
DA:1,5
DA:2,5
DA:3,5
DA:4,5
DA:38,5
DA:39,5
DA:42,0
DA:46,0
DA:50,0
DA:51,0
DA:61,1
DA:62,1
DA:63,1
DA:64,1
DA:65,1
DA:72,0
DA:73,0
DA:74,0
DA:75,0
DA:76,0
DA:77,0
DA:78,0
DA:86,0
DA:87,0
DA:88,0
DA:89,0
DA:95,0
DA:96,0
DA:97,0
DA:98,0
DA:99,0
DA:100,0
DA:106,0
DA:107,0
DA:108,0
DA:109,0
DA:110,0
DA:111,0
DA:112,0
DA:113,0
DA:114,0
DA:116,0
DA:117,0
DA:121,0
DA:125,0
DA:126,0
DA:127,0
DA:128,0
DA:133,0
DA:134,0
DA:136,0
DA:140,0
DA:153,0
DA:154,0
DA:155,0
DA:156,0
DA:160,0
DA:164,1
LF:58
LH:12
BRDA:62,0,0,0
BRDA:72,1,0,0
BRDA:72,1,1,0
BRDA:76,2,0,0
BRDA:88,3,0,0
BRDA:88,3,1,0
BRDA:98,4,0,0
BRDA:133,5,0,0
BRDA:154,6,0,0
BRDA:163,7,0,1
BRDA:39,8,0,0
BRF:11
BRH:1
end_of_record
TN:
SF:src/value/Value.ts
FN:6,(anonymous_0)
FN:11,(anonymous_1)
FN:23,(anonymous_2)
FNF:3
FNH:1
FNDA:3,(anonymous_0)
FNDA:0,(anonymous_1)
FNDA:0,(anonymous_2)
DA:5,30
DA:7,3
DA:8,3
DA:12,0
DA:13,0
DA:14,0
DA:15,0
DA:16,0
DA:17,0
DA:21,30
DA:22,30
DA:23,30
DA:24,0
DA:25,0
DA:27,0
DA:29,0
DA:30,0
DA:31,0
DA:32,0
DA:34,0
DA:37,0
LF:21
LH:6
BRDA:14,0,0,0
BRDA:16,1,0,0
BRDA:16,1,1,0
BRDA:21,2,0,30
BRDA:31,3,0,0
BRF:5
BRH:1
end_of_record
TN:
SF:src/value/index.ts
FN:1,(anonymous_0)
FN:2,(anonymous_1)
FN:3,(anonymous_2)
FNF:3
FNH:0
FNDA:0,(anonymous_0)
FNDA:0,(anonymous_1)
FNDA:0,(anonymous_2)
DA:1,4
DA:2,4
DA:3,4
LF:3
LH:3
BRF:0
BRH:0
end_of_record
TN:
SF:src/value/util.ts
FN:8,(anonymous_0)
FNF:1
FNH:0
FNDA:0,(anonymous_0)
DA:1,4
DA:2,4
DA:3,4
DA:5,4
DA:8,4
DA:9,0
DA:10,0
LF:7
LH:5
BRDA:9,0,0,0
BRF:1
BRH:0
end_of_record
