TN:
SF:src/constants.ts
FN:12,(anonymous_0)
FNF:1
FNH:1
FNDA:9,(anonymous_0)
DA:12,9
DA:13,9
DA:14,9
DA:15,9
DA:16,9
DA:17,9
DA:18,9
DA:19,9
DA:20,9
DA:21,9
DA:22,9
DA:23,9
DA:24,9
DA:25,9
DA:26,9
DA:27,9
DA:28,9
DA:29,9
DA:30,9
DA:31,9
DA:32,9
DA:33,9
DA:34,9
DA:35,9
DA:36,9
DA:40,9
LF:26
LH:26
BRDA:12,0,0,9
BRDA:12,0,1,9
BRF:2
BRH:2
end_of_record
TN:
SF:src/index.ts
FNF:0
FNH:0
DA:51,4
DA:52,4
DA:53,4
DA:54,4
LF:4
LH:4
BRF:0
BRH:0
end_of_record
TN:
SF:src/util.ts
FNF:0
FNH:0
DA:3,15
DA:4,15
DA:5,15
DA:7,15
DA:8,15
DA:9,15
DA:11,15
LF:7
LH:7
BRF:0
BRH:0
end_of_record
TN:
SF:src/__tests__/fixtures.ts
FN:16,(anonymous_0)
FN:90,(anonymous_1)
FN:99,(anonymous_2)
FNF:3
FNH:3
FNDA:30,(anonymous_0)
FNDA:56,(anonymous_1)
FNDA:98,(anonymous_2)
DA:7,7
DA:8,7
DA:9,7
DA:10,7
DA:13,7
DA:14,7
DA:16,7
DA:17,30
DA:23,7
DA:37,7
DA:74,7
DA:82,7
DA:88,7
DA:89,7
DA:91,56
DA:92,56
DA:97,7
DA:98,7
DA:100,98
DA:101,98
DA:109,7
DA:126,7
DA:140,7
DA:154,7
DA:173,7
DA:186,7
DA:210,7
DA:225,7
DA:250,7
DA:263,7
DA:278,7
DA:290,7
DA:319,7
LF:33
LH:33
BRDA:17,0,0,19
BRDA:17,0,1,11
BRF:2
BRH:2
end_of_record
TN:
SF:src/codegen/AbstractCodege.ts
FN:36,(anonymous_0)
FN:40,(anonymous_1)
FNF:2
FNH:2
FNDA:1414,(anonymous_0)
FNDA:5803,(anonymous_1)
DA:20,16
DA:37,1414
DA:41,5803
DA:42,5803
DA:44,269
DA:45,269
DA:47,378
DA:48,378
DA:50,267
DA:51,267
DA:53,1417
DA:54,1417
DA:56,1620
DA:57,1620
DA:59,88
DA:60,88
DA:62,529
DA:63,529
DA:65,722
DA:66,722
DA:68,118
DA:69,118
DA:71,198
DA:72,198
DA:74,32
DA:75,32
DA:77,165
DA:78,165
DA:80,0
LF:29
LH:28
BRDA:42,0,0,269
BRDA:42,0,1,378
BRDA:42,0,2,267
BRDA:42,0,3,1417
BRDA:42,0,4,1620
BRDA:42,0,5,88
BRDA:42,0,6,529
BRDA:42,0,7,722
BRDA:42,0,8,118
BRDA:42,0,9,198
BRDA:42,0,10,32
BRDA:42,0,11,165
BRDA:42,0,12,0
BRF:13
BRH:12
end_of_record
TN:
SF:src/codegen/util.ts
FN:1,(anonymous_0)
FN:16,(anonymous_1)
FN:25,(anonymous_2)
FN:30,(anonymous_3)
FNF:4
FNH:3
FNDA:0,(anonymous_0)
FNDA:45,(anonymous_1)
FNDA:12816,(anonymous_2)
FNDA:77778,(anonymous_3)
DA:1,18
DA:3,0
DA:4,0
DA:6,0
DA:16,18
DA:24,45
DA:25,45
DA:26,12816
DA:27,12816
DA:28,12816
DA:29,12816
DA:30,1864
DA:31,77778
DA:32,1861
DA:33,1861
DA:35,77778
LF:16
LH:13
BRDA:3,0,0,0
BRDA:29,1,0,10952
BRDA:31,2,0,1861
BRF:3
BRH:2
end_of_record
TN:
SF:src/codegen/binary/AbstractBinaryCodegen.ts
FN:34,(anonymous_0)
FN:50,(anonymous_1)
FN:75,(anonymous_2)
FN:83,(anonymous_3)
FN:117,(anonymous_4)
FN:121,(anonymous_5)
FN:128,(anonymous_6)
FN:132,(anonymous_7)
FN:136,(anonymous_8)
FN:140,(anonymous_9)
FN:142,(anonymous_10)
FN:148,(anonymous_11)
FN:151,(anonymous_12)
FN:153,(anonymous_13)
FN:158,(anonymous_14)
FN:160,(anonymous_15)
FN:168,(anonymous_16)
FN:178,(anonymous_17)
FN:188,(anonymous_18)
FN:192,(anonymous_19)
FN:203,(anonymous_20)
FN:210,(anonymous_21)
FN:216,(anonymous_22)
FN:221,(anonymous_23)
FN:227,(anonymous_24)
FN:238,(anonymous_25)
FN:243,(anonymous_26)
FN:250,(anonymous_27)
FN:252,(anonymous_28)
FN:261,(anonymous_29)
FNF:30
FNH:29
FNDA:268,(anonymous_0)
FNDA:268,(anonymous_1)
FNDA:737,(anonymous_2)
FNDA:1942,(anonymous_3)
FNDA:0,(anonymous_4)
FNDA:2286,(anonymous_5)
FNDA:2537,(anonymous_6)
FNDA:268,(anonymous_7)
FNDA:76,(anonymous_8)
FNDA:131,(anonymous_9)
FNDA:131,(anonymous_10)
FNDA:114,(anonymous_11)
FNDA:114,(anonymous_12)
FNDA:114,(anonymous_13)
FNDA:114,(anonymous_14)
FNDA:114,(anonymous_15)
FNDA:403,(anonymous_16)
FNDA:620,(anonymous_17)
FNDA:12,(anonymous_18)
FNDA:113,(anonymous_19)
FNDA:45,(anonymous_20)
FNDA:113,(anonymous_21)
FNDA:81,(anonymous_22)
FNDA:20,(anonymous_23)
FNDA:40,(anonymous_24)
FNDA:38,(anonymous_25)
FNDA:59,(anonymous_26)
FNDA:174,(anonymous_27)
FNDA:174,(anonymous_28)
FNDA:12,(anonymous_29)
DA:1,9
DA:2,9
DA:3,9
DA:18,9
DA:19,9
DA:20,9
DA:21,9
DA:22,9
DA:24,9
DA:28,9
DA:35,268
DA:38,268
DA:39,268
DA:51,268
DA:52,268
DA:53,7640
DA:54,7640
DA:55,2537
DA:56,2537
DA:57,2537
DA:58,1942
DA:61,268
DA:62,268
DA:63,7045
DA:64,5103
DA:65,1942
DA:66,1942
DA:69,268
DA:72,268
DA:76,737
DA:77,5896
DA:78,737
DA:79,737
DA:80,737
DA:84,1942
DA:85,1942
DA:86,1942
DA:87,1942
DA:88,724
DA:90,1218
DA:91,1218
DA:92,1218
DA:93,1218
DA:94,2558
DA:95,2558
DA:96,737
DA:97,737
DA:98,737
DA:99,1821
DA:100,677
DA:101,677
DA:102,677
DA:103,1144
DA:104,572
DA:105,572
DA:106,572
DA:108,572
DA:109,572
DA:113,1942
DA:114,1942
DA:118,0
DA:122,2286
DA:123,2286
DA:124,2286
DA:125,2286
DA:129,2537
DA:133,268
DA:137,76
DA:141,131
DA:143,131
DA:149,114
DA:152,114
DA:154,114
DA:159,114
DA:161,114
DA:169,403
DA:170,403
DA:171,403
DA:172,403
DA:173,355
DA:174,352
DA:175,340
DA:179,620
DA:180,620
DA:182,620
DA:183,620
DA:184,620
DA:185,558
DA:189,12
DA:193,113
DA:194,113
DA:195,113
DA:196,113
DA:197,113
DA:198,113
DA:199,113
DA:200,113
DA:201,113
DA:202,113
DA:203,45
DA:204,45
DA:207,113
DA:208,113
DA:209,39
DA:210,116
DA:211,116
DA:214,113
DA:215,82
DA:216,82
DA:217,82
DA:219,113
DA:220,12
DA:221,20
DA:222,20
DA:228,40
DA:229,40
DA:230,40
DA:231,40
DA:232,40
DA:233,40
DA:234,40
DA:235,40
DA:236,40
DA:237,40
DA:238,40
DA:239,40
DA:240,40
DA:244,59
DA:245,59
DA:246,59
DA:247,59
DA:248,59
DA:250,174
DA:253,174
DA:262,12
DA:263,12
DA:264,12
DA:270,0
DA:271,0
DA:274,12
DA:275,12
DA:276,12
DA:277,12
LF:143
LH:140
BRDA:40,0,0,0
BRDA:40,0,1,268
BRDA:54,1,0,5103
BRDA:54,1,1,2537
BRDA:55,2,0,2537
BRDA:57,3,0,595
BRDA:57,3,1,1942
BRDA:63,4,0,5103
BRDA:63,4,1,1942
BRDA:65,5,0,1942
BRDA:87,6,0,724
BRDA:87,6,1,1218
BRDA:95,7,0,737
BRDA:95,7,1,1821
BRDA:97,8,0,111
BRDA:97,8,1,626
BRDA:99,9,0,677
BRDA:99,9,1,1144
BRDA:101,10,0,197
BRDA:101,10,1,480
BRDA:103,11,0,572
BRDA:103,11,1,572
BRDA:105,12,0,460
BRDA:105,12,1,112
BRDA:108,13,0,572
BRDA:108,13,1,0
BRDA:172,14,0,48
BRDA:172,14,1,355
BRDA:173,15,0,3
BRDA:173,15,1,352
BRDA:174,16,0,12
BRDA:174,16,1,340
BRDA:183,17,0,620
BRDA:183,17,1,582
BRDA:184,18,0,62
BRDA:184,18,1,558
BRDA:197,19,0,68
BRDA:197,20,0,101
BRDA:202,21,0,45
BRDA:208,22,0,39
BRDA:214,23,0,82
BRDA:219,24,0,12
BRDA:264,25,0,0
BRDA:264,25,1,0
BRDA:264,25,2,0
BRDA:264,25,3,0
BRDA:264,25,4,0
BRDA:264,25,5,12
BRF:48
BRH:41
end_of_record
TN:
SF:src/codegen/binary/WriteBlobStep.ts
FN:2,(anonymous_0)
FNF:1
FNH:1
FNDA:2537,(anonymous_0)
DA:1,9
DA:2,2537
LF:2
LH:2
BRF:0
BRH:0
end_of_record
TN:
SF:src/codegen/binary/writer.ts
FNF:0
FNH:0
DA:1,9
DA:3,9
LF:2
LH:2
BRF:0
BRH:0
end_of_record
TN:
SF:src/codegen/binary/__tests__/testBinaryCodegen.ts
FN:4,(anonymous_0)
FN:5,(anonymous_1)
FN:6,(anonymous_2)
FN:14,(anonymous_3)
FN:23,(anonymous_4)
FN:24,(anonymous_5)
FN:32,(anonymous_6)
FN:40,(anonymous_7)
FN:41,(anonymous_8)
FN:51,(anonymous_9)
FN:52,(anonymous_10)
FN:63,(anonymous_11)
FN:73,(anonymous_12)
FN:82,(anonymous_13)
FN:93,(anonymous_14)
FN:94,(anonymous_15)
FN:110,(anonymous_16)
FN:127,(anonymous_17)
FN:128,(anonymous_18)
FN:138,(anonymous_19)
FN:139,(anonymous_20)
FN:148,(anonymous_21)
FN:159,(anonymous_22)
FN:166,(anonymous_23)
FN:174,(anonymous_24)
FN:182,(anonymous_25)
FN:190,(anonymous_26)
FN:198,(anonymous_27)
FN:209,(anonymous_28)
FN:212,(anonymous_29)
FN:223,(anonymous_30)
FN:226,(anonymous_31)
FN:234,(anonymous_32)
FN:242,(anonymous_33)
FN:250,(anonymous_34)
FN:261,(anonymous_35)
FN:270,(anonymous_36)
FN:271,(anonymous_37)
FN:279,(anonymous_38)
FN:289,(anonymous_39)
FN:301,(anonymous_40)
FN:312,(anonymous_41)
FN:330,(anonymous_42)
FN:346,(anonymous_43)
FN:394,(anonymous_44)
FN:421,(anonymous_45)
FN:449,(anonymous_46)
FN:450,(anonymous_47)
FN:458,(anonymous_48)
FN:466,(anonymous_49)
FN:474,(anonymous_50)
FN:483,(anonymous_51)
FN:484,(anonymous_52)
FN:495,(anonymous_53)
FN:496,(anonymous_54)
FN:507,(anonymous_55)
FN:508,(anonymous_56)
FN:567,(anonymous_57)
FN:593,(anonymous_58)
FN:606,(anonymous_59)
FN:633,(anonymous_60)
FNF:61
FNH:61
FNDA:3,(anonymous_0)
FNDA:3,(anonymous_1)
FNDA:3,(anonymous_2)
FNDA:3,(anonymous_3)
FNDA:3,(anonymous_4)
FNDA:3,(anonymous_5)
FNDA:3,(anonymous_6)
FNDA:3,(anonymous_7)
FNDA:3,(anonymous_8)
FNDA:3,(anonymous_9)
FNDA:3,(anonymous_10)
FNDA:3,(anonymous_11)
FNDA:3,(anonymous_12)
FNDA:3,(anonymous_13)
FNDA:3,(anonymous_14)
FNDA:3,(anonymous_15)
FNDA:3,(anonymous_16)
FNDA:3,(anonymous_17)
FNDA:3,(anonymous_18)
FNDA:3,(anonymous_19)
FNDA:3,(anonymous_20)
FNDA:3,(anonymous_21)
FNDA:3,(anonymous_22)
FNDA:3,(anonymous_23)
FNDA:3,(anonymous_24)
FNDA:3,(anonymous_25)
FNDA:3,(anonymous_26)
FNDA:3,(anonymous_27)
FNDA:3,(anonymous_28)
FNDA:3,(anonymous_29)
FNDA:3,(anonymous_30)
FNDA:3,(anonymous_31)
FNDA:3,(anonymous_32)
FNDA:3,(anonymous_33)
FNDA:3,(anonymous_34)
FNDA:3,(anonymous_35)
FNDA:3,(anonymous_36)
FNDA:3,(anonymous_37)
FNDA:3,(anonymous_38)
FNDA:3,(anonymous_39)
FNDA:3,(anonymous_40)
FNDA:3,(anonymous_41)
FNDA:3,(anonymous_42)
FNDA:3,(anonymous_43)
FNDA:3,(anonymous_44)
FNDA:3,(anonymous_45)
FNDA:3,(anonymous_46)
FNDA:3,(anonymous_47)
FNDA:3,(anonymous_48)
FNDA:3,(anonymous_49)
FNDA:3,(anonymous_50)
FNDA:3,(anonymous_51)
FNDA:3,(anonymous_52)
FNDA:3,(anonymous_53)
FNDA:3,(anonymous_54)
FNDA:3,(anonymous_55)
FNDA:3,(anonymous_56)
FNDA:3,(anonymous_57)
FNDA:3,(anonymous_58)
FNDA:3,(anonymous_59)
FNDA:3,(anonymous_60)
DA:2,3
DA:4,3
DA:5,3
DA:6,3
DA:7,3
DA:8,3
DA:9,3
DA:10,3
DA:11,3
DA:14,3
DA:15,3
DA:16,3
DA:17,3
DA:18,3
DA:19,3
DA:23,3
DA:24,3
DA:25,3
DA:26,3
DA:27,3
DA:28,3
DA:29,3
DA:32,3
DA:33,3
DA:34,3
DA:35,3
DA:36,3
DA:40,3
DA:41,3
DA:42,3
DA:43,3
DA:44,3
DA:45,3
DA:46,3
DA:47,3
DA:51,3
DA:52,3
DA:53,3
DA:54,3
DA:55,3
DA:56,3
DA:57,3
DA:58,3
DA:59,3
DA:60,3
DA:63,3
DA:64,3
DA:65,3
DA:66,3
DA:67,3
DA:68,3
DA:69,3
DA:70,3
DA:73,3
DA:74,3
DA:75,3
DA:76,3
DA:77,3
DA:78,3
DA:79,3
DA:82,3
DA:83,3
DA:84,3
DA:85,3
DA:86,3
DA:87,3
DA:88,3
DA:89,3
DA:93,3
DA:94,3
DA:95,3
DA:96,3
DA:97,3
DA:98,3
DA:99,3
DA:100,3
DA:101,3
DA:102,3
DA:103,3
DA:104,3
DA:105,3
DA:107,3
DA:110,3
DA:111,3
DA:112,3
DA:113,3
DA:114,3
DA:115,3
DA:116,3
DA:117,3
DA:118,3
DA:119,3
DA:120,3
DA:121,3
DA:123,3
DA:127,3
DA:128,3
DA:129,3
DA:130,3
DA:131,3
DA:132,3
DA:133,3
DA:134,3
DA:138,3
DA:139,3
DA:140,3
DA:141,3
DA:142,3
DA:143,3
DA:144,3
DA:145,3
DA:148,3
DA:149,3
DA:150,3
DA:151,3
DA:156,3
DA:159,3
DA:160,3
DA:161,3
DA:162,3
DA:163,3
DA:166,3
DA:167,3
DA:168,3
DA:169,3
DA:170,3
DA:171,3
DA:174,3
DA:175,3
DA:176,3
DA:177,3
DA:178,3
DA:179,3
DA:182,3
DA:183,3
DA:184,3
DA:185,3
DA:186,3
DA:187,3
DA:190,3
DA:191,3
DA:192,3
DA:193,3
DA:194,3
DA:195,3
DA:198,3
DA:199,3
DA:200,3
DA:201,3
DA:202,3
DA:203,3
DA:204,3
DA:205,3
DA:206,3
DA:207,3
DA:208,3
DA:209,3
DA:212,3
DA:213,3
DA:214,3
DA:215,3
DA:216,3
DA:217,3
DA:218,3
DA:219,3
DA:220,3
DA:221,3
DA:222,3
DA:223,3
DA:226,3
DA:227,3
DA:228,3
DA:229,3
DA:230,3
DA:231,3
DA:234,3
DA:235,3
DA:236,3
DA:237,3
DA:238,3
DA:239,3
DA:242,3
DA:243,3
DA:244,3
DA:245,3
DA:246,3
DA:247,3
DA:250,3
DA:251,3
DA:252,3
DA:253,3
DA:257,3
DA:258,3
DA:261,3
DA:262,3
DA:263,3
DA:264,3
DA:265,3
DA:266,3
DA:270,3
DA:271,3
DA:272,3
DA:273,3
DA:274,3
DA:275,3
DA:276,3
DA:279,3
DA:280,3
DA:281,3
DA:282,3
DA:283,3
DA:284,3
DA:285,3
DA:286,3
DA:289,3
DA:290,3
DA:291,3
DA:292,3
DA:293,3
DA:298,3
DA:301,3
DA:302,3
DA:303,3
DA:304,3
DA:305,3
DA:309,3
DA:312,3
DA:313,3
DA:314,3
DA:315,3
DA:321,3
DA:327,3
DA:330,3
DA:331,3
DA:332,3
DA:333,3
DA:336,3
DA:343,3
DA:346,3
DA:347,3
DA:348,3
DA:349,3
DA:360,3
DA:377,3
DA:394,3
DA:395,3
DA:396,3
DA:397,3
DA:400,3
DA:407,3
DA:408,3
DA:412,3
DA:413,3
DA:416,3
DA:417,3
DA:418,3
DA:421,3
DA:422,3
DA:423,3
DA:424,3
DA:427,3
DA:432,3
DA:433,3
DA:437,3
DA:440,3
DA:443,3
DA:444,3
DA:445,3
DA:449,3
DA:450,3
DA:451,3
DA:452,3
DA:453,3
DA:454,3
DA:455,3
DA:458,3
DA:459,3
DA:460,3
DA:461,3
DA:462,3
DA:463,3
DA:466,3
DA:467,3
DA:468,3
DA:469,3
DA:470,3
DA:471,3
DA:474,3
DA:475,3
DA:476,3
DA:477,3
DA:478,3
DA:479,3
DA:483,3
DA:484,3
DA:485,3
DA:486,3
DA:487,3
DA:488,3
DA:489,3
DA:495,3
DA:496,3
DA:497,3
DA:498,3
DA:499,3
DA:502,3
DA:503,3
DA:507,3
DA:508,3
DA:509,3
DA:510,3
DA:511,3
DA:541,3
DA:562,3
DA:564,3
DA:567,3
DA:568,3
DA:569,3
DA:570,3
DA:578,3
DA:589,3
DA:590,3
DA:593,3
DA:594,3
DA:595,3
DA:596,3
DA:597,3
DA:602,3
DA:603,3
DA:606,3
DA:607,3
DA:608,3
DA:609,3
DA:610,3
DA:616,3
DA:620,3
DA:625,3
DA:626,3
DA:627,3
DA:628,3
DA:629,3
DA:630,3
DA:633,3
DA:634,3
DA:635,3
DA:636,3
DA:652,3
DA:664,3
DA:665,3
LF:349
LH:349
BRF:0
BRH:0
end_of_record
TN:
SF:src/codegen/binary/cbor/CborCodegen.ts
FN:10,(anonymous_0)
FN:21,(anonymous_1)
FN:26,(anonymous_2)
FN:27,(anonymous_3)
FN:31,(anonymous_4)
FN:34,(anonymous_5)
FN:36,(anonymous_6)
FN:39,(anonymous_7)
FN:44,(anonymous_8)
FN:45,(anonymous_9)
FN:49,(anonymous_10)
FN:54,(anonymous_11)
FN:66,(anonymous_12)
FN:69,(anonymous_13)
FN:72,(anonymous_14)
FN:74,(anonymous_15)
FN:78,(anonymous_16)
FN:82,(anonymous_17)
FN:86,(anonymous_18)
FN:11,(anonymous_19)
FN:14,(anonymous_20)
FNF:21
FNH:21
FNDA:89,(anonymous_0)
FNDA:70,(anonymous_1)
FNDA:276,(anonymous_2)
FNDA:276,(anonymous_3)
FNDA:70,(anonymous_4)
FNDA:237,(anonymous_5)
FNDA:230,(anonymous_6)
FNDA:21,(anonymous_7)
FNDA:39,(anonymous_8)
FNDA:38,(anonymous_9)
FNDA:4,(anonymous_10)
FNDA:11,(anonymous_11)
FNDA:49,(anonymous_12)
FNDA:17,(anonymous_13)
FNDA:17,(anonymous_14)
FNDA:4,(anonymous_15)
FNDA:4,(anonymous_16)
FNDA:13,(anonymous_17)
FNDA:4,(anonymous_18)
FNDA:89,(anonymous_19)
FNDA:86,(anonymous_20)
DA:1,3
DA:2,3
DA:3,3
DA:4,3
DA:6,3
DA:7,3
DA:8,3
DA:10,3
DA:11,3
DA:12,89
DA:13,89
DA:14,89
DA:15,89
DA:16,89
DA:19,89
DA:22,70
DA:23,70
DA:24,70
DA:25,70
DA:26,276
DA:27,276
DA:28,70
DA:29,70
DA:30,70
DA:31,70
DA:32,70
DA:33,237
DA:34,237
DA:35,237
DA:36,237
DA:39,70
DA:40,21
DA:41,39
DA:42,39
DA:43,39
DA:44,39
DA:45,39
DA:46,39
DA:49,70
DA:50,4
DA:51,4
DA:52,4
DA:53,4
DA:54,11
DA:55,4
DA:56,4
DA:57,4
DA:58,4
DA:59,4
DA:60,4
DA:61,4
DA:62,4
DA:64,70
DA:65,70
DA:66,49
DA:67,49
DA:68,21
DA:69,17
DA:70,17
DA:71,17
DA:72,17
DA:74,4
DA:75,4
DA:76,4
DA:77,4
DA:78,4
DA:83,13
DA:87,4
LF:68
LH:68
BRDA:65,0,0,49
BRDA:65,0,1,21
BRDA:65,1,0,70
BRDA:65,1,1,66
BRDA:68,2,0,17
BRDA:68,2,1,4
BRF:6
BRH:6
end_of_record
TN:
SF:src/codegen/binary/json/JsonCodegen.ts
FN:10,(anonymous_0)
FN:23,(anonymous_1)
FN:31,(anonymous_2)
FN:37,(anonymous_3)
FN:39,(anonymous_4)
FN:45,(anonymous_5)
FN:47,(anonymous_6)
FN:49,(anonymous_7)
FN:56,(anonymous_8)
FN:63,(anonymous_9)
FN:64,(anonymous_10)
FN:70,(anonymous_11)
FN:77,(anonymous_12)
FN:85,(anonymous_13)
FN:91,(anonymous_14)
FN:99,(anonymous_15)
FN:103,(anonymous_16)
FN:104,(anonymous_17)
FN:108,(anonymous_18)
FN:109,(anonymous_19)
FN:110,(anonymous_20)
FN:111,(anonymous_21)
FN:115,(anonymous_22)
FN:121,(anonymous_23)
FN:125,(anonymous_24)
FN:129,(anonymous_25)
FN:131,(anonymous_26)
FN:136,(anonymous_27)
FN:141,(anonymous_28)
FN:146,(anonymous_29)
FN:158,(anonymous_30)
FN:159,(anonymous_31)
FN:168,(anonymous_32)
FN:171,(anonymous_33)
FN:178,(anonymous_34)
FN:197,(anonymous_35)
FN:198,(anonymous_36)
FN:199,(anonymous_37)
FN:206,(anonymous_38)
FN:207,(anonymous_39)
FN:211,(anonymous_40)
FN:218,(anonymous_41)
FN:220,(anonymous_42)
FN:223,(anonymous_43)
FN:227,(anonymous_44)
FN:11,(anonymous_45)
FN:14,(anonymous_46)
FNF:47
FNH:47
FNDA:90,(anonymous_0)
FNDA:65,(anonymous_1)
FNDA:24,(anonymous_2)
FNDA:65,(anonymous_3)
FNDA:65,(anonymous_4)
FNDA:65,(anonymous_5)
FNDA:65,(anonymous_6)
FNDA:65,(anonymous_7)
FNDA:65,(anonymous_8)
FNDA:43,(anonymous_9)
FNDA:43,(anonymous_10)
FNDA:48,(anonymous_11)
FNDA:6,(anonymous_12)
FNDA:10,(anonymous_13)
FNDA:65,(anonymous_14)
FNDA:91,(anonymous_15)
FNDA:393,(anonymous_16)
FNDA:393,(anonymous_17)
FNDA:91,(anonymous_18)
FNDA:91,(anonymous_19)
FNDA:91,(anonymous_20)
FNDA:91,(anonymous_21)
FNDA:354,(anonymous_22)
FNDA:345,(anonymous_23)
FNDA:21,(anonymous_24)
FNDA:39,(anonymous_25)
FNDA:39,(anonymous_26)
FNDA:38,(anonymous_27)
FNDA:4,(anonymous_28)
FNDA:11,(anonymous_29)
FNDA:91,(anonymous_30)
FNDA:91,(anonymous_31)
FNDA:7,(anonymous_32)
FNDA:7,(anonymous_33)
FNDA:91,(anonymous_34)
FNDA:39,(anonymous_35)
FNDA:39,(anonymous_36)
FNDA:39,(anonymous_37)
FNDA:39,(anonymous_38)
FNDA:39,(anonymous_39)
FNDA:33,(anonymous_40)
FNDA:33,(anonymous_41)
FNDA:39,(anonymous_42)
FNDA:13,(anonymous_43)
FNDA:4,(anonymous_44)
FNDA:90,(anonymous_45)
FNDA:87,(anonymous_46)
DA:1,3
DA:2,3
DA:3,3
DA:4,3
DA:6,3
DA:7,3
DA:8,3
DA:10,3
DA:11,3
DA:12,90
DA:13,90
DA:14,90
DA:15,90
DA:18,90
DA:21,90
DA:24,65
DA:25,65
DA:26,65
DA:27,65
DA:28,65
DA:29,65
DA:30,65
DA:31,24
DA:32,24
DA:35,65
DA:38,65
DA:40,65
DA:41,65
DA:46,65
DA:47,65
DA:48,65
DA:50,65
DA:53,65
DA:54,21
DA:55,66
DA:56,66
DA:57,66
DA:59,21
DA:61,65
DA:62,48
DA:63,43
DA:64,43
DA:65,43
DA:68,48
DA:69,48
DA:70,48
DA:71,48
DA:73,65
DA:74,6
DA:75,10
DA:76,10
DA:77,6
DA:78,6
DA:81,4
DA:83,10
DA:85,10
DA:90,65
DA:92,65
DA:100,91
DA:101,91
DA:102,91
DA:103,393
DA:104,393
DA:105,91
DA:106,91
DA:107,91
DA:108,91
DA:109,91
DA:110,91
DA:111,91
DA:112,91
DA:113,354
DA:114,354
DA:116,354
DA:117,354
DA:120,354
DA:121,354
DA:122,354
DA:125,91
DA:126,21
DA:127,39
DA:128,39
DA:129,39
DA:130,39
DA:132,39
DA:135,39
DA:136,39
DA:137,39
DA:141,91
DA:142,4
DA:143,4
DA:144,4
DA:145,4
DA:146,11
DA:147,4
DA:148,4
DA:149,4
DA:150,4
DA:151,4
DA:152,4
DA:153,4
DA:154,4
DA:155,4
DA:156,4
DA:158,91
DA:159,91
DA:160,91
DA:161,91
DA:163,91
DA:164,84
DA:166,7
DA:169,7
DA:172,7
DA:177,91
DA:179,91
DA:182,91
DA:183,70
DA:184,70
DA:185,21
DA:186,17
DA:187,17
DA:188,17
DA:190,4
DA:191,4
DA:192,4
DA:193,4
DA:198,39
DA:199,39
DA:200,39
DA:201,39
DA:202,39
DA:203,39
DA:204,39
DA:205,39
DA:206,39
DA:207,39
DA:208,39
DA:209,39
DA:210,39
DA:211,39
DA:213,39
DA:214,39
DA:215,39
DA:216,39
DA:217,39
DA:218,39
DA:219,39
DA:220,39
DA:224,13
DA:228,4
LF:150
LH:150
BRDA:26,0,0,41
BRDA:26,1,0,59
BRDA:30,2,0,24
BRDA:53,3,0,21
BRDA:57,4,0,45
BRDA:61,5,0,48
BRDA:62,6,0,43
BRDA:73,7,0,6
BRDA:76,8,0,6
BRDA:76,8,1,4
BRDA:163,9,0,84
BRDA:163,9,1,7
BRDA:182,10,0,70
BRDA:182,10,1,21
BRDA:182,11,0,91
BRDA:182,11,1,87
BRDA:185,12,0,17
BRDA:185,12,1,4
BRF:18
BRH:18
end_of_record
TN:
SF:src/codegen/binary/msgpack/MsgPackCodegen.ts
FN:10,(anonymous_0)
FN:21,(anonymous_1)
FN:26,(anonymous_2)
FN:27,(anonymous_3)
FN:34,(anonymous_4)
FN:37,(anonymous_5)
FN:39,(anonymous_6)
FN:42,(anonymous_7)
FN:46,(anonymous_8)
FN:48,(anonymous_9)
FN:49,(anonymous_10)
FN:53,(anonymous_11)
FN:58,(anonymous_12)
FN:71,(anonymous_13)
FN:76,(anonymous_14)
FN:83,(anonymous_15)
FN:91,(anonymous_16)
FN:95,(anonymous_17)
FN:11,(anonymous_18)
FN:14,(anonymous_19)
FNF:20
FNH:20
FNDA:89,(anonymous_0)
FNDA:78,(anonymous_1)
FNDA:309,(anonymous_2)
FNDA:309,(anonymous_3)
FNDA:78,(anonymous_4)
FNDA:270,(anonymous_5)
FNDA:263,(anonymous_6)
FNDA:21,(anonymous_7)
FNDA:39,(anonymous_8)
FNDA:39,(anonymous_9)
FNDA:38,(anonymous_10)
FNDA:4,(anonymous_11)
FNDA:11,(anonymous_12)
FNDA:57,(anonymous_13)
FNDA:17,(anonymous_14)
FNDA:4,(anonymous_15)
FNDA:13,(anonymous_16)
FNDA:4,(anonymous_17)
FNDA:89,(anonymous_18)
FNDA:86,(anonymous_19)
DA:1,3
DA:2,3
DA:3,3
DA:4,3
DA:6,3
DA:7,3
DA:8,3
DA:10,3
DA:11,3
DA:12,89
DA:13,89
DA:14,89
DA:15,89
DA:16,89
DA:19,89
DA:22,78
DA:23,78
DA:24,78
DA:25,78
DA:26,309
DA:27,309
DA:28,78
DA:29,78
DA:30,78
DA:31,78
DA:32,78
DA:33,78
DA:34,78
DA:35,78
DA:36,270
DA:37,270
DA:38,270
DA:39,270
DA:42,78
DA:43,21
DA:44,39
DA:45,39
DA:46,39
DA:47,39
DA:48,39
DA:49,39
DA:53,78
DA:54,4
DA:55,4
DA:56,4
DA:57,4
DA:58,11
DA:59,4
DA:60,4
DA:61,4
DA:62,4
DA:63,4
DA:64,4
DA:65,4
DA:66,4
DA:67,4
DA:69,78
DA:70,78
DA:71,57
DA:72,57
DA:73,21
DA:74,17
DA:75,17
DA:76,17
DA:77,17
DA:78,17
DA:79,17
DA:81,4
DA:82,4
DA:83,4
DA:84,4
DA:85,4
DA:86,4
DA:87,4
DA:92,13
DA:96,4
LF:76
LH:76
BRDA:31,0,0,0
BRDA:70,1,0,57
BRDA:70,1,1,21
BRDA:70,2,0,78
BRDA:70,2,1,74
BRDA:73,3,0,17
BRDA:73,3,1,4
BRF:7
BRH:6
end_of_record
TN:
SF:src/codegen/capacity/CapacityEstimatorCodegen.ts
FN:15,(anonymous_0)
FN:29,(anonymous_1)
FN:39,(anonymous_2)
FN:54,(anonymous_3)
FN:58,(anonymous_4)
FN:64,(anonymous_5)
FN:68,(anonymous_6)
FN:72,(anonymous_7)
FN:76,(anonymous_8)
FN:81,(anonymous_9)
FN:86,(anonymous_10)
FN:108,(anonymous_11)
FN:115,(anonymous_12)
FN:122,(anonymous_13)
FN:128,(anonymous_14)
FN:140,(anonymous_15)
FN:143,(anonymous_16)
FN:156,(anonymous_17)
FN:160,(anonymous_18)
FN:175,(anonymous_19)
FN:179,(anonymous_20)
FN:187,(anonymous_21)
FN:194,(anonymous_22)
FN:196,(anonymous_23)
FN:19,(anonymous_24)
FN:22,(anonymous_25)
FNF:26
FNH:25
FNDA:0,(anonymous_0)
FNDA:312,(anonymous_1)
FNDA:312,(anonymous_2)
FNDA:3455,(anonymous_3)
FNDA:54,(anonymous_4)
FNDA:114,(anonymous_5)
FNDA:92,(anonymous_6)
FNDA:367,(anonymous_7)
FNDA:566,(anonymous_8)
FNDA:14,(anonymous_9)
FNDA:181,(anonymous_10)
FNDA:95,(anonymous_11)
FNDA:93,(anonymous_12)
FNDA:14,(anonymous_13)
FNDA:231,(anonymous_14)
FNDA:606,(anonymous_15)
FNDA:96,(anonymous_16)
FNDA:55,(anonymous_17)
FNDA:69,(anonymous_18)
FNDA:53,(anonymous_19)
FNDA:16,(anonymous_20)
FNDA:43,(anonymous_21)
FNDA:125,(anonymous_22)
FNDA:125,(anonymous_23)
FNDA:312,(anonymous_24)
FNDA:272,(anonymous_25)
DA:1,10
DA:2,10
DA:3,10
DA:4,10
DA:5,10
DA:7,10
DA:8,10
DA:9,10
DA:15,0
DA:18,10
DA:19,10
DA:20,312
DA:21,312
DA:22,312
DA:23,312
DA:24,312
DA:30,312
DA:33,312
DA:34,312
DA:40,312
DA:41,312
DA:42,6524
DA:43,6524
DA:44,0
DA:45,0
DA:48,312
DA:51,312
DA:55,3455
DA:59,54
DA:60,54
DA:61,54
DA:65,114
DA:69,92
DA:73,367
DA:77,566
DA:78,566
DA:82,14
DA:83,14
DA:87,181
DA:88,181
DA:89,181
DA:90,181
DA:91,181
DA:92,181
DA:93,181
DA:94,181
DA:95,136
DA:96,136
DA:98,41
DA:103,41
DA:105,95
DA:106,95
DA:107,95
DA:108,95
DA:109,95
DA:112,181
DA:113,63
DA:114,63
DA:115,185
DA:117,181
DA:118,27
DA:119,27
DA:120,44
DA:122,14
DA:129,231
DA:130,231
DA:131,231
DA:132,231
DA:133,13
DA:134,13
DA:136,218
DA:137,218
DA:138,218
DA:139,917
DA:140,917
DA:141,917
DA:142,917
DA:143,96
DA:144,96
DA:145,96
DA:146,96
DA:149,821
DA:150,821
DA:151,821
DA:157,55
DA:161,69
DA:162,69
DA:163,69
DA:164,69
DA:165,69
DA:166,69
DA:167,69
DA:168,69
DA:169,69
DA:170,69
DA:171,69
DA:172,69
DA:175,69
DA:176,69
DA:180,16
DA:181,16
DA:182,16
DA:183,16
DA:184,16
DA:188,43
DA:189,43
DA:190,43
DA:191,43
DA:192,43
DA:194,125
DA:197,125
LF:111
LH:108
BRDA:35,0,0,0
BRDA:35,0,1,312
BRDA:43,1,0,6524
BRDA:43,1,1,0
BRDA:44,2,0,0
BRDA:91,3,0,108
BRDA:91,4,0,154
BRDA:94,5,0,136
BRDA:95,6,0,136
BRDA:95,6,1,134
BRDA:95,6,2,122
BRDA:96,7,0,41
BRDA:96,7,1,95
BRDA:98,8,0,2
BRDA:98,8,1,39
BRDA:100,9,0,12
BRDA:100,9,1,27
BRDA:112,10,0,63
BRDA:117,11,0,27
BRDA:132,12,0,13
BRDA:142,13,0,96
BRDA:142,13,1,821
BRF:22
BRH:19
end_of_record
TN:
SF:src/codegen/capacity/index.ts
FNF:0
FNH:0
DA:1,9
LF:1
LH:1
BRF:0
BRH:0
end_of_record
TN:
SF:src/codegen/discriminator/index.ts
FN:10,(anonymous_0)
FN:18,(anonymous_1)
FNF:2
FNH:2
FNDA:124,(anonymous_0)
FNDA:65232,(anonymous_1)
DA:1,18
DA:2,18
DA:3,18
DA:5,18
DA:9,18
DA:10,18
DA:11,124
DA:12,124
DA:13,124
DA:17,124
DA:18,65232
LF:11
LH:11
BRDA:12,0,0,0
BRDA:12,1,0,124
BRDA:12,1,1,124
BRDA:12,1,2,0
BRF:4
BRH:2
end_of_record
TN:
SF:src/codegen/json/JsonTextCodegen.ts
FN:16,(anonymous_0)
FN:32,(anonymous_1)
FN:43,(anonymous_2)
FN:70,(anonymous_3)
FN:74,(anonymous_4)
FN:78,(anonymous_5)
FN:82,(anonymous_6)
FN:91,(anonymous_7)
FN:95,(anonymous_8)
FN:100,(anonymous_9)
FN:110,(anonymous_10)
FN:111,(anonymous_11)
FN:118,(anonymous_12)
FN:138,(anonymous_13)
FN:156,(anonymous_14)
FN:162,(anonymous_15)
FN:165,(anonymous_16)
FN:171,(anonymous_17)
FN:177,(anonymous_18)
FN:186,(anonymous_19)
FN:193,(anonymous_20)
FN:195,(anonymous_21)
FN:202,(anonymous_22)
FN:22,(anonymous_23)
FN:25,(anonymous_24)
FNF:25
FNH:25
FNDA:169,(anonymous_0)
FNDA:55,(anonymous_1)
FNDA:55,(anonymous_2)
FNDA:293,(anonymous_3)
FNDA:169,(anonymous_4)
FNDA:55,(anonymous_5)
FNDA:7,(anonymous_6)
FNDA:7,(anonymous_7)
FNDA:7,(anonymous_8)
FNDA:21,(anonymous_9)
FNDA:58,(anonymous_10)
FNDA:58,(anonymous_11)
FNDA:29,(anonymous_12)
FNDA:20,(anonymous_13)
FNDA:6,(anonymous_14)
FNDA:6,(anonymous_15)
FNDA:6,(anonymous_16)
FNDA:6,(anonymous_17)
FNDA:8,(anonymous_18)
FNDA:1,(anonymous_19)
FNDA:2,(anonymous_20)
FNDA:2,(anonymous_21)
FNDA:141,(anonymous_22)
FNDA:55,(anonymous_23)
FNDA:48,(anonymous_24)
DA:1,2
DA:2,2
DA:3,2
DA:4,2
DA:5,2
DA:7,2
DA:8,2
DA:10,2
DA:11,2
DA:16,169
DA:21,2
DA:22,2
DA:23,55
DA:24,55
DA:25,55
DA:26,55
DA:27,55
DA:33,55
DA:36,55
DA:44,55
DA:45,55
DA:46,512
DA:47,512
DA:48,169
DA:49,169
DA:50,169
DA:51,102
DA:54,55
DA:55,55
DA:56,445
DA:57,343
DA:58,102
DA:59,102
DA:60,102
DA:63,55
DA:66,55
DA:67,55
DA:71,293
DA:75,169
DA:79,55
DA:83,7
DA:84,7
DA:85,7
DA:86,7
DA:87,7
DA:88,7
DA:89,7
DA:90,7
DA:91,7
DA:92,7
DA:93,7
DA:94,7
DA:95,7
DA:96,7
DA:97,7
DA:101,21
DA:102,21
DA:103,21
DA:104,21
DA:105,21
DA:106,21
DA:107,21
DA:108,5
DA:110,58
DA:111,58
DA:112,21
DA:113,21
DA:114,38
DA:115,38
DA:116,38
DA:117,38
DA:118,38
DA:119,38
DA:120,38
DA:122,21
DA:123,21
DA:124,21
DA:125,20
DA:126,20
DA:127,20
DA:128,20
DA:129,20
DA:130,20
DA:131,20
DA:132,19
DA:134,1
DA:135,1
DA:137,20
DA:138,20
DA:139,20
DA:140,20
DA:142,21
DA:143,5
DA:144,5
DA:153,21
DA:157,6
DA:158,6
DA:159,6
DA:160,6
DA:161,6
DA:162,6
DA:163,6
DA:164,6
DA:165,6
DA:166,6
DA:168,6
DA:169,6
DA:170,6
DA:171,6
DA:172,6
DA:173,6
DA:174,6
DA:178,8
DA:179,8
DA:180,8
DA:181,8
DA:182,8
DA:183,8
DA:187,1
DA:188,1
DA:189,1
DA:190,1
DA:191,1
DA:193,2
DA:196,2
DA:203,141
DA:204,141
DA:205,141
DA:207,3
DA:208,3
DA:209,3
DA:212,10
DA:213,10
DA:216,42
DA:217,42
DA:220,24
DA:221,24
DA:222,0
DA:223,0
DA:224,0
DA:226,24
DA:228,24
DA:231,3
DA:232,3
DA:233,3
DA:234,3
DA:235,3
DA:238,16
DA:239,16
DA:240,16
DA:243,7
DA:244,7
DA:250,21
DA:251,21
DA:254,6
DA:255,6
DA:258,8
DA:259,8
DA:262,1
DA:263,1
DA:266,0
LF:161
LH:157
BRDA:37,0,0,5
BRDA:37,0,1,50
BRDA:47,1,0,343
BRDA:47,1,1,169
BRDA:48,2,0,169
BRDA:50,3,0,67
BRDA:50,3,1,102
BRDA:56,4,0,343
BRDA:56,4,1,102
BRDA:58,5,0,102
BRDA:107,6,0,5
BRDA:115,7,0,18
BRDA:119,8,0,9
BRDA:123,9,0,1
BRDA:128,10,0,9
BRDA:131,11,0,19
BRDA:131,11,1,1
BRDA:142,12,0,5
BRDA:179,13,0,0
BRDA:205,14,0,3
BRDA:205,14,1,10
BRDA:205,14,2,42
BRDA:205,14,3,24
BRDA:205,14,4,3
BRDA:205,14,5,16
BRDA:205,14,6,7
BRDA:205,14,7,21
BRDA:205,14,8,6
BRDA:205,14,9,8
BRDA:205,14,10,1
BRDA:205,14,11,0
BRDA:221,15,0,0
BRDA:221,15,1,24
BRF:33
BRH:30
end_of_record
TN:
SF:src/codegen/validator/ValidatorCodegen.ts
FN:86,(anonymous_0)
FN:104,(anonymous_1)
FN:158,(anonymous_2)
FN:181,(anonymous_3)
FN:183,(anonymous_4)
FN:190,(anonymous_5)
FN:196,(anonymous_6)
FN:260,(anonymous_7)
FN:294,(anonymous_8)
FN:314,(anonymous_9)
FN:330,(anonymous_10)
FN:341,(anonymous_11)
FN:348,(anonymous_12)
FN:355,(anonymous_13)
FN:372,(anonymous_14)
FN:385,(anonymous_15)
FN:393,(anonymous_16)
FN:398,(anonymous_17)
FN:402,(anonymous_18)
FN:414,(anonymous_19)
FN:418,(anonymous_20)
FN:421,(anonymous_21)
FN:447,(anonymous_22)
FN:461,(anonymous_23)
FN:463,(anonymous_24)
FN:467,(anonymous_25)
FN:475,(anonymous_26)
FN:73,(anonymous_27)
FN:76,(anonymous_28)
FN:81,(anonymous_29)
FNF:30
FNH:30
FNDA:1102,(anonymous_0)
FNDA:2876,(anonymous_1)
FNDA:2039,(anonymous_2)
FNDA:139,(anonymous_3)
FNDA:133,(anonymous_4)
FNDA:61,(anonymous_5)
FNDA:647,(anonymous_6)
FNDA:434,(anonymous_7)
FNDA:62,(anonymous_8)
FNDA:170,(anonymous_9)
FNDA:141,(anonymous_10)
FNDA:95,(anonymous_11)
FNDA:33,(anonymous_12)
FNDA:252,(anonymous_13)
FNDA:398,(anonymous_14)
FNDA:15,(anonymous_15)
FNDA:350,(anonymous_16)
FNDA:24,(anonymous_17)
FNDA:50,(anonymous_18)
FNDA:22,(anonymous_19)
FNDA:4,(anonymous_20)
FNDA:4,(anonymous_21)
FNDA:63,(anonymous_22)
FNDA:130,(anonymous_23)
FNDA:130,(anonymous_24)
FNDA:54,(anonymous_25)
FNDA:2039,(anonymous_26)
FNDA:1102,(anonymous_27)
FNDA:1081,(anonymous_28)
FNDA:2060,(anonymous_29)
DA:1,6
DA:2,6
DA:3,6
DA:4,6
DA:5,6
DA:6,6
DA:22,6
DA:23,6
DA:24,6
DA:25,6
DA:27,6
DA:29,6
DA:72,6
DA:73,6
DA:74,1102
DA:75,1102
DA:76,1102
DA:77,1102
DA:78,1102
DA:81,2060
DA:87,1102
DA:88,1102
DA:94,1102
DA:95,1102
DA:109,2876
DA:111,710
DA:113,775
DA:114,775
DA:115,229
DA:116,120
DA:118,109
DA:121,775
DA:126,1391
DA:133,1391
DA:134,1391
DA:135,1673
DA:136,1673
DA:137,625
DA:139,1048
DA:141,1673
DA:143,1391
DA:144,1391
DA:145,3
DA:147,1391
DA:148,15
DA:150,1391
DA:151,10
DA:153,1391
DA:159,2039
DA:160,2039
DA:161,2039
DA:162,7
DA:163,7
DA:164,7
DA:165,7
DA:169,7
DA:173,7
DA:174,7
DA:184,133
DA:185,133
DA:186,133
DA:187,133
DA:191,61
DA:192,61
DA:193,61
DA:197,647
DA:198,647
DA:199,647
DA:200,394
DA:201,394
DA:202,394
DA:203,197
DA:204,197
DA:205,197
DA:207,28
DA:208,28
DA:211,46
DA:212,46
DA:215,50
DA:216,50
DA:220,197
DA:222,28
DA:223,28
DA:226,43
DA:227,43
DA:230,55
DA:231,55
DA:235,253
DA:236,6
DA:237,6
DA:239,247
DA:240,247
DA:242,647
DA:243,4
DA:244,4
DA:246,647
DA:247,3
DA:248,3
DA:250,647
DA:251,4
DA:252,4
DA:254,647
DA:255,3
DA:256,3
DA:261,434
DA:262,434
DA:263,434
DA:264,434
DA:265,434
DA:266,37
DA:267,37
DA:269,397
DA:270,33
DA:271,33
DA:273,397
DA:274,37
DA:275,37
DA:278,434
DA:279,4
DA:280,4
DA:281,2
DA:282,2
DA:283,2
DA:284,2
DA:285,2
DA:287,430
DA:288,1
DA:289,1
DA:290,1
DA:295,62
DA:296,62
DA:297,62
DA:298,62
DA:299,62
DA:300,0
DA:301,0
DA:303,62
DA:304,27
DA:305,27
DA:307,62
DA:308,33
DA:309,33
DA:315,170
DA:316,170
DA:317,170
DA:318,170
DA:319,170
DA:320,170
DA:321,170
DA:322,170
DA:323,170
DA:324,170
DA:325,170
DA:326,84
DA:328,170
DA:329,72
DA:330,141
DA:332,170
DA:334,128
DA:335,128
DA:336,128
DA:337,128
DA:339,128
DA:340,128
DA:341,128
DA:342,128
DA:344,170
DA:345,33
DA:346,33
DA:348,33
DA:356,252
DA:357,252
DA:358,252
DA:359,252
DA:360,252
DA:361,252
DA:362,252
DA:366,252
DA:367,252
DA:368,211
DA:369,211
DA:370,211
DA:372,398
DA:375,211
DA:377,252
DA:378,422
DA:379,422
DA:380,422
DA:381,422
DA:382,422
DA:383,422
DA:384,36
DA:385,36
DA:386,36
DA:388,386
DA:389,49
DA:390,49
DA:391,49
DA:393,386
DA:399,24
DA:403,50
DA:404,50
DA:405,50
DA:406,50
DA:409,50
DA:410,50
DA:411,50
DA:412,50
DA:413,50
DA:414,50
DA:415,50
DA:419,4
DA:420,4
DA:421,4
DA:422,4
DA:424,0
DA:426,1
DA:430,3
DA:437,4
DA:438,4
DA:439,4
DA:440,4
DA:441,4
DA:442,4
DA:443,4
DA:444,4
DA:448,63
DA:449,63
DA:450,63
DA:451,63
DA:452,9
DA:453,9
DA:455,54
DA:456,54
DA:457,54
DA:458,54
DA:459,54
DA:461,130
DA:464,130
DA:468,54
DA:469,54
DA:472,54
DA:476,2039
DA:477,2039
LF:244
LH:241
BRDA:94,0,0,305
BRDA:94,0,1,797
BRDA:94,1,0,363
BRDA:94,1,1,434
BRDA:107,2,0,2859
BRDA:109,3,0,710
BRDA:109,3,1,775
BRDA:109,3,2,1391
BRDA:115,4,0,120
BRDA:115,4,1,109
BRDA:135,5,0,972
BRDA:136,6,0,625
BRDA:136,6,1,1048
BRDA:144,7,0,3
BRDA:147,8,0,15
BRDA:150,9,0,10
BRDA:161,10,0,2
BRDA:176,11,0,6
BRDA:176,11,1,1
BRDA:199,12,0,394
BRDA:199,12,1,253
BRDA:199,13,0,647
BRDA:199,13,1,400
BRDA:202,14,0,197
BRDA:202,14,1,197
BRDA:205,15,0,28
BRDA:205,15,1,46
BRDA:205,15,2,50
BRDA:220,16,0,28
BRDA:220,16,1,43
BRDA:220,16,2,55
BRDA:235,17,0,6
BRDA:235,17,1,247
BRDA:242,18,0,4
BRDA:246,19,0,3
BRDA:250,20,0,4
BRDA:254,21,0,3
BRDA:265,22,0,37
BRDA:265,22,1,397
BRDA:265,23,0,434
BRDA:265,23,1,70
BRDA:269,24,0,33
BRDA:273,25,0,37
BRDA:278,26,0,4
BRDA:278,26,1,430
BRDA:280,27,0,2
BRDA:280,27,1,2
BRDA:283,28,0,2
BRDA:287,29,0,1
BRDA:299,30,0,0
BRDA:299,30,1,62
BRDA:299,31,0,62
BRDA:299,31,1,27
BRDA:303,32,0,27
BRDA:307,33,0,33
BRDA:318,34,0,86
BRDA:318,35,0,137
BRDA:319,36,0,0
BRDA:319,37,0,170
BRDA:319,37,1,98
BRDA:319,37,2,0
BRDA:325,38,0,84
BRDA:325,39,0,170
BRDA:325,39,1,98
BRDA:328,40,0,72
BRDA:332,41,0,128
BRDA:336,42,0,6
BRDA:337,43,0,5
BRDA:341,44,0,128
BRDA:341,44,1,0
BRDA:344,45,0,33
BRDA:359,46,0,252
BRDA:359,46,1,0
BRDA:360,47,0,252
BRDA:366,48,0,252
BRDA:366,48,1,223
BRDA:366,48,2,223
BRDA:367,49,0,211
BRDA:383,50,0,36
BRDA:383,50,1,386
BRDA:388,51,0,49
BRDA:422,52,0,0
BRDA:422,52,1,1
BRDA:422,52,2,3
BRDA:438,53,0,0
BRDA:451,54,0,9
BRF:86
BRH:79
end_of_record
TN:
SF:src/codegen/validator/util.ts
FN:1,(anonymous_0)
FNF:1
FNH:1
FNDA:386,(anonymous_0)
DA:1,6
DA:2,386
DA:10,337
DA:12,49
LF:4
LH:4
BRDA:2,0,0,15
BRDA:2,0,1,20
BRDA:2,0,2,43
BRDA:2,0,3,230
BRDA:2,0,4,288
BRDA:2,0,5,334
BRDA:2,0,6,337
BRDA:2,0,7,49
BRF:8
BRH:8
end_of_record
TN:
SF:src/json-schema/converter.ts
FN:31,(anonymous_0)
FN:52,getBaseJsonSchema
FN:59,(anonymous_2)
FN:69,typeToJsonSchema
FN:103,anyToJsonSchema
FN:115,arrayToJsonSchema
FN:147,binaryToJsonSchema
FN:159,booleanToJsonSchema
FN:171,constToJsonSchema
FN:232,mapToJsonSchema
FN:247,numberToJsonSchema
FN:271,objectToJsonSchema
FN:297,orToJsonSchema
FN:301,(anonymous_13)
FN:310,refToJsonSchema
FN:327,stringToJsonSchema
FNF:16
FNH:15
FNDA:1,(anonymous_0)
FNDA:46,getBaseJsonSchema
FNDA:0,(anonymous_2)
FNDA:46,typeToJsonSchema
FNDA:3,anyToJsonSchema
FNDA:3,arrayToJsonSchema
FNDA:2,binaryToJsonSchema
FNDA:1,booleanToJsonSchema
FNDA:6,constToJsonSchema
FNDA:1,mapToJsonSchema
FNDA:2,numberToJsonSchema
FNDA:7,objectToJsonSchema
FNDA:2,orToJsonSchema
FNDA:6,(anonymous_13)
FNDA:5,refToJsonSchema
FNDA:14,stringToJsonSchema
DA:10,3
DA:31,3
DA:32,1
DA:37,1
DA:38,1
DA:39,1
DA:41,1
DA:42,2
DA:43,2
DA:45,1
DA:53,46
DA:54,46
DA:56,46
DA:57,46
DA:58,46
DA:59,0
DA:62,46
DA:69,3
DA:70,46
DA:72,46
DA:74,3
DA:76,3
DA:78,2
DA:80,1
DA:82,6
DA:84,1
DA:86,2
DA:88,7
DA:90,2
DA:92,5
DA:94,14
DA:97,0
DA:104,3
DA:105,3
DA:110,3
DA:112,3
DA:131,3
DA:132,3
DA:133,3
DA:139,3
DA:141,3
DA:142,3
DA:144,3
DA:148,2
DA:149,2
DA:154,2
DA:156,2
DA:160,1
DA:161,1
DA:166,1
DA:168,1
DA:172,6
DA:173,6
DA:174,6
DA:176,6
DA:177,4
DA:181,4
DA:182,4
DA:183,2
DA:184,0
DA:188,0
DA:189,0
DA:190,2
DA:191,0
DA:195,0
DA:196,0
DA:197,2
DA:198,1
DA:202,1
DA:203,1
DA:204,1
DA:206,1
DA:210,1
DA:211,1
DA:212,0
DA:213,0
DA:218,0
DA:219,0
DA:220,0
DA:221,0
DA:225,0
DA:226,0
DA:229,0
DA:233,1
DA:234,1
DA:242,1
DA:244,1
DA:248,2
DA:249,2
DA:250,2
DA:255,2
DA:256,2
DA:257,0
DA:261,2
DA:263,2
DA:264,2
DA:265,2
DA:266,2
DA:268,2
DA:272,7
DA:273,7
DA:274,7
DA:279,7
DA:280,7
DA:281,7
DA:282,28
DA:283,28
DA:284,23
DA:288,7
DA:289,7
DA:292,7
DA:294,7
DA:298,2
DA:299,2
DA:300,2
DA:301,6
DA:305,2
DA:307,2
DA:311,5
DA:312,5
DA:313,5
DA:315,5
DA:317,5
DA:322,5
DA:324,5
DA:328,14
DA:329,14
DA:330,14
DA:334,14
DA:335,14
DA:338,14
DA:339,2
DA:342,1
DA:345,12
DA:347,2
DA:351,14
DA:353,14
LF:137
LH:119
BRDA:56,0,0,2
BRDA:57,1,0,0
BRDA:58,2,0,0
BRDA:72,3,0,3
BRDA:72,3,1,3
BRDA:72,3,2,2
BRDA:72,3,3,1
BRDA:72,3,4,6
BRDA:72,3,5,1
BRDA:72,3,6,2
BRDA:72,3,7,7
BRDA:72,3,8,2
BRDA:72,3,9,5
BRDA:72,3,10,14
BRDA:72,3,11,0
BRDA:141,4,0,0
BRDA:142,5,0,0
BRDA:176,6,0,4
BRDA:176,6,1,2
BRDA:183,7,0,0
BRDA:183,7,1,2
BRDA:190,8,0,0
BRDA:190,8,1,2
BRDA:197,9,0,1
BRDA:197,9,1,1
BRDA:204,10,0,1
BRDA:204,10,1,0
BRDA:212,11,0,0
BRDA:212,11,1,0
BRDA:220,12,0,0
BRDA:256,13,0,0
BRDA:256,14,0,2
BRDA:256,14,1,1
BRDA:263,15,0,1
BRDA:264,16,0,0
BRDA:265,17,0,0
BRDA:266,18,0,0
BRDA:283,19,0,23
BRDA:288,20,0,7
BRDA:289,21,0,0
BRDA:315,22,0,3
BRDA:334,23,0,1
BRDA:335,24,0,1
BRDA:338,25,0,2
BRDA:338,25,1,12
BRDA:339,26,0,1
BRDA:345,27,0,2
BRF:47
BRH:31
end_of_record
TN:
SF:src/json-schema/index.ts
FNF:0
FNH:0
DA:1,1
DA:2,1
LF:2
LH:2
BRF:0
BRH:0
end_of_record
TN:
SF:src/jtd/converter.ts
FN:18,toJtdForm
FNF:1
FNH:1
FNDA:11,toJtdForm
DA:1,1
DA:4,1
DA:18,1
DA:19,11
DA:21,11
DA:23,1
DA:24,1
DA:27,1
DA:28,1
DA:31,2
DA:32,2
DA:33,2
DA:34,2
DA:37,1
DA:39,1
DA:40,1
DA:41,1
DA:42,0
DA:43,0
DA:45,0
DA:46,0
DA:47,0
DA:49,0
DA:52,0
DA:53,0
DA:56,2
DA:57,2
DA:62,3
DA:65,1
DA:66,1
DA:67,1
DA:71,0
DA:75,1
DA:76,1
DA:78,1
DA:79,1
DA:80,1
DA:82,1
DA:83,2
DA:84,2
DA:86,2
DA:87,2
DA:89,2
DA:90,1
DA:92,1
DA:99,1
DA:100,0
DA:103,1
DA:106,0
DA:107,0
DA:112,0
DA:113,0
DA:122,0
DA:123,0
LF:54
LH:38
BRDA:21,0,0,1
BRDA:21,0,1,1
BRDA:21,0,2,2
BRDA:21,0,3,2
BRDA:21,0,4,3
BRDA:21,0,5,1
BRDA:21,0,6,1
BRDA:21,0,7,0
BRDA:21,0,8,0
BRDA:21,0,9,0
BRDA:34,1,0,0
BRDA:34,1,1,1
BRDA:34,1,2,1
BRDA:39,2,0,0
BRDA:40,3,0,1
BRDA:40,3,1,0
BRDA:41,4,0,1
BRDA:42,5,0,0
BRDA:43,6,0,0
BRDA:45,7,0,0
BRDA:46,8,0,0
BRDA:47,9,0,0
BRDA:58,10,0,2
BRDA:58,10,1,1
BRDA:58,11,0,2
BRDA:58,11,1,1
BRDA:66,12,0,1
BRDA:66,12,1,0
BRDA:78,13,0,1
BRDA:78,14,0,1
BRDA:78,14,1,1
BRDA:86,15,0,2
BRDA:89,16,0,1
BRDA:89,16,1,1
BRDA:99,17,0,0
BRF:35
BRH:22
end_of_record
TN:
SF:src/jtd/index.ts
FNF:0
FNH:0
DA:1,1
DA:2,1
LF:2
LH:2
BRF:0
BRH:0
end_of_record
TN:
SF:src/metaschema/metaschema.ts
FNF:0
FNH:0
DA:3,1
LF:1
LH:1
BRF:0
BRH:0
end_of_record
TN:
SF:src/random/Random.ts
FN:29,(anonymous_0)
FN:63,(anonymous_1)
FN:67,(anonymous_2)
FN:81,(anonymous_3)
FN:84,(anonymous_4)
FN:88,(anonymous_5)
FN:92,(anonymous_6)
FN:96,(anonymous_7)
FN:97,(anonymous_8)
FN:100,(anonymous_9)
FN:104,(anonymous_10)
FN:111,(anonymous_11)
FN:169,(anonymous_12)
FN:183,(anonymous_13)
FN:189,(anonymous_14)
FN:195,(anonymous_15)
FN:24,(anonymous_16)
FNF:17
FNH:16
FNDA:299473,(anonymous_0)
FNDA:33329,(anonymous_1)
FNDA:14775,(anonymous_2)
FNDA:610,(anonymous_3)
FNDA:5146,(anonymous_4)
FNDA:7607,(anonymous_5)
FNDA:53016,(anonymous_6)
FNDA:1,(anonymous_7)
FNDA:1,(anonymous_8)
FNDA:0,(anonymous_9)
FNDA:22853,(anonymous_10)
FNDA:14477,(anonymous_11)
FNDA:23630,(anonymous_12)
FNDA:32615,(anonymous_13)
FNDA:730,(anonymous_14)
FNDA:95830,(anonymous_15)
FNDA:10292,(anonymous_16)
DA:1,7
DA:2,7
DA:3,7
DA:21,7
DA:23,7
DA:24,7
DA:25,10292
DA:26,10292
DA:30,299473
DA:31,299473
DA:33,33329
DA:35,14775
DA:37,610
DA:39,7607
DA:41,53016
DA:43,1
DA:45,0
DA:47,22853
DA:49,14477
DA:51,23630
DA:53,32615
DA:55,730
DA:57,95830
DA:59,0
DA:64,33329
DA:68,14775
DA:69,14775
DA:70,14775
DA:71,14775
DA:72,14775
DA:73,14775
DA:74,14775
DA:75,14775
DA:76,62975
DA:77,14775
DA:78,14775
DA:82,610
DA:84,5146
DA:85,610
DA:89,7607
DA:93,53016
DA:97,1
DA:101,0
DA:105,22853
DA:106,22853
DA:107,114933
DA:108,22853
DA:112,14477
DA:113,14477
DA:114,14477
DA:115,14477
DA:116,14477
DA:117,14477
DA:118,14477
DA:119,2673
DA:120,2672
DA:121,14476
DA:122,14476
DA:123,14476
DA:124,14476
DA:125,4195
DA:127,0
DA:128,0
DA:129,0
DA:131,0
DA:132,0
DA:133,0
DA:135,0
DA:136,0
DA:137,0
DA:140,0
DA:141,0
DA:142,0
DA:144,0
DA:145,0
DA:146,0
DA:148,300
DA:149,300
DA:150,300
DA:152,610
DA:153,610
DA:154,610
DA:157,2385
DA:158,2385
DA:159,2385
DA:161,4195
DA:163,10281
DA:164,10281
DA:165,10281
DA:166,10256
DA:170,23630
DA:171,23630
DA:174,23630
DA:175,75706
DA:176,75706
DA:177,75706
DA:178,73210
DA:180,23630
DA:184,32615
DA:185,32615
DA:186,32615
DA:190,730
DA:191,730
DA:192,730
DA:196,95830
DA:197,95830
DA:198,95830
DA:199,95830
DA:200,95830
DA:201,95830
DA:202,95830
DA:203,95830
DA:204,95830
DA:205,95830
DA:206,95830
LF:115
LH:97
BRDA:31,0,0,33329
BRDA:31,0,1,14775
BRDA:31,0,2,610
BRDA:31,0,3,7607
BRDA:31,0,4,53016
BRDA:31,0,5,1
BRDA:31,0,6,0
BRDA:31,0,7,22853
BRDA:31,0,8,14477
BRDA:31,0,9,23630
BRDA:31,0,10,32615
BRDA:31,0,11,730
BRDA:31,0,12,95830
BRDA:31,0,13,0
BRDA:71,1,0,74
BRDA:71,2,0,14775
BRDA:71,2,1,911
BRDA:72,3,0,138
BRDA:72,4,0,14775
BRDA:72,4,1,312
BRDA:74,5,0,2186
BRDA:76,6,0,12589
BRDA:77,7,0,0
BRDA:117,8,0,0
BRDA:118,9,0,2673
BRDA:119,10,0,1
BRDA:119,10,1,2672
BRDA:121,11,0,0
BRDA:122,12,0,1772
BRDA:123,13,0,0
BRDA:124,14,0,4195
BRDA:125,15,0,0
BRDA:125,15,1,0
BRDA:125,15,2,0
BRDA:125,15,3,0
BRDA:125,15,4,0
BRDA:125,15,5,0
BRDA:125,15,6,300
BRDA:125,15,7,610
BRDA:125,15,8,2385
BRDA:125,15,9,2385
BRDA:164,16,0,3154
BRDA:165,17,0,25
BRDA:171,18,0,0
BRDA:171,18,1,23630
BRDA:177,19,0,2496
BRDA:177,20,0,75706
BRDA:177,20,1,4948
BRDA:190,21,0,0
BRDA:197,22,0,95830
BRDA:197,22,1,89879
BRDA:200,23,0,523
BRDA:200,24,0,95830
BRDA:200,24,1,1961
BRDA:201,25,0,407
BRDA:201,26,0,95830
BRDA:201,26,1,1531
BRDA:202,27,0,5951
BRDA:202,27,1,89879
BRDA:204,28,0,0
BRDA:204,29,0,95830
BRDA:204,29,1,1961
BRDA:205,30,0,0
BRDA:205,31,0,95830
BRDA:205,31,1,1531
BRF:65
BRH:49
end_of_record
TN:
SF:src/random/index.ts
FNF:0
FNH:0
DA:1,6
DA:2,6
LF:2
LH:2
BRF:0
BRH:0
end_of_record
TN:
SF:src/schema/SchemaBuilder.ts
FN:5,(anonymous_0)
FN:9,(anonymous_1)
FN:13,(anonymous_2)
FN:17,(anonymous_3)
FN:21,(anonymous_4)
FN:25,(anonymous_5)
FN:29,(anonymous_6)
FN:33,(anonymous_7)
FN:37,(anonymous_8)
FN:41,(anonymous_9)
FN:45,(anonymous_10)
FN:49,(anonymous_11)
FN:53,(anonymous_12)
FN:57,(anonymous_13)
FN:61,(anonymous_14)
FN:65,(anonymous_15)
FN:73,(anonymous_16)
FN:90,(anonymous_17)
FN:99,(anonymous_18)
FN:120,(anonymous_19)
FN:140,(anonymous_20)
FN:154,(anonymous_21)
FN:168,(anonymous_22)
FN:176,(anonymous_23)
FN:183,(anonymous_24)
FN:191,(anonymous_25)
FN:199,(anonymous_26)
FN:212,(anonymous_27)
FNF:28
FNH:28
FNDA:67,(anonymous_0)
FNDA:51,(anonymous_1)
FNDA:13,(anonymous_2)
FNDA:1,(anonymous_3)
FNDA:12,(anonymous_4)
FNDA:1,(anonymous_5)
FNDA:1323,(anonymous_6)
FNDA:2,(anonymous_7)
FNDA:12,(anonymous_8)
FNDA:5039,(anonymous_9)
FNDA:1,(anonymous_10)
FNDA:1,(anonymous_11)
FNDA:299,(anonymous_12)
FNDA:1316,(anonymous_13)
FNDA:2686,(anonymous_14)
FNDA:75,(anonymous_15)
FNDA:697,(anonymous_16)
FNDA:511,(anonymous_17)
FNDA:17,(anonymous_18)
FNDA:2803,(anonymous_19)
FNDA:3801,(anonymous_20)
FNDA:443,(anonymous_21)
FNDA:62,(anonymous_22)
FNDA:5330,(anonymous_23)
FNDA:115,(anonymous_24)
FNDA:178,(anonymous_25)
FNDA:26,(anonymous_26)
FNDA:14,(anonymous_27)
DA:4,39
DA:6,67
DA:10,51
DA:14,13
DA:18,1
DA:22,12
DA:26,1
DA:30,1323
DA:34,2
DA:38,12
DA:42,5039
DA:46,1
DA:50,1
DA:54,299
DA:58,1316
DA:62,2686
DA:66,75
DA:74,697
DA:96,511
DA:104,17
DA:105,17
DA:106,17
DA:107,17
DA:123,2803
DA:124,2803
DA:130,1407
DA:131,1396
DA:132,58
DA:136,1338
DA:145,3801
DA:159,443
DA:173,62
DA:177,5330
DA:184,115
DA:192,178
DA:204,26
DA:217,14
LF:37
LH:37
BRDA:65,0,0,13
BRDA:105,1,0,5
BRDA:106,2,0,3
BRDA:124,3,0,1407
BRDA:125,4,0,2803
BRDA:125,4,1,1467
BRDA:125,4,2,1467
BRDA:125,4,3,1467
BRDA:131,5,0,58
BRDA:131,6,0,1396
BRDA:131,6,1,71
BRDA:143,7,0,3801
BRDA:157,8,0,443
BRDA:173,9,0,62
BRDA:173,9,1,0
BRDA:176,10,0,5196
BRDA:183,11,0,115
BRDA:202,12,0,26
BRDA:215,13,0,14
BRF:19
BRH:18
end_of_record
TN:
SF:src/schema/Walker.ts
FN:13,(anonymous_0)
FN:15,(anonymous_1)
FN:16,(anonymous_2)
FN:8,(anonymous_3)
FNF:4
FNH:3
FNDA:1,(anonymous_0)
FNDA:323,(anonymous_1)
FNDA:0,(anonymous_2)
FNDA:1,(anonymous_3)
DA:7,35
DA:8,35
DA:9,1
DA:10,1
DA:13,1
DA:16,323
DA:17,323
DA:19,0
DA:20,0
DA:21,0
DA:29,182
DA:30,182
DA:33,22
DA:34,22
DA:35,22
DA:36,22
DA:37,22
DA:40,35
DA:41,209
DA:42,35
DA:45,32
DA:46,32
DA:47,32
DA:48,32
DA:51,5
DA:52,38
DA:53,5
DA:56,46
DA:57,46
DA:61,0
DA:62,0
DA:63,0
DA:64,0
DA:67,1
DA:68,21
DA:69,1
DA:72,0
LF:37
LH:29
BRDA:13,0,0,0
BRDA:16,1,0,323
BRDA:16,1,1,0
BRDA:17,2,0,0
BRDA:17,2,1,51
BRDA:17,2,2,90
BRDA:17,2,3,97
BRDA:17,2,4,107
BRDA:17,2,5,182
BRDA:17,2,6,182
BRDA:17,2,7,22
BRDA:17,2,8,35
BRDA:17,2,9,32
BRDA:17,2,10,5
BRDA:17,2,11,46
BRDA:17,2,12,0
BRDA:17,2,13,0
BRDA:17,2,14,1
BRDA:17,2,15,0
BRDA:34,3,0,0
BRDA:35,4,0,22
BRDA:36,5,0,0
BRDA:47,6,0,0
BRDA:8,7,0,0
BRF:24
BRH:14
end_of_record
TN:
SF:src/schema/index.ts
FNF:0
FNH:0
DA:1,39
DA:4,39
DA:5,39
DA:10,39
LF:4
LH:4
BRF:0
BRH:0
end_of_record
TN:
SF:src/schema/validate.ts
FN:4,(anonymous_0)
FN:10,(anonymous_1)
FN:14,(anonymous_2)
FN:26,(anonymous_3)
FN:40,(anonymous_4)
FN:44,(anonymous_5)
FN:48,(anonymous_6)
FN:83,(anonymous_7)
FN:108,(anonymous_8)
FN:118,(anonymous_9)
FN:130,(anonymous_10)
FN:134,(anonymous_11)
FN:145,(anonymous_12)
FN:153,(anonymous_13)
FN:161,(anonymous_14)
FN:168,(anonymous_15)
FN:177,(anonymous_16)
FN:183,(anonymous_17)
FN:193,(anonymous_18)
FNF:19
FNH:19
FNDA:200,(anonymous_0)
FNDA:6,(anonymous_1)
FNDA:194,(anonymous_2)
FNDA:83,(anonymous_3)
FNDA:19,(anonymous_4)
FNDA:4,(anonymous_5)
FNDA:48,(anonymous_6)
FNDA:61,(anonymous_7)
FNDA:10,(anonymous_8)
FNDA:15,(anonymous_9)
FNDA:1,(anonymous_10)
FNDA:8,(anonymous_11)
FNDA:10,(anonymous_12)
FNDA:1,(anonymous_13)
FNDA:4,(anonymous_14)
FNDA:5,(anonymous_15)
FNDA:1,(anonymous_16)
FNDA:1,(anonymous_17)
FNDA:194,(anonymous_18)
DA:4,3
DA:5,200
DA:6,192
DA:7,187
DA:10,3
DA:11,6
DA:14,3
DA:15,194
DA:18,178
DA:19,177
DA:20,177
DA:21,6
DA:22,5
DA:26,3
DA:27,83
DA:28,7
DA:29,6
DA:30,5
DA:32,80
DA:33,7
DA:34,6
DA:35,5
DA:37,77
DA:40,3
DA:41,19
DA:44,3
DA:45,4
DA:48,3
DA:49,48
DA:50,45
DA:51,45
DA:52,43
DA:53,41
DA:54,39
DA:55,37
DA:56,36
DA:57,35
DA:58,5
DA:59,32
DA:60,20
DA:61,19
DA:62,18
DA:76,16
DA:78,2
DA:83,3
DA:84,61
DA:85,58
DA:87,58
DA:89,51
DA:90,13
DA:92,44
DA:93,3
DA:95,43
DA:96,11
DA:97,2
DA:100,9
DA:101,2
DA:106,3
DA:108,3
DA:109,10
DA:110,10
DA:111,10
DA:112,10
DA:113,9
DA:115,9
DA:118,3
DA:119,15
DA:120,15
DA:121,15
DA:122,15
DA:123,14
DA:124,13
DA:125,13
DA:126,13
DA:127,7
DA:130,3
DA:131,1
DA:134,3
DA:135,8
DA:136,8
DA:137,8
DA:138,7
DA:139,2
DA:140,5
DA:141,0
DA:142,6
DA:145,3
DA:146,10
DA:147,10
DA:148,10
DA:149,9
DA:150,7
DA:153,3
DA:154,1
DA:155,1
DA:156,1
DA:157,0
DA:161,3
DA:162,4
DA:163,4
DA:164,4
DA:165,2
DA:168,3
DA:169,5
DA:170,5
DA:171,5
DA:172,4
DA:173,3
DA:174,3
DA:177,3
DA:178,1
DA:179,1
DA:180,1
DA:183,3
DA:184,1
DA:185,1
DA:186,1
DA:193,3
DA:194,194
DA:195,193
DA:197,19
DA:198,9
DA:200,4
DA:201,4
DA:203,48
DA:204,28
DA:206,61
DA:207,39
DA:209,10
DA:210,9
DA:212,15
DA:213,6
DA:215,1
DA:216,1
DA:218,8
DA:219,3
DA:221,10
DA:222,6
DA:224,1
DA:225,1
DA:227,4
DA:228,1
DA:230,5
DA:231,1
DA:233,1
DA:234,1
DA:236,1
DA:237,1
DA:239,5
LF:149
LH:147
BRDA:5,0,0,8
BRDA:5,1,0,200
BRDA:5,1,1,13
BRDA:6,2,0,5
BRDA:6,3,0,192
BRDA:6,3,1,33
BRDA:7,4,0,5
BRDA:7,5,0,187
BRDA:7,5,1,7
BRDA:18,6,0,1
BRDA:20,7,0,6
BRDA:21,8,0,1
BRDA:27,9,0,7
BRDA:28,10,0,1
BRDA:29,11,0,1
BRDA:30,12,0,1
BRDA:32,13,0,7
BRDA:33,14,0,1
BRDA:34,15,0,1
BRDA:35,16,0,1
BRDA:37,17,0,1
BRDA:37,18,0,77
BRDA:37,18,1,4
BRDA:37,18,2,4
BRDA:51,19,0,2
BRDA:51,20,0,45
BRDA:51,20,1,6
BRDA:52,21,0,2
BRDA:52,22,0,43
BRDA:52,22,1,5
BRDA:53,23,0,2
BRDA:53,24,0,41
BRDA:53,24,1,6
BRDA:54,25,0,2
BRDA:54,26,0,39
BRDA:54,26,1,5
BRDA:55,27,0,1
BRDA:55,28,0,37
BRDA:55,28,1,4
BRDA:56,29,0,1
BRDA:56,30,0,36
BRDA:56,30,1,4
BRDA:57,31,0,5
BRDA:57,32,0,35
BRDA:57,32,1,32
BRDA:57,32,2,5
BRDA:57,32,3,2
BRDA:58,33,0,3
BRDA:58,34,0,5
BRDA:58,34,1,2
BRDA:58,35,0,5
BRDA:58,35,1,2
BRDA:59,36,0,20
BRDA:60,37,0,1
BRDA:61,38,0,1
BRDA:62,39,0,1
BRDA:62,39,1,2
BRDA:62,39,2,3
BRDA:62,39,3,4
BRDA:62,39,4,5
BRDA:62,39,5,8
BRDA:62,39,6,9
BRDA:62,39,7,10
BRDA:62,39,8,12
BRDA:62,39,9,13
BRDA:62,39,10,14
BRDA:62,39,11,15
BRDA:62,39,12,16
BRDA:62,39,13,2
BRDA:89,40,0,13
BRDA:90,41,0,7
BRDA:92,42,0,3
BRDA:93,43,0,1
BRDA:95,44,0,11
BRDA:96,45,0,2
BRDA:96,46,0,11
BRDA:96,46,1,5
BRDA:100,47,0,2
BRDA:100,48,0,9
BRDA:100,48,1,4
BRDA:100,48,2,3
BRDA:112,49,0,9
BRDA:113,50,0,1
BRDA:122,51,0,1
BRDA:122,52,0,15
BRDA:122,52,1,7
BRDA:122,52,2,2
BRDA:123,53,0,1
BRDA:123,54,0,14
BRDA:123,54,1,5
BRDA:125,55,0,9
BRDA:126,56,0,7
BRDA:127,57,0,2
BRDA:137,58,0,1
BRDA:138,59,0,2
BRDA:138,60,0,7
BRDA:138,60,1,3
BRDA:140,61,0,0
BRDA:140,62,0,5
BRDA:140,62,1,0
BRDA:148,63,0,1
BRDA:149,64,0,2
BRDA:149,65,0,9
BRDA:149,65,1,3
BRDA:156,66,0,0
BRDA:164,67,0,2
BRDA:165,68,0,1
BRDA:171,69,0,1
BRDA:171,70,0,5
BRDA:171,70,1,4
BRDA:171,70,2,0
BRDA:172,71,0,1
BRDA:173,72,0,1
BRDA:194,73,0,1
BRDA:195,74,0,19
BRDA:195,74,1,4
BRDA:195,74,2,48
BRDA:195,74,3,61
BRDA:195,74,4,10
BRDA:195,74,5,15
BRDA:195,74,6,1
BRDA:195,74,7,8
BRDA:195,74,8,10
BRDA:195,74,9,1
BRDA:195,74,10,4
BRDA:195,74,11,5
BRDA:195,74,12,1
BRDA:195,74,13,1
BRDA:195,74,14,5
BRF:129
BRH:125
end_of_record
TN:
SF:src/type/TypeBuilder.ts
FN:25,(anonymous_0)
FN:79,(anonymous_1)
FN:80,(anonymous_2)
FN:81,(anonymous_3)
FN:82,(anonymous_4)
FN:83,(anonymous_5)
FN:84,(anonymous_6)
FN:85,(anonymous_7)
FN:87,(anonymous_8)
FN:91,(anonymous_9)
FN:97,(anonymous_10)
FN:120,(anonymous_11)
FN:130,(anonymous_12)
FN:145,(anonymous_13)
FN:148,(anonymous_14)
FN:29,(anonymous_15)
FN:33,(anonymous_16)
FN:37,(anonymous_17)
FN:41,(anonymous_18)
FN:45,(anonymous_19)
FN:49,(anonymous_20)
FN:53,(anonymous_21)
FN:57,(anonymous_22)
FN:61,(anonymous_23)
FN:65,(anonymous_24)
FN:69,(anonymous_25)
FN:73,(anonymous_26)
FN:152,(anonymous_27)
FN:156,(anonymous_28)
FN:169,(anonymous_29)
FN:173,(anonymous_30)
FN:177,(anonymous_31)
FN:181,(anonymous_32)
FN:185,(anonymous_33)
FN:189,(anonymous_34)
FN:198,(anonymous_35)
FN:202,(anonymous_36)
FN:206,(anonymous_37)
FN:210,(anonymous_38)
FN:214,(anonymous_39)
FN:218,(anonymous_40)
FN:222,(anonymous_41)
FN:230,(anonymous_42)
FN:238,(anonymous_43)
FN:253,(anonymous_44)
FN:255,(anonymous_45)
FN:260,(anonymous_46)
FN:276,(anonymous_47)
FN:291,(anonymous_48)
FN:305,(anonymous_49)
FN:306,(anonymous_50)
FN:310,(anonymous_51)
FN:312,(anonymous_52)
FNF:53
FNH:50
FNDA:599,(anonymous_0)
FNDA:4,(anonymous_1)
FNDA:0,(anonymous_2)
FNDA:0,(anonymous_3)
FNDA:1,(anonymous_4)
FNDA:4,(anonymous_5)
FNDA:5,(anonymous_6)
FNDA:0,(anonymous_7)
FNDA:9,(anonymous_8)
FNDA:5,(anonymous_9)
FNDA:80,(anonymous_10)
FNDA:105,(anonymous_11)
FNDA:29,(anonymous_12)
FNDA:36,(anonymous_13)
FNDA:122,(anonymous_14)
FNDA:140,(anonymous_15)
FNDA:74,(anonymous_16)
FNDA:64,(anonymous_17)
FNDA:191,(anonymous_18)
FNDA:687,(anonymous_19)
FNDA:2031,(anonymous_20)
FNDA:21,(anonymous_21)
FNDA:46,(anonymous_22)
FNDA:21,(anonymous_23)
FNDA:14,(anonymous_24)
FNDA:9,(anonymous_25)
FNDA:2,(anonymous_26)
FNDA:275,(anonymous_27)
FNDA:457,(anonymous_28)
FNDA:254,(anonymous_29)
FNDA:1180,(anonymous_30)
FNDA:2495,(anonymous_31)
FNDA:58,(anonymous_32)
FNDA:365,(anonymous_33)
FNDA:267,(anonymous_34)
FNDA:1208,(anonymous_35)
FNDA:3199,(anonymous_36)
FNDA:402,(anonymous_37)
FNDA:196,(anonymous_38)
FNDA:153,(anonymous_39)
FNDA:113,(anonymous_40)
FNDA:23,(anonymous_41)
FNDA:12,(anonymous_42)
FNDA:1363,(anonymous_43)
FNDA:54,(anonymous_44)
FNDA:11,(anonymous_45)
FNDA:412,(anonymous_46)
FNDA:122,(anonymous_47)
FNDA:3127,(anonymous_48)
FNDA:522,(anonymous_49)
FNDA:261,(anonymous_50)
FNDA:203,(anonymous_51)
FNDA:2117,(anonymous_52)
DA:1,35
DA:2,35
DA:5,35
DA:24,35
DA:25,599
DA:30,140
DA:34,74
DA:38,64
DA:42,191
DA:46,687
DA:50,2031
DA:54,21
DA:58,46
DA:62,21
DA:66,14
DA:70,9
DA:74,2
DA:79,599
DA:80,599
DA:81,599
DA:82,599
DA:83,599
DA:84,599
DA:85,599
DA:87,599
DA:88,9
DA:89,599
DA:91,599
DA:92,5
DA:97,599
DA:120,599
DA:121,105
DA:122,285
DA:123,105
DA:130,599
DA:145,599
DA:148,122
DA:153,275
DA:166,457
DA:170,254
DA:174,1180
DA:178,2495
DA:182,58
DA:186,365
DA:195,267
DA:199,1208
DA:203,3199
DA:207,402
DA:211,196
DA:215,153
DA:219,113
DA:227,23
DA:235,12
DA:239,1363
DA:241,133
DA:243,59
DA:245,297
DA:247,285
DA:249,28
DA:251,127
DA:252,127
DA:253,54
DA:255,11
DA:260,133
DA:261,412
DA:265,133
DA:268,8
DA:272,99
DA:274,107
DA:276,122
DA:278,48
DA:280,0
DA:284,0
DA:288,0
DA:292,3127
DA:294,1
DA:296,74
DA:298,493
DA:300,1502
DA:302,1057
DA:303,1016
DA:304,149
DA:305,522
DA:306,261
DA:307,132
DA:308,132
DA:310,203
DA:312,2117
DA:314,0
LF:89
LH:85
BRDA:93,0,0,5
BRDA:93,0,1,0
BRDA:181,1,0,30
BRDA:239,2,0,133
BRDA:239,2,1,59
BRDA:239,2,2,297
BRDA:239,2,3,285
BRDA:239,2,4,28
BRDA:239,2,5,127
BRDA:239,2,6,133
BRDA:239,2,7,8
BRDA:239,2,8,99
BRDA:239,2,9,107
BRDA:239,2,10,39
BRDA:239,2,11,48
BRDA:239,2,12,0
BRDA:239,2,13,0
BRDA:253,3,0,29
BRDA:253,3,1,98
BRDA:254,4,0,112
BRDA:254,4,1,15
BRDA:255,5,0,11
BRDA:255,5,1,116
BRDA:261,6,0,217
BRDA:261,6,1,195
BRDA:268,7,0,0
BRDA:268,7,1,8
BRDA:272,8,0,0
BRDA:272,8,1,99
BRDA:292,9,0,1
BRDA:292,9,1,74
BRDA:292,9,2,493
BRDA:292,9,3,1502
BRDA:292,9,4,1057
BRDA:292,9,5,0
BRDA:302,10,0,41
BRDA:303,11,0,149
BRDA:304,12,0,17
BRDA:308,13,0,78
BRDA:308,13,1,54
BRF:40
BRH:34
end_of_record
TN:
SF:src/type/classes.ts
FN:18,(anonymous_0)
FN:34,(anonymous_1)
FN:19,(anonymous_2)
FN:25,(anonymous_3)
FN:24,(anonymous_4)
FN:21,(anonymous_5)
FN:20,(anonymous_6)
FN:33,(anonymous_7)
FN:32,(anonymous_8)
FN:29,(anonymous_9)
FN:35,(anonymous_10)
FN:22,(anonymous_11)
FN:27,(anonymous_12)
FN:26,(anonymous_13)
FN:28,(anonymous_14)
FN:31,(anonymous_15)
FN:30,(anonymous_16)
FN:23,(anonymous_17)
FNF:18
FNH:16
FNDA:0,(anonymous_0)
FNDA:0,(anonymous_1)
FNDA:275,(anonymous_2)
FNDA:966,(anonymous_3)
FNDA:58,(anonymous_4)
FNDA:550,(anonymous_5)
FNDA:1958,(anonymous_6)
FNDA:12,(anonymous_7)
FNDA:23,(anonymous_8)
FNDA:196,(anonymous_9)
FNDA:4,(anonymous_10)
FNDA:1397,(anonymous_11)
FNDA:3815,(anonymous_12)
FNDA:3199,(anonymous_13)
FNDA:1621,(anonymous_14)
FNDA:153,(anonymous_15)
FNDA:113,(anonymous_16)
FNDA:2540,(anonymous_17)
DA:1,35
DA:2,35
DA:3,35
DA:4,35
DA:5,35
DA:6,35
DA:7,35
DA:8,35
DA:9,35
DA:10,35
DA:11,35
DA:12,35
DA:13,35
DA:14,35
DA:15,35
DA:18,35
DA:19,310
DA:20,1993
DA:21,585
DA:22,1432
DA:23,2575
DA:24,93
DA:25,1001
DA:26,3234
DA:27,3850
DA:28,1656
DA:29,231
DA:30,148
DA:31,188
DA:32,58
DA:33,47
DA:34,35
DA:35,39
LF:33
LH:33
BRF:0
BRH:0
end_of_record
TN:
SF:src/type/discriminator.ts
FN:49,(anonymous_0)
FN:72,(anonymous_1)
FN:77,(anonymous_2)
FN:81,(anonymous_3)
FN:86,(anonymous_4)
FN:108,(anonymous_5)
FN:113,(anonymous_6)
FN:128,(anonymous_7)
FN:148,(anonymous_8)
FNF:9
FNH:9
FNDA:584,(anonymous_0)
FNDA:376,(anonymous_1)
FNDA:177,(anonymous_2)
FNDA:543,(anonymous_3)
FNDA:18,(anonymous_4)
FNDA:454,(anonymous_5)
FNDA:364,(anonymous_6)
FNDA:404,(anonymous_7)
FNDA:376,(anonymous_8)
DA:1,35
DA:48,35
DA:50,584
DA:51,250
DA:52,334
DA:53,30
DA:55,30
DA:56,30
DA:57,12
DA:58,12
DA:59,12
DA:61,304
DA:62,78
DA:63,78
DA:64,196
DA:65,196
DA:66,196
DA:69,256
DA:73,376
DA:74,376
DA:78,177
DA:79,177
DA:80,177
DA:81,177
DA:82,543
DA:83,48
DA:84,48
DA:86,543
DA:87,541
DA:89,525
DA:90,177
DA:91,177
DA:92,177
DA:93,364
DA:94,364
DA:95,364
DA:96,364
DA:97,364
DA:98,364
DA:100,177
DA:101,177
DA:102,364
DA:103,364
DA:105,177
DA:109,454
DA:110,454
DA:114,364
DA:115,241
DA:116,123
DA:117,94
DA:118,44
DA:119,28
DA:121,6
DA:123,22
DA:125,0
DA:129,404
DA:130,404
DA:135,346
DA:138,14
DA:140,44
DA:143,0
DA:145,0
DA:149,376
DA:150,376
DA:151,376
DA:152,376
DA:153,376
LF:67
LH:64
BRDA:50,0,0,250
BRDA:50,0,1,334
BRDA:52,1,0,30
BRDA:52,1,1,304
BRDA:53,2,0,22
BRDA:59,3,0,8
BRDA:61,4,0,78
BRDA:66,5,0,70
BRDA:74,6,0,376
BRDA:74,6,1,126
BRDA:82,7,0,591
BRDA:82,7,1,543
BRDA:83,8,0,48
BRDA:84,9,0,0
BRDA:86,10,0,2
BRDA:96,11,0,0
BRDA:114,12,0,241
BRDA:115,13,0,9
BRDA:115,13,1,232
BRDA:116,14,0,29
BRDA:117,15,0,50
BRDA:118,16,0,16
BRDA:119,17,0,6
BRDA:119,17,1,22
BRDA:130,18,0,29
BRDA:130,18,1,46
BRDA:130,18,2,96
BRDA:130,18,3,346
BRDA:130,18,4,13
BRDA:130,18,5,14
BRDA:130,18,6,44
BRDA:130,18,7,0
BRDA:130,18,8,0
BRDA:152,19,0,250
BRDA:152,19,1,126
BRF:35
BRH:31
end_of_record
TN:
SF:src/type/index.ts
FNF:0
FNH:0
DA:1,28
DA:2,28
DA:5,28
DA:8,28
LF:4
LH:4
BRF:0
BRH:0
end_of_record
TN:
SF:src/type/__tests__/fixtures.ts
FNF:0
FNH:0
DA:1,1
DA:4,1
DA:25,1
LF:3
LH:3
BRF:0
BRH:0
end_of_record
TN:
SF:src/type/__tests__/validateTestSuite.ts
FN:3,(anonymous_0)
FN:6,(anonymous_1)
FN:7,(anonymous_2)
FN:17,(anonymous_3)
FN:18,(anonymous_4)
FN:24,(anonymous_5)
FN:26,(anonymous_6)
FN:28,(anonymous_7)
FN:29,(anonymous_8)
FN:31,(anonymous_9)
FN:32,(anonymous_10)
FN:35,(anonymous_11)
FN:39,(anonymous_12)
FN:41,(anonymous_13)
FN:44,(anonymous_14)
FN:46,(anonymous_15)
FN:47,(anonymous_16)
FN:48,(anonymous_17)
FN:52,(anonymous_18)
FN:53,(anonymous_19)
FN:56,(anonymous_20)
FN:57,(anonymous_21)
FN:58,(anonymous_22)
FN:62,(anonymous_23)
FN:63,(anonymous_24)
FN:66,(anonymous_25)
FN:67,(anonymous_26)
FN:68,(anonymous_27)
FN:72,(anonymous_28)
FN:73,(anonymous_29)
FN:77,(anonymous_30)
FN:78,(anonymous_31)
FN:79,(anonymous_32)
FN:83,(anonymous_33)
FN:84,(anonymous_34)
FN:90,(anonymous_35)
FN:91,(anonymous_36)
FN:92,(anonymous_37)
FN:95,(anonymous_38)
FN:96,(anonymous_39)
FN:97,(anonymous_40)
FN:102,(anonymous_41)
FN:105,(anonymous_42)
FN:107,(anonymous_43)
FN:108,(anonymous_44)
FN:112,(anonymous_45)
FN:113,(anonymous_46)
FN:118,(anonymous_47)
FN:121,(anonymous_48)
FN:123,(anonymous_49)
FN:124,(anonymous_50)
FN:127,(anonymous_51)
FN:129,(anonymous_52)
FN:133,(anonymous_53)
FN:134,(anonymous_54)
FN:136,(anonymous_55)
FN:137,(anonymous_56)
FN:141,(anonymous_57)
FN:142,(anonymous_58)
FN:145,(anonymous_59)
FN:146,(anonymous_60)
FN:147,(anonymous_61)
FN:148,(anonymous_62)
FN:151,(anonymous_63)
FN:154,(anonymous_64)
FN:158,(anonymous_65)
FN:159,(anonymous_66)
FN:162,(anonymous_67)
FN:163,(anonymous_68)
FN:164,(anonymous_69)
FN:165,(anonymous_70)
FN:168,(anonymous_71)
FN:171,(anonymous_72)
FN:175,(anonymous_73)
FN:176,(anonymous_74)
FN:179,(anonymous_75)
FN:180,(anonymous_76)
FN:181,(anonymous_77)
FN:182,(anonymous_78)
FN:185,(anonymous_79)
FN:188,(anonymous_80)
FN:192,(anonymous_81)
FN:193,(anonymous_82)
FN:196,(anonymous_83)
FN:197,(anonymous_84)
FN:200,(anonymous_85)
FN:202,(anonymous_86)
FN:206,(anonymous_87)
FN:207,(anonymous_88)
FN:210,(anonymous_89)
FN:211,(anonymous_90)
FN:212,(anonymous_91)
FN:213,(anonymous_92)
FN:216,(anonymous_93)
FN:218,(anonymous_94)
FN:222,(anonymous_95)
FN:223,(anonymous_96)
FN:226,(anonymous_97)
FN:227,(anonymous_98)
FN:228,(anonymous_99)
FN:229,(anonymous_100)
FN:232,(anonymous_101)
FN:234,(anonymous_102)
FN:238,(anonymous_103)
FN:239,(anonymous_104)
FN:242,(anonymous_105)
FN:243,(anonymous_106)
FN:244,(anonymous_107)
FN:245,(anonymous_108)
FN:248,(anonymous_109)
FN:250,(anonymous_110)
FN:254,(anonymous_111)
FN:255,(anonymous_112)
FN:258,(anonymous_113)
FN:259,(anonymous_114)
FN:260,(anonymous_115)
FN:263,(anonymous_116)
FN:265,(anonymous_117)
FN:269,(anonymous_118)
FN:270,(anonymous_119)
FN:273,(anonymous_120)
FN:274,(anonymous_121)
FN:278,(anonymous_122)
FN:279,(anonymous_123)
FN:282,(anonymous_124)
FN:283,(anonymous_125)
FN:288,(anonymous_126)
FN:289,(anonymous_127)
FN:292,(anonymous_128)
FN:295,(anonymous_129)
FN:298,(anonymous_130)
FN:301,(anonymous_131)
FN:304,(anonymous_132)
FN:307,(anonymous_133)
FN:310,(anonymous_134)
FN:313,(anonymous_135)
FN:316,(anonymous_136)
FN:317,(anonymous_137)
FN:322,(anonymous_138)
FN:323,(anonymous_139)
FN:326,(anonymous_140)
FN:329,(anonymous_141)
FN:330,(anonymous_142)
FN:333,(anonymous_143)
FN:334,(anonymous_144)
FN:337,(anonymous_145)
FN:340,(anonymous_146)
FN:344,(anonymous_147)
FN:345,(anonymous_148)
FN:346,(anonymous_149)
FN:350,(anonymous_150)
FN:355,(anonymous_151)
FN:356,(anonymous_152)
FN:362,(anonymous_153)
FN:364,(anonymous_154)
FN:368,(anonymous_155)
FN:369,(anonymous_156)
FN:374,(anonymous_157)
FN:379,(anonymous_158)
FN:382,(anonymous_159)
FN:385,(anonymous_160)
FN:388,(anonymous_161)
FN:389,(anonymous_162)
FN:392,(anonymous_163)
FN:393,(anonymous_164)
FN:396,(anonymous_165)
FN:399,(anonymous_166)
FN:404,(anonymous_167)
FN:405,(anonymous_168)
FN:408,(anonymous_169)
FN:409,(anonymous_170)
FN:413,(anonymous_171)
FN:414,(anonymous_172)
FN:420,(anonymous_173)
FN:424,(anonymous_174)
FN:428,(anonymous_175)
FN:429,(anonymous_176)
FN:434,(anonymous_177)
FN:436,(anonymous_178)
FN:439,(anonymous_179)
FN:448,(anonymous_180)
FN:453,(anonymous_181)
FN:454,(anonymous_182)
FN:455,(anonymous_183)
FN:459,(anonymous_184)
FN:460,(anonymous_185)
FN:466,(anonymous_186)
FN:470,(anonymous_187)
FN:471,(anonymous_188)
FN:482,(anonymous_189)
FNF:190
FNH:190
FNDA:2,(anonymous_0)
FNDA:2,(anonymous_1)
FNDA:2,(anonymous_2)
FNDA:2,(anonymous_3)
FNDA:2,(anonymous_4)
FNDA:2,(anonymous_5)
FNDA:2,(anonymous_6)
FNDA:2,(anonymous_7)
FNDA:2,(anonymous_8)
FNDA:2,(anonymous_9)
FNDA:2,(anonymous_10)
FNDA:2,(anonymous_11)
FNDA:2,(anonymous_12)
FNDA:2,(anonymous_13)
FNDA:2,(anonymous_14)
FNDA:2,(anonymous_15)
FNDA:2,(anonymous_16)
FNDA:2,(anonymous_17)
FNDA:2,(anonymous_18)
FNDA:2,(anonymous_19)
FNDA:2,(anonymous_20)
FNDA:2,(anonymous_21)
FNDA:2,(anonymous_22)
FNDA:2,(anonymous_23)
FNDA:2,(anonymous_24)
FNDA:2,(anonymous_25)
FNDA:2,(anonymous_26)
FNDA:2,(anonymous_27)
FNDA:2,(anonymous_28)
FNDA:2,(anonymous_29)
FNDA:2,(anonymous_30)
FNDA:2,(anonymous_31)
FNDA:2,(anonymous_32)
FNDA:2,(anonymous_33)
FNDA:2,(anonymous_34)
FNDA:2,(anonymous_35)
FNDA:2,(anonymous_36)
FNDA:2,(anonymous_37)
FNDA:2,(anonymous_38)
FNDA:2,(anonymous_39)
FNDA:2,(anonymous_40)
FNDA:2,(anonymous_41)
FNDA:2,(anonymous_42)
FNDA:2,(anonymous_43)
FNDA:2,(anonymous_44)
FNDA:2,(anonymous_45)
FNDA:2,(anonymous_46)
FNDA:2,(anonymous_47)
FNDA:2,(anonymous_48)
FNDA:2,(anonymous_49)
FNDA:2,(anonymous_50)
FNDA:2,(anonymous_51)
FNDA:2,(anonymous_52)
FNDA:2,(anonymous_53)
FNDA:2,(anonymous_54)
FNDA:2,(anonymous_55)
FNDA:2,(anonymous_56)
FNDA:2,(anonymous_57)
FNDA:2,(anonymous_58)
FNDA:2,(anonymous_59)
FNDA:2,(anonymous_60)
FNDA:2,(anonymous_61)
FNDA:2,(anonymous_62)
FNDA:2,(anonymous_63)
FNDA:2,(anonymous_64)
FNDA:2,(anonymous_65)
FNDA:2,(anonymous_66)
FNDA:2,(anonymous_67)
FNDA:2,(anonymous_68)
FNDA:2,(anonymous_69)
FNDA:2,(anonymous_70)
FNDA:2,(anonymous_71)
FNDA:2,(anonymous_72)
FNDA:2,(anonymous_73)
FNDA:2,(anonymous_74)
FNDA:2,(anonymous_75)
FNDA:2,(anonymous_76)
FNDA:2,(anonymous_77)
FNDA:2,(anonymous_78)
FNDA:2,(anonymous_79)
FNDA:2,(anonymous_80)
FNDA:2,(anonymous_81)
FNDA:2,(anonymous_82)
FNDA:2,(anonymous_83)
FNDA:2,(anonymous_84)
FNDA:2,(anonymous_85)
FNDA:2,(anonymous_86)
FNDA:2,(anonymous_87)
FNDA:2,(anonymous_88)
FNDA:2,(anonymous_89)
FNDA:2,(anonymous_90)
FNDA:2,(anonymous_91)
FNDA:2,(anonymous_92)
FNDA:2,(anonymous_93)
FNDA:2,(anonymous_94)
FNDA:2,(anonymous_95)
FNDA:2,(anonymous_96)
FNDA:2,(anonymous_97)
FNDA:2,(anonymous_98)
FNDA:2,(anonymous_99)
FNDA:2,(anonymous_100)
FNDA:2,(anonymous_101)
FNDA:2,(anonymous_102)
FNDA:2,(anonymous_103)
FNDA:2,(anonymous_104)
FNDA:2,(anonymous_105)
FNDA:2,(anonymous_106)
FNDA:2,(anonymous_107)
FNDA:2,(anonymous_108)
FNDA:2,(anonymous_109)
FNDA:2,(anonymous_110)
FNDA:2,(anonymous_111)
FNDA:2,(anonymous_112)
FNDA:2,(anonymous_113)
FNDA:2,(anonymous_114)
FNDA:2,(anonymous_115)
FNDA:2,(anonymous_116)
FNDA:2,(anonymous_117)
FNDA:2,(anonymous_118)
FNDA:2,(anonymous_119)
FNDA:2,(anonymous_120)
FNDA:2,(anonymous_121)
FNDA:2,(anonymous_122)
FNDA:2,(anonymous_123)
FNDA:2,(anonymous_124)
FNDA:2,(anonymous_125)
FNDA:2,(anonymous_126)
FNDA:2,(anonymous_127)
FNDA:2,(anonymous_128)
FNDA:2,(anonymous_129)
FNDA:2,(anonymous_130)
FNDA:2,(anonymous_131)
FNDA:2,(anonymous_132)
FNDA:2,(anonymous_133)
FNDA:2,(anonymous_134)
FNDA:2,(anonymous_135)
FNDA:2,(anonymous_136)
FNDA:2,(anonymous_137)
FNDA:2,(anonymous_138)
FNDA:2,(anonymous_139)
FNDA:2,(anonymous_140)
FNDA:2,(anonymous_141)
FNDA:2,(anonymous_142)
FNDA:2,(anonymous_143)
FNDA:2,(anonymous_144)
FNDA:2,(anonymous_145)
FNDA:2,(anonymous_146)
FNDA:2,(anonymous_147)
FNDA:2,(anonymous_148)
FNDA:4,(anonymous_149)
FNDA:2,(anonymous_150)
FNDA:2,(anonymous_151)
FNDA:2,(anonymous_152)
FNDA:2,(anonymous_153)
FNDA:2,(anonymous_154)
FNDA:2,(anonymous_155)
FNDA:2,(anonymous_156)
FNDA:2,(anonymous_157)
FNDA:2,(anonymous_158)
FNDA:2,(anonymous_159)
FNDA:2,(anonymous_160)
FNDA:2,(anonymous_161)
FNDA:2,(anonymous_162)
FNDA:2,(anonymous_163)
FNDA:2,(anonymous_164)
FNDA:2,(anonymous_165)
FNDA:2,(anonymous_166)
FNDA:2,(anonymous_167)
FNDA:2,(anonymous_168)
FNDA:2,(anonymous_169)
FNDA:2,(anonymous_170)
FNDA:2,(anonymous_171)
FNDA:2,(anonymous_172)
FNDA:2,(anonymous_173)
FNDA:2,(anonymous_174)
FNDA:2,(anonymous_175)
FNDA:2,(anonymous_176)
FNDA:2,(anonymous_177)
FNDA:2,(anonymous_178)
FNDA:2,(anonymous_179)
FNDA:2,(anonymous_180)
FNDA:2,(anonymous_181)
FNDA:2,(anonymous_182)
FNDA:2,(anonymous_183)
FNDA:2,(anonymous_184)
FNDA:2,(anonymous_185)
FNDA:2,(anonymous_186)
FNDA:2,(anonymous_187)
FNDA:2,(anonymous_188)
FNDA:2,(anonymous_189)
DA:1,1
DA:3,1
DA:4,2
DA:6,2
DA:7,2
DA:8,2
DA:9,2
DA:10,2
DA:11,2
DA:12,2
DA:13,2
DA:17,2
DA:18,2
DA:19,2
DA:20,2
DA:21,2
DA:22,2
DA:23,2
DA:24,2
DA:25,2
DA:26,2
DA:27,2
DA:28,2
DA:29,2
DA:30,2
DA:31,2
DA:32,2
DA:35,2
DA:36,2
DA:37,2
DA:38,2
DA:39,2
DA:40,2
DA:41,2
DA:44,2
DA:45,2
DA:46,2
DA:47,2
DA:48,2
DA:52,2
DA:53,2
DA:54,2
DA:55,2
DA:56,2
DA:57,2
DA:58,2
DA:62,2
DA:63,2
DA:64,2
DA:65,2
DA:66,2
DA:67,2
DA:68,2
DA:72,2
DA:73,2
DA:74,2
DA:75,2
DA:76,2
DA:77,2
DA:78,2
DA:79,2
DA:83,2
DA:84,2
DA:85,2
DA:86,2
DA:87,2
DA:88,2
DA:89,2
DA:90,2
DA:91,2
DA:92,2
DA:95,2
DA:96,2
DA:97,2
DA:98,2
DA:99,2
DA:100,2
DA:101,2
DA:102,2
DA:105,2
DA:106,2
DA:107,2
DA:108,2
DA:112,2
DA:113,2
DA:114,2
DA:115,2
DA:116,2
DA:117,2
DA:118,2
DA:121,2
DA:122,2
DA:123,2
DA:124,2
DA:127,2
DA:128,2
DA:129,2
DA:133,2
DA:134,2
DA:135,2
DA:136,2
DA:137,2
DA:141,2
DA:142,2
DA:143,2
DA:144,2
DA:145,2
DA:146,2
DA:147,2
DA:148,2
DA:151,2
DA:152,2
DA:153,2
DA:154,2
DA:158,2
DA:159,2
DA:160,2
DA:161,2
DA:162,2
DA:163,2
DA:164,2
DA:165,2
DA:168,2
DA:169,2
DA:170,2
DA:171,2
DA:175,2
DA:176,2
DA:177,2
DA:178,2
DA:179,2
DA:180,2
DA:181,2
DA:182,2
DA:185,2
DA:186,2
DA:187,2
DA:188,2
DA:192,2
DA:193,2
DA:194,2
DA:195,2
DA:196,2
DA:197,2
DA:200,2
DA:201,2
DA:202,2
DA:206,2
DA:207,2
DA:208,2
DA:209,2
DA:210,2
DA:211,2
DA:212,2
DA:213,2
DA:216,2
DA:217,2
DA:218,2
DA:222,2
DA:223,2
DA:224,2
DA:225,2
DA:226,2
DA:227,2
DA:228,2
DA:229,2
DA:232,2
DA:233,2
DA:234,2
DA:238,2
DA:239,2
DA:240,2
DA:241,2
DA:242,2
DA:243,2
DA:244,2
DA:245,2
DA:248,2
DA:249,2
DA:250,2
DA:254,2
DA:255,2
DA:256,2
DA:257,2
DA:258,2
DA:259,2
DA:260,2
DA:263,2
DA:264,2
DA:265,2
DA:269,2
DA:270,2
DA:271,2
DA:272,2
DA:273,2
DA:274,2
DA:278,2
DA:279,2
DA:280,2
DA:281,2
DA:282,2
DA:283,2
DA:288,2
DA:289,2
DA:290,2
DA:291,2
DA:292,2
DA:295,2
DA:296,2
DA:297,2
DA:298,2
DA:301,2
DA:302,2
DA:303,2
DA:304,2
DA:307,2
DA:308,2
DA:309,2
DA:310,2
DA:313,2
DA:314,2
DA:315,2
DA:316,2
DA:317,2
DA:322,2
DA:323,2
DA:324,2
DA:325,2
DA:326,2
DA:329,2
DA:330,2
DA:331,2
DA:332,2
DA:333,2
DA:334,2
DA:337,2
DA:338,2
DA:339,2
DA:340,2
DA:344,2
DA:345,2
DA:346,2
DA:347,4
DA:349,2
DA:350,2
DA:355,2
DA:356,2
DA:357,2
DA:358,2
DA:359,2
DA:362,2
DA:363,2
DA:364,2
DA:368,2
DA:369,2
DA:370,2
DA:371,2
DA:374,2
DA:375,2
DA:376,2
DA:377,2
DA:378,2
DA:379,2
DA:382,2
DA:383,2
DA:384,2
DA:385,2
DA:388,2
DA:389,2
DA:390,2
DA:391,2
DA:392,2
DA:393,2
DA:396,2
DA:397,2
DA:398,2
DA:399,2
DA:404,2
DA:405,2
DA:406,2
DA:407,2
DA:408,2
DA:409,2
DA:413,2
DA:414,2
DA:415,2
DA:416,2
DA:417,2
DA:420,2
DA:421,2
DA:422,2
DA:423,2
DA:424,2
DA:428,2
DA:429,2
DA:430,2
DA:431,2
DA:434,2
DA:435,2
DA:436,2
DA:439,2
DA:440,2
DA:441,2
DA:448,2
DA:449,2
DA:450,2
DA:451,2
DA:452,2
DA:453,2
DA:454,2
DA:455,2
DA:459,2
DA:460,2
DA:461,2
DA:462,2
DA:463,2
DA:464,2
DA:465,2
DA:466,2
DA:470,2
DA:471,2
DA:472,2
DA:480,2
DA:481,2
DA:482,2
LF:325
LH:325
BRDA:347,0,0,2
BRF:1
BRH:1
end_of_record
TN:
SF:src/type/classes/AbsType.ts
FN:13,(anonymous_0)
FN:15,(anonymous_1)
FN:20,(anonymous_2)
FN:26,(anonymous_3)
FN:30,(anonymous_4)
FN:37,(anonymous_5)
FN:47,(anonymous_6)
FN:52,(anonymous_7)
FN:58,(anonymous_8)
FN:63,(anonymous_9)
FN:68,(anonymous_10)
FN:73,(anonymous_11)
FN:78,(anonymous_12)
FN:90,(anonymous_13)
FN:95,(anonymous_14)
FN:99,(anonymous_15)
FN:103,(anonymous_16)
FN:110,(anonymous_17)
FNF:18
FNH:18
FNDA:10801,(anonymous_0)
FNDA:10762,(anonymous_1)
FNDA:98,(anonymous_2)
FNDA:311112,(anonymous_3)
FNDA:4,(anonymous_4)
FNDA:330624,(anonymous_5)
FNDA:7,(anonymous_6)
FNDA:786,(anonymous_7)
FNDA:16,(anonymous_8)
FNDA:3,(anonymous_9)
FNDA:10,(anonymous_10)
FNDA:1,(anonymous_11)
FNDA:1,(anonymous_12)
FNDA:1329,(anonymous_13)
FNDA:16,(anonymous_14)
FNDA:2161,(anonymous_15)
FNDA:3607,(anonymous_16)
FNDA:3553,(anonymous_17)
DA:4,35
DA:7,35
DA:11,10801
DA:13,10801
DA:16,10762
DA:17,10762
DA:21,98
DA:22,98
DA:23,98
DA:27,311112
DA:31,4
DA:38,330624
DA:48,7
DA:49,7
DA:53,786
DA:54,786
DA:55,786
DA:59,16
DA:60,16
DA:64,3
DA:65,3
DA:69,10
DA:70,10
DA:74,1
DA:75,1
DA:83,1
DA:84,1
DA:85,1
DA:86,1
DA:87,1
DA:91,1329
DA:92,1329
DA:96,16
DA:100,2161
DA:104,3607
DA:105,3607
DA:106,3607
DA:107,7
DA:111,3553
DA:112,3553
LF:40
LH:40
BRDA:22,0,0,0
BRDA:83,1,0,1
BRDA:83,1,1,1
BRDA:85,2,0,1
BRDA:105,3,0,3607
BRDA:105,3,1,3603
BRDA:105,3,2,3603
BRDA:106,4,0,3600
BRDA:110,5,0,227
BRDA:112,6,0,7
BRDA:112,6,1,3546
BRF:11
BRH:10
end_of_record
TN:
SF:src/type/classes/AliasType.ts
FN:7,(anonymous_0)
FN:13,(anonymous_1)
FN:17,(anonymous_2)
FN:21,(anonymous_3)
FN:22,(anonymous_4)
FNF:5
FNH:3
FNDA:75,(anonymous_0)
FNDA:0,(anonymous_1)
FNDA:0,(anonymous_2)
FNDA:28,(anonymous_3)
FNDA:28,(anonymous_4)
DA:1,35
DA:6,35
DA:8,75
DA:9,75
DA:10,75
DA:14,0
DA:18,0
DA:22,28
LF:8
LH:6
BRDA:21,0,0,0
BRF:1
BRH:0
end_of_record
TN:
SF:src/type/classes/AnyType.ts
FNF:0
FNH:0
DA:2,35
DA:4,35
LF:2
LH:2
BRF:0
BRH:0
end_of_record
TN:
SF:src/type/classes/ArrType.ts
FN:18,(anonymous_0)
FN:27,(anonymous_1)
FN:32,(anonymous_2)
FN:37,(anonymous_3)
FN:42,(anonymous_4)
FN:47,(anonymous_5)
FN:57,(anonymous_6)
FN:58,(anonymous_7)
FN:62,(anonymous_8)
FN:69,(anonymous_9)
FN:75,(anonymous_10)
FN:79,(anonymous_11)
FN:79,(anonymous_12)
FN:82,(anonymous_13)
FN:84,(anonymous_14)
FN:88,(anonymous_15)
FN:88,(anonymous_16)
FNF:17
FNH:11
FNDA:632,(anonymous_0)
FNDA:0,(anonymous_1)
FNDA:12,(anonymous_2)
FNDA:0,(anonymous_3)
FNDA:0,(anonymous_4)
FNDA:20376,(anonymous_5)
FNDA:6942,(anonymous_6)
FNDA:1,(anonymous_7)
FNDA:92,(anonymous_8)
FNDA:92,(anonymous_9)
FNDA:16,(anonymous_10)
FNDA:55,(anonymous_11)
FNDA:55,(anonymous_12)
FNDA:76,(anonymous_13)
FNDA:0,(anonymous_14)
FNDA:0,(anonymous_15)
FNDA:0,(anonymous_16)
DA:1,35
DA:2,35
DA:4,35
DA:7,35
DA:19,632
DA:20,632
DA:21,632
DA:24,632
DA:28,0
DA:29,0
DA:33,12
DA:34,12
DA:38,0
DA:39,0
DA:43,0
DA:44,0
DA:52,20376
DA:55,20376
DA:56,20376
DA:57,20376
DA:58,20376
DA:59,20376
DA:65,92
DA:66,92
DA:70,92
DA:71,92
DA:76,16
DA:79,55
DA:82,76
DA:85,0
DA:88,0
LF:31
LH:23
BRDA:56,0,0,17099
BRDA:57,1,0,3279
BRDA:58,2,0,1
BRDA:69,3,0,28
BRDA:74,4,0,16
BRDA:74,4,1,76
BRDA:74,5,0,92
BRDA:74,5,1,16
BRDA:82,6,0,76
BRDA:82,6,1,16
BRDA:82,7,0,76
BRDA:82,7,1,0
BRDA:83,8,0,0
BRDA:83,8,1,92
BRDA:83,9,0,92
BRDA:83,9,1,0
BRF:16
BRH:13
end_of_record
TN:
SF:src/type/classes/BinType.ts
FN:7,(anonymous_0)
FN:14,(anonymous_1)
FN:19,(anonymous_2)
FN:24,(anonymous_3)
FN:29,(anonymous_4)
FN:36,(anonymous_5)
FN:41,(anonymous_6)
FN:42,(anonymous_7)
FNF:8
FNH:8
FNDA:58,(anonymous_0)
FNDA:1,(anonymous_1)
FNDA:1,(anonymous_2)
FNDA:1,(anonymous_3)
FNDA:316,(anonymous_4)
FNDA:2,(anonymous_5)
FNDA:2,(anonymous_6)
FNDA:2,(anonymous_7)
DA:1,35
DA:2,35
DA:4,35
DA:6,35
DA:8,58
DA:11,58
DA:15,1
DA:16,1
DA:20,1
DA:21,1
DA:25,1
DA:26,1
DA:30,316
DA:37,2
DA:38,2
DA:42,2
LF:16
LH:16
BRDA:41,0,0,0
BRF:1
BRH:0
end_of_record
TN:
SF:src/type/classes/BoolType.ts
FNF:0
FNH:0
DA:2,35
DA:4,35
LF:2
LH:2
BRF:0
BRH:0
end_of_record
TN:
SF:src/type/classes/ConType.ts
FN:5,(anonymous_0)
FN:9,(anonymous_1)
FN:14,(anonymous_2)
FNF:3
FNH:3
FNDA:1128,(anonymous_0)
FNDA:69,(anonymous_1)
FNDA:69,(anonymous_2)
DA:2,35
DA:4,35
DA:6,1128
DA:10,69
DA:11,69
DA:15,69
LF:6
LH:6
BRDA:14,0,0,9
BRF:1
BRH:1
end_of_record
TN:
SF:src/type/classes/FnType.ts
FN:6,(anonymous_0)
FN:10,(anonymous_1)
FN:12,(anonymous_2)
FN:13,(anonymous_3)
FN:22,(anonymous_4)
FN:33,(anonymous_5)
FN:37,(anonymous_6)
FN:42,(anonymous_7)
FN:46,(anonymous_8)
FN:51,(anonymous_9)
FN:55,(anonymous_10)
FN:59,(anonymous_11)
FN:63,(anonymous_12)
FN:71,(anonymous_13)
FN:81,(anonymous_14)
FN:92,(anonymous_15)
FN:97,(anonymous_16)
FN:101,(anonymous_17)
FN:106,(anonymous_18)
FN:110,(anonymous_19)
FN:118,(anonymous_20)
FNF:21
FNH:19
FNDA:0,(anonymous_0)
FNDA:3,(anonymous_1)
FNDA:3,(anonymous_2)
FNDA:3,(anonymous_3)
FNDA:23,(anonymous_4)
FNDA:3,(anonymous_5)
FNDA:8,(anonymous_6)
FNDA:1,(anonymous_7)
FNDA:8,(anonymous_8)
FNDA:3,(anonymous_9)
FNDA:0,(anonymous_10)
FNDA:6,(anonymous_11)
FNDA:6,(anonymous_12)
FNDA:2,(anonymous_13)
FNDA:12,(anonymous_14)
FNDA:1,(anonymous_15)
FNDA:1,(anonymous_16)
FNDA:1,(anonymous_17)
FNDA:1,(anonymous_18)
FNDA:2,(anonymous_19)
FNDA:1,(anonymous_20)
DA:1,35
DA:2,35
DA:4,35
DA:6,35
DA:7,0
DA:10,35
DA:11,3
DA:12,3
DA:13,3
DA:17,35
DA:20,23
DA:23,23
DA:24,23
DA:27,23
DA:34,3
DA:38,8
DA:39,8
DA:43,1
DA:47,8
DA:48,8
DA:52,3
DA:56,0
DA:60,6
DA:64,6
DA:72,2
DA:76,35
DA:79,12
DA:82,12
DA:83,12
DA:86,12
DA:93,1
DA:94,1
DA:98,1
DA:102,1
DA:103,1
DA:107,1
DA:111,2
DA:119,1
LF:38
LH:36
BRDA:10,0,0,0
BRDA:71,1,0,0
BRDA:118,2,0,0
BRF:3
BRH:0
end_of_record
TN:
SF:src/type/classes/MapType.ts
FN:8,(anonymous_0)
FN:16,(anonymous_1)
FN:24,(anonymous_2)
FN:29,(anonymous_3)
FN:30,(anonymous_4)
FNF:5
FNH:5
FNDA:196,(anonymous_0)
FNDA:16355,(anonymous_1)
FNDA:33,(anonymous_2)
FNDA:33,(anonymous_3)
FNDA:33,(anonymous_4)
DA:1,35
DA:2,35
DA:4,35
DA:7,35
DA:9,196
DA:10,196
DA:13,196
DA:17,16355
DA:25,33
DA:26,33
DA:30,33
LF:11
LH:11
BRDA:13,0,0,196
BRDA:13,0,1,0
BRDA:20,1,0,16355
BRDA:20,1,1,0
BRDA:29,2,0,0
BRF:5
BRH:2
end_of_record
TN:
SF:src/type/classes/NumType.ts
FN:5,(anonymous_0)
FN:10,(anonymous_1)
FN:15,(anonymous_2)
FN:20,(anonymous_3)
FN:25,(anonymous_4)
FNF:5
FNH:3
FNDA:1,(anonymous_0)
FNDA:1,(anonymous_1)
FNDA:0,(anonymous_2)
FNDA:0,(anonymous_3)
FNDA:1,(anonymous_4)
DA:2,35
DA:4,35
DA:6,1
DA:7,1
DA:11,1
DA:12,1
DA:16,0
DA:17,0
DA:21,0
DA:22,0
DA:26,1
DA:27,1
LF:12
LH:8
BRF:0
BRH:0
end_of_record
TN:
SF:src/type/classes/ObjType.ts
FN:10,(anonymous_0)
FN:17,(anonymous_1)
FN:24,(anonymous_2)
FN:29,(anonymous_3)
FN:33,(anonymous_4)
FN:34,(anonymous_5)
FN:41,(anonymous_6)
FN:49,(anonymous_7)
FN:57,(anonymous_8)
FN:61,(anonymous_9)
FN:77,(anonymous_10)
FN:93,(anonymous_11)
FN:102,(anonymous_12)
FN:105,(anonymous_13)
FN:109,(anonymous_14)
FN:114,(anonymous_15)
FN:117,(anonymous_16)
FN:120,(anonymous_17)
FN:126,(anonymous_18)
FN:129,(anonymous_19)
FN:134,(anonymous_20)
FN:137,(anonymous_21)
FN:144,(anonymous_22)
FN:149,(anonymous_23)
FN:149,(anonymous_24)
FNF:25
FNH:25
FNDA:3635,(anonymous_0)
FNDA:90603,(anonymous_1)
FNDA:1392,(anonymous_2)
FNDA:1210,(anonymous_3)
FNDA:1392,(anonymous_4)
FNDA:1392,(anonymous_5)
FNDA:414,(anonymous_6)
FNDA:182,(anonymous_7)
FNDA:1318,(anonymous_8)
FNDA:34,(anonymous_9)
FNDA:22,(anonymous_10)
FNDA:12,(anonymous_11)
FNDA:30219,(anonymous_12)
FNDA:90603,(anonymous_13)
FNDA:819,(anonymous_14)
FNDA:26,(anonymous_15)
FNDA:33,(anonymous_16)
FNDA:2,(anonymous_17)
FNDA:1,(anonymous_18)
FNDA:2,(anonymous_19)
FNDA:2,(anonymous_20)
FNDA:3,(anonymous_21)
FNDA:575,(anonymous_22)
FNDA:1392,(anonymous_23)
FNDA:1392,(anonymous_24)
DA:1,35
DA:2,35
DA:5,35
DA:7,35
DA:8,3635
DA:11,3635
DA:12,3635
DA:14,3635
DA:18,90603
DA:25,1392
DA:26,1392
DA:30,1210
DA:34,1392
DA:38,35
DA:39,414
DA:42,414
DA:43,414
DA:45,414
DA:46,414
DA:50,182
DA:54,35
DA:57,1318
DA:58,1318
DA:65,34
DA:66,34
DA:67,34
DA:82,22
DA:83,22
DA:98,12
DA:99,12
DA:103,30219
DA:105,90603
DA:110,819
DA:111,819
DA:117,33
DA:121,2
DA:122,2
DA:123,2
DA:129,2
DA:130,1
DA:131,1
DA:137,3
DA:138,2
DA:139,2
DA:140,2
DA:141,2
DA:145,575
DA:149,1392
LF:48
LH:48
BRDA:33,0,0,0
BRDA:65,1,0,5
BRDA:138,2,0,0
BRDA:144,3,0,260
BRF:4
BRH:2
end_of_record
TN:
SF:src/type/classes/OrType.ts
FN:8,(anonymous_0)
FN:19,(anonymous_1)
FN:22,(anonymous_2)
FN:26,(anonymous_3)
FN:31,(anonymous_4)
FN:45,(anonymous_5)
FN:49,(anonymous_6)
FN:54,(anonymous_7)
FN:54,(anonymous_8)
FNF:9
FNH:9
FNDA:153,(anonymous_0)
FNDA:31760,(anonymous_1)
FNDA:95679,(anonymous_2)
FNDA:7,(anonymous_3)
FNDA:45,(anonymous_4)
FNDA:7,(anonymous_5)
FNDA:7,(anonymous_6)
FNDA:44,(anonymous_7)
FNDA:44,(anonymous_8)
DA:1,35
DA:2,35
DA:3,35
DA:5,35
DA:7,35
DA:9,153
DA:12,153
DA:20,31760
DA:22,95679
DA:27,7
DA:28,7
DA:32,45
DA:33,45
DA:34,45
DA:35,45
DA:39,24
DA:42,45
DA:46,7
DA:50,7
DA:54,44
LF:20
LH:20
BRDA:15,0,0,153
BRDA:15,0,1,153
BRDA:34,1,0,45
BRDA:35,2,0,24
BRDA:36,3,0,45
BRDA:36,3,1,45
BRDA:36,3,2,25
BRDA:36,3,3,24
BRDA:45,4,0,0
BRF:9
BRH:8
end_of_record
TN:
SF:src/type/classes/RefType.ts
FN:6,(anonymous_0)
FN:10,(anonymous_1)
FN:14,(anonymous_2)
FN:19,(anonymous_3)
FN:23,(anonymous_4)
FNF:5
FNH:5
FNDA:113,(anonymous_0)
FNDA:96,(anonymous_1)
FNDA:108,(anonymous_2)
FNDA:48,(anonymous_3)
FNDA:54,(anonymous_4)
DA:1,35
DA:3,35
DA:5,35
DA:7,113
DA:11,96
DA:15,108
DA:16,108
DA:20,48
DA:24,54
DA:25,54
LF:10
LH:10
BRDA:23,0,0,54
BRDA:25,1,0,0
BRDA:25,1,1,54
BRF:3
BRH:2
end_of_record
TN:
SF:src/type/classes/StrType.ts
FN:5,(anonymous_0)
FN:10,(anonymous_1)
FN:15,(anonymous_2)
FNF:3
FNH:3
FNDA:1,(anonymous_0)
FNDA:3,(anonymous_1)
FNDA:3,(anonymous_2)
DA:2,35
DA:4,35
DA:6,1
DA:7,1
DA:11,3
DA:12,3
DA:16,3
DA:17,3
LF:8
LH:8
BRF:0
BRH:0
end_of_record
TN:
SF:src/type/classes/ModuleType/TypeExportContext.ts
FN:1,(anonymous_0)
FN:4,(anonymous_1)
FN:8,(anonymous_2)
FN:13,(anonymous_3)
FNF:4
FNH:4
FNDA:1,(anonymous_0)
FNDA:3,(anonymous_1)
FNDA:3,(anonymous_2)
FNDA:3,(anonymous_3)
DA:1,3
DA:2,1
DA:5,3
DA:9,8
DA:10,1
DA:14,3
LF:6
LH:6
BRDA:5,0,0,2
BRDA:9,1,0,2
BRF:2
BRH:2
end_of_record
TN:
SF:src/type/classes/ModuleType/index.ts
FN:10,(anonymous_0)
FN:25,(anonymous_1)
FN:33,(anonymous_2)
FN:39,(anonymous_3)
FN:41,(anonymous_4)
FN:46,(anonymous_5)
FN:54,(anonymous_6)
FN:59,(anonymous_7)
FN:76,(anonymous_8)
FN:84,(anonymous_9)
FN:97,(anonymous_10)
FN:101,(anonymous_11)
FN:105,(anonymous_12)
FN:105,(anonymous_13)
FN:11,(anonymous_14)
FNF:15
FNH:13
FNDA:541,(anonymous_0)
FNDA:75,(anonymous_1)
FNDA:828,(anonymous_2)
FNDA:0,(anonymous_3)
FNDA:828,(anonymous_4)
FNDA:0,(anonymous_5)
FNDA:1,(anonymous_6)
FNDA:35,(anonymous_7)
FNDA:323,(anonymous_8)
FNDA:1,(anonymous_9)
FNDA:3,(anonymous_10)
FNDA:3,(anonymous_11)
FNDA:28,(anonymous_12)
FNDA:28,(anonymous_13)
FNDA:1,(anonymous_14)
DA:1,35
DA:2,35
DA:3,35
DA:4,35
DA:10,35
DA:11,35
DA:12,1
DA:13,1
DA:14,1
DA:17,541
DA:19,541
DA:25,541
DA:26,75
DA:27,75
DA:28,75
DA:29,75
DA:30,75
DA:33,541
DA:34,828
DA:35,828
DA:36,828
DA:39,541
DA:41,541
DA:42,828
DA:43,828
DA:47,0
DA:48,0
DA:49,0
DA:51,0
DA:55,1
DA:56,1
DA:57,21
DA:59,1
DA:60,35
DA:61,35
DA:62,35
DA:63,17
DA:64,17
DA:65,18
DA:66,147
DA:69,17
DA:70,58
DA:71,17
DA:73,35
DA:75,1
DA:77,323
DA:78,35
DA:81,1
DA:92,1
DA:93,21
DA:94,1
DA:98,3
DA:102,3
DA:105,28
LF:54
LH:50
BRDA:27,0,0,0
BRDA:35,1,0,0
BRDA:43,2,0,8
BRDA:43,2,1,820
BRDA:60,3,0,18
BRDA:60,3,1,17
BRDA:61,4,0,0
BRDA:61,5,0,35
BRDA:61,5,1,35
BRDA:62,6,0,17
BRDA:77,7,0,288
BRDA:78,8,0,17
BRDA:97,9,0,3
BRF:13
BRH:10
end_of_record
TN:
SF:src/typescript/converter.ts
FN:7,(anonymous_0)
FN:24,toTypeScriptAst
FN:186,(anonymous_2)
FN:266,(anonymous_3)
FN:288,(anonymous_4)
FNF:5
FNH:4
FNDA:5,(anonymous_0)
FNDA:69,toTypeScriptAst
FNDA:2,(anonymous_2)
FNDA:3,(anonymous_3)
FNDA:0,(anonymous_4)
DA:2,2
DA:7,2
DA:11,5
DA:12,1
DA:13,1
DA:14,1
DA:15,1
DA:16,1
DA:24,2
DA:25,69
DA:27,69
DA:29,2
DA:30,2
DA:33,6
DA:34,6
DA:37,8
DA:38,8
DA:39,8
DA:40,8
DA:42,2
DA:43,1
DA:44,1
DA:46,1
DA:47,1
DA:51,3
DA:55,3
DA:58,1
DA:62,1
DA:65,2
DA:66,1
DA:67,1
DA:70,1
DA:71,1
DA:75,0
DA:76,0
DA:79,12
DA:80,12
DA:83,20
DA:84,20
DA:87,2
DA:94,2
DA:97,9
DA:98,9
DA:99,9
DA:100,4
DA:104,4
DA:105,10
DA:107,4
DA:108,2
DA:115,2
DA:117,4
DA:118,1
DA:120,4
DA:122,5
DA:126,5
DA:129,5
DA:130,5
DA:131,5
DA:137,5
DA:138,5
DA:139,21
DA:144,21
DA:145,5
DA:148,21
DA:149,21
DA:150,1
DA:151,1
DA:152,1
DA:153,1
DA:154,1
DA:156,21
DA:161,5
DA:162,0
DA:169,5
DA:171,5
DA:174,1
DA:175,1
DA:180,1
DA:183,1
DA:184,1
DA:186,2
DA:188,1
DA:191,1
DA:192,1
DA:199,1
DA:202,1
DA:203,1
DA:224,1
DA:227,1
DA:228,1
DA:256,1
DA:260,0
DA:261,0
DA:266,2
DA:267,3
DA:268,3
DA:269,2
DA:270,2
DA:275,2
DA:277,1
DA:284,1
DA:288,2
DA:289,0
DA:302,0
DA:303,0
DA:304,0
DA:305,0
LF:107
LH:97
BRDA:11,0,0,1
BRDA:11,1,0,5
BRDA:11,1,1,4
BRDA:13,2,0,1
BRDA:14,3,0,1
BRDA:14,4,0,1
BRDA:14,4,1,1
BRDA:15,5,0,1
BRDA:27,6,0,2
BRDA:27,6,1,6
BRDA:27,6,2,8
BRDA:27,6,3,12
BRDA:27,6,4,20
BRDA:27,6,5,2
BRDA:27,6,6,9
BRDA:27,6,7,5
BRDA:27,6,8,1
BRDA:27,6,9,1
BRDA:27,6,10,1
BRDA:27,6,11,1
BRDA:27,6,12,1
BRDA:27,6,13,0
BRDA:40,7,0,2
BRDA:40,7,1,3
BRDA:40,7,2,1
BRDA:40,7,3,2
BRDA:42,8,0,1
BRDA:42,8,1,1
BRDA:65,9,0,1
BRDA:98,10,0,5
BRDA:98,11,0,8
BRDA:99,12,0,4
BRDA:99,13,0,9
BRDA:99,13,1,5
BRDA:107,14,0,2
BRDA:137,15,0,5
BRDA:137,16,0,5
BRDA:137,16,1,5
BRDA:144,17,0,5
BRDA:149,18,0,1
BRDA:149,19,0,21
BRDA:149,19,1,20
BRDA:151,20,0,1
BRDA:152,21,0,1
BRDA:152,22,0,1
BRDA:152,22,1,1
BRDA:153,23,0,1
BRDA:161,24,0,0
BRDA:161,25,0,5
BRDA:161,25,1,5
BRDA:268,26,0,2
BRDA:268,26,1,1
BRDA:303,27,0,0
BRF:53
BRH:50
end_of_record
TN:
SF:src/typescript/toText.ts
FN:5,(anonymous_0)
FN:11,(anonymous_1)
FN:12,(anonymous_2)
FN:54,(anonymous_3)
FN:56,(anonymous_4)
FN:57,(anonymous_5)
FN:99,(anonymous_6)
FN:105,(anonymous_7)
FN:114,(anonymous_8)
FNF:9
FNH:5
FNDA:22,(anonymous_0)
FNDA:63,(anonymous_1)
FNDA:19,(anonymous_2)
FNDA:10,(anonymous_3)
FNDA:0,(anonymous_4)
FNDA:10,(anonymous_5)
FNDA:0,(anonymous_6)
FNDA:0,(anonymous_7)
FNDA:0,(anonymous_8)
DA:1,1
DA:3,1
DA:5,1
DA:6,22
DA:7,0
DA:8,0
DA:11,1
DA:12,63
DA:14,59
DA:16,59
DA:18,0
DA:19,0
DA:20,0
DA:21,0
DA:22,0
DA:25,2
DA:26,2
DA:27,2
DA:28,2
DA:29,2
DA:30,2
DA:31,2
DA:34,1
DA:35,1
DA:36,1
DA:37,1
DA:40,19
DA:41,19
DA:42,19
DA:43,19
DA:46,0
DA:49,5
DA:50,5
DA:51,5
DA:54,10
DA:55,3
DA:56,0
DA:57,10
DA:60,2
DA:63,1
DA:66,13
DA:69,5
DA:72,4
DA:75,0
DA:78,0
DA:81,0
DA:84,2
DA:87,2
DA:90,0
DA:93,0
DA:96,0
DA:99,0
DA:102,0
DA:105,0
DA:110,0
DA:113,0
DA:114,0
DA:115,0
DA:118,0
DA:121,0
DA:122,0
DA:126,0
LF:62
LH:36
BRDA:6,0,0,22
BRDA:11,1,0,3
BRDA:12,2,0,4
BRDA:16,3,0,0
BRDA:16,3,1,2
BRDA:16,3,2,1
BRDA:16,3,3,19
BRDA:16,3,4,0
BRDA:16,3,5,5
BRDA:16,3,6,3
BRDA:16,3,7,2
BRDA:16,3,8,1
BRDA:16,3,9,13
BRDA:16,3,10,5
BRDA:16,3,11,4
BRDA:16,3,12,0
BRDA:16,3,13,0
BRDA:16,3,14,0
BRDA:16,3,15,2
BRDA:16,3,16,2
BRDA:16,3,17,0
BRDA:16,3,18,0
BRDA:16,3,19,0
BRDA:16,3,20,0
BRDA:16,3,21,0
BRDA:16,3,22,0
BRDA:16,3,23,0
BRDA:16,3,24,0
BRDA:16,3,25,0
BRDA:19,4,0,0
BRDA:19,4,1,0
BRDA:28,5,0,0
BRDA:28,5,1,2
BRDA:36,6,0,0
BRDA:36,6,1,1
BRDA:43,7,0,4
BRDA:43,7,1,15
BRDA:51,8,0,4
BRDA:51,8,1,1
BRDA:55,9,0,0
BRDA:55,9,1,3
BRDA:84,10,0,0
BRDA:84,10,1,2
BRDA:103,11,0,0
BRDA:103,11,1,0
BRDA:104,12,0,0
BRDA:104,12,1,0
BRDA:104,13,0,0
BRDA:104,13,1,0
BRF:49
BRH:23
end_of_record
TN:
SF:src/typescript/util.ts
FN:69,(anonymous_0)
FN:72,(anonymous_1)
FNF:2
FNH:2
FNDA:19,(anonymous_0)
FNDA:5,(anonymous_1)
DA:3,1
DA:5,1
DA:69,1
DA:70,19
DA:72,1
DA:73,5
LF:6
LH:6
BRDA:70,0,0,18
BRDA:70,0,1,1
BRDA:70,1,0,19
BRDA:70,1,1,19
BRDA:73,2,0,5
BRDA:73,2,1,5
BRDA:73,2,2,3
BRF:7
BRH:7
end_of_record
TN:
SF:src/util/stringFormats.ts
FN:10,(anonymous_0)
FN:29,(anonymous_1)
FN:57,(anonymous_2)
FNF:3
FNH:3
FNDA:35,(anonymous_0)
FNDA:37,(anonymous_1)
FNDA:6,(anonymous_2)
DA:10,7
DA:11,35
DA:12,35
DA:13,121
DA:14,16
DA:17,19
DA:29,7
DA:30,37
DA:31,37
DA:32,118
DA:35,118
DA:37,27
DA:38,7
DA:40,20
DA:41,20
DA:42,3
DA:44,17
DA:45,91
DA:47,4
DA:51,23
DA:57,7
DA:58,6
DA:60,2
DA:62,3
DA:64,1
LF:25
LH:25
BRDA:13,0,0,16
BRDA:35,1,0,27
BRDA:35,1,1,91
BRDA:35,2,0,118
BRDA:35,2,1,32
BRDA:37,3,0,7
BRDA:41,4,0,3
BRDA:41,5,0,20
BRDA:41,5,1,18
BRDA:45,6,0,4
BRDA:45,7,0,91
BRDA:45,7,1,5
BRDA:58,8,0,2
BRDA:58,8,1,3
BRDA:58,8,2,1
BRF:15
BRH:15
end_of_record
TN:
SF:src/value/ObjValue.ts
FN:20,(anonymous_0)
FN:24,(anonymous_1)
FN:28,(anonymous_2)
FN:30,(anonymous_3)
FN:33,(anonymous_4)
FN:44,(anonymous_5)
FN:57,(anonymous_6)
FN:68,(anonymous_7)
FN:72,(anonymous_8)
FN:81,(anonymous_9)
FN:82,(anonymous_10)
FN:18,(anonymous_11)
FNF:12
FNH:8
FNDA:2,(anonymous_0)
FNDA:0,(anonymous_1)
FNDA:0,(anonymous_2)
FNDA:0,(anonymous_3)
FNDA:6,(anonymous_4)
FNDA:4,(anonymous_5)
FNDA:4,(anonymous_6)
FNDA:4,(anonymous_7)
FNDA:0,(anonymous_8)
FNDA:1,(anonymous_9)
FNDA:1,(anonymous_10)
FNDA:2,(anonymous_11)
DA:1,35
DA:5,35
DA:6,35
DA:17,35
DA:18,35
DA:21,2
DA:25,0
DA:29,0
DA:30,0
DA:38,6
DA:39,6
DA:40,6
DA:41,6
DA:48,4
DA:49,4
DA:50,4
DA:51,4
DA:52,4
DA:53,4
DA:54,4
DA:62,4
DA:63,4
DA:64,4
DA:65,4
DA:69,4
DA:73,0
DA:74,0
DA:75,0
DA:76,0
DA:77,0
DA:78,0
DA:82,1
LF:32
LH:23
BRDA:39,0,0,0
BRDA:48,1,0,0
BRDA:48,1,1,4
BRDA:52,2,0,0
BRDA:64,3,0,0
BRDA:64,3,1,4
BRDA:76,4,0,0
BRDA:81,5,0,1
BRDA:18,6,0,2
BRF:9
BRH:4
end_of_record
TN:
SF:src/value/Value.ts
FN:6,(anonymous_0)
FN:11,(anonymous_1)
FN:12,(anonymous_2)
FNF:3
FNH:1
FNDA:14,(anonymous_0)
FNDA:0,(anonymous_1)
FNDA:0,(anonymous_2)
DA:2,35
DA:5,35
DA:7,14
DA:8,14
DA:12,0
LF:5
LH:4
BRDA:11,0,0,0
BRF:1
BRH:0
end_of_record
TN:
SF:src/value/index.ts
FN:1,(anonymous_0)
FN:2,(anonymous_1)
FN:3,(anonymous_2)
FNF:3
FNH:1
FNDA:0,(anonymous_0)
FNDA:4,(anonymous_1)
FNDA:0,(anonymous_2)
DA:1,35
DA:2,39
DA:3,35
LF:3
LH:3
BRF:0
BRH:0
end_of_record
TN:
SF:src/value/util.ts
FN:8,(anonymous_0)
FNF:1
FNH:0
FNDA:0,(anonymous_0)
DA:2,35
DA:3,35
DA:5,35
DA:8,35
DA:9,0
DA:10,0
LF:6
LH:4
BRDA:9,0,0,0
BRF:1
BRH:0
end_of_record
